|j|☆FreeYeezy69
|j|☆QuanOfTheDivine
|t:|1684354189
|gametype|singles
|player|p1|FreeYeezy69|ghetsis-gen5bw|1417
|player|p2|QuanOfTheDivine|170|1324
|teamsize|p1|6
|teamsize|p2|6
|gen|8
|tier|[Gen 8] Random Battle
|rated|
|rule|Species Clause: Limit one of each Pokémon
|rule|HP Percentage Mod: HP is shown in percentages
|rule|Sleep Clause Mod: Limit one foe put to sleep
|
|t:|1684354189
|start
|switch|p1a: Magearna|Magearna, L76|247/247
|switch|p2a: Spiritomb|Spiritomb, L88, F|231/231
|turn|1
|
|t:|1684354197
|move|p1a: Magearna|Calm Mind|p1a: Magearna
|-boost|p1a: Magearna|spa|1
|-boost|p1a: Magearna|spd|1
|move|p2a: Spiritomb|Poltergeist|p1a: Magearna
|-activate|p1a: Magearna|move: Poltergeist|Leftovers
|-damage|p1a: Magearna|75/247
|
|-heal|p1a: Magearna|90/247|[from] item: Leftovers
|upkeep
|turn|2
|inactive|Battle timer is ON: inactive players will automatically lose when time's up. (requested by FreeYeezy69)
|
|t:|1684354231
|switch|p2a: Dunsparce|Dunsparce, L90, M|326/326
|move|p1a: Magearna|Fleur Cannon|p2a: Dunsparce
|-damage|p2a: Dunsparce|74/326
|-unboost|p1a: Magearna|spa|2
|
|-heal|p1a: Magearna|105/247|[from] item: Leftovers
|-heal|p2a: Dunsparce|94/326|[from] item: Leftovers
|upkeep
|turn|3
|
|t:|1684354244
|move|p1a: Magearna|Fleur Cannon|p2a: Dunsparce
|-crit|p2a: Dunsparce
|-damage|p2a: Dunsparce|0 fnt
|-unboost|p1a: Magearna|spa|2
|faint|p2a: Dunsparce
|-ability|p1a: Magearna|Soul-Heart|boost
|-boost|p1a: Magearna|spa|1
|
|-heal|p1a: Magearna|120/247|[from] item: Leftovers
|upkeep
|
|t:|1684354271
|switch|p2a: Garbodor|Garbodor, L87, F|281/281
|turn|4
|
|t:|1684354280
|switch|p1a: Wobbuffet|Wobbuffet, L92, F|499/499
|move|p2a: Garbodor|Stomping Tantrum|p1a: Wobbuffet
|-damage|p1a: Wobbuffet|434/499
|
|upkeep
|turn|5
|inactive|FreeYeezy69 has 120 seconds left.
|
|t:|1684354311
|move|p2a: Garbodor|Spikes|p1a: Wobbuffet
|-sidestart|p1: FreeYeezy69|Spikes
|move|p1a: Wobbuffet|Charm|p2a: Garbodor
|-unboost|p2a: Garbodor|atk|2
|
|upkeep
|turn|6
|inactive|FreeYeezy69 has 120 seconds left.
|
|t:|1684354348
|switch|p1a: Magearna|Magearna, L76|120/247
|-damage|p1a: Magearna|90/247|[from] Spikes
|move|p2a: Garbodor|Spikes|p1a: Magearna
|-sidestart|p1: FreeYeezy69|Spikes
|
|-heal|p1a: Magearna|105/247|[from] item: Leftovers
|upkeep
|turn|7
|
|t:|1684354370
|switch|p1a: Talonflame|Talonflame, L81, F|259/259
|move|p2a: Garbodor|Stomping Tantrum|p1a: Talonflame
|-immune|p1a: Talonflame
|
|upkeep
|turn|8
|
|t:|1684354389
|move|p1a: Talonflame|Swords Dance|p1a: Talonflame
|-boost|p1a: Talonflame|atk|2
|move|p2a: Garbodor|Pain Split|p1a: Talonflame
|-sethp|p1a: Talonflame|259/259|[from] move: Pain Split|[silent]
|-sethp|p2a: Garbodor|270/281|[from] move: Pain Split
|
|-heal|p2a: Garbodor|281/281|[from] item: Black Sludge
|upkeep
|turn|9
|
|t:|1684354397
|move|p1a: Talonflame|Swords Dance|p1a: Talonflame
|-boost|p1a: Talonflame|atk|2
|move|p2a: Garbodor|Gunk Shot|p1a: Talonflame
|-damage|p1a: Talonflame|183/259
|
|upkeep
|turn|10
|
|t:|1684354408
|-start|p1a: Talonflame|Dynamax|
|-heal|p1a: Talonflame|366/518|[silent]
|move|p1a: Talonflame|Max Airstream|p2a: Garbodor
|-damage|p2a: Garbodor|0 fnt
|-boost|p1a: Talonflame|spe|1
|faint|p2a: Garbodor
|
|upkeep
|
|t:|1684354424
|switch|p2a: Pelipper|Pelipper, L86, F|243/243
|-weather|RainDance|[from] ability: Drizzle|[of] p2a: Pelipper
|turn|11
|inactive|FreeYeezy69 has 120 seconds left.
|inactive|QuanOfTheDivine has 120 seconds left.
|
|t:|1684354446
|move|p1a: Talonflame|Max Flare|p2a: Pelipper
|-resisted|p2a: Pelipper
|-damage|p2a: Pelipper|160/243
|-weather|SunnyDay
|move|p2a: Pelipper|Scald|p1a: Talonflame
|-supereffective|p1a: Talonflame
|-damage|p1a: Talonflame|264/518
|
|-weather|SunnyDay|[upkeep]
|upkeep
|turn|12
|inactive|QuanOfTheDivine has 120 seconds left.
|inactive|FreeYeezy69 has 120 seconds left.
|
|t:|1684354458
|move|p1a: Talonflame|Max Flare|p2a: Pelipper
|-resisted|p2a: Pelipper
|-damage|p2a: Pelipper|0 fnt
|faint|p2a: Pelipper
|
|-weather|SunnyDay|[upkeep]
|upkeep
|inactive|QuanOfTheDivine has 120 seconds left.
|
|t:|1684354474
|switch|p2a: Vaporeon|Vaporeon, L84, M|356/356
|-end|p1a: Talonflame|Dynamax
|-heal|p1a: Talonflame|132/259|[silent]
|turn|13
|
|t:|1684354488
|move|p1a: Talonflame|Brave Bird|p2a: Vaporeon
|-damage|p2a: Vaporeon|0 fnt
|faint|p2a: Vaporeon
|-damage|p1a: Talonflame|15/259|[from] Recoil
|
|-weather|SunnyDay|[upkeep]
|upkeep
|inactive|QuanOfTheDivine has 90 seconds left.
|
|t:|1684354517
|switch|p2a: Nidoking|Nidoking, L82, M|267/267
|turn|14
|inactive|QuanOfTheDivine has 90 seconds left.
|
|t:|1684354537
|-start|p2a: Nidoking|Dynamax|
|-heal|p2a: Nidoking|534/534|[silent]
|move|p1a: Talonflame|Flare Blitz|p2a: Nidoking
|-damage|p2a: Nidoking|0 fnt
|faint|p2a: Nidoking
|-damage|p1a: Talonflame|0 fnt|[from] Recoil
|faint|p1a: Talonflame
|
|-weather|SunnyDay|[upkeep]
|upkeep
|inactive|QuanOfTheDivine has 90 seconds left.
|inactive|FreeYeezy69 has 120 seconds left.
|
|t:|1684354553
|switch|p1a: Magearna|Magearna, L76|105/247
|switch|p2a: Spiritomb|Spiritomb, L88, F|231/231
|-damage|p1a: Magearna|64/247|[from] Spikes
|turn|15
|inactive|QuanOfTheDivine has 90 seconds left.
|
|t:|1684354568
|move|p2a: Spiritomb|Shadow Sneak|p1a: Magearna
|-damage|p1a: Magearna|1/247
|move|p1a: Magearna|Fleur Cannon|p2a: Spiritomb
|-supereffective|p2a: Spiritomb
|-damage|p2a: Spiritomb|0 fnt
|-unboost|p1a: Magearna|spa|2
|faint|p2a: Spiritomb
|
|win|FreeYeezy69
|raw|FreeYeezy69's rating: 1417 &rarr; <strong>1432</strong><br />(+15 for winning)
|raw|QuanOfTheDivine's rating: 1324 &rarr; <strong>1309</strong><br />(-15 for losing)
|l|☆QuanOfTheDivine
