|j|☆tylerfitz8
|j|☆Tails72
|inactive|Battle timer is ON: inactive players will automatically lose when time's up.
|t:|1685241839
|gametype|singles
|player|p1|tylerfitz8|#rbtt6teampalkia|
|player|p2|Tails72|volo-ginkgo|
|teamsize|p1|24
|teamsize|p2|24
|gen|8
|tier|[Gen 8] Random Battle
|rated|Tournament battle
|rule|Species Clause: Limit one of each Pokémon
|rule|HP Percentage Mod: HP is shown in percentages
|rule|Sleep Clause Mod: Limit one foe put to sleep
|rule|Dynamax Clause: You cannot dynamax
|clearpoke
|poke|p1|Togekiss, L84, F|
|poke|p1|Celebi, L84|
|poke|p1|Copperajah, L86, M|
|poke|p1|Calyrex-Shadow, L68|
|poke|p1|Arctozolt, L88|
|poke|p1|Corviknight, L80, M|
|poke|p1|Vespiquen, L96, F|
|poke|p1|Dragapult, L80, M|
|poke|p1|Rhydon, L88, F|
|poke|p1|Seaking, L88, M|
|poke|p1|Lycanroc-Dusk, L82, F|
|poke|p1|Flapple, L88, F|
|poke|p1|Kangaskhan, L88, F|
|poke|p1|Roserade, L84, F|
|poke|p1|Yveltal, L76|
|poke|p1|Latios, L81, M|
|poke|p1|Talonflame, L86, F|
|poke|p1|Emolga, L88, M|
|poke|p1|Aurorus, L88, F|
|poke|p1|Cinderace, L76, F|
|poke|p1|Orbeetle, L88, M|
|poke|p1|Galvantula, L88, M|
|poke|p1|Walrein, L88, M|
|poke|p1|Steelix, L84, F|
|poke|p2|Farfetch’d, L88, M|
|poke|p2|Zarude-Dada, L82|
|poke|p2|Celebi, L84|
|poke|p2|Blacephalon, L80|
|poke|p2|Moltres, L82|
|poke|p2|Leafeon, L88, F|
|poke|p2|Skarmory, L82, F|
|poke|p2|Articuno, L88|
|poke|p2|Gallade, L88, M|
|poke|p2|Regigigas, L88|
|poke|p2|Liepard, L88, M|
|poke|p2|Musharna, L88, M|
|poke|p2|Mudsdale, L86, M|
|poke|p2|Guzzlord, L87|
|poke|p2|Jellicent, L88, F|
|poke|p2|Latios, L81, M|
|poke|p2|Dugtrio, L84, F|
|poke|p2|Doublade, L88, F|
|poke|p2|Noctowl, L88, F|
|poke|p2|Golisopod, L84, F|
|poke|p2|Exploud, L86, F|
|poke|p2|Stoutland, L88, M|
|poke|p2|Indeedee-F, L85, F|
|poke|p2|Poliwrath, L88, F|
|teampreview|6
|j|*Lady Monita
|c|☆Tails72|gl hf
|inactive|tylerfitz8 has 120 seconds left.
|inactive|Tails72 has 120 seconds left.
|inactive|tylerfitz8 has 90 seconds left.
|inactive|Tails72 has 90 seconds left.
|j| Obmana
|inactive|tylerfitz8 has 60 seconds left.
|inactive|Tails72 has 60 seconds left.
|inactive|tylerfitz8 has 30 seconds left.
|inactive|Tails72 has 30 seconds left.
|inactive|Tails72 has 20 seconds left.
|c|☆tylerfitz8|glhf
|
|t:|1685241972
|start
|switch|p1a: Galvantula|Galvantula, L88, M|275/275
|switch|p2a: Dugtrio|Dugtrio, L84, F|226/226
|turn|1
|inactive|tylerfitz8 has 90 seconds left.
|
|t:|1685241989
|move|p1a: Galvantula|Brave Bird|p2a: Dugtrio
|-damage|p2a: Dugtrio|0 fnt
|faint|p2a: Dugtrio
|-damage|p1a: Galvantula|200/275|[from] Recoil
|
|win|tylerfitz8
|n|☆tylerfitz8|tylerfitz8
|n|☆Tails72|tails72
|n|*Lady Monita|ladymonita
|n| Obmana|obmana
