|j|☆Andrew2079
|j|☆gareeb adani
|t:|1685307177
|gametype|singles
|player|p1|Andrew2079|palmer|1303
|player|p2|gareeb adani|2|1530
|teamsize|p1|6
|teamsize|p2|6
|gen|8
|tier|[Gen 8] Random Battle
|rated|
|rule|Species Clause: Limit one of each Pokémon
|rule|HP Percentage Mod: HP is shown in percentages
|rule|Sleep Clause Mod: Limit one foe put to sleep
|
|t:|1685307177
|start
|switch|p1a: Drednaw|Drednaw, L84, M|288/288
|switch|p2a: Thundurus|Thundurus-Therian, L80, M|258/258
|turn|1
|inactive|Battle timer is ON: inactive players will automatically lose when time's up. (requested by gareeb adani)
|
|t:|1685307191
|switch|p1a: Torkoal|Torkoal, L86, M|261/261
|-weather|SunnyDay|[from] ability: Drought|[of] p1a: Torkoal
|move|p2a: Thundurus|Thunderbolt|p1a: Torkoal
|-damage|p1a: Torkoal|117/261
|
|-weather|SunnyDay|[upkeep]
|upkeep
|turn|2
|
|t:|1685307205
|move|p2a: Thundurus|Thunderbolt|p1a: Torkoal
|-damage|p1a: Torkoal|0 fnt
|faint|p1a: Torkoal
|
|-weather|SunnyDay|[upkeep]
|upkeep
|
|t:|1685307211
|switch|p1a: Mr. Rime|Mr. Rime, L86, F|278/278
|turn|3
|
|t:|1685307219
|switch|p2a: Genesect|Genesect-Douse, L74|227/227
|-ability|p2a: Genesect|Download|boost
|-boost|p2a: Genesect|atk|1
|move|p1a: Mr. Rime|Freeze-Dry|p2a: Genesect
|-resisted|p2a: Genesect
|-damage|p2a: Genesect|182/227
|
|-weather|SunnyDay|[upkeep]
|upkeep
|turn|4
|
|t:|1685307234
|move|p2a: Genesect|Iron Head|p1a: Mr. Rime
|-supereffective|p1a: Mr. Rime
|-damage|p1a: Mr. Rime|6/278
|cant|p1a: Mr. Rime|flinch
|
|-weather|SunnyDay|[upkeep]
|upkeep
|turn|5
|
|t:|1685307262
|move|p2a: Genesect|Iron Head|p1a: Mr. Rime
|-supereffective|p1a: Mr. Rime
|-damage|p1a: Mr. Rime|0 fnt
|faint|p1a: Mr. Rime
|
|-weather|none
|upkeep
|
|t:|1685307273
|switch|p1a: Flygon|Flygon, L80, F|259/259
|turn|6
|
|t:|1685307278
|switch|p2a: Kyogre|Kyogre, L72|263/263
|-weather|RainDance|[from] ability: Drizzle|[of] p2a: Kyogre
|move|p1a: Flygon|Fire Punch|p2a: Kyogre
|-resisted|p2a: Kyogre
|-damage|p2a: Kyogre|246/263
|-damage|p1a: Flygon|234/259|[from] item: Life Orb
|
|-weather|RainDance|[upkeep]
|-heal|p2a: Kyogre|262/263|[from] item: Leftovers
|upkeep
|turn|7
|
|t:|1685307282
|move|p1a: Flygon|Outrage|p2a: Kyogre
|-damage|p2a: Kyogre|70/263
|-damage|p1a: Flygon|209/259|[from] item: Life Orb
|move|p2a: Kyogre|Ice Beam|p1a: Flygon
|-supereffective|p1a: Flygon
|-damage|p1a: Flygon|0 fnt
|faint|p1a: Flygon
|
|-weather|RainDance|[upkeep]
|-heal|p2a: Kyogre|86/263|[from] item: Leftovers
|upkeep
|
|t:|1685307287
|switch|p1a: Hitmontop|Hitmontop, L85, M|224/224
|turn|8
|
|t:|1685307296
|switch|p2a: Latios|Latios, L78, M|253/253
|move|p1a: Hitmontop|Rapid Spin|p2a: Latios
|-damage|p2a: Latios|196/253
|-boost|p1a: Hitmontop|spe|1
|
|-weather|RainDance|[upkeep]
|upkeep
|turn|9
|
|t:|1685307304
|move|p1a: Hitmontop|Triple Axel|p2a: Latios
|-supereffective|p2a: Latios
|-damage|p2a: Latios|150/253
|-supereffective|p2a: Latios
|-damage|p2a: Latios|50/253
|-hitcount|p2a: Latios|2
|move|p2a: Latios|Psyshock|p1a: Hitmontop
|-supereffective|p1a: Hitmontop
|-damage|p1a: Hitmontop|24/224
|
|-weather|RainDance|[upkeep]
|upkeep
|turn|10
|inactive|gareeb adani has 120 seconds left.
|
|t:|1685307356
|switch|p2a: Gastrodon|Gastrodon, L84, M|324/324
|move|p1a: Hitmontop|Triple Axel|p2a: Gastrodon
|-damage|p2a: Gastrodon|294/324
|-damage|p2a: Gastrodon|245/324
|-hitcount|p2a: Gastrodon|2
|
|-weather|none
|-heal|p2a: Gastrodon|265/324|[from] item: Leftovers
|upkeep
|turn|11
|
|t:|1685307369
|move|p1a: Hitmontop|Close Combat|p2a: Gastrodon
|-damage|p2a: Gastrodon|117/324
|-unboost|p1a: Hitmontop|def|1
|-unboost|p1a: Hitmontop|spd|1
|move|p2a: Gastrodon|Earthquake|p1a: Hitmontop
|-damage|p1a: Hitmontop|0 fnt
|faint|p1a: Hitmontop
|
|-heal|p2a: Gastrodon|137/324|[from] item: Leftovers
|upkeep
|
|t:|1685307373
|switch|p1a: Drednaw|Drednaw, L84, M|288/288
|turn|12
|inactive|gareeb adani has 120 seconds left.
|
|t:|1685307397
|move|p1a: Drednaw|Superpower|p2a: Gastrodon
|-damage|p2a: Gastrodon|0 fnt
|-unboost|p1a: Drednaw|atk|1
|-unboost|p1a: Drednaw|def|1
|faint|p2a: Gastrodon
|-damage|p1a: Drednaw|260/288|[from] item: Life Orb
|
|upkeep
|
|t:|1685307405
|switch|p2a: Thundurus|Thundurus-Therian, L80, M|258/258
|turn|13
|
|t:|1685307409
|move|p2a: Thundurus|Thunderbolt|p1a: Drednaw
|-supereffective|p1a: Drednaw
|-damage|p1a: Drednaw|0 fnt
|faint|p1a: Drednaw
|
|upkeep
|
|t:|1685307414
|switch|p1a: Heracross|Heracross, L82, M|265/265
|turn|14
|
|t:|1685307421
|switch|p2a: Latios|Latios, L78, M|50/253
|-start|p1a: Heracross|Dynamax|
|-heal|p1a: Heracross|530/530|[silent]
|move|p1a: Heracross|Max Strike|p2a: Latios
|-damage|p2a: Latios|0 fnt
|faint|p2a: Latios
|
|-status|p1a: Heracross|brn|[from] item: Flame Orb
|upkeep
|
|t:|1685307426
|switch|p2a: Garchomp|Garchomp, L74, F|282/282
|turn|15
|
|t:|1685307431
|move|p2a: Garchomp|Outrage|p1a: Heracross
|-damage|p1a: Heracross|377/530 brn
|move|p1a: Heracross|Max Flutterby|p2a: Garchomp
|-damage|p2a: Garchomp|29/282
|-unboost|p2a: Garchomp|spa|1
|
|-damage|p1a: Heracross|361/530 brn|[from] brn
|upkeep
|turn|16
|
|t:|1685307450
|move|p2a: Garchomp|Outrage|p1a: Heracross|[from]lockedmove
|-damage|p1a: Heracross|211/530 brn
|-start|p2a: Garchomp|confusion|[fatigue]
|move|p1a: Heracross|Max Knuckle|p2a: Garchomp
|-damage|p2a: Garchomp|0 fnt
|-boost|p1a: Heracross|atk|1
|faint|p2a: Garchomp
|
|-damage|p1a: Heracross|195/530 brn|[from] brn
|upkeep
|
|t:|1685307454
|switch|p2a: Genesect|Genesect-Douse, L74|182/227
|-ability|p2a: Genesect|Download|boost
|-boost|p2a: Genesect|atk|1
|-end|p1a: Heracross|Dynamax
|-heal|p1a: Heracross|98/265 brn|[silent]
|turn|17
|
|t:|1685307468
|move|p2a: Genesect|Iron Head|p1a: Heracross
|-damage|p1a: Heracross|0 fnt
|faint|p1a: Heracross
|
|win|gareeb adani
|raw|Andrew2079's rating: 1303 &rarr; <strong>1294</strong><br />(-9 for losing)
|raw|gareeb adani's rating: 1507 &rarr; <strong>1516</strong><br />(+9 for winning)
