|j|☆joejoemamamamajoe
|j|☆Davi Lima BR
|t:|1685537134
|gametype|singles
|player|p1|joejoemamamamajoe|benga|1134
|player|p2|Davi Lima BR|veteran|1161
|teamsize|p1|6
|teamsize|p2|6
|gen|8
|tier|[Gen 8] Random Battle
|rated|
|rule|Species Clause: Limit one of each Pokémon
|rule|HP Percentage Mod: HP is shown in percentages
|rule|Sleep Clause Mod: Limit one foe put to sleep
|
|t:|1685537134
|start
|switch|p1a: Vaporeon|Vaporeon, L84, F|356/356
|switch|p2a: Stunfisk|Stunfisk-Galar, L84, F|320/320
|turn|1
|j| MinatoUzxmaki
|
|t:|1685537170
|move|p1a: Vaporeon|Scald|p2a: Stunfisk
|-supereffective|p2a: Stunfisk
|-damage|p2a: Stunfisk|138/320
|move|p2a: Stunfisk|Thunder Wave|p1a: Vaporeon
|-status|p1a: Vaporeon|par
|
|-heal|p2a: Stunfisk|158/320|[from] item: Leftovers
|upkeep
|turn|2
|
|t:|1685537180
|move|p2a: Stunfisk|Stealth Rock|p1a: Vaporeon
|-sidestart|p1: joejoemamamamajoe|move: Stealth Rock
|move|p1a: Vaporeon|Scald|p2a: Stunfisk
|-supereffective|p2a: Stunfisk
|-damage|p2a: Stunfisk|0 fnt
|faint|p2a: Stunfisk
|
|upkeep
|c| MinatoUzxmaki|YIPPEY
|c| MinatoUzxmaki|WAAAHOOO
|c|☆joejoemamamamajoe|YIPEEEEEEEEEEEEEEEEEE
|c|☆joejoemamamamajoe|WAHOOO
|c| MinatoUzxmaki|KAIHEEE
|
|t:|1685537204
|switch|p2a: Octillery|Octillery, L86, F|269/269
|turn|3
|c|☆joejoemamamamajoe|YEAHO
|
|t:|1685537227
|switch|p1a: Frosmoth|Frosmoth, L82, F|249/249
|move|p2a: Octillery|Energy Ball|p1a: Frosmoth
|-resisted|p1a: Frosmoth
|-damage|p1a: Frosmoth|227/249
|-damage|p2a: Octillery|243/269|[from] item: Life Orb
|
|-ability|p2a: Octillery|Moody|boost
|-boost|p2a: Octillery|spa|2
|-unboost|p2a: Octillery|atk|1
|upkeep
|turn|4
|
|t:|1685537240
|move|p1a: Frosmoth|Giga Drain|p2a: Octillery
|-supereffective|p2a: Octillery
|-damage|p2a: Octillery|95/269
|-heal|p1a: Frosmoth|249/249|[from] drain|[of] p2a: Octillery
|move|p2a: Octillery|Gunk Shot|p1a: Frosmoth
|-damage|p1a: Frosmoth|132/249
|-damage|p2a: Octillery|69/269|[from] item: Life Orb
|
|-ability|p2a: Octillery|Moody|boost
|-boost|p2a: Octillery|spe|2
|-unboost|p2a: Octillery|spa|1
|upkeep
|turn|5
|c|☆joejoemamamamajoe|i hate moody
|
|t:|1685537261
|switch|p2a: Victini|Victini, L78|283/283
|move|p1a: Frosmoth|Giga Drain|p2a: Victini
|-resisted|p2a: Victini
|-damage|p2a: Victini|264/283
|-heal|p1a: Frosmoth|142/249|[from] drain|[of] p2a: Victini
|
|upkeep
|turn|6
|
|t:|1685537273
|switch|p1a: Vaporeon|Vaporeon, L84, F|356/356 par
|-damage|p1a: Vaporeon|312/356 par|[from] Stealth Rock
|move|p2a: Victini|Energy Ball|p1a: Vaporeon
|-supereffective|p1a: Vaporeon
|-damage|p1a: Vaporeon|210/356 par
|
|-heal|p1a: Vaporeon|232/356 par|[from] item: Leftovers
|upkeep
|turn|7
|c| MinatoUzxmaki|hmm seems like your in a dilemma
|
|t:|1685537282
|switch|p2a: Octillery|Octillery, L86, F|69/269
|cant|p1a: Vaporeon|par
|
|-heal|p1a: Vaporeon|254/356 par|[from] item: Leftovers
|-ability|p2a: Octillery|Moody|boost
|-boost|p2a: Octillery|spa|2
|-unboost|p2a: Octillery|atk|1
|upkeep
|turn|8
|c|☆joejoemamamamajoe|bruh
|
|t:|1685537297
|cant|p1a: Vaporeon|par
|move|p2a: Octillery|Gunk Shot|p1a: Vaporeon
|-damage|p1a: Vaporeon|153/356 par
|-damage|p2a: Octillery|43/269|[from] item: Life Orb
|
|-heal|p1a: Vaporeon|175/356 par|[from] item: Leftovers
|-ability|p2a: Octillery|Moody|boost
|-boost|p2a: Octillery|spe|2
|-unboost|p2a: Octillery|atk|1
|upkeep
|turn|9
|c|☆joejoemamamamajoe|bruh
|
|t:|1685537310
|switch|p1a: Frosmoth|Frosmoth, L82, F|142/249
|move|p2a: Octillery|Gunk Shot|p1a: Frosmoth
|-damage|p1a: Frosmoth|64/249
|-damage|p2a: Octillery|17/269|[from] item: Life Orb
|
|-ability|p2a: Octillery|Moody|boost
|-boost|p2a: Octillery|spd|2
|-unboost|p2a: Octillery|spe|1
|upkeep
|turn|10
|
|t:|1685537320
|switch|p1a: Vaporeon|Vaporeon, L84, F|175/356 par
|-damage|p1a: Vaporeon|131/356 par|[from] Stealth Rock
|move|p2a: Octillery|Gunk Shot|p1a: Vaporeon
|-damage|p1a: Vaporeon|44/356 par
|-damage|p2a: Octillery|0 fnt|[from] item: Life Orb
|faint|p2a: Octillery
|
|-heal|p1a: Vaporeon|66/356 par|[from] item: Leftovers
|upkeep
|
|t:|1685537330
|switch|p2a: Victini|Victini, L78|264/283
|turn|11
|c|☆joejoemamamamajoe|i swear this game suck ass
|c|☆joejoemamamamajoe|really?
|c|☆joejoemamamamajoe|stunned for that many turns?
|c| MinatoUzxmaki|bolt strike
|
|t:|1685537349
|move|p2a: Victini|Energy Ball|p1a: Vaporeon
|-supereffective|p1a: Vaporeon
|-damage|p1a: Vaporeon|0 fnt
|faint|p1a: Vaporeon
|
|upkeep
|c| MinatoUzxmaki|hmm
|c| MinatoUzxmaki|ggggggggg
|
|t:|1685537374
|switch|p1a: Rhyperior|Rhyperior, L82, F|323/323
|-damage|p1a: Rhyperior|303/323|[from] Stealth Rock
|turn|12
|
|t:|1685537386
|switch|p1a: Frosmoth|Frosmoth, L82, F|64/249
|move|p2a: Victini|Energy Ball|p1a: Frosmoth
|-resisted|p1a: Frosmoth
|-damage|p1a: Frosmoth|51/249
|
|upkeep
|turn|13
|
|t:|1685537405
|move|p2a: Victini|V-create|p1a: Frosmoth
|-supereffective|p1a: Frosmoth
|-damage|p1a: Frosmoth|0 fnt
|-unboost|p2a: Victini|spe|1
|-unboost|p2a: Victini|def|1
|-unboost|p2a: Victini|spd|1
|faint|p1a: Frosmoth
|
|upkeep
|
|t:|1685537427
|switch|p1a: Urshifu|Urshifu, L76, F|277/277
|-damage|p1a: Urshifu|260/277|[from] Stealth Rock
|turn|14
|
|t:|1685537435
|move|p1a: Urshifu|Wicked Blow|p2a: Victini
|-supereffective|p2a: Victini
|-crit|p2a: Victini
|-damage|p2a: Victini|0 fnt
|faint|p2a: Victini
|
|upkeep
|c| MinatoUzxmaki|sheesh
|c|☆joejoemamamamajoe|sheeshhhh
|
|t:|1685537455
|switch|p2a: Genesect|Genesect, L74|227/227
|-ability|p2a: Genesect|Download|boost
|-boost|p2a: Genesect|spa|1
|turn|15
|
|t:|1685537466
|switch|p1a: Rhyperior|Rhyperior, L82, F|303/323
|-damage|p1a: Rhyperior|283/323|[from] Stealth Rock
|move|p2a: Genesect|Shift Gear|p2a: Genesect
|-boost|p2a: Genesect|spe|2
|-boost|p2a: Genesect|atk|1
|
|upkeep
|turn|16
|c| MinatoUzxmaki|...'
|
|t:|1685537477
|move|p2a: Genesect|Iron Head|p1a: Rhyperior
|-supereffective|p1a: Rhyperior
|-damage|p1a: Rhyperior|111/323
|-enditem|p1a: Rhyperior|Weakness Policy
|-boost|p1a: Rhyperior|atk|2|[from] item: Weakness Policy
|-boost|p1a: Rhyperior|spa|2|[from] item: Weakness Policy
|-damage|p2a: Genesect|205/227|[from] item: Life Orb
|move|p1a: Rhyperior|Fire Punch|p2a: Genesect
|-supereffective|p2a: Genesect
|-damage|p2a: Genesect|0 fnt
|faint|p2a: Genesect
|
|upkeep
|c|☆joejoemamamamajoe|lol
|c|☆joejoemamamamajoe|trollolo
|c| MinatoUzxmaki|....
|
|t:|1685537488
|switch|p2a: Morpeko|Morpeko, L86, F|240/240
|turn|17
|
|t:|1685537497
|move|p2a: Morpeko|Foul Play|p1a: Rhyperior
|-damage|p1a: Rhyperior|0 fnt
|faint|p1a: Rhyperior
|
|-formechange|p2a: Morpeko|Morpeko-Hangry||[from] ability: Hunger Switch
|upkeep
|
|t:|1685537512
|switch|p1a: Lycanroc|Lycanroc, L80, F|251/251
|-damage|p1a: Lycanroc|220/251|[from] Stealth Rock
|turn|18
|
|t:|1685537532
|move|p1a: Lycanroc|Swords Dance|p1a: Lycanroc
|-boost|p1a: Lycanroc|atk|2
|move|p2a: Morpeko|Aura Wheel|p1a: Lycanroc
|-damage|p1a: Lycanroc|52/251
|-boost|p2a: Morpeko|spe|1
|
|-formechange|p2a: Morpeko|Morpeko||[from] ability: Hunger Switch
|upkeep
|turn|19
|c|☆joejoemamamamajoe|damn it
|
|t:|1685537545
|move|p1a: Lycanroc|Accelerock|p2a: Morpeko
|-damage|p2a: Morpeko|88/240
|-damage|p1a: Lycanroc|27/251|[from] item: Life Orb
|move|p2a: Morpeko|Aura Wheel|p1a: Lycanroc
|-damage|p1a: Lycanroc|0 fnt
|-boost|p2a: Morpeko|spe|1
|faint|p1a: Lycanroc
|
|-heal|p2a: Morpeko|103/240|[from] item: Leftovers
|-formechange|p2a: Morpeko|Morpeko-Hangry||[from] ability: Hunger Switch
|upkeep
|
|t:|1685537549
|switch|p1a: Urshifu|Urshifu, L76, F|260/277
|-damage|p1a: Urshifu|243/277|[from] Stealth Rock
|turn|20
|
|t:|1685537566
|move|p2a: Morpeko|Aura Wheel|p1a: Urshifu
|-resisted|p1a: Urshifu
|-damage|p1a: Urshifu|210/277
|-boost|p2a: Morpeko|spe|1
|move|p1a: Urshifu|Close Combat|p2a: Morpeko
|-supereffective|p2a: Morpeko
|-damage|p2a: Morpeko|0 fnt
|-unboost|p1a: Urshifu|def|1
|-unboost|p1a: Urshifu|spd|1
|faint|p2a: Morpeko
|
|upkeep
|
|t:|1685537577
|switch|p2a: Glastrier|Glastrier, L82|298/298
|turn|21
|c|☆joejoemamamamajoe|WOAH
|
|t:|1685537595
|switch|p1a: Bronzong|Bronzong, L83|247/247
|-damage|p1a: Bronzong|232/247|[from] Stealth Rock
|-start|p2a: Glastrier|Dynamax|
|-heal|p2a: Glastrier|596/596|[silent]
|move|p2a: Glastrier|Max Knuckle|p1a: Bronzong
|-damage|p1a: Bronzong|162/247
|-boost|p2a: Glastrier|atk|1
|
|-heal|p1a: Bronzong|177/247|[from] item: Leftovers
|upkeep
|turn|22
|c| MinatoUzxmaki|unfortunate
|c|☆joejoemamamamajoe|CALM DOWN
|
|t:|1685537613
|-start|p1a: Bronzong|Dynamax|
|-heal|p1a: Bronzong|354/494|[silent]
|move|p1a: Bronzong|Max Steelspike|p2a: Glastrier
|-supereffective|p2a: Glastrier
|-damage|p2a: Glastrier|416/596
|-boost|p1a: Bronzong|def|1
|move|p2a: Glastrier|Max Knuckle|p1a: Bronzong
|-damage|p1a: Bronzong|283/494
|-boost|p2a: Glastrier|atk|1
|
|-heal|p1a: Bronzong|298/494|[from] item: Leftovers
|upkeep
|turn|23
|c| MinatoUzxmaki|hes about to swipe your team
|c|☆joejoemamamamajoe|NO
|-message|Davi Lima BR forfeited.
|
|win|joejoemamamamajoe
|raw|joejoemamamamajoe's rating: 1134 &rarr; <strong>1161</strong><br />(+27 for winning)
|raw|Davi Lima BR's rating: 1161 &rarr; <strong>1134</strong><br />(-27 for losing)
