|j|☆werfwefrsw
|j|☆slakish
|t:|1685418074
|gametype|singles
|player|p1|werfwefrsw|harlequin|1000
|player|p2|slakish|170|1053
|teamsize|p1|6
|teamsize|p2|6
|gen|8
|tier|[Gen 8] Random Battle
|rated|
|rule|Species Clause: Limit one of each Pokémon
|rule|HP Percentage Mod: HP is shown in percentages
|rule|Sleep Clause Mod: Limit one foe put to sleep
|
|t:|1685418074
|start
|switch|p1a: Hatterene|Hatterene, L86, F|238/238
|switch|p2a: Seismitoad|Seismitoad, L84, M|314/314
|turn|1
|
|t:|1685418115
|move|p2a: Seismitoad|Rain Dance|p2a: Seismitoad
|-weather|RainDance
|move|p1a: Hatterene|Psychic|p2a: Seismitoad
|-damage|p2a: Seismitoad|95/314
|
|-weather|RainDance|[upkeep]
|upkeep
|turn|2
|
|t:|1685418129
|move|p2a: Seismitoad|Liquidation|p1a: Hatterene
|-damage|p1a: Hatterene|63/238
|-damage|p2a: Seismitoad|64/314|[from] item: Life Orb
|move|p1a: Hatterene|Psychic|p2a: Seismitoad
|-damage|p2a: Seismitoad|0 fnt
|faint|p2a: Seismitoad
|
|-weather|RainDance|[upkeep]
|upkeep
|
|t:|1685418140
|switch|p2a: Zapdos|Zapdos, L78|268/268
|turn|3
|
|t:|1685418145
|move|p2a: Zapdos|U-turn|p1a: Hatterene
|-damage|p1a: Hatterene|23/238
|
|t:|1685418151
|switch|p2a: Torkoal|Torkoal, L86, M|261/261|[from] U-turn
|-weather|SunnyDay|[from] ability: Drought|[of] p2a: Torkoal
|move|p1a: Hatterene|Psychic|p2a: Torkoal
|-damage|p2a: Torkoal|38/261
|
|-weather|SunnyDay|[upkeep]
|upkeep
|turn|4
|-message|slakish forfeited.
|
|win|werfwefrsw
|raw|werfwefrsw's rating: 1000 &rarr; <strong>1046</strong><br />(+46 for winning)
|raw|slakish's rating: 1053 &rarr; <strong>1032</strong><br />(-21 for losing)
|l|☆slakish
