|j|☆Sr1inkyy_
|j|☆lauda Mera
|t:|1683836682
|gametype|singles
|player|p1|Sr1inkyy_|rosa|1331
|player|p2|lauda Mera|hilbert-wonderlauncher|1469
|teamsize|p1|6
|teamsize|p2|6
|gen|8
|tier|[Gen 8] Random Battle
|rated|
|rule|Species Clause: Limit one of each Pokémon
|rule|HP Percentage Mod: HP is shown in percentages
|rule|Sleep Clause Mod: Limit one foe put to sleep
|
|t:|1683836682
|start
|switch|p1a: Darmanitan|Darmanitan, L80, F|299/299
|switch|p2a: Diancie|Diancie, L82|216/216
|turn|1
|inactive|Battle timer is ON: inactive players will automatically lose when time's up. (requested by lauda Mera)
|inactive|Sr1inkyy_ has 120 seconds left.
|
|t:|1683836734
|move|p1a: Darmanitan|Earthquake|p2a: Diancie
|-supereffective|p2a: Diancie
|-damage|p2a: Diancie|60/216
|-damage|p1a: Darmanitan|270/299|[from] item: Life Orb
|move|p2a: Diancie|Diamond Storm|p1a: Darmanitan
|-supereffective|p1a: Darmanitan
|-damage|p1a: Darmanitan|0 fnt
|-boost|p2a: Diancie|def|2
|faint|p1a: Darmanitan
|
|-heal|p2a: Diancie|73/216|[from] item: Leftovers
|upkeep
|
|t:|1683836745
|switch|p1a: Landorus|Landorus, L76, M|260/260
|turn|2
|
|t:|1683836758
|switch|p2a: Mandibuzz|Mandibuzz, L82, F|315/315
|move|p1a: Landorus|Focus Blast|p2a: Mandibuzz|[miss]
|-miss|p1a: Landorus|p2a: Mandibuzz
|
|upkeep
|turn|3
|
|t:|1683836781
|move|p1a: Landorus|Focus Blast|p2a: Mandibuzz|[miss]
|-miss|p1a: Landorus|p2a: Mandibuzz
|move|p2a: Mandibuzz|Toxic|p1a: Landorus
|-status|p1a: Landorus|tox
|
|-damage|p1a: Landorus|244/260 tox|[from] psn
|upkeep
|turn|4
|
|t:|1683836793
|move|p1a: Landorus|Focus Blast|p2a: Mandibuzz
|-damage|p2a: Mandibuzz|184/315
|move|p2a: Mandibuzz|Foul Play|p1a: Landorus
|-damage|p1a: Landorus|133/260 tox
|
|-damage|p1a: Landorus|101/260 tox|[from] psn
|upkeep
|turn|5
|
|t:|1683836802
|move|p1a: Landorus|Knock Off|p2a: Mandibuzz
|-resisted|p2a: Mandibuzz
|-damage|p2a: Mandibuzz|142/315
|-enditem|p2a: Mandibuzz|Heavy-Duty Boots|[from] move: Knock Off|[of] p1a: Landorus
|-damage|p1a: Landorus|75/260 tox|[from] item: Life Orb
|move|p2a: Mandibuzz|Roost|p2a: Mandibuzz
|-heal|p2a: Mandibuzz|300/315
|-singleturn|p2a: Mandibuzz|move: Roost
|
|-damage|p1a: Landorus|27/260 tox|[from] psn
|upkeep
|turn|6
|
|t:|1683836827
|move|p1a: Landorus|Focus Blast|p2a: Mandibuzz
|-damage|p2a: Mandibuzz|177/315
|move|p2a: Mandibuzz|Brave Bird|p1a: Landorus
|-damage|p1a: Landorus|0 fnt
|faint|p1a: Landorus
|-damage|p2a: Mandibuzz|168/315|[from] Recoil
|
|upkeep
|
|t:|1683836846
|switch|p1a: Klefki|Klefki, L82, F|228/228
|turn|7
|inactive|lauda Mera has 120 seconds left.
|inactive|lauda Mera has 90 seconds left.
|
|t:|1683836897
|switch|p2a: Ho-Oh|Ho-Oh, L72|272/272
|move|p1a: Klefki|Spikes|p2a: Ho-Oh
|-sidestart|p2: lauda Mera|Spikes
|
|upkeep
|turn|8
|
|t:|1683836909
|move|p1a: Klefki|Toxic|p2a: Ho-Oh
|-status|p2a: Ho-Oh|tox
|move|p2a: Ho-Oh|Sacred Fire|p1a: Klefki
|-supereffective|p1a: Klefki
|-damage|p1a: Klefki|18/228
|-status|p1a: Klefki|brn
|
|-heal|p1a: Klefki|32/228 brn|[from] item: Leftovers
|-damage|p2a: Ho-Oh|255/272 tox|[from] psn
|-damage|p1a: Klefki|18/228 brn|[from] brn
|upkeep
|turn|9
|
|t:|1683836924
|move|p1a: Klefki|Spikes|p2a: Ho-Oh
|-sidestart|p2: lauda Mera|Spikes
|move|p2a: Ho-Oh|Brave Bird|p1a: Klefki
|-resisted|p1a: Klefki
|-damage|p1a: Klefki|0 fnt
|faint|p1a: Klefki
|-damage|p2a: Ho-Oh|249/272 tox|[from] Recoil
|
|-damage|p2a: Ho-Oh|215/272 tox|[from] psn
|upkeep
|
|t:|1683836934
|switch|p1a: Palkia|Palkia, L74|255/255
|-ability|p1a: Palkia|Pressure
|turn|10
|
|t:|1683836945
|move|p1a: Palkia|Spacial Rend|p2a: Ho-Oh
|-damage|p2a: Ho-Oh|76/272 tox
|move|p2a: Ho-Oh|Brave Bird|p1a: Palkia
|-damage|p1a: Palkia|144/255
|-damage|p2a: Ho-Oh|39/272 tox|[from] Recoil
|
|-damage|p2a: Ho-Oh|0 fnt|[from] psn
|faint|p2a: Ho-Oh
|upkeep
|inactive|lauda Mera has 90 seconds left.
|inactive|lauda Mera has 60 seconds left.
|inactive|lauda Mera has 30 seconds left.
|
|t:|1683837035
|switch|p2a: Xurkitree|Xurkitree, L76|251/251
|-damage|p2a: Xurkitree|210/251|[from] Spikes
|turn|11
|
|t:|1683837040
|move|p1a: Palkia|Spacial Rend|p2a: Xurkitree
|-damage|p2a: Xurkitree|0 fnt
|faint|p2a: Xurkitree
|
|upkeep
|inactive|lauda Mera has 30 seconds left.
|inactive|lauda Mera has 20 seconds left.
|inactive|lauda Mera has 15 seconds left.
|inactive|lauda Mera has 10 seconds left.
|
|t:|1683837071
|switch|p2a: Diancie|Diancie, L82|73/216
|-damage|p2a: Diancie|37/216|[from] Spikes
|turn|12
|inactive|lauda Mera has 20 seconds left this turn.
|
|t:|1683837075
|switch|p1a: Dhelmise|Dhelmise, L86|261/261
|move|p2a: Diancie|Stealth Rock|p1a: Dhelmise
|-sidestart|p1: Sr1inkyy_|move: Stealth Rock
|
|-heal|p2a: Diancie|50/216|[from] item: Leftovers
|upkeep
|turn|13
|inactive|lauda Mera has 30 seconds left this turn.
|inactive|lauda Mera has 20 seconds left.
|
|t:|1683837089
|move|p2a: Diancie|Diamond Storm|p1a: Dhelmise
|-damage|p1a: Dhelmise|171/261
|move|p1a: Dhelmise|Anchor Shot|p2a: Diancie
|-supereffective|p2a: Diancie
|-damage|p2a: Diancie|0 fnt
|faint|p2a: Diancie
|
|upkeep
|inactive|lauda Mera has 25 seconds left this turn.
|inactive|lauda Mera has 20 seconds left.
|
|t:|1683837094
|switch|p2a: Regidrago|Regidrago, L78|440/440
|-damage|p2a: Regidrago|367/440|[from] Spikes
|turn|14
|inactive|lauda Mera has 30 seconds left this turn.
|
|t:|1683837104
|move|p2a: Regidrago|Dragon Dance|p2a: Regidrago
|-boost|p2a: Regidrago|atk|1
|-boost|p2a: Regidrago|spe|1
|move|p1a: Dhelmise|Swords Dance|p1a: Dhelmise
|-boost|p1a: Dhelmise|atk|2
|
|upkeep
|turn|15
|inactive|lauda Mera has 30 seconds left.
|
|t:|1683837116
|-start|p2a: Regidrago|Dynamax|
|-heal|p2a: Regidrago|734/880|[silent]
|move|p2a: Regidrago|Max Wyrmwind|p1a: Dhelmise
|-damage|p1a: Dhelmise|0 fnt
|faint|p1a: Dhelmise
|
|upkeep
|
|t:|1683837124
|switch|p1a: Palkia|Palkia, L74|144/255
|-damage|p1a: Palkia|113/255|[from] Stealth Rock
|-ability|p1a: Palkia|Pressure
|turn|16
|
|t:|1683837134
|-start|p1a: Palkia|Dynamax|
|-heal|p1a: Palkia|226/510|[silent]
|move|p2a: Regidrago|Max Wyrmwind|p1a: Palkia
|-supereffective|p1a: Palkia
|-damage|p1a: Palkia|0 fnt
|faint|p1a: Palkia
|
|upkeep
|
|t:|1683837148
|switch|p1a: Volcarona|Volcarona, L76, M|254/254
|turn|17
|
|t:|1683837155
|move|p2a: Regidrago|Max Wyrmwind|p1a: Volcarona
|-damage|p1a: Volcarona|0 fnt
|faint|p1a: Volcarona
|
|win|lauda Mera
|raw|Sr1inkyy_'s rating: 1331 &rarr; <strong>1319</strong><br />(-12 for losing)
|raw|lauda Mera's rating: 1485 &rarr; <strong>1497</strong><br />(+12 for winning)
