|j|☆bannedword420
|j|☆Hd DC hi
|t:|1685331929
|gametype|singles
|player|p1|bannedword420|pokemaniac|1124
|player|p2|Hd DC hi|265|1040
|teamsize|p1|6
|teamsize|p2|6
|gen|8
|tier|[Gen 8] Random Battle
|rated|
|rule|Species Clause: Limit one of each Pokémon
|rule|HP Percentage Mod: HP is shown in percentages
|rule|Sleep Clause Mod: Limit one foe put to sleep
|
|t:|1685331929
|start
|switch|p1a: Flareon|Flareon, L86, F|251/251
|switch|p2a: Manectric|Manectric, L86, F|261/261
|turn|1
|inactive|Battle timer is ON: inactive players will automatically lose when time's up. (requested by bannedword420)
|
|t:|1685331940
|move|p2a: Manectric|Thunderbolt|p1a: Flareon
|-damage|p1a: Flareon|170/251
|-status|p1a: Flareon|par
|move|p1a: Flareon|Flame Charge|p2a: Manectric
|-damage|p2a: Manectric|120/261
|-boost|p1a: Flareon|spe|1
|
|upkeep
|turn|2
|
|t:|1685331956
|move|p2a: Manectric|Thunderbolt|p1a: Flareon
|-damage|p1a: Flareon|79/251 par
|move|p1a: Flareon|Facade|p2a: Manectric
|-damage|p2a: Manectric|0 fnt
|faint|p2a: Manectric
|
|upkeep
|
|t:|1685331974
|switch|p2a: Kingler|Kingler, L84, M|230/230
|turn|3
|
|t:|1685331977
|move|p2a: Kingler|Liquidation|p1a: Flareon
|-supereffective|p1a: Flareon
|-damage|p1a: Flareon|0 fnt
|faint|p1a: Flareon
|
|upkeep
|
|t:|1685331986
|switch|p1a: Shiinotic|Shiinotic, L86, M|243/243
|turn|4
|
|t:|1685331993
|switch|p2a: Toxapex|Toxapex, L82, F|216/216
|move|p1a: Shiinotic|Spore|p2a: Toxapex
|-status|p2a: Toxapex|slp|[from] move: Spore
|
|upkeep
|turn|5
|
|t:|1685331997
|cant|p2a: Toxapex|slp
|move|p1a: Shiinotic|Leech Seed|p2a: Toxapex
|-start|p2a: Toxapex|move: Leech Seed
|
|-damage|p2a: Toxapex|189/216 slp|[from] Leech Seed|[of] p1a: Shiinotic
|upkeep
|turn|6
|
|t:|1685332001
|cant|p2a: Toxapex|slp
|move|p1a: Shiinotic|Energy Ball|p2a: Toxapex
|-damage|p2a: Toxapex|122/216 slp
|-unboost|p2a: Toxapex|spd|1
|
|-heal|p2a: Toxapex|135/216 slp|[from] item: Black Sludge
|-damage|p2a: Toxapex|108/216 slp|[from] Leech Seed|[of] p1a: Shiinotic
|upkeep
|turn|7
|
|t:|1685332006
|cant|p2a: Toxapex|slp
|move|p1a: Shiinotic|Energy Ball|p2a: Toxapex
|-damage|p2a: Toxapex|5/216 slp
|
|-heal|p2a: Toxapex|18/216 slp|[from] item: Black Sludge
|-damage|p2a: Toxapex|0 fnt|[from] Leech Seed|[of] p1a: Shiinotic
|faint|p2a: Toxapex
|upkeep
|
|t:|1685332015
|switch|p2a: Mr. Mime|Mr. Mime-Galar, L86, F|226/226
|turn|8
|c|☆bannedword420|get fucked
|
|t:|1685332026
|switch|p1a: Polteageist|Polteageist, L78|222/222
|move|p2a: Mr. Mime|Freeze-Dry|p1a: Polteageist
|-damage|p1a: Polteageist|153/222
|
|upkeep
|turn|9
|
|t:|1685332035
|move|p2a: Mr. Mime|Psychic|p1a: Polteageist
|-damage|p1a: Polteageist|74/222
|move|p1a: Polteageist|Shell Smash|p1a: Polteageist
|-unboost|p1a: Polteageist|def|1
|-unboost|p1a: Polteageist|spd|1
|-boost|p1a: Polteageist|atk|2
|-boost|p1a: Polteageist|spa|2
|-boost|p1a: Polteageist|spe|2
|-enditem|p1a: Polteageist|White Herb
|-clearnegativeboost|p1a: Polteageist|[silent]
|
|upkeep
|turn|10
|
|t:|1685332039
|move|p1a: Polteageist|Shadow Ball|p2a: Mr. Mime
|-supereffective|p2a: Mr. Mime
|-damage|p2a: Mr. Mime|0 fnt
|faint|p2a: Mr. Mime
|
|upkeep
|
|t:|1685332045
|switch|p2a: Clefable|Clefable, L82, M|290/290
|turn|11
|
|t:|1685332049
|move|p1a: Polteageist|Stored Power|p2a: Clefable
|-damage|p2a: Clefable|186/290
|move|p2a: Clefable|Moonblast|p1a: Polteageist
|-damage|p1a: Polteageist|0 fnt
|faint|p1a: Polteageist
|
|-heal|p2a: Clefable|204/290|[from] item: Leftovers
|upkeep
|
|t:|1685332058
|switch|p1a: Shiinotic|Shiinotic, L86, M|243/243
|turn|12
|-message|Hd DC hi forfeited.
|
|win|bannedword420
|raw|bannedword420's rating: 1124 &rarr; <strong>1143</strong><br />(+19 for winning)
|raw|Hd DC hi's rating: 1040 &rarr; <strong>1028</strong><br />(-12 for losing)
|l|☆Hd DC hi
