|j|☆LilRedRayne
|j|☆cpal2004
|t:|1685242474
|gametype|singles
|player|p1|LilRedRayne|swimmerf|1059
|player|p2|cpal2004|170|1000
|teamsize|p1|6
|teamsize|p2|6
|gen|8
|tier|[Gen 8] Random Battle
|rated|
|rule|Species Clause: Limit one of each Pokémon
|rule|HP Percentage Mod: HP is shown in percentages
|rule|Sleep Clause Mod: Limit one foe put to sleep
|
|t:|1685242474
|start
|switch|p1a: Milotic|Milotic, L82, M|290/290
|switch|p2a: Manectric|Manectric, L86, M|261/261
|turn|1
|
|t:|1685242497
|switch|p1a: Landorus|Landorus-Therian, L72, M|247/247
|-ability|p1a: Landorus|Intimidate|boost
|-unboost|p2a: Manectric|atk|1
|move|p2a: Manectric|Switcheroo|p1a: Landorus
|-activate|p2a: Manectric|move: Trick|[of] p1a: Landorus
|-item|p1a: Landorus|Choice Scarf|[from] move: Switcheroo
|-item|p2a: Manectric|Leftovers|[from] move: Switcheroo
|
|upkeep
|turn|2
|
|t:|1685242514
|switch|p2a: Celesteela|Celesteela, L77|276/276
|move|p1a: Landorus|Earthquake|p2a: Celesteela
|-immune|p2a: Celesteela
|
|upkeep
|turn|3
|
|t:|1685242529
|move|p1a: Landorus|Earthquake|p2a: Celesteela
|-immune|p2a: Celesteela
|move|p2a: Celesteela|Leech Seed|p1a: Landorus
|-start|p1a: Landorus|move: Leech Seed
|
|-damage|p1a: Landorus|217/247|[from] Leech Seed|[of] p2a: Celesteela
|upkeep
|turn|4
|
|t:|1685242555
|move|p1a: Landorus|Earthquake|p2a: Celesteela
|-immune|p2a: Celesteela
|move|p2a: Celesteela|Air Slash|p1a: Landorus
|-damage|p1a: Landorus|135/247
|
|-damage|p1a: Landorus|105/247|[from] Leech Seed|[of] p2a: Celesteela
|upkeep
|turn|5
|
|t:|1685242572
|switch|p1a: Bouffalant|Bouffalant, L84, F|297/297
|move|p2a: Celesteela|Air Slash|p1a: Bouffalant
|-damage|p1a: Bouffalant|224/297
|
|-heal|p1a: Bouffalant|242/297|[from] item: Leftovers
|upkeep
|turn|6
|
|t:|1685242584
|move|p1a: Bouffalant|Swords Dance|p1a: Bouffalant
|-boost|p1a: Bouffalant|atk|2
|move|p2a: Celesteela|Leech Seed|p1a: Bouffalant|[miss]
|-miss|p2a: Celesteela|p1a: Bouffalant
|
|-heal|p1a: Bouffalant|260/297|[from] item: Leftovers
|upkeep
|turn|7
|
|t:|1685242591
|move|p1a: Bouffalant|Head Charge|p2a: Celesteela
|-resisted|p2a: Celesteela
|-damage|p2a: Celesteela|120/276
|-damage|p1a: Bouffalant|221/297|[from] Recoil
|move|p2a: Celesteela|Leech Seed|p1a: Bouffalant
|-start|p1a: Bouffalant|move: Leech Seed
|
|-heal|p1a: Bouffalant|239/297|[from] item: Leftovers
|-heal|p2a: Celesteela|137/276|[from] item: Leftovers
|-damage|p1a: Bouffalant|202/297|[from] Leech Seed|[of] p2a: Celesteela
|-heal|p2a: Celesteela|174/276|[silent]
|upkeep
|turn|8
|
|t:|1685242602
|move|p2a: Celesteela|Protect|p2a: Celesteela
|-singleturn|p2a: Celesteela|Protect
|move|p1a: Bouffalant|Head Charge|p2a: Celesteela
|-activate|p2a: Celesteela|move: Protect
|
|-heal|p1a: Bouffalant|220/297|[from] item: Leftovers
|-heal|p2a: Celesteela|191/276|[from] item: Leftovers
|-damage|p1a: Bouffalant|183/297|[from] Leech Seed|[of] p2a: Celesteela
|-heal|p2a: Celesteela|228/276|[silent]
|upkeep
|turn|9
|
|t:|1685242619
|move|p1a: Bouffalant|Head Charge|p2a: Celesteela
|-resisted|p2a: Celesteela
|-damage|p2a: Celesteela|63/276
|-damage|p1a: Bouffalant|142/297|[from] Recoil
|move|p2a: Celesteela|Flash Cannon|p1a: Bouffalant
|-damage|p1a: Bouffalant|72/297
|
|-heal|p1a: Bouffalant|90/297|[from] item: Leftovers
|-heal|p2a: Celesteela|80/276|[from] item: Leftovers
|-damage|p1a: Bouffalant|53/297|[from] Leech Seed|[of] p2a: Celesteela
|-heal|p2a: Celesteela|117/276|[silent]
|upkeep
|turn|10
|
|t:|1685242632
|move|p2a: Celesteela|Protect|p2a: Celesteela
|-singleturn|p2a: Celesteela|Protect
|move|p1a: Bouffalant|Head Charge|p2a: Celesteela
|-activate|p2a: Celesteela|move: Protect
|
|-heal|p1a: Bouffalant|71/297|[from] item: Leftovers
|-heal|p2a: Celesteela|134/276|[from] item: Leftovers
|-damage|p1a: Bouffalant|34/297|[from] Leech Seed|[of] p2a: Celesteela
|-heal|p2a: Celesteela|171/276|[silent]
|upkeep
|turn|11
|
|t:|1685242668
|switch|p2a: Audino|Audino, L91, F|335/335
|move|p1a: Bouffalant|Head Charge|p2a: Audino
|-damage|p2a: Audino|47/335
|-damage|p1a: Bouffalant|0 fnt|[from] Recoil
|faint|p1a: Bouffalant
|
|-heal|p2a: Audino|67/335|[from] item: Leftovers
|upkeep
|inactive|Battle timer is ON: inactive players will automatically lose when time's up. (requested by cpal2004)
|
|t:|1685242726
|switch|p1a: Gourgeist|Gourgeist-Large, L84, F|263/263
|-item|p2a: Audino|Leftovers|[from] ability: Frisk|[of] p1a: Gourgeist|[identify]
|turn|12
|
|t:|1685242738
|switch|p2a: Celesteela|Celesteela, L77|171/276
|move|p1a: Gourgeist|Shadow Sneak|p2a: Celesteela
|-damage|p2a: Celesteela|123/276
|-damage|p1a: Gourgeist|237/263|[from] item: Life Orb
|
|-heal|p2a: Celesteela|140/276|[from] item: Leftovers
|upkeep
|turn|13
|
|t:|1685242755
|move|p2a: Celesteela|Protect|p2a: Celesteela
|-singleturn|p2a: Celesteela|Protect
|move|p1a: Gourgeist|Synthesis|p1a: Gourgeist
|-heal|p1a: Gourgeist|263/263
|
|-heal|p2a: Celesteela|157/276|[from] item: Leftovers
|upkeep
|turn|14
|
|t:|1685242762
|switch|p1a: Milotic|Milotic, L82, M|290/290
|move|p2a: Celesteela|Air Slash|p1a: Milotic
|-damage|p1a: Milotic|238/290
|
|-heal|p1a: Milotic|256/290|[from] item: Leftovers
|-heal|p2a: Celesteela|174/276|[from] item: Leftovers
|upkeep
|turn|15
|
|t:|1685242770
|move|p1a: Milotic|Ice Beam|p2a: Celesteela
|-damage|p2a: Celesteela|113/276
|move|p2a: Celesteela|Leech Seed|p1a: Milotic
|-start|p1a: Milotic|move: Leech Seed
|
|-heal|p1a: Milotic|274/290|[from] item: Leftovers
|-heal|p2a: Celesteela|130/276|[from] item: Leftovers
|-damage|p1a: Milotic|238/290|[from] Leech Seed|[of] p2a: Celesteela
|-heal|p2a: Celesteela|166/276|[silent]
|upkeep
|turn|16
|inactive|cpal2004 has 120 seconds left.
|
|t:|1685242816
|switch|p1a: Kyurem|Kyurem-White, L74|307/307
|-ability|p1a: Kyurem|Turboblaze
|switch|p2a: Manectric|Manectric, L86, M|261/261
|
|upkeep
|turn|17
|
|t:|1685242832
|move|p2a: Manectric|Overheat|p1a: Kyurem
|-damage|p1a: Kyurem|196/307
|-unboost|p2a: Manectric|spa|2
|move|p1a: Kyurem|Draco Meteor|p2a: Manectric
|-damage|p2a: Manectric|56/261
|-unboost|p1a: Kyurem|spa|2
|
|-heal|p2a: Manectric|72/261|[from] item: Leftovers
|upkeep
|turn|18
|
|t:|1685242845
|move|p2a: Manectric|Switcheroo|p1a: Kyurem
|-activate|p2a: Manectric|move: Trick|[of] p1a: Kyurem
|-item|p1a: Kyurem|Leftovers|[from] move: Switcheroo
|-item|p2a: Manectric|Heavy-Duty Boots|[from] move: Switcheroo
|move|p1a: Kyurem|Draco Meteor|p2a: Manectric
|-damage|p2a: Manectric|0 fnt
|-unboost|p1a: Kyurem|spa|2
|faint|p2a: Manectric
|
|-heal|p1a: Kyurem|215/307|[from] item: Leftovers
|upkeep
|
|t:|1685242852
|switch|p2a: Celesteela|Celesteela, L77|166/276
|turn|19
|
|t:|1685242870
|move|p1a: Kyurem|Roost|p1a: Kyurem
|-heal|p1a: Kyurem|307/307
|-singleturn|p1a: Kyurem|move: Roost
|move|p2a: Celesteela|Leech Seed|p1a: Kyurem|[miss]
|-miss|p2a: Celesteela|p1a: Kyurem
|
|-heal|p2a: Celesteela|183/276|[from] item: Leftovers
|upkeep
|turn|20
|
|t:|1685242888
|move|p1a: Kyurem|Draco Meteor|p2a: Celesteela
|-resisted|p2a: Celesteela
|-crit|p2a: Celesteela
|-damage|p2a: Celesteela|66/276
|-unboost|p1a: Kyurem|spa|2
|move|p2a: Celesteela|Leech Seed|p1a: Kyurem
|-start|p1a: Kyurem|move: Leech Seed
|
|-heal|p2a: Celesteela|83/276|[from] item: Leftovers
|-damage|p1a: Kyurem|269/307|[from] Leech Seed|[of] p2a: Celesteela
|-heal|p2a: Celesteela|121/276|[silent]
|upkeep
|turn|21
|
|t:|1685242903
|move|p2a: Celesteela|Protect|p2a: Celesteela
|-singleturn|p2a: Celesteela|Protect
|move|p1a: Kyurem|Draco Meteor|p2a: Celesteela
|-activate|p2a: Celesteela|move: Protect
|
|-heal|p1a: Kyurem|288/307|[from] item: Leftovers
|-heal|p2a: Celesteela|138/276|[from] item: Leftovers
|-damage|p1a: Kyurem|250/307|[from] Leech Seed|[of] p2a: Celesteela
|-heal|p2a: Celesteela|176/276|[silent]
|upkeep
|turn|22
|
|t:|1685242915
|move|p1a: Kyurem|Draco Meteor|p2a: Celesteela
|-resisted|p2a: Celesteela
|-damage|p2a: Celesteela|156/276
|move|p2a: Celesteela|Flash Cannon|p1a: Kyurem
|-supereffective|p1a: Kyurem
|-damage|p1a: Kyurem|100/307
|
|-heal|p1a: Kyurem|119/307|[from] item: Leftovers
|-heal|p2a: Celesteela|173/276|[from] item: Leftovers
|-damage|p1a: Kyurem|81/307|[from] Leech Seed|[of] p2a: Celesteela
|-heal|p2a: Celesteela|211/276|[silent]
|upkeep
|turn|23
|
|t:|1685242928
|switch|p1a: Corsola|Corsola, L93, M|272/272
|move|p2a: Celesteela|Protect||[still]
|-fail|p2a: Celesteela
|
|-heal|p2a: Celesteela|228/276|[from] item: Leftovers
|upkeep
|turn|24
|
|t:|1685242938
|move|p2a: Celesteela|Leech Seed|p1a: Corsola
|-start|p1a: Corsola|move: Leech Seed
|move|p1a: Corsola|Power Gem|p2a: Celesteela
|-damage|p2a: Celesteela|152/276
|
|-heal|p2a: Celesteela|169/276|[from] item: Leftovers
|-damage|p1a: Corsola|238/272|[from] Leech Seed|[of] p2a: Celesteela
|-heal|p2a: Celesteela|203/276|[silent]
|upkeep
|turn|25
|inactive|cpal2004 has 120 seconds left.
|
|t:|1685242951
|switch|p2a: Audino|Audino, L91, F|178/335
|move|p1a: Corsola|Scald|p2a: Audino
|-damage|p2a: Audino|105/335
|-status|p2a: Audino|brn
|
|-heal|p2a: Audino|125/335 brn|[from] item: Leftovers
|-damage|p1a: Corsola|204/272|[from] Leech Seed|[of] p2a: Audino
|-heal|p2a: Audino|159/335 brn|[silent]
|-damage|p2a: Audino|139/335 brn|[from] brn
|upkeep
|turn|26
|inactive|cpal2004 has 120 seconds left.
|
|t:|1685242962
|switch|p2a: Clefable|Clefable, L82, M|290/290
|move|p1a: Corsola|Scald|p2a: Clefable
|-damage|p2a: Clefable|217/290
|-status|p2a: Clefable|brn
|
|-damage|p1a: Corsola|170/272|[from] Leech Seed|[of] p2a: Clefable
|-heal|p2a: Clefable|251/290 brn|[silent]
|upkeep
|turn|27
|inactive|cpal2004 has 120 seconds left.
|
|t:|1685242970
|move|p2a: Clefable|Calm Mind|p2a: Clefable
|-boost|p2a: Clefable|spa|1
|-boost|p2a: Clefable|spd|1
|move|p1a: Corsola|Scald|p2a: Clefable
|-damage|p2a: Clefable|194/290 brn
|
|-damage|p1a: Corsola|136/272|[from] Leech Seed|[of] p2a: Clefable
|-heal|p2a: Clefable|228/290 brn|[silent]
|upkeep
|turn|28
|
|t:|1685242981
|move|p2a: Clefable|Calm Mind|p2a: Clefable
|-boost|p2a: Clefable|spa|1
|-boost|p2a: Clefable|spd|1
|move|p1a: Corsola|Power Gem|p2a: Clefable
|-damage|p2a: Clefable|186/290 brn
|
|-damage|p1a: Corsola|102/272|[from] Leech Seed|[of] p2a: Clefable
|-heal|p2a: Clefable|220/290 brn|[silent]
|upkeep
|turn|29
|
|t:|1685242999
|move|p2a: Clefable|Calm Mind|p2a: Clefable
|-boost|p2a: Clefable|spa|1
|-boost|p2a: Clefable|spd|1
|move|p1a: Corsola|Power Gem|p2a: Clefable
|-damage|p2a: Clefable|187/290 brn
|
|-damage|p1a: Corsola|68/272|[from] Leech Seed|[of] p2a: Clefable
|-heal|p2a: Clefable|221/290 brn|[silent]
|upkeep
|turn|30
|-message|LilRedRayne forfeited.
|
|win|cpal2004
|raw|LilRedRayne's rating: 1059 &rarr; <strong>1037</strong><br />(-22 for losing)
|raw|cpal2004's rating: 1000 &rarr; <strong>1047</strong><br />(+47 for winning)
|l|☆LilRedRayne
