|j|☆That1Toast
|j|☆Dino197107
|t:|1684345191
|gametype|singles
|player|p1|That1Toast|psychic|1349
|player|p2|Dino197107|acetrainer-gen4dp|1330
|teamsize|p1|6
|teamsize|p2|6
|gen|8
|tier|[Gen 8] Random Battle
|rated|
|rule|Species Clause: Limit one of each Pokémon
|rule|HP Percentage Mod: HP is shown in percentages
|rule|Sleep Clause Mod: Limit one foe put to sleep
|
|t:|1684345191
|start
|switch|p1a: Bewear|Bewear, L82, F|331/331
|switch|p2a: Cinderace|Cinderace, L74, F|239/239
|turn|1
|inactive|Battle timer is ON: inactive players will automatically lose when time's up. (requested by That1Toast)
|l|☆That1Toast
|inactive|That1Toast disconnected and has a minute to reconnect!
|player|p1|
|j|☆That1Toast
|inactive|That1Toast reconnected and has 130 seconds left.
|player|p1|That1Toast|psychic
|
|t:|1684345218
|switch|p1a: Swampert|Swampert, L80, F|291/291
|move|p2a: Cinderace|Zen Headbutt|p1a: Swampert
|-start|p2a: Cinderace|typechange|Psychic|[from] ability: Libero
|-damage|p1a: Swampert|177/291
|
|-heal|p1a: Swampert|195/291|[from] item: Leftovers
|upkeep
|turn|2
|
|t:|1684345232
|switch|p2a: Vikavolt|Vikavolt, L82, F|260/260
|move|p1a: Swampert|Protect||[still]
|-fail|p1a: Swampert
|
|-heal|p1a: Swampert|213/291|[from] item: Leftovers
|upkeep
|turn|3
|
|t:|1684345246
|move|p1a: Swampert|Toxic|p2a: Vikavolt
|-status|p2a: Vikavolt|tox
|move|p2a: Vikavolt|Sticky Web|p1a: Swampert
|-sidestart|p1: That1Toast|move: Sticky Web
|
|-heal|p1a: Swampert|231/291|[from] item: Leftovers
|-damage|p2a: Vikavolt|244/260 tox|[from] psn
|upkeep
|turn|4
|
|t:|1684345259
|move|p1a: Swampert|Scald|p2a: Vikavolt
|-damage|p2a: Vikavolt|162/260 tox
|move|p2a: Vikavolt|Roost|p2a: Vikavolt
|-heal|p2a: Vikavolt|260/260 tox
|-singleturn|p2a: Vikavolt|move: Roost
|
|-heal|p1a: Swampert|249/291|[from] item: Leftovers
|-damage|p2a: Vikavolt|228/260 tox|[from] psn
|upkeep
|turn|5
|
|t:|1684345266
|move|p1a: Swampert|Scald|p2a: Vikavolt
|-damage|p2a: Vikavolt|152/260 tox
|move|p2a: Vikavolt|Roost|p2a: Vikavolt
|-heal|p2a: Vikavolt|260/260 tox
|-singleturn|p2a: Vikavolt|move: Roost
|
|-heal|p1a: Swampert|267/291|[from] item: Leftovers
|-damage|p2a: Vikavolt|212/260 tox|[from] psn
|upkeep
|turn|6
|
|t:|1684345272
|move|p1a: Swampert|Scald|p2a: Vikavolt
|-damage|p2a: Vikavolt|134/260 tox
|move|p2a: Vikavolt|Energy Ball|p1a: Swampert
|-supereffective|p1a: Swampert
|-damage|p1a: Swampert|0 fnt
|faint|p1a: Swampert
|
|-damage|p2a: Vikavolt|70/260 tox|[from] psn
|upkeep
|
|t:|1684345290
|switch|p1a: Frosmoth|Frosmoth, L82, F|249/249
|turn|7
|
|t:|1684345296
|switch|p2a: Cinderace|Cinderace, L74, F|239/239
|move|p1a: Frosmoth|Quiver Dance|p1a: Frosmoth
|-boost|p1a: Frosmoth|spa|1
|-boost|p1a: Frosmoth|spd|1
|-boost|p1a: Frosmoth|spe|1
|
|upkeep
|turn|8
|
|t:|1684345314
|switch|p1a: Palossand|Palossand, L86, F|286/286
|-activate|p1a: Palossand|move: Sticky Web
|-unboost|p1a: Palossand|spe|1
|move|p2a: Cinderace|Pyro Ball|p1a: Palossand
|-damage|p1a: Palossand|157/286
|
|-heal|p1a: Palossand|174/286|[from] item: Leftovers
|upkeep
|turn|9
|
|t:|1684345323
|switch|p2a: Vikavolt|Vikavolt, L82, F|70/260 tox
|move|p1a: Palossand|Shadow Ball|p2a: Vikavolt
|-damage|p2a: Vikavolt|0 fnt
|faint|p2a: Vikavolt
|
|-heal|p1a: Palossand|191/286|[from] item: Leftovers
|upkeep
|
|t:|1684345344
|switch|p2a: Crobat|Crobat, L82, M|274/274
|turn|10
|
|t:|1684345354
|switch|p1a: Bisharp|Bisharp, L80, M|235/235
|-activate|p1a: Bisharp|move: Sticky Web
|-unboost|p1a: Bisharp|spe|1
|-ability|p1a: Bisharp|Defiant|boost
|-boost|p1a: Bisharp|atk|2
|move|p2a: Crobat|Toxic|p1a: Bisharp
|-immune|p1a: Bisharp
|
|upkeep
|turn|11
|
|t:|1684345360
|move|p2a: Crobat|Super Fang|p1a: Bisharp
|-damage|p1a: Bisharp|118/235
|move|p1a: Bisharp|Knock Off|p2a: Crobat
|-damage|p2a: Crobat|0 fnt
|-enditem|p2a: Crobat|Heavy-Duty Boots|[from] move: Knock Off|[of] p1a: Bisharp
|faint|p2a: Crobat
|-damage|p1a: Bisharp|95/235|[from] item: Life Orb
|
|upkeep
|
|t:|1684345369
|switch|p2a: Cinderace|Cinderace, L74, F|239/239
|turn|12
|
|t:|1684345373
|move|p1a: Bisharp|Sucker Punch|p2a: Cinderace
|-damage|p2a: Cinderace|0 fnt
|faint|p2a: Cinderace
|-damage|p1a: Bisharp|72/235|[from] item: Life Orb
|
|upkeep
|
|t:|1684345380
|switch|p2a: Mienshao|Mienshao, L82, M|241/241
|turn|13
|
|t:|1684345387
|move|p2a: Mienshao|Close Combat|p1a: Bisharp
|-supereffective|p1a: Bisharp
|-damage|p1a: Bisharp|0 fnt
|-unboost|p2a: Mienshao|def|1
|-unboost|p2a: Mienshao|spd|1
|faint|p1a: Bisharp
|
|upkeep
|
|t:|1684345394
|switch|p1a: Palossand|Palossand, L86, F|191/286
|-activate|p1a: Palossand|move: Sticky Web
|-unboost|p1a: Palossand|spe|1
|turn|14
|
|t:|1684345408
|switch|p2a: Espeon|Espeon, L82, F|241/241
|move|p1a: Palossand|Earth Power|p2a: Espeon
|-damage|p2a: Espeon|138/241
|-unboost|p2a: Espeon|spd|1
|
|-heal|p1a: Palossand|208/286|[from] item: Leftovers
|upkeep
|turn|15
|
|t:|1684345415
|move|p2a: Espeon|Shadow Ball|p1a: Palossand
|-supereffective|p1a: Palossand
|-damage|p1a: Palossand|0 fnt
|faint|p1a: Palossand
|-damage|p2a: Espeon|114/241|[from] item: Life Orb
|
|upkeep
|
|t:|1684345425
|switch|p1a: Bewear|Bewear, L82, F|331/331
|-activate|p1a: Bewear|move: Sticky Web
|-unboost|p1a: Bewear|spe|1
|turn|16
|
|t:|1684345432
|move|p2a: Espeon|Dazzling Gleam|p1a: Bewear
|-supereffective|p1a: Bewear
|-damage|p1a: Bewear|92/331
|-damage|p2a: Espeon|90/241|[from] item: Life Orb
|move|p1a: Bewear|Double-Edge|p2a: Espeon
|-damage|p2a: Espeon|0 fnt
|faint|p2a: Espeon
|-damage|p1a: Bewear|62/331|[from] Recoil
|-damage|p1a: Bewear|29/331|[from] item: Life Orb
|
|upkeep
|
|t:|1684345444
|switch|p2a: Mienshao|Mienshao, L82, M|241/241
|turn|17
|
|t:|1684345453
|move|p2a: Mienshao|Stone Edge|p1a: Bewear
|-resisted|p1a: Bewear
|-damage|p1a: Bewear|0 fnt
|faint|p1a: Bewear
|
|upkeep
|
|t:|1684345457
|switch|p1a: Lunala|Lunala, L72|316/316
|-activate|p1a: Lunala|move: Sticky Web
|-unboost|p1a: Lunala|spe|1
|turn|18
|
|t:|1684345461
|move|p2a: Mienshao|Stone Edge|p1a: Lunala|[miss]
|-miss|p2a: Mienshao|p1a: Lunala
|move|p1a: Lunala|Moonblast|p2a: Mienshao
|-supereffective|p2a: Mienshao
|-damage|p2a: Mienshao|79/241
|
|upkeep
|turn|19
|
|t:|1684345467
|move|p2a: Mienshao|Stone Edge|p1a: Lunala|[miss]
|-miss|p2a: Mienshao|p1a: Lunala
|move|p1a: Lunala|Moonblast|p2a: Mienshao
|-supereffective|p2a: Mienshao
|-damage|p2a: Mienshao|0 fnt
|faint|p2a: Mienshao
|
|upkeep
|
|t:|1684345470
|switch|p2a: Barbaracle|Barbaracle, L80, F|246/246
|turn|20
|
|t:|1684345489
|move|p2a: Barbaracle|Shell Smash|p2a: Barbaracle
|-unboost|p2a: Barbaracle|def|1
|-unboost|p2a: Barbaracle|spd|1
|-boost|p2a: Barbaracle|atk|2
|-boost|p2a: Barbaracle|spa|2
|-boost|p2a: Barbaracle|spe|2
|-enditem|p2a: Barbaracle|White Herb
|-clearnegativeboost|p2a: Barbaracle|[silent]
|move|p1a: Lunala|Calm Mind|p1a: Lunala
|-boost|p1a: Lunala|spa|1
|-boost|p1a: Lunala|spd|1
|
|upkeep
|turn|21
|
|t:|1684345505
|-start|p2a: Barbaracle|Dynamax|
|-heal|p2a: Barbaracle|492/492|[silent]
|-start|p1a: Lunala|Dynamax|
|-heal|p1a: Lunala|632/632|[silent]
|move|p2a: Barbaracle|Max Quake|p1a: Lunala
|-damage|p1a: Lunala|520/632
|-boost|p2a: Barbaracle|spd|1
|move|p1a: Lunala|Max Phantasm|p2a: Barbaracle
|-damage|p2a: Barbaracle|344/492
|-unboost|p2a: Barbaracle|def|1
|
|-heal|p1a: Lunala|539/632|[from] item: Leftovers
|upkeep
|turn|22
|
|t:|1684345521
|move|p1a: Lunala|Max Guard|p1a: Lunala
|-singleturn|p1a: Lunala|Max Guard
|move|p2a: Barbaracle|Max Quake|p1a: Lunala
|-activate|p1a: Lunala|move: Max Guard
|
|-heal|p1a: Lunala|558/632|[from] item: Leftovers
|upkeep
|turn|23
|
|t:|1684345528
|move|p2a: Barbaracle|Max Quake|p1a: Lunala
|-damage|p1a: Lunala|350/632
|-boost|p2a: Barbaracle|spd|1
|move|p1a: Lunala|Max Phantasm|p2a: Barbaracle
|-damage|p2a: Barbaracle|247/492
|-unboost|p2a: Barbaracle|def|1
|
|-heal|p1a: Lunala|369/632|[from] item: Leftovers
|upkeep
|-end|p2a: Barbaracle|Dynamax
|-heal|p2a: Barbaracle|124/246|[silent]
|-end|p1a: Lunala|Dynamax
|-heal|p1a: Lunala|185/316|[silent]
|turn|24
|
|t:|1684345537
|move|p2a: Barbaracle|Liquidation|p1a: Lunala
|-damage|p1a: Lunala|0 fnt
|faint|p1a: Lunala
|
|upkeep
|
|t:|1684345541
|switch|p1a: Frosmoth|Frosmoth, L82, F|249/249
|turn|25
|
|t:|1684345544
|move|p2a: Barbaracle|Stone Edge|p1a: Frosmoth|[miss]
|-miss|p2a: Barbaracle|p1a: Frosmoth
|move|p1a: Frosmoth|Giga Drain|p2a: Barbaracle
|-supereffective|p2a: Barbaracle
|-damage|p2a: Barbaracle|0 fnt
|faint|p2a: Barbaracle
|
|win|That1Toast
|raw|That1Toast's rating: 1349 &rarr; <strong>1368</strong><br />(+19 for winning)
|raw|Dino197107's rating: 1330 &rarr; <strong>1311</strong><br />(-19 for losing)
|c|☆Dino197107|ggs
