|j|☆justvented
|j|☆theironpikachu
|inactive|Battle timer is ON: inactive players will automatically lose when time's up.
|t:|1685263094
|gametype|singles
|player|p1|justvented|wattson|
|player|p2|theironpikachu|may-masters|
|teamsize|p1|3
|teamsize|p2|3
|gen|8
|tier|[Gen 8] Random Battle
|rated|Tournament battle
|rule|Species Clause: Limit one of each Pokémon
|rule|HP Percentage Mod: HP is shown in percentages
|rule|Sleep Clause Mod: Limit one foe put to sleep
|clearpoke
|poke|p1|Trevenant, L86, M|
|poke|p1|Solgaleo, L72|
|poke|p1|Sceptile, L86, M|
|poke|p2|Weezing-Galar, L86, F|
|poke|p2|Decidueye, L86, F|
|poke|p2|Kangaskhan, L84, F|
|teampreview|1
|j|*Lady Monita
|inactive|theironpikachu also wants the timer to be on.
|c|☆theironpikachu|glhf
|inactive|justvented has 120 seconds left.
|inactive|theironpikachu has 120 seconds left.
|
|t:|1685263143
|start
|switch|p1a: Solgaleo|Solgaleo, L72|316/316
|switch|p2a: Decidueye|Decidueye, L86, F|274/274
|turn|1
|
|t:|1685263160
|-start|p1a: Solgaleo|Dynamax|
|-heal|p1a: Solgaleo|632/632|[silent]
|-start|p2a: Decidueye|Dynamax|
|-heal|p2a: Decidueye|548/548|[silent]
|move|p1a: Solgaleo|Max Steelspike|p2a: Decidueye
|-damage|p2a: Decidueye|410/548
|-boost|p1a: Solgaleo|def|1
|move|p2a: Decidueye|Max Phantasm|p1a: Solgaleo
|-supereffective|p1a: Solgaleo
|-damage|p1a: Solgaleo|336/632
|-fail|p1a: Solgaleo|unboost|[from] ability: Full Metal Body|[of] p1a: Solgaleo
|-enditem|p1a: Solgaleo|Weakness Policy
|-boost|p1a: Solgaleo|atk|2|[from] item: Weakness Policy
|-boost|p1a: Solgaleo|spa|2|[from] item: Weakness Policy
|-damage|p2a: Decidueye|383/548|[from] item: Life Orb
|
|upkeep
|turn|2
|
|t:|1685263178
|move|p2a: Decidueye|Max Guard|p2a: Decidueye
|-singleturn|p2a: Decidueye|Max Guard
|move|p1a: Solgaleo|Max Steelspike|p2a: Decidueye
|-activate|p2a: Decidueye|move: Max Guard
|
|upkeep
|turn|3
|
|t:|1685263189
|move|p1a: Solgaleo|Max Steelspike|p2a: Decidueye
|-damage|p2a: Decidueye|115/548
|-boost|p1a: Solgaleo|def|1
|move|p2a: Decidueye|Max Phantasm|p1a: Solgaleo
|-supereffective|p1a: Solgaleo
|-damage|p1a: Solgaleo|138/632
|-fail|p1a: Solgaleo|unboost|[from] ability: Full Metal Body|[of] p1a: Solgaleo
|-damage|p2a: Decidueye|88/548|[from] item: Life Orb
|
|upkeep
|-end|p1a: Solgaleo|Dynamax
|-heal|p1a: Solgaleo|69/316|[silent]
|-end|p2a: Decidueye|Dynamax
|-heal|p2a: Decidueye|44/274|[silent]
|turn|4
|
|t:|1685263199
|move|p2a: Decidueye|Shadow Sneak|p1a: Solgaleo
|-supereffective|p1a: Solgaleo
|-damage|p1a: Solgaleo|4/316
|-damage|p2a: Decidueye|17/274|[from] item: Life Orb
|move|p1a: Solgaleo|Sunsteel Strike|p2a: Decidueye
|-damage|p2a: Decidueye|0 fnt
|faint|p2a: Decidueye
|
|win|justvented
|n|☆justvented|justvented
|n|☆theironpikachu|theironpikachu
|n|*Lady Monita|ladymonita
