|j|☆bodi 69
|j|☆Skyrack
|t:|1685365560
|gametype|singles
|player|p1|bodi 69|leon|
|player|p2|Skyrack|ethan|
|teamsize|p1|6
|teamsize|p2|6
|gen|8
|tier|[Gen 8] Random Battle
|rule|Species Clause: Limit one of each Pokémon
|rule|HP Percentage Mod: HP is shown in percentages
|rule|Sleep Clause Mod: Limit one foe put to sleep
|
|t:|1685365560
|start
|switch|p1a: Regirock|Regirock, L85|275/275
|switch|p2a: Barbaracle|Barbaracle, L80, M|246/246
|turn|1
|inactive|Battle timer is ON: inactive players will automatically lose when time's up. (requested by bodi 69)
|inactive|Skyrack also wants the timer to be on.
|j| Wubben
|j| Trefleuh
|j|+Chains of Markov
|j| 35Q71N
|inactive|bodi 69 has 270 seconds left.
|
|t:|1685365594
|switch|p2a: Milotic|Milotic, L82, F|290/290
|move|p1a: Regirock|Curse|p1a: Regirock
|-unboost|p1a: Regirock|spe|1
|-boost|p1a: Regirock|atk|1
|-boost|p1a: Regirock|def|1
|
|upkeep
|turn|2
|j| Lrogue ❀
|
|t:|1685365608
|move|p2a: Milotic|Scald|p1a: Regirock
|-supereffective|p1a: Regirock
|-crit|p1a: Regirock
|-damage|p1a: Regirock|65/275
|move|p1a: Regirock|Rock Slide|p2a: Milotic
|-damage|p2a: Milotic|140/290
|
|-heal|p2a: Milotic|158/290|[from] item: Leftovers
|upkeep
|turn|3
|
|t:|1685365614
|move|p2a: Milotic|Scald|p1a: Regirock
|-supereffective|p1a: Regirock
|-damage|p1a: Regirock|0 fnt
|faint|p1a: Regirock
|
|-heal|p2a: Milotic|176/290|[from] item: Leftovers
|upkeep
|
|t:|1685365618
|switch|p1a: Mr. Mime|Mr. Mime-Galar, L86, M|226/226
|turn|4
|
|t:|1685365640
|switch|p2a: Arctozolt|Arctozolt, L86|295/295
|move|p1a: Mr. Mime|Nasty Plot|p1a: Mr. Mime
|-boost|p1a: Mr. Mime|spa|2
|
|upkeep
|turn|5
|
|t:|1685365652
|move|p1a: Mr. Mime|Focus Blast|p2a: Arctozolt
|-supereffective|p2a: Arctozolt
|-damage|p2a: Arctozolt|75/295
|move|p2a: Arctozolt|Bolt Beak|p1a: Mr. Mime
|-damage|p1a: Mr. Mime|141/226
|
|upkeep
|turn|6
|
|t:|1685365661
|move|p1a: Mr. Mime|Psychic|p2a: Arctozolt
|-damage|p2a: Arctozolt|0 fnt
|faint|p2a: Arctozolt
|
|upkeep
|c|☆bodi 69|wow focus blast hit
|
|t:|1685365676
|switch|p2a: Ninjask|Ninjask, L86, M|245/245
|turn|7
|
|t:|1685365686
|-start|p1a: Mr. Mime|Dynamax|
|-heal|p1a: Mr. Mime|282/452|[silent]
|move|p2a: Ninjask|Leech Life|p1a: Mr. Mime
|-supereffective|p1a: Mr. Mime
|-damage|p1a: Mr. Mime|150/452
|move|p1a: Mr. Mime|Max Hailstorm|p2a: Ninjask
|-supereffective|p2a: Ninjask
|-damage|p2a: Ninjask|0 fnt
|-weather|Hail
|faint|p2a: Ninjask
|
|-weather|Hail|[upkeep]
|upkeep
|
|t:|1685365708
|switch|p2a: Barbaracle|Barbaracle, L80, M|246/246
|turn|8
|
|t:|1685365721
|-start|p2a: Barbaracle|Dynamax|
|-heal|p2a: Barbaracle|492/492|[silent]
|move|p1a: Mr. Mime|Max Mindstorm|p2a: Barbaracle
|-damage|p2a: Barbaracle|224/492
|-fieldstart|move: Psychic Terrain
|move|p2a: Barbaracle|Max Rockfall|p1a: Mr. Mime
|-supereffective|p1a: Mr. Mime
|-damage|p1a: Mr. Mime|0 fnt
|-weather|Sandstorm
|faint|p1a: Mr. Mime
|
|-weather|Sandstorm|[upkeep]
|upkeep
|j| GominaAlatrae
|inactive|bodi 69 has 270 seconds left.
|
|t:|1685365750
|switch|p1a: Rotom|Rotom-Fan, L84|221/221
|turn|9
|
|t:|1685365766
|move|p1a: Rotom|Volt Switch|p2a: Barbaracle
|-supereffective|p2a: Barbaracle
|-damage|p2a: Barbaracle|104/492
|
|t:|1685365779
|switch|p1a: Giratina|Giratina, L74|344/344|[from] Volt Switch
|-ability|p1a: Giratina|Pressure
|move|p2a: Barbaracle|Max Rockfall|p1a: Giratina
|-damage|p1a: Giratina|233/344
|
|-weather|Sandstorm|[upkeep]
|-damage|p1a: Giratina|212/344|[from] Sandstorm
|-heal|p1a: Giratina|233/344|[from] item: Leftovers
|upkeep
|turn|10
|inactive|bodi 69 has 270 seconds left.
|l| GominaAlatrae
|j| RealMiwa
|
|t:|1685365808
|-end|p2a: Barbaracle|Dynamax
|-heal|p2a: Barbaracle|52/246|[silent]
|switch|p2a: Porygon2|Porygon2, L82|274/274
|-ability|p2a: Porygon2|Download|boost
|-boost|p2a: Porygon2|spa|1
|move|p1a: Giratina|Toxic|p2a: Porygon2
|-status|p2a: Porygon2|tox
|
|-weather|Sandstorm|[upkeep]
|-damage|p1a: Giratina|212/344|[from] Sandstorm
|-damage|p2a: Porygon2|257/274 tox|[from] Sandstorm
|-heal|p1a: Giratina|233/344|[from] item: Leftovers
|-damage|p2a: Porygon2|240/274 tox|[from] psn
|upkeep
|turn|11
|c|☆bodi 69|yeah
|
|t:|1685365828
|move|p1a: Giratina|Hex|p2a: Porygon2
|-immune|p2a: Porygon2
|move|p2a: Porygon2|Ice Beam|p1a: Giratina
|-supereffective|p1a: Giratina
|-damage|p1a: Giratina|51/344
|
|-weather|Sandstorm|[upkeep]
|-damage|p1a: Giratina|30/344|[from] Sandstorm
|-damage|p2a: Porygon2|223/274 tox|[from] Sandstorm
|-heal|p1a: Giratina|51/344|[from] item: Leftovers
|-damage|p2a: Porygon2|189/274 tox|[from] psn
|upkeep
|turn|12
|
|t:|1685365834
|switch|p1a: Bisharp|Bisharp, L80, M|235/235
|move|p2a: Porygon2|Ice Beam|p1a: Bisharp
|-resisted|p1a: Bisharp
|-damage|p1a: Bisharp|181/235
|
|-weather|none
|-damage|p2a: Porygon2|138/274 tox|[from] psn
|-fieldend|move: Psychic Terrain
|upkeep
|turn|13
|
|t:|1685365838
|move|p1a: Bisharp|Knock Off|p2a: Porygon2
|-damage|p2a: Porygon2|43/274 tox
|-enditem|p2a: Porygon2|Eviolite|[from] move: Knock Off|[of] p1a: Bisharp
|-damage|p1a: Bisharp|158/235|[from] item: Life Orb
|move|p2a: Porygon2|Discharge|p1a: Bisharp
|-damage|p1a: Bisharp|49/235
|
|-damage|p2a: Porygon2|0 fnt|[from] psn
|faint|p2a: Porygon2
|upkeep
|
|t:|1685365848
|switch|p2a: Milotic|Milotic, L82, F|176/290
|turn|14
|
|t:|1685365854
|switch|p1a: Giratina|Giratina, L74|51/344
|-ability|p1a: Giratina|Pressure
|move|p2a: Milotic|Scald|p1a: Giratina
|-resisted|p1a: Giratina
|-damage|p1a: Giratina|15/344
|
|-heal|p2a: Milotic|194/290|[from] item: Leftovers
|-heal|p1a: Giratina|36/344|[from] item: Leftovers
|upkeep
|turn|15
|
|t:|1685365856
|move|p2a: Milotic|Ice Beam|p1a: Giratina
|-supereffective|p1a: Giratina
|-damage|p1a: Giratina|0 fnt
|faint|p1a: Giratina
|
|-heal|p2a: Milotic|212/290|[from] item: Leftovers
|upkeep
|
|t:|1685365861
|switch|p1a: Rotom|Rotom-Fan, L84|221/221
|turn|16
|
|t:|1685365865
|switch|p2a: Garchomp|Garchomp, L74, M|282/282
|move|p1a: Rotom|Volt Switch|p2a: Garchomp
|-immune|p2a: Garchomp
|
|upkeep
|turn|17
|j|+Magmar54❤♡
|
|t:|1685365874
|move|p2a: Garchomp|Swords Dance|p2a: Garchomp
|-boost|p2a: Garchomp|atk|2
|move|p1a: Rotom|Will-O-Wisp|p2a: Garchomp
|-status|p2a: Garchomp|brn
|-enditem|p2a: Garchomp|Lum Berry|[eat]
|-curestatus|p2a: Garchomp|brn|[msg]
|
|upkeep
|turn|18
|l| RealMiwa
|
|t:|1685365897
|switch|p1a: Bisharp|Bisharp, L80, M|49/235
|move|p2a: Garchomp|Stone Edge|p1a: Bisharp|[miss]
|-miss|p2a: Garchomp|p1a: Bisharp
|
|upkeep
|turn|19
|
|t:|1685365902
|move|p1a: Bisharp|Sucker Punch|p2a: Garchomp
|-damage|p2a: Garchomp|164/282
|-damage|p1a: Bisharp|20/235|[from] ability: Rough Skin|[of] p2a: Garchomp
|-damage|p1a: Bisharp|0 fnt|[from] item: Life Orb
|faint|p1a: Bisharp
|move|p2a: Garchomp|Earthquake|p1: Bisharp|[notarget]
|-fail|p2a: Garchomp
|
|upkeep
|
|t:|1685365906
|switch|p1a: Liepard|Liepard, L86, M|250/250
|turn|20
|
|t:|1685365914
|move|p1a: Liepard|Play Rough|p2a: Garchomp
|-supereffective|p2a: Garchomp
|-damage|p2a: Garchomp|22/282
|-damage|p1a: Liepard|219/250|[from] ability: Rough Skin|[of] p2a: Garchomp
|move|p2a: Garchomp|Earthquake|p1a: Liepard
|-damage|p1a: Liepard|0 fnt
|faint|p1a: Liepard
|
|upkeep
|
|t:|1685365918
|switch|p1a: Rotom|Rotom-Fan, L84|221/221
|turn|21
|
|t:|1685365923
|move|p2a: Garchomp|Outrage|p1a: Rotom
|-damage|p1a: Rotom|5/221
|move|p1a: Rotom|Air Slash|p2a: Garchomp
|-damage|p2a: Garchomp|0 fnt
|faint|p2a: Garchomp
|
|upkeep
|
|t:|1685365929
|switch|p2a: Milotic|Milotic, L82, F|212/290
|turn|22
|
|t:|1685365932
|move|p1a: Rotom|Thunderbolt|p2a: Milotic
|-supereffective|p2a: Milotic
|-damage|p2a: Milotic|38/290
|-status|p2a: Milotic|par
|cant|p2a: Milotic|par
|
|-heal|p2a: Milotic|56/290 par|[from] item: Leftovers
|upkeep
|turn|23
|c|☆Skyrack|gg
|c|☆bodi 69|no way
|c| Trefleuh|that's hilarious :c
|c| 35Q71N|Oh wow
|c|☆bodi 69|no way
|c| Wubben|dude
|c|+Magmar54❤♡|Lucky para
|c|☆bodi 69|that unique like he said
|j| JJ09LIE
|c|☆bodi 69|omfg
|inactive|Skyrack has 270 seconds left.
|c| Wubben|I legit said oh my god out loud
|c| 35Q71N|Did you have Encore on Liepard?
|c|☆bodi 69|no
|c| 35Q71N|Ah, unfortunate
|c|☆Skyrack|okay
|l| Lrogue ❀
|c|☆Skyrack|give me a recover
|c|☆Skyrack|be nice
|inactive|Skyrack has 240 seconds left.
|c|☆bodi 69|he nah bro
|c|☆bodi 69|hell*
|c|☆bodi 69|ty tref
|c| 35Q71N|Maybe he'll disconnect '-'
|inactive|Skyrack has 210 seconds left.
|c|☆bodi 69|i have my buckups
|c|☆Skyrack|nah
|c| Trefleuh|hehe, looks like i'm a lucky charm smh
|c| 35Q71N|G3 was entertaining
|c| Wubben|I mean its very unfortunate but you cant blame Body for it though
|c|☆bodi 69|fr
|c| Trefleuh|until barb is scarfed
|c| 35Q71N|G1 and 2 were pretty onesided
|c|☆Skyrack|I'm just processing
|j| AmoghOp(
|inactive|Skyrack has 180 seconds left.
|l|+Chains of Markov
|
|t:|1685366059
|move|p1a: Rotom|Thunderbolt|p2a: Milotic
|-supereffective|p2a: Milotic
|-damage|p2a: Milotic|0 fnt
|faint|p2a: Milotic
|
|upkeep
|
|t:|1685366060
|switch|p2a: Barbaracle|Barbaracle, L80, M|52/246
|turn|24
|c|☆Skyrack|wdym G1 was onesided?
|
|t:|1685366071
|move|p1a: Rotom|Thunderbolt|p2a: Barbaracle
|-supereffective|p2a: Barbaracle
|-damage|p2a: Barbaracle|0 fnt
|faint|p2a: Barbaracle
|
|win|bodi 69
|c|☆bodi 69|no aqua jet baby
|c| 35Q71N|Hax and bad mu
|c| 35Q71N|It doesn't get AJ...
|c|☆Skyrack|I had no switch-in for his first pokemon lol
|c|☆bodi 69|no way i won that
|c|☆Skyrack|we were both unlucky in G1
|c|☆bodi 69|nah i was the unlucky one
|c|☆Skyrack|and we both played well
