|j|☆Mathy
|j|☆Faultson‽
|t:|1685303571
|gametype|singles
|player|p1|Mathy|#psstaffm|
|player|p2|Faultson‽|#ptpl3medicham|
|teamsize|p1|6
|teamsize|p2|6
|gen|8
|tier|[Gen 8] Random Battle
|rule|Species Clause: Limit one of each Pokémon
|rule|HP Percentage Mod: HP is shown in percentages
|rule|Sleep Clause Mod: Limit one foe put to sleep
|
|t:|1685303571
|start
|switch|p1a: Skuntank|Skuntank, L85, F|314/314
|switch|p2a: Mantine|Mantine, L86, M|286/286
|turn|1
|c|☆Faultson‽|hf
|c|☆Mathy|hr
|c|☆Mathy|hf
|
|t:|1685303598
|switch|p2a: Shuckle|Shuckle, L87, F|177/177
|move|p1a: Skuntank|Toxic|p2a: Shuckle
|-status|p2a: Shuckle|tox
|
|-damage|p2a: Shuckle|166/177 tox|[from] psn
|upkeep
|turn|2
|
|t:|1685303636
|switch|p1a: Rillaboom|Rillaboom, L78, F|284/284
|-fieldstart|move: Grassy Terrain|[from] ability: Grassy Surge|[of] p1a: Rillaboom
|move|p2a: Shuckle|Sticky Web|p1a: Rillaboom
|-sidestart|p1: Mathy|move: Sticky Web
|
|-heal|p2a: Shuckle|177/177 tox|[from] Grassy Terrain
|-damage|p2a: Shuckle|155/177 tox|[from] psn
|upkeep
|turn|3
|
|t:|1685303649
|move|p1a: Rillaboom|Swords Dance|p1a: Rillaboom
|-boost|p1a: Rillaboom|atk|2
|move|p2a: Shuckle|Toxic|p1a: Rillaboom
|-status|p1a: Rillaboom|tox
|
|-heal|p2a: Shuckle|166/177 tox|[from] Grassy Terrain
|-damage|p1a: Rillaboom|267/284 tox|[from] psn
|-damage|p2a: Shuckle|133/177 tox|[from] psn
|upkeep
|turn|4
|
|t:|1685303678
|move|p1a: Rillaboom|Swords Dance|p1a: Rillaboom
|-boost|p1a: Rillaboom|atk|2
|move|p2a: Shuckle|Stealth Rock|p1a: Rillaboom
|-sidestart|p1: Mathy|move: Stealth Rock
|
|-heal|p1a: Rillaboom|284/284 tox|[from] Grassy Terrain
|-heal|p2a: Shuckle|144/177 tox|[from] Grassy Terrain
|-damage|p1a: Rillaboom|250/284 tox|[from] psn
|-damage|p2a: Shuckle|100/177 tox|[from] psn
|upkeep
|turn|5
|
|t:|1685303704
|move|p1a: Rillaboom|Grassy Glide|p2a: Shuckle
|-damage|p2a: Shuckle|0 fnt
|faint|p2a: Shuckle
|-damage|p1a: Rillaboom|222/284 tox|[from] item: Life Orb
|
|-heal|p1a: Rillaboom|239/284 tox|[from] Grassy Terrain
|-damage|p1a: Rillaboom|188/284 tox|[from] psn
|upkeep
|
|t:|1685303717
|switch|p2a: Mantine|Mantine, L86, M|286/286
|turn|6
|
|t:|1685303742
|move|p1a: Rillaboom|Grassy Glide|p2a: Mantine
|-damage|p2a: Mantine|0 fnt
|faint|p2a: Mantine
|-damage|p1a: Rillaboom|160/284 tox|[from] item: Life Orb
|
|-heal|p1a: Rillaboom|177/284 tox|[from] Grassy Terrain
|-damage|p1a: Rillaboom|109/284 tox|[from] psn
|-fieldend|move: Grassy Terrain
|upkeep
|
|t:|1685303752
|switch|p2a: Nihilego|Nihilego, L79|302/302
|turn|7
|
|t:|1685303804
|switch|p1a: Klefki|Klefki, L82, M|228/228
|-activate|p1a: Klefki|move: Sticky Web
|-unboost|p1a: Klefki|spe|1
|-damage|p1a: Klefki|214/228|[from] Stealth Rock
|move|p2a: Nihilego|Power Gem|p1a: Klefki
|-resisted|p1a: Klefki
|-damage|p1a: Klefki|147/228
|
|-heal|p1a: Klefki|161/228|[from] item: Leftovers
|upkeep
|turn|8
|
|t:|1685303813
|switch|p2a: Lucario|Lucario, L82, M|249/249
|move|p1a: Klefki|Thunder Wave|p2a: Lucario
|-status|p2a: Lucario|par
|
|-heal|p1a: Klefki|175/228|[from] item: Leftovers
|upkeep
|turn|9
|c|☆Faultson‽|test
|
|t:|1685303857
|move|p1a: Klefki|Play Rough|p2a: Lucario
|-damage|p2a: Lucario|161/249 par
|move|p2a: Lucario|Swords Dance|p2a: Lucario
|-boost|p2a: Lucario|atk|2
|
|-heal|p1a: Klefki|189/228|[from] item: Leftovers
|upkeep
|turn|10
|
|t:|1685303894
|move|p1a: Klefki|Play Rough|p2a: Lucario
|-damage|p2a: Lucario|74/249 par
|move|p2a: Lucario|Meteor Mash|p1a: Klefki
|-damage|p1a: Klefki|0 fnt
|faint|p1a: Klefki
|-damage|p2a: Lucario|50/249 par|[from] item: Life Orb
|
|upkeep
|
|t:|1685303911
|switch|p1a: Rillaboom|Rillaboom, L78, F|109/284 tox
|-activate|p1a: Rillaboom|move: Sticky Web
|-unboost|p1a: Rillaboom|spe|1
|-damage|p1a: Rillaboom|74/284 tox|[from] Stealth Rock
|-fieldstart|move: Grassy Terrain|[from] ability: Grassy Surge|[of] p1a: Rillaboom
|turn|11
|
|t:|1685303923
|move|p2a: Lucario|Extreme Speed|p1a: Rillaboom
|-damage|p1a: Rillaboom|0 fnt
|faint|p1a: Rillaboom
|-damage|p2a: Lucario|26/249 par|[from] item: Life Orb
|
|-heal|p2a: Lucario|41/249 par|[from] Grassy Terrain
|upkeep
|
|t:|1685304017
|switch|p1a: Kingler|Kingler, L84, M|230/230
|-activate|p1a: Kingler|move: Sticky Web
|-unboost|p1a: Kingler|spe|1
|-damage|p1a: Kingler|202/230|[from] Stealth Rock
|turn|12
|
|t:|1685304027
|move|p2a: Lucario|Extreme Speed|p1a: Kingler
|-damage|p1a: Kingler|73/230
|-damage|p2a: Lucario|17/249 par|[from] item: Life Orb
|move|p1a: Kingler|Liquidation|p2a: Lucario
|-damage|p2a: Lucario|0 fnt
|faint|p2a: Lucario
|
|-heal|p1a: Kingler|87/230|[from] Grassy Terrain
|upkeep
|
|t:|1685304031
|switch|p2a: Nihilego|Nihilego, L79|302/302
|turn|13
|
|t:|1685304045
|move|p2a: Nihilego|Power Gem|p1a: Kingler
|-damage|p1a: Kingler|0 fnt
|faint|p1a: Kingler
|-ability|p2a: Nihilego|Beast Boost|boost
|-boost|p2a: Nihilego|spa|1
|
|upkeep
|
|t:|1685304056
|switch|p1a: Stunfisk|Stunfisk-Galar, L84, M|320/320
|-activate|p1a: Stunfisk|move: Sticky Web
|-unboost|p1a: Stunfisk|spe|1
|-damage|p1a: Stunfisk|310/320|[from] Stealth Rock
|-start|p1a: Stunfisk|typechange|Grass|[from] ability: Mimicry
|turn|14
|
|t:|1685304067
|-start|p1a: Stunfisk|Dynamax|
|-heal|p1a: Stunfisk|620/640|[silent]
|move|p2a: Nihilego|Power Gem|p1a: Stunfisk
|-damage|p1a: Stunfisk|418/640
|move|p1a: Stunfisk|Max Quake|p2a: Nihilego
|-supereffective|p2a: Nihilego
|-damage|p2a: Nihilego|0 fnt
|-boost|p1a: Stunfisk|spd|1
|faint|p2a: Nihilego
|
|-heal|p1a: Stunfisk|438/640|[from] Grassy Terrain
|-heal|p1a: Stunfisk|458/640|[from] item: Leftovers
|upkeep
|
|t:|1685304070
|switch|p2a: Crawdaunt|Crawdaunt, L84, F|243/243
|turn|15
|c|☆Faultson‽|oh shit
|c|☆Faultson‽|grass type
|
|t:|1685304098
|move|p2a: Crawdaunt|Knock Off|p1a: Stunfisk
|-damage|p1a: Stunfisk|260/640
|-enditem|p1a: Stunfisk|Leftovers|[from] move: Knock Off|[of] p2a: Crawdaunt
|-damage|p2a: Crawdaunt|219/243|[from] item: Life Orb
|move|p1a: Stunfisk|Max Quake|p2a: Crawdaunt
|-crit|p2a: Crawdaunt
|-damage|p2a: Crawdaunt|86/243
|-boost|p1a: Stunfisk|spd|1
|
|-heal|p2a: Crawdaunt|101/243|[from] Grassy Terrain
|-heal|p1a: Stunfisk|280/640|[from] Grassy Terrain
|-fieldend|move: Grassy Terrain
|-activate|p1a: Stunfisk|ability: Mimicry
|-end|p1a: Stunfisk|typechange|[silent]
|upkeep
|turn|16
|
|t:|1685304105
|move|p2a: Crawdaunt|Crabhammer|p1a: Stunfisk
|-supereffective|p1a: Stunfisk
|-damage|p1a: Stunfisk|0 fnt
|faint|p1a: Stunfisk
|-damage|p2a: Crawdaunt|77/243|[from] item: Life Orb
|
|upkeep
|
|t:|1685304140
|switch|p1a: Moltres|Moltres-Galar, L75|259/259
|-damage|p1a: Moltres|195/259|[from] Stealth Rock
|turn|17
|
|t:|1685304169
|move|p2a: Crawdaunt|Aqua Jet|p1a: Moltres
|-damage|p1a: Moltres|96/259
|-ability|p1a: Moltres|Berserk|boost
|-boost|p1a: Moltres|spa|1
|-damage|p2a: Crawdaunt|53/243|[from] item: Life Orb
|move|p1a: Moltres|Hurricane|p2a: Crawdaunt
|-damage|p2a: Crawdaunt|0 fnt
|faint|p2a: Crawdaunt
|
|upkeep
|
|t:|1685304172
|switch|p2a: Tornadus|Tornadus, L80, M|258/258
|turn|18
|
|t:|1685304177
|-start|p2a: Tornadus|Dynamax|
|-heal|p2a: Tornadus|516/516|[silent]
|move|p2a: Tornadus|Max Airstream|p1a: Moltres
|-damage|p1a: Moltres|0 fnt
|-boost|p2a: Tornadus|spe|1
|faint|p1a: Moltres
|
|upkeep
|
|t:|1685304182
|switch|p1a: Skuntank|Skuntank, L85, F|314/314
|-activate|p1a: Skuntank|move: Sticky Web
|-unboost|p1a: Skuntank|spe|1
|-damage|p1a: Skuntank|275/314|[from] Stealth Rock
|turn|19
|
|t:|1685304214
|move|p2a: Tornadus|Max Airstream|p1a: Skuntank
|-damage|p1a: Skuntank|58/314
|-boost|p2a: Tornadus|spe|1
|move|p1a: Skuntank|Toxic|p2a: Tornadus
|-status|p2a: Tornadus|tox
|
|-damage|p2a: Tornadus|500/516 tox|[from] psn
|upkeep
|turn|20
|
|t:|1685304218
|move|p1a: Skuntank|Sucker Punch|p2a: Tornadus
|-damage|p2a: Tornadus|382/516 tox
|-damage|p1a: Skuntank|27/314|[from] item: Life Orb
|move|p2a: Tornadus|Max Airstream|p1a: Skuntank
|-damage|p1a: Skuntank|0 fnt
|-boost|p2a: Tornadus|spe|1
|faint|p1a: Skuntank
|
|win|Faultson‽
|c|☆Mathy|gg1
|c|☆Faultson‽|gg
