|j|☆Infamous20111
|j|☆SuiminFR
|t:|1685294385
|gametype|singles
|player|p1|Infamous20111|dancer|1540
|player|p2|SuiminFR|marnie-masters3|1410
|teamsize|p1|6
|teamsize|p2|6
|gen|8
|tier|[Gen 8] Random Battle
|rated|
|rule|Species Clause: Limit one of each Pokémon
|rule|HP Percentage Mod: HP is shown in percentages
|rule|Sleep Clause Mod: Limit one foe put to sleep
|
|t:|1685294385
|start
|switch|p1a: Toxicroak|Toxicroak, L84, M|277/277
|switch|p2a: Shiftry|Shiftry, L86, F|295/295
|turn|1
|
|t:|1685294420
|move|p1a: Toxicroak|Substitute|p1a: Toxicroak
|-start|p1a: Toxicroak|Substitute
|-damage|p1a: Toxicroak|208/277
|move|p2a: Shiftry|Heat Wave|p1a: Toxicroak
|-end|p1a: Toxicroak|Substitute
|
|-heal|p1a: Toxicroak|225/277|[from] item: Black Sludge
|upkeep
|turn|2
|
|t:|1685294426
|move|p1a: Toxicroak|Gunk Shot|p2a: Shiftry
|-supereffective|p2a: Shiftry
|-enditem|p2a: Shiftry|Focus Sash
|-damage|p2a: Shiftry|1/295
|move|p2a: Shiftry|Heat Wave|p1a: Toxicroak
|-damage|p1a: Toxicroak|124/277
|
|-heal|p1a: Toxicroak|141/277|[from] item: Black Sludge
|upkeep
|turn|3
|
|t:|1685294440
|move|p1a: Toxicroak|Drain Punch|p2a: Shiftry
|-supereffective|p2a: Shiftry
|-damage|p2a: Shiftry|0 fnt
|-heal|p1a: Toxicroak|142/277|[from] drain|[of] p2a: Shiftry
|faint|p2a: Shiftry
|
|-heal|p1a: Toxicroak|159/277|[from] item: Black Sludge
|upkeep
|
|t:|1685294445
|switch|p2a: Dracozolt|Dracozolt, L78|268/268
|turn|4
|
|t:|1685294457
|move|p2a: Dracozolt|Earthquake|p1a: Toxicroak
|-supereffective|p1a: Toxicroak
|-damage|p1a: Toxicroak|0 fnt
|faint|p1a: Toxicroak
|
|upkeep
|
|t:|1685294476
|switch|p1a: Zarude|Zarude-Dada, L78|292/292
|turn|5
|
|t:|1685294480
|switch|p2a: Shuckle|Shuckle, L87, M|177/177
|move|p1a: Zarude|Bulk Up|p1a: Zarude
|-boost|p1a: Zarude|atk|1
|-boost|p1a: Zarude|def|1
|
|upkeep
|turn|6
|
|t:|1685294489
|move|p1a: Zarude|Bulk Up|p1a: Zarude
|-boost|p1a: Zarude|atk|1
|-boost|p1a: Zarude|def|1
|move|p2a: Shuckle|Toxic|p1a: Zarude
|-status|p1a: Zarude|tox
|
|-damage|p1a: Zarude|274/292 tox|[from] psn
|upkeep
|turn|7
|
|t:|1685294494
|move|p1a: Zarude|Bulk Up|p1a: Zarude
|-boost|p1a: Zarude|atk|1
|-boost|p1a: Zarude|def|1
|move|p2a: Shuckle|Encore|p1a: Zarude
|-start|p1a: Zarude|Encore
|
|-heal|p1a: Zarude|292/292 tox|[from] item: Leftovers
|-damage|p1a: Zarude|256/292 tox|[from] psn
|upkeep
|turn|8
|
|t:|1685294503
|move|p1a: Zarude|Bulk Up|p1a: Zarude
|-boost|p1a: Zarude|atk|1
|-boost|p1a: Zarude|def|1
|move|p2a: Shuckle|Sticky Web|p1a: Zarude
|-sidestart|p1: Infamous20111|move: Sticky Web
|
|-heal|p1a: Zarude|274/292 tox|[from] item: Leftovers
|-damage|p1a: Zarude|220/292 tox|[from] psn
|upkeep
|turn|9
|
|t:|1685294517
|move|p1a: Zarude|Bulk Up|p1a: Zarude
|-boost|p1a: Zarude|atk|1
|-boost|p1a: Zarude|def|1
|move|p2a: Shuckle|Stealth Rock|p1a: Zarude
|-sidestart|p1: Infamous20111|move: Stealth Rock
|
|-heal|p1a: Zarude|238/292 tox|[from] item: Leftovers
|-damage|p1a: Zarude|166/292 tox|[from] psn
|upkeep
|turn|10
|
|t:|1685294528
|switch|p2a: Dracozolt|Dracozolt, L78|268/268
|move|p1a: Zarude|Bulk Up|p1a: Zarude
|-boost|p1a: Zarude|atk|1
|-boost|p1a: Zarude|def|1
|
|-heal|p1a: Zarude|184/292 tox|[from] item: Leftovers
|-damage|p1a: Zarude|94/292 tox|[from] psn
|-end|p1a: Zarude|Encore
|upkeep
|turn|11
|
|t:|1685294537
|move|p2a: Dracozolt|Aerial Ace|p1a: Zarude
|-supereffective|p1a: Zarude
|-damage|p1a: Zarude|64/292 tox
|move|p1a: Zarude|Jungle Healing|p1a: Zarude
|-heal|p1a: Zarude|137/292 tox
|-curestatus|p1a: Zarude|tox|[msg]
|
|-heal|p1a: Zarude|155/292|[from] item: Leftovers
|upkeep
|turn|12
|
|t:|1685294544
|switch|p2a: Urshifu|Urshifu-Rapid-Strike, L78, M|284/284
|move|p1a: Zarude|Jungle Healing|p1a: Zarude
|-heal|p1a: Zarude|228/292
|
|-heal|p1a: Zarude|246/292|[from] item: Leftovers
|upkeep
|turn|13
|
|t:|1685294550
|-start|p1a: Zarude|Dynamax|
|-heal|p1a: Zarude|492/584|[silent]
|move|p1a: Zarude|Max Overgrowth|p2a: Urshifu
|-supereffective|p2a: Urshifu
|-damage|p2a: Urshifu|0 fnt
|-fieldstart|move: Grassy Terrain
|faint|p2a: Urshifu
|
|-heal|p1a: Zarude|510/584|[from] Grassy Terrain
|-heal|p1a: Zarude|528/584|[from] item: Leftovers
|upkeep
|-message|SuiminFR forfeited.
|
|win|Infamous20111
|raw|Infamous20111's rating: 1540 &rarr; <strong>1553</strong><br />(+13 for winning)
|raw|SuiminFR's rating: 1410 &rarr; <strong>1397</strong><br />(-13 for losing)
|l|☆SuiminFR
|l|☆Infamous20111
|j|☆Infamous20111
|player|p1|Infamous20111|dancer
