|j|‽norespectwtsvr
|j|☆xXxdarktrainerxXx
|t:|1685362400
|gametype|singles
|player|p1|norespectwtsvr|170|1566
|player|p2|xXxdarktrainerxXx|red|1502
|teamsize|p1|6
|teamsize|p2|6
|gen|8
|tier|[Gen 8] Random Battle
|rated|
|rule|Species Clause: Limit one of each Pokémon
|rule|HP Percentage Mod: HP is shown in percentages
|rule|Sleep Clause Mod: Limit one foe put to sleep
|
|t:|1685362400
|start
|switch|p1a: Palossand|Palossand, L86, F|286/286
|switch|p2a: Terrakion|Terrakion, L78|270/270
|turn|1
|inactive|Battle timer is ON: inactive players will automatically lose when time's up. (requested by norespectwtsvr)
|
|t:|1685362424
|switch|p2a: Seismitoad|Seismitoad, L84, M|314/314
|move|p1a: Palossand|Toxic|p2a: Seismitoad
|-status|p2a: Seismitoad|tox
|
|-damage|p2a: Seismitoad|295/314 tox|[from] psn
|upkeep
|turn|2
|
|t:|1685362431
|switch|p1a: Leafeon|Leafeon, L86, M|252/252
|move|p2a: Seismitoad|Rain Dance|p2a: Seismitoad
|-weather|RainDance
|
|-weather|RainDance|[upkeep]
|-damage|p2a: Seismitoad|257/314 tox|[from] psn
|upkeep
|turn|3
|
|t:|1685362433
|move|p2a: Seismitoad|Sludge Bomb|p1a: Leafeon
|-supereffective|p1a: Leafeon
|-damage|p1a: Leafeon|54/252
|-status|p1a: Leafeon|psn
|-damage|p2a: Seismitoad|226/314 tox|[from] item: Life Orb
|move|p1a: Leafeon|Leaf Blade|p2a: Seismitoad
|-supereffective|p2a: Seismitoad
|-damage|p2a: Seismitoad|0 fnt
|faint|p2a: Seismitoad
|-damage|p1a: Leafeon|29/252 psn|[from] item: Life Orb
|
|-weather|RainDance|[upkeep]
|-damage|p1a: Leafeon|0 fnt|[from] psn
|faint|p1a: Leafeon
|upkeep
|c|☆xXxdarktrainerxXx|your going down...
|
|t:|1685362449
|switch|p1a: Palossand|Palossand, L86, F|286/286
|switch|p2a: Corsola|Corsola, L93, F|272/272
|turn|4
|
|t:|1685362454
|move|p2a: Corsola|Scald|p1a: Palossand
|-supereffective|p1a: Palossand
|-damage|p1a: Palossand|40/286
|-status|p1a: Palossand|brn
|-ability|p1a: Palossand|Water Compaction|boost
|-boost|p1a: Palossand|def|2
|move|p1a: Palossand|Toxic|p2a: Corsola
|-status|p2a: Corsola|tox
|
|-weather|RainDance|[upkeep]
|-heal|p1a: Palossand|57/286 brn|[from] item: Leftovers
|-damage|p2a: Corsola|255/272 tox|[from] psn
|-damage|p1a: Palossand|40/286 brn|[from] brn
|upkeep
|turn|5
|
|t:|1685362459
|move|p2a: Corsola|Scald|p1a: Palossand
|-supereffective|p1a: Palossand
|-damage|p1a: Palossand|0 fnt
|faint|p1a: Palossand
|
|-weather|RainDance|[upkeep]
|-damage|p2a: Corsola|221/272 tox|[from] psn
|upkeep
|c|☆xXxdarktrainerxXx|heh heh heh...
|
|t:|1685362467
|switch|p1a: Octillery|Octillery, L86, M|269/269
|turn|6
|
|t:|1685362479
|switch|p2a: Kangaskhan|Kangaskhan, L84, F|314/314
|move|p1a: Octillery|Hydro Pump|p2a: Kangaskhan
|-damage|p2a: Kangaskhan|179/314
|
|-weather|none
|-ability|p1a: Octillery|Moody|boost
|-boost|p1a: Octillery|atk|2
|-unboost|p1a: Octillery|def|1
|upkeep
|turn|7
|
|t:|1685362486
|move|p1a: Octillery|Protect|p1a: Octillery
|-singleturn|p1a: Octillery|Protect
|move|p2a: Kangaskhan|Fake Out|p1a: Octillery
|-activate|p1a: Octillery|move: Protect
|
|-ability|p1a: Octillery|Moody|boost
|-boost|p1a: Octillery|spd|2
|-unboost|p1a: Octillery|def|1
|upkeep
|turn|8
|
|t:|1685362495
|switch|p1a: Whiscash|Whiscash, L86, F|329/329
|move|p2a: Kangaskhan|Double-Edge|p1a: Whiscash
|-crit|p1a: Whiscash
|-damage|p1a: Whiscash|118/329
|-damage|p2a: Kangaskhan|109/314|[from] Recoil
|
|upkeep
|turn|9
|
|t:|1685362505
|move|p2a: Kangaskhan|Double-Edge|p1a: Whiscash
|-damage|p1a: Whiscash|0 fnt
|faint|p1a: Whiscash
|-damage|p2a: Kangaskhan|70/314|[from] Recoil
|
|upkeep
|c|☆xXxdarktrainerxXx|fall! fall to my power!
|
|t:|1685362526
|switch|p1a: Octillery|Octillery, L86, M|269/269
|turn|10
|
|t:|1685362528
|move|p1a: Octillery|Protect|p1a: Octillery
|-singleturn|p1a: Octillery|Protect
|move|p2a: Kangaskhan|Double-Edge|p1a: Octillery
|-activate|p1a: Octillery|move: Protect
|
|-ability|p1a: Octillery|Moody|boost
|-boost|p1a: Octillery|spe|2
|-unboost|p1a: Octillery|atk|1
|upkeep
|turn|11
|
|t:|1685362535
|move|p1a: Octillery|Ice Beam|p2a: Kangaskhan
|-damage|p2a: Kangaskhan|21/314
|move|p2a: Kangaskhan|Double-Edge|p1a: Octillery
|-damage|p1a: Octillery|124/269
|-damage|p2a: Kangaskhan|0 fnt|[from] Recoil
|faint|p2a: Kangaskhan
|
|-heal|p1a: Octillery|140/269|[from] item: Leftovers
|-ability|p1a: Octillery|Moody|boost
|-boost|p1a: Octillery|atk|2
|-unboost|p1a: Octillery|spa|1
|upkeep
|
|t:|1685362554
|switch|p2a: Terrakion|Terrakion, L78|270/270
|turn|12
|
|t:|1685362576
|-start|p1a: Octillery|Dynamax|
|-heal|p1a: Octillery|280/538|[silent]
|move|p1a: Octillery|Max Geyser|p2a: Terrakion
|-supereffective|p2a: Terrakion
|-damage|p2a: Terrakion|54/270
|-weather|RainDance
|move|p2a: Terrakion|Close Combat|p1a: Octillery
|-damage|p1a: Octillery|72/538
|-unboost|p2a: Terrakion|def|1
|-unboost|p2a: Terrakion|spd|1
|-damage|p2a: Terrakion|27/270|[from] item: Life Orb
|
|-weather|RainDance|[upkeep]
|-heal|p1a: Octillery|88/538|[from] item: Leftovers
|-ability|p1a: Octillery|Moody|boost
|-boost|p1a: Octillery|spa|2
|-unboost|p1a: Octillery|spe|1
|upkeep
|turn|13
|
|t:|1685362585
|move|p2a: Terrakion|Earthquake|p1a: Octillery
|-damage|p1a: Octillery|0 fnt
|faint|p1a: Octillery
|-damage|p2a: Terrakion|0 fnt|[from] item: Life Orb
|faint|p2a: Terrakion
|
|-weather|RainDance|[upkeep]
|upkeep
|c|☆xXxdarktrainerxXx|heh heh heh...
|
|t:|1685362601
|switch|p2a: Corsola|Corsola, L93, F|272/272 tox
|switch|p1a: Exploud|Exploud, L84, F|312/312
|turn|14
|
|t:|1685362604
|move|p1a: Exploud|Focus Blast|p2a: Corsola
|-supereffective|p2a: Corsola
|-damage|p2a: Corsola|78/272 tox
|move|p2a: Corsola|Stealth Rock|p1a: Exploud
|-sidestart|p1: norespectwtsvr|move: Stealth Rock
|
|-weather|RainDance|[upkeep]
|-damage|p2a: Corsola|61/272 tox|[from] psn
|upkeep
|turn|15
|
|t:|1685362613
|switch|p2a: Spectrier|Spectrier, L74|270/270
|move|p1a: Exploud|Focus Blast|p2a: Spectrier
|-damage|p2a: Spectrier|132/270
|
|-weather|RainDance|[upkeep]
|-heal|p2a: Spectrier|148/270|[from] item: Leftovers
|upkeep
|turn|16
|
|t:|1685362621
|move|p2a: Spectrier|Dark Pulse|p1a: Exploud
|-damage|p1a: Exploud|247/312
|move|p1a: Exploud|Focus Blast|p2a: Spectrier
|-damage|p2a: Spectrier|12/270
|
|-weather|none
|-heal|p2a: Spectrier|28/270|[from] item: Leftovers
|upkeep
|turn|17
|
|t:|1685362627
|move|p2a: Spectrier|Dark Pulse|p1a: Exploud
|-damage|p1a: Exploud|174/312
|move|p1a: Exploud|Focus Blast|p2a: Spectrier
|-damage|p2a: Spectrier|0 fnt
|faint|p2a: Spectrier
|
|upkeep
|c|☆xXxdarktrainerxXx|what...=
|
|t:|1685362645
|switch|p2a: Corsola|Corsola, L93, F|151/272 tox
|turn|18
|
|t:|1685362648
|move|p1a: Exploud|Focus Blast|p2a: Corsola
|-supereffective|p2a: Corsola
|-damage|p2a: Corsola|0 fnt
|faint|p2a: Corsola
|
|upkeep
|c|☆xXxdarktrainerxXx|no...no!!!
|
|t:|1685362655
|switch|p2a: Solgaleo|Solgaleo, L72|316/316
|turn|19
|
|t:|1685362662
|move|p2a: Solgaleo|Knock Off|p1a: Exploud
|-damage|p1a: Exploud|88/312
|-enditem|p1a: Exploud|Choice Specs|[from] move: Knock Off|[of] p2a: Solgaleo
|move|p1a: Exploud|Focus Blast|p2a: Solgaleo
|-damage|p2a: Solgaleo|226/316
|
|upkeep
|turn|20
|
|t:|1685362670
|-start|p2a: Solgaleo|Dynamax|
|-heal|p2a: Solgaleo|452/632|[silent]
|move|p2a: Solgaleo|Max Steelspike|p1a: Exploud
|-damage|p1a: Exploud|0 fnt
|-boost|p2a: Solgaleo|def|1
|faint|p1a: Exploud
|
|upkeep
|
|t:|1685362673
|switch|p1a: Sableye|Sableye, L88, F|231/231
|-damage|p1a: Sableye|203/231|[from] Stealth Rock
|turn|21
|
|t:|1685362678
|move|p1a: Sableye|Will-O-Wisp|p2a: Solgaleo
|-status|p2a: Solgaleo|brn
|move|p2a: Solgaleo|Max Steelspike|p1a: Sableye
|-damage|p1a: Sableye|134/231
|-boost|p2a: Solgaleo|def|1
|
|-heal|p1a: Sableye|148/231|[from] item: Leftovers
|-damage|p2a: Solgaleo|433/632 brn|[from] brn
|upkeep
|turn|22
|
|t:|1685362683
|move|p1a: Sableye|Recover|p1a: Sableye
|-heal|p1a: Sableye|231/231
|move|p2a: Solgaleo|Max Steelspike|p1a: Sableye
|-damage|p1a: Sableye|159/231
|-boost|p2a: Solgaleo|def|1
|
|-heal|p1a: Sableye|173/231|[from] item: Leftovers
|-damage|p2a: Solgaleo|414/632 brn|[from] brn
|upkeep
|-end|p2a: Solgaleo|Dynamax
|-heal|p2a: Solgaleo|207/316 brn|[silent]
|turn|23
|
|t:|1685362687
|move|p1a: Sableye|Recover|p1a: Sableye
|-heal|p1a: Sableye|231/231
|move|p2a: Solgaleo|Sunsteel Strike|p1a: Sableye
|-damage|p1a: Sableye|172/231
|
|-heal|p1a: Sableye|186/231|[from] item: Leftovers
|-damage|p2a: Solgaleo|188/316 brn|[from] brn
|upkeep
|turn|24
|
|t:|1685362692
|move|p1a: Sableye|Recover|p1a: Sableye
|-heal|p1a: Sableye|231/231
|move|p2a: Solgaleo|Flame Charge|p1a: Sableye
|-damage|p1a: Sableye|213/231
|-boost|p2a: Solgaleo|spe|1
|
|-heal|p1a: Sableye|227/231|[from] item: Leftovers
|-damage|p2a: Solgaleo|169/316 brn|[from] brn
|upkeep
|turn|25
|
|t:|1685362700
|move|p1a: Sableye|Recover|p1a: Sableye
|-heal|p1a: Sableye|231/231
|move|p2a: Solgaleo|Sunsteel Strike|p1a: Sableye
|-damage|p1a: Sableye|174/231
|
|-heal|p1a: Sableye|188/231|[from] item: Leftovers
|-damage|p2a: Solgaleo|150/316 brn|[from] brn
|upkeep
|turn|26
|
|t:|1685362705
|move|p1a: Sableye|Recover|p1a: Sableye
|-heal|p1a: Sableye|231/231
|move|p2a: Solgaleo|Sunsteel Strike|p1a: Sableye
|-damage|p1a: Sableye|180/231
|
|-heal|p1a: Sableye|194/231|[from] item: Leftovers
|-damage|p2a: Solgaleo|131/316 brn|[from] brn
|upkeep
|turn|27
|
|t:|1685362707
|move|p1a: Sableye|Recover|p1a: Sableye
|-heal|p1a: Sableye|231/231
|move|p2a: Solgaleo|Sunsteel Strike|p1a: Sableye
|-damage|p1a: Sableye|174/231
|
|-heal|p1a: Sableye|188/231|[from] item: Leftovers
|-damage|p2a: Solgaleo|112/316 brn|[from] brn
|upkeep
|turn|28
|
|t:|1685362709
|move|p1a: Sableye|Recover|p1a: Sableye
|-heal|p1a: Sableye|231/231
|move|p2a: Solgaleo|Sunsteel Strike|p1a: Sableye
|-damage|p1a: Sableye|174/231
|
|-heal|p1a: Sableye|188/231|[from] item: Leftovers
|-damage|p2a: Solgaleo|93/316 brn|[from] brn
|upkeep
|turn|29
|c|☆xXxdarktrainerxXx|No...:! NO!!! NOOOOO!!!!OO!O!O!OooO!O!O!O!OOO!Oo!OO!O!O
|
|t:|1685362714
|move|p1a: Sableye|Recover|p1a: Sableye
|-heal|p1a: Sableye|231/231
|move|p2a: Solgaleo|Knock Off|p1a: Sableye
|-damage|p1a: Sableye|196/231
|-enditem|p1a: Sableye|Leftovers|[from] move: Knock Off|[of] p2a: Solgaleo
|
|-damage|p2a: Solgaleo|74/316 brn|[from] brn
|upkeep
|turn|30
|
|t:|1685362717
|move|p1a: Sableye|Recover|p1a: Sableye
|-heal|p1a: Sableye|231/231
|move|p2a: Solgaleo|Knock Off|p1a: Sableye
|-damage|p1a: Sableye|206/231
|
|-damage|p2a: Solgaleo|55/316 brn|[from] brn
|upkeep
|turn|31
|
|t:|1685362718
|move|p1a: Sableye|Recover|p1a: Sableye
|-heal|p1a: Sableye|231/231
|move|p2a: Solgaleo|Knock Off|p1a: Sableye
|-damage|p1a: Sableye|207/231
|
|-damage|p2a: Solgaleo|36/316 brn|[from] brn
|upkeep
|turn|32
|c|☆xXxdarktrainerxXx|AAAAhhhhhh IiiiM mEEEEElllTiiiiiinnNG NoOOOOooO!O!!
|
|t:|1685362729
|move|p1a: Sableye|Recover|p1a: Sableye
|-heal|p1a: Sableye|231/231
|move|p2a: Solgaleo|Knock Off|p1a: Sableye
|-damage|p1a: Sableye|208/231
|
|-damage|p2a: Solgaleo|17/316 brn|[from] brn
|upkeep
|turn|33
|
|t:|1685362737
|move|p1a: Sableye|Recover|p1a: Sableye
|-heal|p1a: Sableye|231/231
|move|p2a: Solgaleo|Knock Off|p1a: Sableye
|-damage|p1a: Sableye|207/231
|
|-damage|p2a: Solgaleo|0 fnt|[from] brn
|faint|p2a: Solgaleo
|
|win|norespectwtsvr
|upkeep
|raw|norespectwtsvr's rating: 1566 &rarr; <strong>1582</strong><br />(+16 for winning)
|raw|xXxdarktrainerxXx's rating: 1502 &rarr; <strong>1486</strong><br />(-16 for losing)
