|j|☆Vigpo0000
|j|☆VapidPigeon
|t:|1685191003
|gametype|singles
|player|p1|Vigpo0000|169|1413
|player|p2|VapidPigeon|hugh|1533
|teamsize|p1|6
|teamsize|p2|6
|gen|8
|tier|[Gen 8] Random Battle
|rated|
|rule|Species Clause: Limit one of each Pokémon
|rule|HP Percentage Mod: HP is shown in percentages
|rule|Sleep Clause Mod: Limit one foe put to sleep
|
|t:|1685191003
|start
|switch|p1a: Exeggutor|Exeggutor, L86, M|304/304
|switch|p2a: Suicune|Suicune, L80|291/291
|-ability|p2a: Suicune|Pressure
|turn|1
|inactive|Battle timer is ON: inactive players will automatically lose when time's up. (requested by Vigpo0000)
|
|t:|1685191014
|switch|p2a: Uxie|Uxie, L82|257/257
|move|p1a: Exeggutor|Giga Drain|p2a: Uxie
|-damage|p2a: Uxie|176/257
|
|-heal|p2a: Uxie|192/257|[from] item: Leftovers
|upkeep
|turn|2
|
|t:|1685191026
|move|p2a: Uxie|U-turn|p1a: Exeggutor
|-supereffective|p1a: Exeggutor
|-damage|p1a: Exeggutor|132/304
|-enditem|p1a: Exeggutor|Sitrus Berry|[eat]
|-heal|p1a: Exeggutor|208/304|[from] item: Sitrus Berry
|
|t:|1685191032
|switch|p2a: Leafeon|Leafeon, L86, F|252/252|[from] U-turn
|move|p1a: Exeggutor|Substitute|p1a: Exeggutor
|-start|p1a: Exeggutor|Substitute
|-damage|p1a: Exeggutor|132/304
|
|upkeep
|turn|3
|
|t:|1685191040
|move|p2a: Leafeon|Swords Dance|p2a: Leafeon
|-boost|p2a: Leafeon|atk|2
|move|p1a: Exeggutor|Psychic|p2a: Leafeon
|-damage|p2a: Leafeon|113/252
|
|upkeep
|turn|4
|
|t:|1685191050
|move|p2a: Leafeon|Knock Off|p1a: Exeggutor
|-supereffective|p1a: Exeggutor
|-end|p1a: Exeggutor|Substitute
|move|p1a: Exeggutor|Psychic|p2a: Leafeon
|-damage|p2a: Leafeon|0 fnt
|faint|p2a: Leafeon
|
|upkeep
|
|t:|1685191054
|switch|p2a: Uxie|Uxie, L82|192/257
|turn|5
|
|t:|1685191067
|move|p2a: Uxie|U-turn|p1a: Exeggutor
|-supereffective|p1a: Exeggutor
|-damage|p1a: Exeggutor|0 fnt
|faint|p1a: Exeggutor
|inactive|VapidPigeon has 120 seconds left.
|c|☆Vigpo0000|Vapidpigeon
|c|☆Vigpo0000|Vapidpigeon
|
|t:|1685191123
|switch|p2a: Ho-Oh|Ho-Oh, L72|272/272|[from] U-turn
|
|upkeep
|
|t:|1685191136
|switch|p1a: Carbink|Carbink, L86|226/226
|turn|6
|
|t:|1685191141
|switch|p2a: Uxie|Uxie, L82|192/257
|move|p1a: Carbink|Reflect|p1a: Carbink
|-sidestart|p1: Vigpo0000|Reflect
|
|-heal|p2a: Uxie|208/257|[from] item: Leftovers
|upkeep
|turn|7
|
|t:|1685191148
|move|p2a: Uxie|Stealth Rock|p1a: Carbink
|-sidestart|p1: Vigpo0000|move: Stealth Rock
|move|p1a: Carbink|Light Screen|p1a: Carbink
|-sidestart|p1: Vigpo0000|move: Light Screen
|
|-heal|p2a: Uxie|224/257|[from] item: Leftovers
|upkeep
|turn|8
|inactive|VapidPigeon has 120 seconds left.
|
|t:|1685191184
|move|p2a: Uxie|Yawn|p1a: Carbink
|-start|p1a: Carbink|move: Yawn|[of] p2a: Uxie
|move|p1a: Carbink|Stealth Rock|p2a: Uxie
|-sidestart|p2: VapidPigeon|move: Stealth Rock
|
|-heal|p2a: Uxie|240/257|[from] item: Leftovers
|upkeep
|turn|9
|
|t:|1685191204
|switch|p1a: Flygon|Flygon, L80, F|259/259
|-damage|p1a: Flygon|243/259|[from] Stealth Rock
|move|p2a: Uxie|Psychic|p1a: Flygon
|-damage|p1a: Flygon|201/259
|
|-heal|p2a: Uxie|256/257|[from] item: Leftovers
|upkeep
|turn|10
|inactive|VapidPigeon has 90 seconds left.
|
|t:|1685191240
|move|p1a: Flygon|Dragon Dance|p1a: Flygon
|-boost|p1a: Flygon|atk|1
|-boost|p1a: Flygon|spe|1
|move|p2a: Uxie|Yawn|p1a: Flygon
|-start|p1a: Flygon|move: Yawn|[of] p2a: Uxie
|
|-heal|p2a: Uxie|257/257|[from] item: Leftovers
|upkeep
|turn|11
|
|t:|1685191250
|move|p1a: Flygon|Outrage|p2a: Uxie
|-damage|p2a: Uxie|74/257
|-damage|p1a: Flygon|176/259|[from] item: Life Orb
|move|p2a: Uxie|Psychic|p1a: Flygon
|-damage|p1a: Flygon|132/259
|-unboost|p1a: Flygon|spd|1
|
|-heal|p2a: Uxie|90/257|[from] item: Leftovers
|-end|p1a: Flygon|move: Yawn|[silent]
|-status|p1a: Flygon|slp
|upkeep
|turn|12
|
|t:|1685191262
|cant|p1a: Flygon|slp
|move|p2a: Uxie|Psychic|p1a: Flygon
|-damage|p1a: Flygon|64/259 slp
|
|-heal|p2a: Uxie|106/257|[from] item: Leftovers
|upkeep
|turn|13
|
|t:|1685191270
|cant|p1a: Flygon|slp
|move|p2a: Uxie|Psychic|p1a: Flygon
|-damage|p1a: Flygon|5/259 slp
|
|-heal|p2a: Uxie|122/257|[from] item: Leftovers
|-sideend|p1: Vigpo0000|Reflect
|upkeep
|turn|14
|
|t:|1685191279
|cant|p1a: Flygon|slp
|move|p2a: Uxie|Psychic|p1a: Flygon
|-damage|p1a: Flygon|0 fnt
|faint|p1a: Flygon
|
|-heal|p2a: Uxie|138/257|[from] item: Leftovers
|-sideend|p1: Vigpo0000|move: Light Screen
|upkeep
|
|t:|1685191296
|switch|p1a: Gurdurr|Gurdurr, L83, M|277/277
|-damage|p1a: Gurdurr|260/277|[from] Stealth Rock
|turn|15
|
|t:|1685191301
|move|p2a: Uxie|Psychic|p1a: Gurdurr
|-supereffective|p1a: Gurdurr
|-damage|p1a: Gurdurr|120/277
|-unboost|p1a: Gurdurr|spd|1
|move|p1a: Gurdurr|Knock Off|p2a: Uxie
|-supereffective|p2a: Uxie
|-damage|p2a: Uxie|28/257
|-enditem|p2a: Uxie|Leftovers|[from] move: Knock Off|[of] p1a: Gurdurr
|
|upkeep
|turn|16
|
|t:|1685191311
|move|p1a: Gurdurr|Mach Punch|p2a: Uxie
|-resisted|p2a: Uxie
|-damage|p2a: Uxie|10/257
|move|p2a: Uxie|Psychic|p1a: Gurdurr
|-supereffective|p1a: Gurdurr
|-crit|p1a: Gurdurr
|-damage|p1a: Gurdurr|0 fnt
|faint|p1a: Gurdurr
|
|upkeep
|
|t:|1685191322
|switch|p1a: Linoone|Linoone, L84, F|268/268
|-damage|p1a: Linoone|235/268|[from] Stealth Rock
|turn|17
|
|t:|1685191332
|move|p1a: Linoone|Extreme Speed|p2a: Uxie
|-damage|p2a: Uxie|0 fnt
|faint|p2a: Uxie
|
|upkeep
|
|t:|1685191337
|switch|p2a: Zeraora|Zeraora, L76|259/259
|-damage|p2a: Zeraora|227/259|[from] Stealth Rock
|turn|18
|
|t:|1685191343
|move|p2a: Zeraora|Knock Off|p1a: Linoone
|-damage|p1a: Linoone|159/268
|-enditem|p1a: Linoone|Mago Berry|[from] move: Knock Off|[of] p2a: Zeraora
|move|p1a: Linoone|Stomping Tantrum|p2a: Zeraora
|-supereffective|p2a: Zeraora
|-damage|p2a: Zeraora|119/259
|
|upkeep
|turn|19
|
|t:|1685191351
|move|p2a: Zeraora|Plasma Fists|p1a: Linoone
|-damage|p1a: Linoone|39/268
|-fieldactivate|move: Ion Deluge
|-hint|Normal-type moves become Electric-type after using Plasma Fists.
|move|p1a: Linoone|Stomping Tantrum|p2a: Zeraora
|-supereffective|p2a: Zeraora
|-damage|p2a: Zeraora|21/259
|
|upkeep
|turn|20
|
|t:|1685191360
|move|p1a: Linoone|Extreme Speed|p2a: Zeraora
|-damage|p2a: Zeraora|0 fnt
|faint|p2a: Zeraora
|
|upkeep
|
|t:|1685191364
|switch|p2a: Lycanroc|Lycanroc, L80, F|251/251
|-damage|p2a: Lycanroc|220/251|[from] Stealth Rock
|turn|21
|
|t:|1685191373
|move|p1a: Linoone|Extreme Speed|p2a: Lycanroc
|-resisted|p2a: Lycanroc
|-damage|p2a: Lycanroc|176/251
|move|p2a: Lycanroc|Close Combat|p1a: Linoone
|-supereffective|p1a: Linoone
|-damage|p1a: Linoone|0 fnt
|-unboost|p2a: Lycanroc|def|1
|-unboost|p2a: Lycanroc|spd|1
|faint|p1a: Linoone
|
|upkeep
|
|t:|1685191389
|switch|p1a: Carbink|Carbink, L86|226/226
|-damage|p1a: Carbink|198/226|[from] Stealth Rock
|turn|22
|
|t:|1685191398
|move|p2a: Lycanroc|Close Combat|p1a: Carbink
|-damage|p1a: Carbink|105/226
|-unboost|p2a: Lycanroc|def|1
|-unboost|p2a: Lycanroc|spd|1
|move|p1a: Carbink|Reflect|p1a: Carbink
|-sidestart|p1: Vigpo0000|Reflect
|
|upkeep
|turn|23
|
|t:|1685191407
|move|p2a: Lycanroc|Close Combat|p1a: Carbink
|-damage|p1a: Carbink|61/226
|-unboost|p2a: Lycanroc|def|1
|-unboost|p2a: Lycanroc|spd|1
|move|p1a: Carbink|Light Screen|p1a: Carbink
|-sidestart|p1: Vigpo0000|move: Light Screen
|
|upkeep
|turn|24
|
|t:|1685191414
|move|p2a: Lycanroc|Close Combat|p1a: Carbink
|-damage|p1a: Carbink|20/226
|-unboost|p2a: Lycanroc|def|1
|-unboost|p2a: Lycanroc|spd|1
|move|p1a: Carbink|Moonblast|p2a: Lycanroc
|-damage|p2a: Lycanroc|0 fnt
|faint|p2a: Lycanroc
|
|upkeep
|
|t:|1685191418
|switch|p2a: Suicune|Suicune, L80|291/291
|-damage|p2a: Suicune|255/291|[from] Stealth Rock
|-ability|p2a: Suicune|Pressure
|turn|25
|
|t:|1685191430
|switch|p1a: Azelf|Azelf, L82|257/257
|-damage|p1a: Azelf|225/257|[from] Stealth Rock
|move|p2a: Suicune|Scald|p1a: Azelf
|-damage|p1a: Azelf|182/257
|
|-heal|p2a: Suicune|273/291|[from] item: Leftovers
|upkeep
|turn|26
|
|t:|1685191441
|-start|p1a: Azelf|Dynamax|
|-heal|p1a: Azelf|364/514|[silent]
|move|p1a: Azelf|Max Mindstorm|p2a: Suicune
|-damage|p2a: Suicune|94/291
|-fieldstart|move: Psychic Terrain
|-damage|p1a: Azelf|339/514|[from] item: Life Orb
|move|p2a: Suicune|Calm Mind|p2a: Suicune
|-boost|p2a: Suicune|spa|1
|-boost|p2a: Suicune|spd|1
|
|-heal|p2a: Suicune|112/291|[from] item: Leftovers
|upkeep
|turn|27
|
|t:|1685191455
|move|p1a: Azelf|Max Mindstorm|p2a: Suicune
|-damage|p2a: Suicune|0 fnt
|faint|p2a: Suicune
|-damage|p1a: Azelf|314/514|[from] item: Life Orb
|
|upkeep
|
|t:|1685191463
|switch|p2a: Ho-Oh|Ho-Oh, L72|272/272
|turn|28
|
|t:|1685191468
|-start|p2a: Ho-Oh|Dynamax|
|-heal|p2a: Ho-Oh|544/544|[silent]
|move|p2a: Ho-Oh|Max Guard|p2a: Ho-Oh
|-singleturn|p2a: Ho-Oh|Max Guard
|move|p1a: Azelf|Max Mindstorm|p2a: Ho-Oh
|-activate|p2a: Ho-Oh|move: Max Guard
|
|upkeep
|-end|p1a: Azelf|Dynamax
|-heal|p1a: Azelf|157/257|[silent]
|turn|29
|
|t:|1685191480
|move|p1a: Azelf|Psychic|p2a: Ho-Oh
|-damage|p2a: Ho-Oh|430/544
|-damage|p1a: Azelf|132/257|[from] item: Life Orb
|move|p2a: Ho-Oh|Max Airstream|p1a: Azelf
|-damage|p1a: Azelf|42/257
|-boost|p2a: Ho-Oh|spe|1
|
|-sideend|p1: Vigpo0000|Reflect
|upkeep
|turn|30
|
|t:|1685191495
|move|p2a: Ho-Oh|Max Flare|p1a: Azelf
|-damage|p1a: Azelf|0 fnt
|-weather|SunnyDay
|faint|p1a: Azelf
|
|-weather|SunnyDay|[upkeep]
|-sideend|p1: Vigpo0000|move: Light Screen
|-fieldend|move: Psychic Terrain
|upkeep
|c|☆VapidPigeon|gg
|
|t:|1685191505
|switch|p1a: Carbink|Carbink, L86|20/226
|-damage|p1a: Carbink|0 fnt|[from] Stealth Rock
|faint|p1a: Carbink
|
|win|VapidPigeon
|raw|Vigpo0000's rating: 1413 &rarr; <strong>1400</strong><br />(-13 for losing)
|raw|VapidPigeon's rating: 1533 &rarr; <strong>1546</strong><br />(+13 for winning)
