|j|☆JAJO3800
|j|☆LightMale
|t:|1685104488
|gametype|singles
|player|p1|JAJO3800|crasherwake|
|player|p2|LightMale|fisherman-gen4|
|teamsize|p1|6
|teamsize|p2|6
|gen|8
|tier|[Gen 8] Random Battle
|rule|Species Clause: Limit one of each Pokémon
|rule|HP Percentage Mod: HP is shown in percentages
|rule|Sleep Clause Mod: Limit one foe put to sleep
|
|t:|1685104488
|start
|switch|p1a: Decidueye|Decidueye, L86, F|274/274
|switch|p2a: Eldegoss|Eldegoss, L90, F|254/254
|turn|1
|inactive|Battle timer is ON: inactive players will automatically lose when time's up. (requested by LightMale)
|c|☆LightMale|Hello?
|
|t:|1685104516
|move|p1a: Decidueye|Swords Dance|p1a: Decidueye
|-boost|p1a: Decidueye|atk|2
|move|p2a: Eldegoss|Pollen Puff|p1a: Decidueye
|-damage|p1a: Decidueye|214/274
|
|upkeep
|turn|2
|
|t:|1685104528
|move|p1a: Decidueye|Poltergeist|p2a: Eldegoss
|-activate|p2a: Eldegoss|move: Poltergeist|Leftovers
|-damage|p2a: Eldegoss|29/254
|move|p2a: Eldegoss|Pollen Puff|p1a: Decidueye
|-damage|p1a: Decidueye|160/274
|
|-heal|p2a: Eldegoss|44/254|[from] item: Leftovers
|upkeep
|turn|3
|inactiveoff|Battle timer is now OFF.
|
|t:|1685104539
|move|p1a: Decidueye|Poltergeist|p2a: Eldegoss
|-activate|p2a: Eldegoss|move: Poltergeist|Leftovers
|-damage|p2a: Eldegoss|0 fnt
|faint|p2a: Eldegoss
|
|upkeep
|
|t:|1685104550
|switch|p2a: Steelix|Steelix, L84, F|263/263
|turn|4
|
|t:|1685104554
|move|p1a: Decidueye|Leaf Blade|p2a: Steelix
|-crit|p2a: Steelix
|-damage|p2a: Steelix|101/263
|move|p2a: Steelix|Dragon Dance|p2a: Steelix
|-boost|p2a: Steelix|atk|1
|-boost|p2a: Steelix|spe|1
|
|-heal|p2a: Steelix|117/263|[from] item: Leftovers
|upkeep
|turn|5
|
|t:|1685104563
|move|p1a: Decidueye|Leaf Blade|p2a: Steelix
|-damage|p2a: Steelix|3/263
|move|p2a: Steelix|Heavy Slam|p1a: Decidueye
|-damage|p1a: Decidueye|0 fnt
|faint|p1a: Decidueye
|
|-heal|p2a: Steelix|19/263|[from] item: Leftovers
|upkeep
|
|t:|1685104571
|switch|p1a: Espeon|Espeon, L82, M|241/241
|turn|6
|
|t:|1685104575
|move|p1a: Espeon|Shadow Ball|p2a: Steelix
|-crit|p2a: Steelix
|-damage|p2a: Steelix|0 fnt
|faint|p2a: Steelix
|-damage|p1a: Espeon|217/241|[from] item: Life Orb
|
|upkeep
|
|t:|1685104585
|switch|p2a: Sigilyph|Sigilyph, L83, F|255/255
|turn|7
|inactive|Battle timer is ON: inactive players will automatically lose when time's up. (requested by JAJO3800)
|
|t:|1685104608
|move|p1a: Espeon|Shadow Ball|p2a: Sigilyph
|-supereffective|p2a: Sigilyph
|-damage|p2a: Sigilyph|78/255
|-damage|p1a: Espeon|193/241|[from] item: Life Orb
|move|p2a: Sigilyph|Air Slash|p1a: Espeon
|-damage|p1a: Espeon|79/241
|
|upkeep
|turn|8
|
|t:|1685104616
|move|p1a: Espeon|Shadow Ball|p2a: Sigilyph
|-supereffective|p2a: Sigilyph
|-damage|p2a: Sigilyph|0 fnt
|faint|p2a: Sigilyph
|-damage|p1a: Espeon|55/241|[from] item: Life Orb
|
|upkeep
|
|t:|1685104627
|switch|p2a: Grimmsnarl|Grimmsnarl, L82, M|290/290
|turn|9
|
|t:|1685104632
|move|p2a: Grimmsnarl|Sucker Punch|p1a: Espeon
|-supereffective|p1a: Espeon
|-damage|p1a: Espeon|0 fnt
|faint|p1a: Espeon
|-damage|p2a: Grimmsnarl|261/290|[from] item: Life Orb
|
|upkeep
|
|t:|1685104642
|switch|p1a: Carbink|Carbink, L86|226/226
|turn|10
|
|t:|1685104655
|move|p2a: Grimmsnarl|Bulk Up|p2a: Grimmsnarl
|-boost|p2a: Grimmsnarl|atk|1
|-boost|p2a: Grimmsnarl|def|1
|move|p1a: Carbink|Moonblast|p2a: Grimmsnarl
|-supereffective|p2a: Grimmsnarl
|-damage|p2a: Grimmsnarl|117/290
|
|upkeep
|turn|11
|
|t:|1685104665
|move|p2a: Grimmsnarl|Darkest Lariat|p1a: Carbink
|-resisted|p1a: Carbink
|-damage|p1a: Carbink|166/226
|-damage|p2a: Grimmsnarl|88/290|[from] item: Life Orb
|move|p1a: Carbink|Body Press|p2a: Grimmsnarl
|-damage|p2a: Grimmsnarl|16/290
|
|upkeep
|turn|12
|
|t:|1685104673
|move|p2a: Grimmsnarl|Play Rough|p1a: Carbink
|-damage|p1a: Carbink|41/226
|-damage|p2a: Grimmsnarl|0 fnt|[from] item: Life Orb
|faint|p2a: Grimmsnarl
|move|p1a: Carbink|Moonblast|p2: Grimmsnarl|[notarget]
|-fail|p1a: Carbink
|
|upkeep
|
|t:|1685104677
|switch|p2a: Raichu|Raichu-Alola, L84, F|238/238
|turn|13
|
|t:|1685104686
|move|p2a: Raichu|Psyshock|p1a: Carbink
|-damage|p1a: Carbink|0 fnt
|faint|p1a: Carbink
|
|upkeep
|
|t:|1685104691
|switch|p1a: Tapu Bulu|Tapu Bulu, L82|249/249
|-fieldstart|move: Grassy Terrain|[from] ability: Grassy Surge|[of] p1a: Tapu Bulu
|turn|14
|
|t:|1685104699
|move|p2a: Raichu|Psyshock|p1a: Tapu Bulu
|-damage|p1a: Tapu Bulu|138/249
|move|p1a: Tapu Bulu|Swords Dance|p1a: Tapu Bulu
|-boost|p1a: Tapu Bulu|atk|2
|
|-heal|p1a: Tapu Bulu|153/249|[from] Grassy Terrain
|upkeep
|turn|15
|
|t:|1685104708
|move|p2a: Raichu|Psyshock|p1a: Tapu Bulu
|-damage|p1a: Tapu Bulu|54/249
|move|p1a: Tapu Bulu|Close Combat|p2a: Raichu
|-resisted|p2a: Raichu
|-damage|p2a: Raichu|29/238
|-unboost|p1a: Tapu Bulu|def|1
|-unboost|p1a: Tapu Bulu|spd|1
|-damage|p1a: Tapu Bulu|30/249|[from] item: Life Orb
|
|-heal|p2a: Raichu|43/238|[from] Grassy Terrain
|-heal|p1a: Tapu Bulu|45/249|[from] Grassy Terrain
|upkeep
|turn|16
|
|t:|1685104720
|move|p2a: Raichu|Psyshock|p1a: Tapu Bulu
|-damage|p1a: Tapu Bulu|0 fnt
|faint|p1a: Tapu Bulu
|
|-heal|p2a: Raichu|57/238|[from] Grassy Terrain
|upkeep
|
|t:|1685104725
|switch|p1a: Golurk|Golurk, L82|280/280
|turn|17
|
|t:|1685104731
|move|p2a: Raichu|Psyshock|p1a: Golurk
|-damage|p1a: Golurk|148/280
|move|p1a: Golurk|Dynamic Punch|p2a: Raichu
|-resisted|p2a: Raichu
|-damage|p2a: Raichu|0 fnt
|faint|p2a: Raichu
|-damage|p1a: Golurk|120/280|[from] item: Life Orb
|
|-heal|p1a: Golurk|137/280|[from] Grassy Terrain
|upkeep
|
|t:|1685104734
|switch|p2a: Virizion|Virizion, L82|283/283
|turn|18
|
|t:|1685104755
|move|p2a: Virizion|Leaf Blade|p1a: Golurk
|-supereffective|p1a: Golurk
|-damage|p1a: Golurk|0 fnt
|faint|p1a: Golurk
|
|-fieldend|move: Grassy Terrain
|upkeep
|
|t:|1685104761
|switch|p1a: Cinccino|Cinccino, L84, M|263/263
|turn|19
|
|t:|1685104768
|move|p1a: Cinccino|Rock Blast|p2a: Virizion
|-resisted|p2a: Virizion
|-crit|p2a: Virizion
|-damage|p2a: Virizion|260/283
|-resisted|p2a: Virizion
|-damage|p2a: Virizion|243/283
|-resisted|p2a: Virizion
|-crit|p2a: Virizion
|-damage|p2a: Virizion|219/283
|-resisted|p2a: Virizion
|-damage|p2a: Virizion|203/283
|-resisted|p2a: Virizion
|-damage|p2a: Virizion|186/283
|-hitcount|p2a: Virizion|5
|move|p2a: Virizion|Swords Dance|p2a: Virizion
|-boost|p2a: Virizion|atk|2
|
|upkeep
|turn|20
|
|t:|1685104784
|-start|p1a: Cinccino|Dynamax|
|-heal|p1a: Cinccino|526/526|[silent]
|move|p1a: Cinccino|Max Flutterby|p2a: Virizion
|-damage|p2a: Virizion|83/283
|-unboost|p2a: Virizion|spa|1
|move|p2a: Virizion|Close Combat|p1a: Cinccino
|-supereffective|p1a: Cinccino
|-damage|p1a: Cinccino|0 fnt
|-unboost|p2a: Virizion|def|1
|-unboost|p2a: Virizion|spd|1
|faint|p1a: Cinccino
|
|win|LightMale
