|j|☆Specialonejm
|j|☆yosongok1
|t:|1685191323
|gametype|singles
|player|p1|Specialonejm|169|
|player|p2|yosongok1|2|
|teamsize|p1|6
|teamsize|p2|6
|gen|8
|tier|[Gen 8] Random Battle
|rule|Species Clause: Limit one of each Pokémon
|rule|HP Percentage Mod: HP is shown in percentages
|rule|Sleep Clause Mod: Limit one foe put to sleep
|
|t:|1685191323
|start
|switch|p1a: Tapu Fini|Tapu Fini, L78|237/237
|switch|p2a: Lilligant|Lilligant, L84, F|255/255
|-fieldstart|move: Misty Terrain|[from] ability: Misty Surge|[of] p1a: Tapu Fini
|turn|1
|
|t:|1685191338
|switch|p1a: Yveltal|Yveltal, L69|287/287
|-ability|p1a: Yveltal|Dark Aura
|move|p2a: Lilligant|Quiver Dance|p2a: Lilligant
|-boost|p2a: Lilligant|spa|1
|-boost|p2a: Lilligant|spd|1
|-boost|p2a: Lilligant|spe|1
|
|upkeep
|turn|2
|
|t:|1685191351
|move|p2a: Lilligant|Sleep Powder|p1a: Yveltal|[miss]
|-miss|p2a: Lilligant|p1a: Yveltal
|move|p1a: Yveltal|Oblivion Wing|p2a: Lilligant
|-supereffective|p2a: Lilligant
|-damage|p2a: Lilligant|145/255
|
|-heal|p2a: Lilligant|160/255|[from] item: Leftovers
|upkeep
|turn|3
|inactive|Battle timer is ON: inactive players will automatically lose when time's up. (requested by yosongok1)
|
|t:|1685191372
|move|p2a: Lilligant|Sleep Powder|p1a: Yveltal
|-status|p1a: Yveltal|slp|[from] move: Sleep Powder
|cant|p1a: Yveltal|slp
|
|-heal|p2a: Lilligant|175/255|[from] item: Leftovers
|upkeep
|turn|4
|
|t:|1685191381
|move|p2a: Lilligant|Quiver Dance|p2a: Lilligant
|-boost|p2a: Lilligant|spa|1
|-boost|p2a: Lilligant|spd|1
|-boost|p2a: Lilligant|spe|1
|cant|p1a: Yveltal|slp
|
|-heal|p2a: Lilligant|190/255|[from] item: Leftovers
|upkeep
|turn|5
|
|t:|1685191390
|move|p2a: Lilligant|Quiver Dance|p2a: Lilligant
|-boost|p2a: Lilligant|spa|1
|-boost|p2a: Lilligant|spd|1
|-boost|p2a: Lilligant|spe|1
|cant|p1a: Yveltal|slp
|
|-heal|p2a: Lilligant|205/255|[from] item: Leftovers
|-fieldend|Misty Terrain
|upkeep
|turn|6
|
|t:|1685191403
|move|p2a: Lilligant|Giga Drain|p1a: Yveltal
|-resisted|p1a: Yveltal
|-damage|p1a: Yveltal|208/287 slp
|-heal|p2a: Lilligant|245/255|[from] drain|[of] p1a: Yveltal
|-curestatus|p1a: Yveltal|slp|[msg]
|move|p1a: Yveltal|Heat Wave|p2a: Lilligant
|-supereffective|p2a: Lilligant
|-damage|p2a: Lilligant|193/255
|
|-heal|p2a: Lilligant|208/255|[from] item: Leftovers
|upkeep
|turn|7
|
|t:|1685191414
|move|p2a: Lilligant|Giga Drain|p1a: Yveltal
|-resisted|p1a: Yveltal
|-damage|p1a: Yveltal|122/287
|-heal|p2a: Lilligant|251/255|[from] drain|[of] p1a: Yveltal
|move|p1a: Yveltal|Oblivion Wing|p2a: Lilligant
|-supereffective|p2a: Lilligant
|-damage|p2a: Lilligant|179/255
|-heal|p1a: Yveltal|176/287|[from] drain|[of] p2a: Lilligant
|
|-heal|p2a: Lilligant|194/255|[from] item: Leftovers
|upkeep
|turn|8
|
|t:|1685191440
|move|p2a: Lilligant|Pollen Puff|p1a: Yveltal
|-damage|p1a: Yveltal|41/287
|move|p1a: Yveltal|Oblivion Wing|p2a: Lilligant
|-supereffective|p2a: Lilligant
|-damage|p2a: Lilligant|128/255
|-heal|p1a: Yveltal|91/287|[from] drain|[of] p2a: Lilligant
|
|-heal|p2a: Lilligant|143/255|[from] item: Leftovers
|upkeep
|turn|9
|
|t:|1685191453
|switch|p1a: Zarude|Zarude, L78|292/292
|move|p2a: Lilligant|Giga Drain|p1a: Zarude
|-resisted|p1a: Zarude
|-damage|p1a: Zarude|187/292
|-heal|p2a: Lilligant|196/255|[from] drain|[of] p1a: Zarude
|
|-heal|p2a: Lilligant|211/255|[from] item: Leftovers
|-heal|p1a: Zarude|205/292|[from] item: Leftovers
|upkeep
|turn|10
|
|t:|1685191469
|move|p2a: Lilligant|Pollen Puff|p1a: Zarude
|-supereffective|p1a: Zarude
|-damage|p1a: Zarude|0 fnt
|faint|p1a: Zarude
|
|-heal|p2a: Lilligant|226/255|[from] item: Leftovers
|upkeep
|inactive|Specialonejm has 270 seconds left.
|
|t:|1685191486
|switch|p1a: Slurpuff|Slurpuff, L80, M|262/262
|turn|11
|inactive|Specialonejm has 270 seconds left.
|
|t:|1685191496
|move|p2a: Lilligant|Giga Drain|p1a: Slurpuff
|-damage|p1a: Slurpuff|9/262
|-heal|p2a: Lilligant|255/255|[from] drain|[of] p1a: Slurpuff
|-enditem|p1a: Slurpuff|Sitrus Berry|[eat]
|-heal|p1a: Slurpuff|74/262|[from] item: Sitrus Berry
|move|p1a: Slurpuff|Drain Punch|p2a: Lilligant
|-damage|p2a: Lilligant|209/255
|-heal|p1a: Slurpuff|97/262|[from] drain|[of] p2a: Lilligant
|
|-heal|p2a: Lilligant|224/255|[from] item: Leftovers
|upkeep
|turn|12
|inactive|Specialonejm has 270 seconds left.
|
|t:|1685191510
|switch|p1a: Yveltal|Yveltal, L69|91/287
|-ability|p1a: Yveltal|Dark Aura
|move|p2a: Lilligant|Quiver Dance|p2a: Lilligant
|-boost|p2a: Lilligant|spa|1
|-boost|p2a: Lilligant|spd|1
|-boost|p2a: Lilligant|spe|1
|
|-heal|p2a: Lilligant|239/255|[from] item: Leftovers
|upkeep
|turn|13
|inactive|Specialonejm has 270 seconds left.
|
|t:|1685191522
|move|p2a: Lilligant|Quiver Dance|p2a: Lilligant
|-boost|p2a: Lilligant|spa|1
|-boost|p2a: Lilligant|spd|1
|-boost|p2a: Lilligant|spe|1
|move|p1a: Yveltal|Oblivion Wing|p2a: Lilligant
|-supereffective|p2a: Lilligant
|-damage|p2a: Lilligant|189/255
|-heal|p1a: Yveltal|129/287|[from] drain|[of] p2a: Lilligant
|
|-heal|p2a: Lilligant|204/255|[from] item: Leftovers
|upkeep
|turn|14
|inactive|Specialonejm has 270 seconds left.
|
|t:|1685191535
|move|p2a: Lilligant|Pollen Puff|p1a: Yveltal
|-damage|p1a: Yveltal|0 fnt
|faint|p1a: Yveltal
|
|-heal|p2a: Lilligant|219/255|[from] item: Leftovers
|upkeep
|inactive|Specialonejm has 270 seconds left.
|
|t:|1685191545
|switch|p1a: Drampa|Drampa, L86, F|274/274
|turn|15
|inactive|Specialonejm has 270 seconds left.
|
|t:|1685191555
|move|p2a: Lilligant|Pollen Puff|p1a: Drampa
|-damage|p1a: Drampa|41/274
|-ability|p1a: Drampa|Berserk|boost
|-boost|p1a: Drampa|spa|1
|move|p1a: Drampa|Draco Meteor|p2a: Lilligant
|-damage|p2a: Lilligant|135/255
|-unboost|p1a: Drampa|spa|2
|
|-heal|p2a: Lilligant|150/255|[from] item: Leftovers
|-heal|p1a: Drampa|58/274|[from] item: Leftovers
|upkeep
|turn|16
|inactive|Specialonejm has 270 seconds left.
|
|t:|1685191578
|move|p2a: Lilligant|Giga Drain|p1a: Drampa
|-resisted|p1a: Drampa
|-crit|p1a: Drampa
|-damage|p1a: Drampa|0 fnt
|-heal|p2a: Lilligant|179/255|[from] drain|[of] p1a: Drampa
|faint|p1a: Drampa
|
|-heal|p2a: Lilligant|194/255|[from] item: Leftovers
|upkeep
|
|t:|1685191590
|switch|p1a: Blastoise|Blastoise, L82, F|264/264
|turn|17
|
|t:|1685191594
|move|p2a: Lilligant|Giga Drain|p1a: Blastoise
|-supereffective|p1a: Blastoise
|-damage|p1a: Blastoise|0 fnt
|-heal|p2a: Lilligant|255/255|[from] drain|[of] p1a: Blastoise
|faint|p1a: Blastoise
|
|upkeep
|
|t:|1685191601
|switch|p1a: Tapu Fini|Tapu Fini, L78|237/237
|-fieldstart|move: Misty Terrain|[from] ability: Misty Surge|[of] p1a: Tapu Fini
|turn|18
|inactive|Specialonejm has 270 seconds left.
|
|t:|1685191607
|-start|p2a: Lilligant|Dynamax|
|-heal|p2a: Lilligant|510/510|[silent]
|move|p2a: Lilligant|Max Overgrowth|p1a: Tapu Fini
|-supereffective|p1a: Tapu Fini
|-damage|p1a: Tapu Fini|0 fnt
|-fieldstart|move: Grassy Terrain
|faint|p1a: Tapu Fini
|
|upkeep
|inactive|Specialonejm has 270 seconds left.
|
|t:|1685191617
|switch|p1a: Slurpuff|Slurpuff, L80, M|97/262
|turn|19
|inactive|Specialonejm has 270 seconds left.
|
|t:|1685191634
|-start|p1a: Slurpuff|Dynamax|
|-heal|p1a: Slurpuff|194/524|[silent]
|move|p2a: Lilligant|Max Overgrowth|p1a: Slurpuff
|-damage|p1a: Slurpuff|0 fnt
|faint|p1a: Slurpuff
|
|win|yosongok1
|l|☆Specialonejm
