|j|☆Michielleus
|j|☆odr
|t:|1685559666
|gametype|singles
|player|p1|Michielleus|#rbtt6teammewtwo|
|player|p2|odr|#scl1islanders|
|teamsize|p1|6
|teamsize|p2|6
|gen|8
|tier|[Gen 8] Random Battle
|rule|Species Clause: Limit one of each Pokémon
|rule|HP Percentage Mod: HP is shown in percentages
|rule|Sleep Clause Mod: Limit one foe put to sleep
|
|t:|1685559666
|start
|switch|p1a: Comfey|Comfey, L86, F|228/228
|switch|p2a: Trevenant|Trevenant, L86, F|286/286
|turn|1
|inactive|Battle timer is ON: inactive players will automatically lose when time's up. (requested by Michielleus)
|c|☆Michielleus|glhf
|c|☆odr|hf
|inactive|Michielleus has 270 seconds left.
|
|t:|1685559696
|switch|p1a: Ho-Oh|Ho-Oh, L72|272/272
|move|p2a: Trevenant|Poltergeist|p1a: Ho-Oh
|-activate|p1a: Ho-Oh|move: Poltergeist|Heavy-Duty Boots
|-damage|p1a: Ho-Oh|41/272
|
|upkeep
|turn|2
|
|t:|1685559712
|switch|p1a: Ninjask|Ninjask, L86, M|245/245
|switch|p2a: Marowak|Marowak-Alola, L84, F|238/238
|
|upkeep
|turn|3
|
|t:|1685559737
|move|p1a: Ninjask|U-turn|p2a: Marowak
|-resisted|p2a: Marowak
|-damage|p2a: Marowak|223/238
|
|t:|1685559739
|switch|p1a: Passimian|Passimian, L82, F|298/298|[from] U-turn
|move|p2a: Marowak|Flame Charge|p1a: Passimian
|-damage|p1a: Passimian|208/298
|-boost|p2a: Marowak|spe|1
|
|upkeep
|turn|4
|inactive|odr has 270 seconds left.
|
|t:|1685559787
|switch|p2a: Falinks|Falinks, L84|246/246
|move|p1a: Passimian|Knock Off|p2a: Falinks
|-resisted|p2a: Falinks
|-damage|p2a: Falinks|209/246
|-enditem|p2a: Falinks|Choice Band|[from] move: Knock Off|[of] p1a: Passimian
|
|upkeep
|turn|5
|
|t:|1685559798
|switch|p1a: Comfey|Comfey, L86, F|228/228
|move|p2a: Falinks|Poison Jab|p1a: Comfey
|-supereffective|p1a: Comfey
|-damage|p1a: Comfey|118/228
|
|upkeep
|turn|6
|inactive|Michielleus has 270 seconds left.
|
|t:|1685559832
|switch|p2a: Marowak|Marowak-Alola, L84, F|223/238
|move|p1a: Comfey|Draining Kiss|p2a: Marowak
|-resisted|p2a: Marowak
|-damage|p2a: Marowak|192/238
|-heal|p1a: Comfey|141/228|[from] drain|[of] p2a: Marowak
|-damage|p1a: Comfey|119/228|[from] item: Life Orb
|
|upkeep
|turn|7
|inactive|Michielleus has 270 seconds left.
|
|t:|1685559860
|switch|p1a: Ho-Oh|Ho-Oh, L72|131/272
|move|p2a: Marowak|Poltergeist|p1a: Ho-Oh
|-activate|p1a: Ho-Oh|move: Poltergeist|Heavy-Duty Boots
|-damage|p1a: Ho-Oh|0 fnt
|faint|p1a: Ho-Oh
|
|upkeep
|
|t:|1685559881
|switch|p1a: Decidueye|Decidueye, L86, M|274/274
|turn|8
|
|t:|1685559896
|switch|p2a: Golisopod|Golisopod, L84, M|263/263
|move|p1a: Decidueye|Poltergeist|p2a: Golisopod
|-activate|p2a: Golisopod|move: Poltergeist|Choice Band
|-damage|p2a: Golisopod|164/263
|
|upkeep
|turn|9
|
|t:|1685559912
|move|p2a: Golisopod|First Impression|p1a: Decidueye
|-damage|p1a: Decidueye|88/274
|move|p1a: Decidueye|Poltergeist|p2a: Golisopod
|-activate|p2a: Golisopod|move: Poltergeist|Choice Band
|-damage|p2a: Golisopod|79/263
|-activate|p2a: Golisopod|ability: Emergency Exit
|inactive|odr has 240 seconds left.
|
|t:|1685559933
|switch|p2a: Falinks|Falinks, L84|209/246
|
|upkeep
|turn|10
|inactive|odr has 240 seconds left.
|
|t:|1685559961
|switch|p1a: Comfey|Comfey, L86, F|119/228
|move|p2a: Falinks|Throat Chop|p1a: Comfey
|-resisted|p1a: Comfey
|-damage|p1a: Comfey|90/228
|-start|p1a: Comfey|Throat Chop|[silent]
|
|upkeep
|turn|11
|inactive|Michielleus has 240 seconds left.
|
|t:|1685559988
|switch|p1a: Decidueye|Decidueye, L86, M|88/274
|switch|p2a: Marowak|Marowak-Alola, L84, F|192/238
|
|upkeep
|turn|12
|inactive|Michielleus has 240 seconds left.
|
|t:|1685559996
|switch|p2a: Falinks|Falinks, L84|209/246
|move|p1a: Decidueye|Roost|p1a: Decidueye
|-heal|p1a: Decidueye|225/274
|-singleturn|p1a: Decidueye|move: Roost
|
|upkeep
|turn|13
|
|t:|1685560001
|switch|p1a: Comfey|Comfey, L86, F|90/228
|move|p2a: Falinks|Poison Jab|p1a: Comfey
|-supereffective|p1a: Comfey
|-crit|p1a: Comfey
|-damage|p1a: Comfey|0 fnt
|faint|p1a: Comfey
|
|upkeep
|
|t:|1685560005
|switch|p1a: Ninjask|Ninjask, L86, M|245/245
|turn|14
|
|t:|1685560028
|move|p1a: Ninjask|Acrobatics|p2a: Falinks
|-supereffective|p2a: Falinks
|-damage|p2a: Falinks|9/246
|move|p2a: Falinks|Rock Slide|p1a: Ninjask
|-supereffective|p1a: Ninjask
|-damage|p1a: Ninjask|0 fnt
|faint|p1a: Ninjask
|
|upkeep
|
|t:|1685560034
|switch|p1a: Passimian|Passimian, L82, F|208/298
|turn|15
|
|t:|1685560042
|move|p1a: Passimian|Knock Off|p2a: Falinks
|-resisted|p2a: Falinks
|-damage|p2a: Falinks|0 fnt
|faint|p2a: Falinks
|
|upkeep
|inactive|odr has 240 seconds left.
|inactive|odr has 210 seconds left.
|
|t:|1685560081
|switch|p2a: Rotom|Rotom-Fan, L84|221/221
|turn|16
|
|t:|1685560096
|switch|p1a: Glastrier|Glastrier, L82|298/298
|move|p2a: Rotom|Nasty Plot|p2a: Rotom
|-boost|p2a: Rotom|spa|2
|
|upkeep
|turn|17
|
|t:|1685560113
|switch|p2a: Golisopod|Golisopod, L84, M|79/263
|-start|p1a: Glastrier|Dynamax|
|-heal|p1a: Glastrier|596/596|[silent]
|move|p1a: Glastrier|Max Hailstorm|p2a: Golisopod
|-resisted|p2a: Golisopod
|-damage|p2a: Golisopod|14/263
|-weather|Hail
|
|-weather|Hail|[upkeep]
|-damage|p2a: Golisopod|0 fnt|[from] Hail
|faint|p2a: Golisopod
|upkeep
|inactive|odr has 210 seconds left.
|
|t:|1685560135
|switch|p2a: Marowak|Marowak-Alola, L84, F|192/238
|turn|18
|
|t:|1685560138
|move|p2a: Marowak|Flare Blitz|p1a: Glastrier
|-supereffective|p1a: Glastrier
|-damage|p1a: Glastrier|242/596
|-damage|p2a: Marowak|75/238|[from] Recoil
|move|p1a: Glastrier|Max Quake|p2a: Marowak
|-supereffective|p2a: Marowak
|-damage|p2a: Marowak|0 fnt
|-boost|p1a: Glastrier|spd|1
|faint|p2a: Marowak
|-ability|p1a: Glastrier|Chilling Neigh|boost
|-boost|p1a: Glastrier|atk|1
|
|-weather|Hail|[upkeep]
|upkeep
|
|t:|1685560143
|switch|p2a: Lycanroc|Lycanroc-Midnight, L82, F|274/274
|turn|19
|
|t:|1685560149
|move|p2a: Lycanroc|Stone Edge|p1a: Glastrier
|-supereffective|p1a: Glastrier
|-damage|p1a: Glastrier|29/596
|-damage|p2a: Lycanroc|247/274|[from] item: Life Orb
|move|p1a: Glastrier|Max Quake|p2a: Lycanroc
|-supereffective|p2a: Lycanroc
|-crit|p2a: Lycanroc
|-damage|p2a: Lycanroc|0 fnt
|-boost|p1a: Glastrier|spd|1
|faint|p2a: Lycanroc
|-ability|p1a: Glastrier|Chilling Neigh|boost
|-boost|p1a: Glastrier|atk|1
|
|-weather|Hail|[upkeep]
|upkeep
|
|t:|1685560154
|switch|p2a: Rotom|Rotom-Fan, L84|221/221
|-end|p1a: Glastrier|Dynamax
|-heal|p1a: Glastrier|15/298|[silent]
|turn|20
|
|t:|1685560159
|move|p2a: Rotom|Thunderbolt|p1a: Glastrier
|-damage|p1a: Glastrier|0 fnt
|faint|p1a: Glastrier
|
|-weather|Hail|[upkeep]
|-damage|p2a: Rotom|208/221|[from] Hail
|upkeep
|
|t:|1685560164
|switch|p1a: Decidueye|Decidueye, L86, M|225/274
|turn|21
|
|t:|1685560168
|-start|p2a: Rotom|Dynamax|
|-heal|p2a: Rotom|416/442|[silent]
|move|p2a: Rotom|Max Airstream|p1a: Decidueye
|-supereffective|p1a: Decidueye
|-damage|p1a: Decidueye|0 fnt
|-boost|p2a: Rotom|spe|1
|faint|p1a: Decidueye
|
|-weather|none
|upkeep
|
|t:|1685560170
|switch|p1a: Passimian|Passimian, L82, F|208/298
|turn|22
|c|☆odr|gg
|
|t:|1685560173
|move|p2a: Rotom|Max Airstream|p1a: Passimian
|-supereffective|p1a: Passimian
|-damage|p1a: Passimian|0 fnt
|-boost|p2a: Rotom|spe|1
|faint|p1a: Passimian
|
|win|odr
|c|☆Michielleus|gg
|l|☆odr
|l|☆Michielleus
|j|☆odr
|player|p2|odr|#scl1islanders
