|j|☆vrioki
|j|‽Pokemh test
|t:|1683783974
|gametype|singles
|player|p1|vrioki|170|1000
|player|p2|Pokemh test|waitress-gen4|1000
|teamsize|p1|6
|teamsize|p2|6
|gen|8
|tier|[Gen 8] Random Battle
|rated|
|rule|Species Clause: Limit one of each Pokémon
|rule|HP Percentage Mod: HP is shown in percentages
|rule|Sleep Clause Mod: Limit one foe put to sleep
|
|t:|1683783974
|start
|switch|p1a: Suicune|Suicune, L80|291/291
|switch|p2a: Volcarona|Volcarona, L76, F|254/254
|-ability|p1a: Suicune|Pressure
|turn|1
|inactive|Battle timer is ON: inactive players will automatically lose when time's up. (requested by Pokemh test)
|-message|Pokemh test forfeited.
|
|win|vrioki
|raw|vrioki's rating: 1000 &rarr; <strong>1040</strong><br />(+40 for winning)
|raw|Pokemh test's rating: 1000 &rarr; <strong>1000</strong><br />(+0 for losing)
|l|‽Pokemh test
