|j|☆gareeb adani
|j|☆Teezyweezy
|t:|1685109384
|gametype|singles
|player|p1|gareeb adani|101|1471
|player|p2|Teezyweezy|101|1305
|teamsize|p1|6
|teamsize|p2|6
|gen|8
|tier|[Gen 8] Random Battle
|rated|
|rule|Species Clause: Limit one of each Pokémon
|rule|HP Percentage Mod: HP is shown in percentages
|rule|Sleep Clause Mod: Limit one foe put to sleep
|
|t:|1685109384
|start
|switch|p1a: Cobalion|Cobalion, L78|270/270
|switch|p2a: Glastrier|Glastrier, L82|298/298
|turn|1
|inactive|Battle timer is ON: inactive players will automatically lose when time's up. (requested by Teezyweezy)
|
|t:|1685109406
|switch|p2a: Incineroar|Incineroar, L80, M|283/283
|-ability|p2a: Incineroar|Intimidate|boost
|-unboost|p1a: Cobalion|atk|1
|move|p1a: Cobalion|Swords Dance|p1a: Cobalion
|-boost|p1a: Cobalion|atk|2
|
|upkeep
|turn|2
|inactive|gareeb adani has 120 seconds left.
|
|t:|1685109437
|move|p1a: Cobalion|Close Combat|p2a: Incineroar
|-supereffective|p2a: Incineroar
|-damage|p2a: Incineroar|0 fnt
|-unboost|p1a: Cobalion|def|1
|-unboost|p1a: Cobalion|spd|1
|faint|p2a: Incineroar
|
|upkeep
|
|t:|1685109452
|switch|p2a: Rotom|Rotom, L84|221/221
|turn|3
|
|t:|1685109461
|move|p1a: Cobalion|Stone Edge|p2a: Rotom
|-damage|p2a: Rotom|130/221
|move|p2a: Rotom|Will-O-Wisp|p1a: Cobalion
|-status|p1a: Cobalion|brn
|-enditem|p1a: Cobalion|Lum Berry|[eat]
|-curestatus|p1a: Cobalion|brn|[msg]
|
|-heal|p2a: Rotom|143/221|[from] item: Leftovers
|upkeep
|turn|4
|
|t:|1685109468
|switch|p1a: Heatmor|Heatmor, L90, F|299/299
|move|p2a: Rotom|Will-O-Wisp|p1a: Heatmor
|-start|p1a: Heatmor|ability: Flash Fire
|
|-heal|p2a: Rotom|156/221|[from] item: Leftovers
|upkeep
|turn|5
|
|t:|1685109475
|switch|p2a: Landorus|Landorus, L76, M|260/260
|move|p1a: Heatmor|Substitute|p1a: Heatmor
|-start|p1a: Heatmor|Substitute
|-damage|p1a: Heatmor|225/299
|
|upkeep
|turn|6
|
|t:|1685109487
|move|p2a: Landorus|Earth Power|p1a: Heatmor
|-supereffective|p1a: Heatmor
|-end|p1a: Heatmor|Substitute
|move|p1a: Heatmor|Fire Lash|p2a: Landorus
|-damage|p2a: Landorus|115/260
|-unboost|p2a: Landorus|def|1
|
|upkeep
|turn|7
|
|t:|1685109494
|-end|p1a: Heatmor|ability: Flash Fire|[silent]
|switch|p1a: Audino|Audino, L91, M|335/335
|move|p2a: Landorus|Earth Power|p1a: Audino
|-damage|p1a: Audino|202/335
|
|-heal|p1a: Audino|222/335|[from] item: Leftovers
|upkeep
|turn|8
|
|t:|1685109502
|switch|p2a: Glastrier|Glastrier, L82|298/298
|move|p1a: Audino|Knock Off|p2a: Glastrier
|-damage|p2a: Glastrier|253/298
|-enditem|p2a: Glastrier|Heavy-Duty Boots|[from] move: Knock Off|[of] p1a: Audino
|
|-heal|p1a: Audino|242/335|[from] item: Leftovers
|upkeep
|turn|9
|
|t:|1685109508
|move|p1a: Audino|Wish|p1a: Audino
|move|p2a: Glastrier|Close Combat|p1a: Audino
|-supereffective|p1a: Audino
|-damage|p1a: Audino|46/335
|-unboost|p2a: Glastrier|def|1
|-unboost|p2a: Glastrier|spd|1
|
|-heal|p1a: Audino|66/335|[from] item: Leftovers
|upkeep
|turn|10
|
|t:|1685109518
|move|p1a: Audino|Protect|p1a: Audino
|-singleturn|p1a: Audino|Protect
|move|p2a: Glastrier|Swords Dance|p2a: Glastrier
|-boost|p2a: Glastrier|atk|2
|
|-heal|p1a: Audino|233/335|[from] move: Wish|[wisher] Audino
|-heal|p1a: Audino|253/335|[from] item: Leftovers
|upkeep
|turn|11
|
|t:|1685109522
|switch|p1a: Heatmor|Heatmor, L90, F|225/299
|move|p2a: Glastrier|Close Combat|p1a: Heatmor
|-damage|p1a: Heatmor|0 fnt
|-unboost|p2a: Glastrier|def|1
|-unboost|p2a: Glastrier|spd|1
|faint|p1a: Heatmor
|-ability|p2a: Glastrier|Chilling Neigh|boost
|-boost|p2a: Glastrier|atk|1
|
|upkeep
|
|t:|1685109528
|switch|p1a: Cobalion|Cobalion, L78|270/270
|turn|12
|
|t:|1685109532
|move|p1a: Cobalion|Iron Head|p2a: Glastrier
|-supereffective|p2a: Glastrier
|-damage|p2a: Glastrier|25/298
|move|p2a: Glastrier|Close Combat|p1a: Cobalion
|-supereffective|p1a: Cobalion
|-damage|p1a: Cobalion|0 fnt
|-unboost|p2a: Glastrier|def|1
|-unboost|p2a: Glastrier|spd|1
|faint|p1a: Cobalion
|-ability|p2a: Glastrier|Chilling Neigh|boost
|-boost|p2a: Glastrier|atk|1
|
|upkeep
|
|t:|1685109554
|switch|p1a: Audino|Audino, L91, M|335/335
|turn|13
|
|t:|1685109557
|move|p1a: Audino|Knock Off|p2a: Glastrier
|-damage|p2a: Glastrier|0 fnt
|faint|p2a: Glastrier
|
|upkeep
|
|t:|1685109564
|switch|p2a: Maractus|Maractus, L95, F|296/296
|turn|14
|
|t:|1685109576
|move|p2a: Maractus|Leech Seed|p1a: Audino
|-start|p1a: Audino|move: Leech Seed
|move|p1a: Audino|Wish|p1a: Audino
|
|-damage|p1a: Audino|294/335|[from] Leech Seed|[of] p2a: Maractus
|upkeep
|turn|15
|
|t:|1685109582
|switch|p1a: Drapion|Drapion, L82, M|249/249
|move|p2a: Maractus|Energy Ball|p1a: Drapion
|-resisted|p1a: Drapion
|-damage|p1a: Drapion|177/249
|
|-heal|p1a: Drapion|249/249|[from] move: Wish|[wisher] Audino
|upkeep
|turn|16
|
|t:|1685109591
|switch|p2a: Togedemaru|Togedemaru, L86, F|252/252
|move|p1a: Drapion|Swords Dance|p1a: Drapion
|-boost|p1a: Drapion|atk|2
|
|upkeep
|turn|17
|
|t:|1685109597
|move|p2a: Togedemaru|Iron Head|p1a: Drapion
|-damage|p1a: Drapion|176/249
|cant|p1a: Drapion|flinch
|
|upkeep
|turn|18
|
|t:|1685109612
|switch|p2a: Rotom|Rotom, L84|156/221
|move|p1a: Drapion|Earthquake|p2a: Rotom
|-immune|p2a: Rotom|[from] ability: Levitate
|
|-heal|p2a: Rotom|169/221|[from] item: Leftovers
|upkeep
|turn|19
|
|t:|1685109619
|move|p1a: Drapion|Knock Off|p2a: Rotom
|-supereffective|p2a: Rotom
|-damage|p2a: Rotom|0 fnt
|-enditem|p2a: Rotom|Leftovers|[from] move: Knock Off|[of] p1a: Drapion
|faint|p2a: Rotom
|-damage|p1a: Drapion|152/249|[from] item: Life Orb
|
|upkeep
|
|t:|1685109621
|switch|p2a: Landorus|Landorus, L76, M|115/260
|turn|20
|
|t:|1685109624
|move|p1a: Drapion|Knock Off|p2a: Landorus
|-damage|p2a: Landorus|0 fnt
|-enditem|p2a: Landorus|Life Orb|[from] move: Knock Off|[of] p1a: Drapion
|faint|p2a: Landorus
|-damage|p1a: Drapion|128/249|[from] item: Life Orb
|
|upkeep
|-message|Teezyweezy forfeited.
|
|win|gareeb adani
|raw|gareeb adani's rating: 1471 &rarr; <strong>1482</strong><br />(+11 for winning)
|raw|Teezyweezy's rating: 1305 &rarr; <strong>1294</strong><br />(-11 for losing)
|l|☆Teezyweezy
