|j|☆NPC_JaMa
|j|☆totallynotbgg
|t:|1684339228
|gametype|singles
|player|p1|NPC_JaMa|169|1149
|player|p2|totallynotbgg|2|1125
|teamsize|p1|6
|teamsize|p2|6
|gen|8
|tier|[Gen 8] Random Battle
|rated|
|rule|Species Clause: Limit one of each Pokémon
|rule|HP Percentage Mod: HP is shown in percentages
|rule|Sleep Clause Mod: Limit one foe put to sleep
|
|t:|1684339228
|start
|switch|p1a: Golduck|Golduck, L86, F|243/243
|switch|p2a: Shuckle|Shuckle, L87, M|177/177
|turn|1
|inactive|Battle timer is ON: inactive players will automatically lose when time's up. (requested by NPC_JaMa)
|
|t:|1684339244
|move|p1a: Golduck|Flamethrower|p2a: Shuckle
|-damage|p2a: Shuckle|143/177
|move|p2a: Shuckle|Sticky Web|p1a: Golduck
|-sidestart|p1: NPC_JaMa|move: Sticky Web
|
|upkeep
|turn|2
|
|t:|1684339271
|move|p1a: Golduck|Flamethrower|p2a: Shuckle
|-damage|p2a: Shuckle|107/177
|move|p2a: Shuckle|Knock Off|p1a: Golduck
|-resisted|p1a: Golduck
|-damage|p1a: Golduck|229/243
|replace|p1a: Zoroark|Zoroark, L86, M
|-end|p1a: Zoroark|Illusion
|-enditem|p1a: Zoroark|Focus Sash|[from] move: Knock Off|[of] p2a: Shuckle
|
|upkeep
|turn|3
|inactive|NPC_JaMa has 120 seconds left.
|
|t:|1684339290
|move|p1a: Zoroark|Flamethrower|p2a: Shuckle
|-damage|p2a: Shuckle|69/177
|move|p2a: Shuckle|Stealth Rock|p1a: Zoroark
|-sidestart|p1: NPC_JaMa|move: Stealth Rock
|
|upkeep
|turn|4
|
|t:|1684339297
|move|p1a: Zoroark|Flamethrower|p2a: Shuckle
|-damage|p2a: Shuckle|37/177
|move|p2a: Shuckle|Toxic|p1a: Zoroark
|-status|p1a: Zoroark|tox
|
|-damage|p1a: Zoroark|214/243 tox|[from] psn
|upkeep
|turn|5
|
|t:|1684339304
|move|p1a: Zoroark|Flamethrower|p2a: Shuckle
|-damage|p2a: Shuckle|4/177
|move|p2a: Shuckle|Knock Off|p1a: Zoroark
|-resisted|p1a: Zoroark
|-damage|p1a: Zoroark|204/243 tox
|
|-damage|p1a: Zoroark|174/243 tox|[from] psn
|upkeep
|turn|6
|
|t:|1684339314
|move|p1a: Zoroark|Flamethrower|p2a: Shuckle
|-damage|p2a: Shuckle|0 fnt
|faint|p2a: Shuckle
|
|-damage|p1a: Zoroark|129/243 tox|[from] psn
|upkeep
|
|t:|1684339323
|switch|p2a: Talonflame|Talonflame, L81, F|259/259
|turn|7
|
|t:|1684339346
|switch|p1a: Golduck|Golduck, L86, F|278/278
|-activate|p1a: Golduck|move: Sticky Web
|-unboost|p1a: Golduck|spe|1
|-damage|p1a: Golduck|244/278|[from] Stealth Rock
|move|p2a: Talonflame|Brave Bird|p1a: Golduck
|-damage|p1a: Golduck|139/278
|-damage|p2a: Talonflame|224/259|[from] Recoil
|
|upkeep
|turn|8
|
|t:|1684339359
|move|p2a: Talonflame|Brave Bird|p1a: Golduck
|-damage|p1a: Golduck|31/278
|-damage|p2a: Talonflame|188/259|[from] Recoil
|move|p1a: Golduck|Scald|p2a: Talonflame
|-supereffective|p2a: Talonflame
|-damage|p2a: Talonflame|0 fnt
|faint|p2a: Talonflame
|-damage|p1a: Golduck|4/278|[from] item: Life Orb
|
|upkeep
|
|t:|1684339365
|switch|p2a: Polteageist|Polteageist, L78|222/222
|turn|9
|
|t:|1684339373
|move|p2a: Polteageist|Shell Smash|p2a: Polteageist
|-unboost|p2a: Polteageist|def|1
|-unboost|p2a: Polteageist|spd|1
|-boost|p2a: Polteageist|atk|2
|-boost|p2a: Polteageist|spa|2
|-boost|p2a: Polteageist|spe|2
|-enditem|p2a: Polteageist|White Herb
|-clearnegativeboost|p2a: Polteageist|[silent]
|move|p1a: Golduck|Psyshock|p2a: Polteageist
|-damage|p2a: Polteageist|122/222
|-damage|p1a: Golduck|0 fnt|[from] item: Life Orb
|faint|p1a: Golduck
|
|upkeep
|
|t:|1684339388
|switch|p1a: Giratina|Giratina-Origin, L86|129/243 tox
|-activate|p1a: Giratina|move: Sticky Web
|-unboost|p1a: Giratina|spe|1
|-damage|p1a: Giratina|99/243 tox|[from] Stealth Rock
|turn|10
|
|t:|1684339403
|-start|p2a: Polteageist|Dynamax|
|-heal|p2a: Polteageist|244/444|[silent]
|move|p2a: Polteageist|Max Phantasm|p1a: Giratina
|-resisted|p1a: Giratina
|-damage|p1a: Giratina|0 fnt
|replace|p1a: Zoroark|Zoroark, L86, M
|-end|p1a: Zoroark|Illusion
|faint|p1a: Zoroark
|
|upkeep
|inactive|NPC_JaMa has 120 seconds left.
|
|t:|1684339420
|switch|p1a: Aggron|Aggron, L85, F|258/258
|-damage|p1a: Aggron|242/258|[from] Stealth Rock
|-item|p1a: Aggron|Air Balloon
|turn|11
|inactive|NPC_JaMa has 120 seconds left.
|
|t:|1684339431
|move|p2a: Polteageist|Max Phantasm|p1a: Aggron
|-crit|p1a: Aggron
|-damage|p1a: Aggron|0 fnt
|-enditem|p1a: Aggron|Air Balloon
|faint|p1a: Aggron
|
|upkeep
|inactive|NPC_JaMa has 120 seconds left.
|
|t:|1684339441
|switch|p1a: Giratina|Giratina-Origin, L74|344/344
|-damage|p1a: Giratina|301/344|[from] Stealth Rock
|turn|12
|inactive|NPC_JaMa has 120 seconds left.
|
|t:|1684339461
|-start|p1a: Giratina|Dynamax|
|-heal|p1a: Giratina|602/688|[silent]
|move|p1a: Giratina|Max Guard|p1a: Giratina
|-singleturn|p1a: Giratina|Max Guard
|move|p2a: Polteageist|Max Phantasm|p1a: Giratina
|-activate|p1a: Giratina|move: Max Guard
|
|upkeep
|-end|p2a: Polteageist|Dynamax
|-heal|p2a: Polteageist|122/222|[silent]
|turn|13
|inactive|NPC_JaMa has 120 seconds left.
|
|t:|1684339477
|move|p2a: Polteageist|Shadow Ball|p1a: Giratina
|-supereffective|p1a: Giratina
|-damage|p1a: Giratina|230/688
|move|p1a: Giratina|Max Phantasm|p2a: Polteageist
|-supereffective|p2a: Polteageist
|-damage|p2a: Polteageist|0 fnt
|faint|p2a: Polteageist
|
|upkeep
|
|t:|1684339485
|switch|p2a: Beartic|Beartic, L86, F|303/303
|turn|14
|inactive|NPC_JaMa has 120 seconds left.
|
|t:|1684339498
|move|p1a: Giratina|Max Wyrmwind|p2a: Beartic
|-damage|p2a: Beartic|126/303
|-unboost|p2a: Beartic|atk|1
|move|p2a: Beartic|Icicle Crash|p1a: Giratina
|-supereffective|p1a: Giratina
|-damage|p1a: Giratina|0 fnt
|faint|p1a: Giratina
|
|upkeep
|
|t:|1684339510
|switch|p1a: Jirachi|Jirachi, L79|288/288
|-activate|p1a: Jirachi|move: Sticky Web
|-unboost|p1a: Jirachi|spe|1
|-damage|p1a: Jirachi|270/288|[from] Stealth Rock
|turn|15
|
|t:|1684339518
|switch|p2a: Doublade|Doublade, L82, M|231/231
|move|p1a: Jirachi|Fire Punch|p2a: Doublade
|-supereffective|p2a: Doublade
|-damage|p2a: Doublade|189/231
|
|-heal|p1a: Jirachi|288/288|[from] item: Leftovers
|upkeep
|turn|16
|inactive|NPC_JaMa has 120 seconds left.
|
|t:|1684339529
|move|p1a: Jirachi|U-turn|p2a: Doublade
|-resisted|p2a: Doublade
|-damage|p2a: Doublade|184/231
|
|t:|1684339533
|switch|p1a: Espeon|Espeon, L82, M|241/241|[from] U-turn
|-activate|p1a: Espeon|move: Sticky Web
|-unboost|p1a: Espeon|spe|1
|-damage|p1a: Espeon|211/241|[from] Stealth Rock
|move|p2a: Doublade|Swords Dance|p2a: Doublade
|-boost|p2a: Doublade|atk|2
|
|-heal|p1a: Espeon|226/241|[from] item: Leftovers
|upkeep
|turn|17
|inactive|NPC_JaMa has 120 seconds left.
|
|t:|1684339548
|move|p2a: Doublade|Shadow Sneak|p1a: Espeon
|-supereffective|p1a: Espeon
|-damage|p1a: Espeon|0 fnt
|faint|p1a: Espeon
|
|upkeep
|
|t:|1684339552
|switch|p1a: Jirachi|Jirachi, L79|288/288
|-activate|p1a: Jirachi|move: Sticky Web
|-unboost|p1a: Jirachi|spe|1
|-damage|p1a: Jirachi|270/288|[from] Stealth Rock
|turn|18
|
|t:|1684339562
|move|p1a: Jirachi|Fire Punch|p2a: Doublade
|-supereffective|p2a: Doublade
|-damage|p2a: Doublade|138/231
|-status|p2a: Doublade|brn
|move|p2a: Doublade|Close Combat|p1a: Jirachi
|-damage|p1a: Jirachi|186/288
|-unboost|p2a: Doublade|def|1
|-unboost|p2a: Doublade|spd|1
|
|-heal|p1a: Jirachi|204/288|[from] item: Leftovers
|-damage|p2a: Doublade|124/231 brn|[from] brn
|upkeep
|turn|19
|
|t:|1684339576
|move|p2a: Doublade|Shadow Sneak|p1a: Jirachi
|-supereffective|p1a: Jirachi
|-damage|p1a: Jirachi|117/288
|move|p1a: Jirachi|Toxic||[still]
|-fail|p1a: Jirachi
|
|-heal|p1a: Jirachi|135/288|[from] item: Leftovers
|-damage|p2a: Doublade|110/231 brn|[from] brn
|upkeep
|turn|20
|
|t:|1684339584
|move|p2a: Doublade|Shadow Sneak|p1a: Jirachi
|-supereffective|p1a: Jirachi
|-crit|p1a: Jirachi
|-damage|p1a: Jirachi|11/288
|move|p1a: Jirachi|Fire Punch|p2a: Doublade
|-supereffective|p2a: Doublade
|-damage|p2a: Doublade|44/231 brn
|
|-heal|p1a: Jirachi|29/288|[from] item: Leftovers
|-damage|p2a: Doublade|30/231 brn|[from] brn
|upkeep
|turn|21
|
|t:|1684339594
|move|p2a: Doublade|Shadow Sneak|p1a: Jirachi
|-supereffective|p1a: Jirachi
|-damage|p1a: Jirachi|0 fnt
|faint|p1a: Jirachi
|
|win|totallynotbgg
|raw|NPC_JaMa's rating: 1149 &rarr; <strong>1122</strong><br />(-27 for losing)
|raw|totallynotbgg's rating: 1125 &rarr; <strong>1152</strong><br />(+27 for winning)
