|j|☆uchiha jeson
|j|☆ElizaTezuna
|t:|1685253258
|gametype|singles
|player|p1|uchiha jeson|2|1126
|player|p2|ElizaTezuna|pokemonrangerf-gen4|1120
|teamsize|p1|6
|teamsize|p2|6
|gen|8
|tier|[Gen 8] Random Battle
|rated|
|rule|Species Clause: Limit one of each Pokémon
|rule|HP Percentage Mod: HP is shown in percentages
|rule|Sleep Clause Mod: Limit one foe put to sleep
|
|t:|1685253258
|start
|switch|p1a: Marowak|Marowak-Alola, L84, F|238/238
|switch|p2a: Alcremie|Alcremie, L86, F|252/252
|turn|1
|-message|uchiha jeson forfeited.
|
|win|ElizaTezuna
|raw|uchiha jeson's rating: 1126 &rarr; <strong>1101</strong><br />(-25 for losing)
|raw|ElizaTezuna's rating: 1120 &rarr; <strong>1145</strong><br />(+25 for winning)
|l|☆uchiha jeson
