|j|☆pokeblade☆101
|j|☆Popshots
|t:|1656092361
|gametype|singles
|player|p1|pokeblade☆101|#helpstaff|2421
|player|p2|Popshots|101|2448
|teamsize|p1|6
|teamsize|p2|6
|gen|8
|tier|[Gen 8] Random Battle
|rated|
|rule|Species Clause: Limit one of each Pokémon
|rule|HP Percentage Mod: HP is shown in percentages
|rule|Sleep Clause Mod: Limit one foe put to sleep
|
|t:|1656092361
|start
|switch|p1a: Roserade|Roserade, L84, M|238/238
|switch|p2a: Dhelmise|Dhelmise, L86|261/261
|turn|1
|inactive|Battle timer is ON: inactive players will automatically lose when time's up. (requested by Popshots)
|
|t:|1656092381
|switch|p1a: Heliolisk|Heliolisk, L82, F|236/236
|move|p2a: Dhelmise|Anchor Shot|p1a: Heliolisk
|-resisted|p1a: Heliolisk
|-damage|p1a: Heliolisk|146/236
|-activate|p1a: Heliolisk|trapped
|
|upkeep
|turn|2
|
|t:|1656092386
|move|p1a: Heliolisk|Volt Switch|p2a: Dhelmise
|-resisted|p2a: Dhelmise
|-damage|p2a: Dhelmise|227/261
|-damage|p1a: Heliolisk|123/236|[from] item: Life Orb
|
|t:|1656092394
|switch|p1a: Azumarill|Azumarill, L84, M|305/305
|move|p2a: Dhelmise|Power Whip|p1a: Azumarill
|-supereffective|p1a: Azumarill
|-damage|p1a: Azumarill|0 fnt
|faint|p1a: Azumarill
|
|upkeep
|
|t:|1656092398
|switch|p1a: Vanilluxe|Vanilluxe, L82, M|251/251
|-weather|Hail|[from] ability: Snow Warning|[of] p1a: Vanilluxe
|turn|3
|
|t:|1656092406
|switch|p2a: Reshiram|Reshiram, L74|270/270
|-ability|p2a: Reshiram|Turboblaze
|move|p1a: Vanilluxe|Blizzard|p2a: Reshiram
|-damage|p2a: Reshiram|159/270
|-status|p2a: Reshiram|frz
|
|-weather|Hail|[upkeep]
|-damage|p2a: Reshiram|143/270 frz|[from] Hail
|upkeep
|turn|4
|
|t:|1656092413
|move|p1a: Vanilluxe|Aurora Veil|p1a: Vanilluxe
|-sidestart|p1: pokeblade☆101|move: Aurora Veil
|cant|p2a: Reshiram|frz
|
|-weather|Hail|[upkeep]
|-damage|p2a: Reshiram|127/270 frz|[from] Hail
|upkeep
|turn|5
|
|t:|1656092419
|switch|p2a: Volcarona|Volcarona, L76, F|254/254
|move|p1a: Vanilluxe|Blizzard|p2a: Volcarona
|-resisted|p2a: Volcarona
|-damage|p2a: Volcarona|191/254
|-status|p2a: Volcarona|frz
|
|-weather|Hail|[upkeep]
|-damage|p2a: Volcarona|176/254 frz|[from] Hail
|upkeep
|turn|6
|
|t:|1656092438
|switch|p2a: Ribombee|Ribombee, L82, F|233/233
|switch|p1a: Regidrago|Regidrago, L78|440/440
|
|-weather|Hail|[upkeep]
|-damage|p2a: Ribombee|219/233|[from] Hail
|-damage|p1a: Regidrago|413/440|[from] Hail
|upkeep
|turn|7
|
|t:|1656092444
|switch|p1a: Roserade|Roserade, L84, M|238/238
|move|p2a: Ribombee|Moonblast|p1a: Roserade
|-resisted|p1a: Roserade
|-damage|p1a: Roserade|217/238
|
|-weather|none
|upkeep
|turn|8
|
|t:|1656092449
|move|p2a: Ribombee|Sticky Web|p1a: Roserade
|-sidestart|p1: pokeblade☆101|move: Sticky Web
|move|p1a: Roserade|Toxic Spikes|p2a: Ribombee
|-sidestart|p2: Popshots|move: Toxic Spikes
|
|upkeep
|turn|9
|
|t:|1656092453
|move|p2a: Ribombee|U-turn|p1a: Roserade
|-damage|p1a: Roserade|187/238
|
|t:|1656092460
|switch|p2a: Dhelmise|Dhelmise, L86|227/261
|-status|p2a: Dhelmise|psn
|move|p1a: Roserade|Sludge Bomb|p2a: Dhelmise
|-damage|p2a: Dhelmise|151/261 psn
|
|-damage|p2a: Dhelmise|119/261 psn|[from] psn
|upkeep
|turn|10
|
|t:|1656092479
|switch|p1a: Heliolisk|Heliolisk, L82, F|123/236
|-activate|p1a: Heliolisk|move: Sticky Web
|-unboost|p1a: Heliolisk|spe|1
|move|p2a: Dhelmise|Rapid Spin|p1a: Heliolisk
|-damage|p1a: Heliolisk|89/236
|-boost|p2a: Dhelmise|spe|1
|-sideend|p2: Popshots|Toxic Spikes|[from] move: Rapid Spin|[of] p2a: Dhelmise
|
|-damage|p2a: Dhelmise|87/261 psn|[from] psn
|upkeep
|turn|11
|
|t:|1656092489
|move|p2a: Dhelmise|Power Whip|p1a: Heliolisk
|-damage|p1a: Heliolisk|0 fnt
|faint|p1a: Heliolisk
|
|-damage|p2a: Dhelmise|55/261 psn|[from] psn
|-sideend|p1: pokeblade☆101|move: Aurora Veil
|upkeep
|
|t:|1656092492
|switch|p1a: Accelgor|Accelgor, L86, F|278/278
|turn|12
|
|t:|1656092498
|move|p1a: Accelgor|Bug Buzz|p2a: Dhelmise
|-damage|p2a: Dhelmise|0 fnt
|faint|p2a: Dhelmise
|
|upkeep
|
|t:|1656092506
|switch|p2a: Volcarona|Volcarona, L76, F|176/254 frz
|turn|13
|
|t:|1656092510
|move|p1a: Accelgor|Sludge Bomb|p2a: Volcarona
|-damage|p2a: Volcarona|113/254 frz
|cant|p2a: Volcarona|frz
|
|upkeep
|turn|14
|
|t:|1656092512
|move|p1a: Accelgor|Sludge Bomb|p2a: Volcarona
|-damage|p2a: Volcarona|43/254 frz
|-curestatus|p2a: Volcarona|frz|[msg]
|move|p2a: Volcarona|Quiver Dance|p2a: Volcarona
|-boost|p2a: Volcarona|spa|1
|-boost|p2a: Volcarona|spd|1
|-boost|p2a: Volcarona|spe|1
|
|upkeep
|turn|15
|inactive|pokeblade☆101 has 120 seconds left.
|
|t:|1656092548
|-start|p2a: Volcarona|Dynamax|
|-heal|p2a: Volcarona|86/508|[silent]
|move|p1a: Accelgor|Sludge Bomb|p2a: Volcarona
|-damage|p2a: Volcarona|40/508
|-status|p2a: Volcarona|psn
|move|p2a: Volcarona|Max Flare|p1a: Accelgor
|-supereffective|p1a: Accelgor
|-damage|p1a: Accelgor|0 fnt
|-weather|SunnyDay
|faint|p1a: Accelgor
|
|-weather|SunnyDay|[upkeep]
|-damage|p2a: Volcarona|9/508 psn|[from] psn
|upkeep
|inactive|pokeblade☆101 has 120 seconds left.
|
|t:|1656092554
|switch|p1a: Regidrago|Regidrago, L78|413/440
|-activate|p1a: Regidrago|move: Sticky Web
|-unboost|p1a: Regidrago|spe|1
|turn|16
|inactive|pokeblade☆101 has 120 seconds left.
|
|t:|1656092564
|-start|p1a: Regidrago|Dynamax|
|-heal|p1a: Regidrago|826/880|[silent]
|move|p2a: Volcarona|Max Flare|p1a: Regidrago
|-resisted|p1a: Regidrago
|-damage|p1a: Regidrago|625/880
|move|p1a: Regidrago|Max Knuckle|p2a: Volcarona
|-resisted|p2a: Volcarona
|-damage|p2a: Volcarona|0 fnt
|-boost|p1a: Regidrago|atk|1
|faint|p2a: Volcarona
|
|-weather|SunnyDay|[upkeep]
|upkeep
|
|t:|1656092575
|switch|p2a: Ribombee|Ribombee, L82, F|219/233
|turn|17
|
|t:|1656092578
|move|p2a: Ribombee|U-turn|p1a: Regidrago
|-damage|p1a: Regidrago|547/880
|
|t:|1656092579
|switch|p2a: Reshiram|Reshiram, L74|127/270 frz
|-ability|p2a: Reshiram|Turboblaze
|move|p1a: Regidrago|Max Flare|p2a: Reshiram
|-resisted|p2a: Reshiram
|-damage|p2a: Reshiram|80/270 frz
|-curestatus|p2a: Reshiram|frz|[msg]
|
|-weather|SunnyDay|[upkeep]
|upkeep
|turn|18
|
|t:|1656092585
|move|p2a: Reshiram|Draco Meteor|p1a: Regidrago
|-supereffective|p1a: Regidrago
|-damage|p1a: Regidrago|209/880
|-unboost|p2a: Reshiram|spa|2
|move|p1a: Regidrago|Max Wyrmwind|p2a: Reshiram
|-supereffective|p2a: Reshiram
|-damage|p2a: Reshiram|0 fnt
|faint|p2a: Reshiram
|
|-weather|SunnyDay|[upkeep]
|upkeep
|
|t:|1656092593
|switch|p2a: Ribombee|Ribombee, L82, F|219/233
|-end|p1a: Regidrago|Dynamax
|-heal|p1a: Regidrago|105/440|[silent]
|turn|19
|inactive|Popshots has 120 seconds left.
|
|t:|1656092639
|switch|p1a: Roserade|Roserade, L84, M|187/238
|-activate|p1a: Roserade|move: Sticky Web
|-unboost|p1a: Roserade|spe|1
|move|p2a: Ribombee|Moonblast|p1a: Roserade
|-resisted|p1a: Roserade
|-damage|p1a: Roserade|146/238
|
|-weather|none
|upkeep
|turn|20
|inactive|Popshots has 90 seconds left.
|
|t:|1656092666
|move|p2a: Ribombee|Psychic|p1a: Roserade
|-supereffective|p1a: Roserade
|-damage|p1a: Roserade|36/238
|move|p1a: Roserade|Sludge Bomb|p2a: Ribombee
|-supereffective|p2a: Ribombee
|-damage|p2a: Ribombee|0 fnt
|faint|p2a: Ribombee
|
|upkeep
|inactive|Popshots has 90 seconds left.
|
|t:|1656092699
|switch|p2a: Pangoro|Pangoro, L84, M|297/297
|turn|21
|-message|pokeblade☆101 forfeited.
|
|win|Popshots
|raw|pokeblade☆101's rating: 2421 &rarr; <strong>2403</strong><br />(-18 for losing)
|raw|Popshots's rating: 2448 &rarr; <strong>2466</strong><br />(+18 for winning)
|l|☆pokeblade☆101
|c|☆Popshots|/log Popshots made this room public.
