|j|☆Sharath47
|j|☆hex1234
|t:|1684337738
|gametype|singles
|player|p1|Sharath47|266|
|player|p2|hex1234|red|
|teamsize|p1|6
|teamsize|p2|6
|gen|8
|tier|[Gen 8] Random Battle
|rule|Species Clause: Limit one of each Pokémon
|rule|HP Percentage Mod: HP is shown in percentages
|rule|Sleep Clause Mod: Limit one foe put to sleep
|
|t:|1684337738
|start
|switch|p1a: Vaporeon|Vaporeon, L84, F|356/356
|switch|p2a: Rhyperior|Rhyperior, L82, M|323/323
|turn|1
|j| PUNITH47
|
|t:|1684337797
|switch|p2a: Ludicolo|Ludicolo, L86, M|278/278
|move|p1a: Vaporeon|Scald|p2a: Ludicolo
|-resisted|p2a: Ludicolo
|-damage|p2a: Ludicolo|259/278
|-status|p2a: Ludicolo|brn
|
|-damage|p2a: Ludicolo|242/278 brn|[from] brn
|upkeep
|turn|2
|j| yukiii512
|
|t:|1684337897
|switch|p1a: Roserade|Roserade, L84, M|238/238
|move|p2a: Ludicolo|Giga Drain|p1a: Roserade
|-resisted|p1a: Roserade
|-damage|p1a: Roserade|217/238
|-heal|p2a: Ludicolo|253/278 brn|[from] drain|[of] p1a: Roserade
|-damage|p2a: Ludicolo|226/278 brn|[from] item: Life Orb
|
|-heal|p1a: Roserade|231/238|[from] item: Black Sludge
|-damage|p2a: Ludicolo|209/278 brn|[from] brn
|upkeep
|turn|3
|
|t:|1684337924
|switch|p2a: Sigilyph|Sigilyph, L83, M|255/255
|move|p1a: Roserade|Sludge Bomb|p2a: Sigilyph
|-damage|p2a: Sigilyph|131/255
|
|-heal|p1a: Roserade|238/238|[from] item: Black Sludge
|upkeep
|turn|4
|
|t:|1684337982
|move|p2a: Sigilyph|Air Slash|p1a: Roserade
|-supereffective|p1a: Roserade
|-damage|p1a: Roserade|35/238
|move|p1a: Roserade|Sleep Powder|p2a: Sigilyph
|-status|p2a: Sigilyph|slp|[from] move: Sleep Powder
|
|-heal|p1a: Roserade|49/238|[from] item: Black Sludge
|upkeep
|turn|5
|l|☆hex1234
|player|p2|
|j|☆hex1234
|player|p2|hex1234|red
|
|t:|1684338014
|cant|p2a: Sigilyph|slp
|move|p1a: Roserade|Sludge Bomb|p2a: Sigilyph
|-damage|p2a: Sigilyph|0 fnt
|faint|p2a: Sigilyph
|
|-heal|p1a: Roserade|63/238|[from] item: Black Sludge
|upkeep
|
|t:|1684338037
|switch|p2a: Rhyperior|Rhyperior, L82, M|323/323
|turn|6
|
|t:|1684338071
|switch|p2a: Malamar|Malamar, L80, M|269/269
|move|p1a: Roserade|Sleep Powder|p2a: Malamar
|-status|p2a: Malamar|slp|[from] move: Sleep Powder
|
|-heal|p1a: Roserade|77/238|[from] item: Black Sludge
|upkeep
|turn|7
|
|t:|1684338169
|switch|p1a: Grimmsnarl|Grimmsnarl, L82, M|290/290
|cant|p2a: Malamar|slp
|
|upkeep
|turn|8
|l|☆hex1234
|player|p2|
|j|☆hex1234
|player|p2|hex1234|red
|
|t:|1684338241
|switch|p2a: Rillaboom|Rillaboom, L78, M|284/284
|-fieldstart|move: Grassy Terrain|[from] ability: Grassy Surge|[of] p2a: Rillaboom
|-enditem|p2a: Rillaboom|Grassy Seed
|-boost|p2a: Rillaboom|def|1|[from] item: Grassy Seed
|move|p1a: Grimmsnarl|Play Rough|p2a: Rillaboom
|-damage|p2a: Rillaboom|193/284
|-damage|p1a: Grimmsnarl|261/290|[from] item: Life Orb
|
|-heal|p2a: Rillaboom|210/284|[from] Grassy Terrain
|-heal|p1a: Grimmsnarl|279/290|[from] Grassy Terrain
|upkeep
|turn|9
|l|☆hex1234
|player|p2|
|j|☆hex1234
|player|p2|hex1234|red
|
|t:|1684338370
|switch|p1a: Druddigon|Druddigon, L84, M|267/267
|move|p2a: Rillaboom|High Horsepower|p1a: Druddigon
|-damage|p1a: Druddigon|191/267
|-damage|p2a: Rillaboom|175/284|[from] ability: Rough Skin|[of] p1a: Druddigon
|
|-heal|p2a: Rillaboom|192/284|[from] Grassy Terrain
|-heal|p1a: Druddigon|207/267|[from] Grassy Terrain
|upkeep
|turn|10
|
|t:|1684338392
|move|p2a: Rillaboom|Swords Dance|p2a: Rillaboom
|-boost|p2a: Rillaboom|atk|2
|move|p1a: Druddigon|Gunk Shot|p2a: Rillaboom
|-supereffective|p2a: Rillaboom
|-damage|p2a: Rillaboom|0 fnt
|faint|p2a: Rillaboom
|
|-heal|p1a: Druddigon|223/267|[from] Grassy Terrain
|upkeep
|
|t:|1684338410
|switch|p2a: Ludicolo|Ludicolo, L86, M|209/278 brn
|turn|11
|
|t:|1684338424
|move|p2a: Ludicolo|Ice Beam|p1a: Druddigon
|-supereffective|p1a: Druddigon
|-damage|p1a: Druddigon|59/267
|-damage|p2a: Ludicolo|182/278 brn|[from] item: Life Orb
|move|p1a: Druddigon|Gunk Shot|p2a: Ludicolo
|-supereffective|p2a: Ludicolo
|-damage|p2a: Ludicolo|0 fnt
|faint|p2a: Ludicolo
|
|-heal|p1a: Druddigon|75/267|[from] Grassy Terrain
|upkeep
|
|t:|1684338442
|switch|p2a: Rhyperior|Rhyperior, L82, M|323/323
|turn|12
|
|t:|1684338486
|move|p1a: Druddigon|Gunk Shot|p2a: Rhyperior|[miss]
|-miss|p1a: Druddigon|p2a: Rhyperior
|move|p2a: Rhyperior|Earthquake|p1a: Druddigon
|-damage|p1a: Druddigon|3/267
|
|-heal|p1a: Druddigon|19/267|[from] Grassy Terrain
|-fieldend|move: Grassy Terrain
|upkeep
|turn|13
|
|t:|1684338496
|move|p1a: Druddigon|Gunk Shot|p2a: Rhyperior
|-resisted|p2a: Rhyperior
|-damage|p2a: Rhyperior|296/323
|-status|p2a: Rhyperior|psn
|move|p2a: Rhyperior|Stone Edge|p1a: Druddigon
|-crit|p1a: Druddigon
|-damage|p1a: Druddigon|0 fnt
|faint|p1a: Druddigon
|
|-damage|p2a: Rhyperior|256/323 psn|[from] psn
|upkeep
|c|☆hex1234|Bro
|c|☆hex1234|Kyas
|
|t:|1684338547
|switch|p1a: Roserade|Roserade, L84, M|77/238
|turn|14
|
|t:|1684338553
|move|p1a: Roserade|Synthesis|p1a: Roserade
|-heal|p1a: Roserade|196/238
|move|p2a: Rhyperior|Fire Punch|p1a: Roserade
|-supereffective|p1a: Roserade
|-damage|p1a: Roserade|36/238
|
|-heal|p1a: Roserade|50/238|[from] item: Black Sludge
|-damage|p2a: Rhyperior|216/323 psn|[from] psn
|upkeep
|turn|15
|
|t:|1684338576
|move|p1a: Roserade|Leaf Storm|p2a: Rhyperior
|-supereffective|p2a: Rhyperior
|-damage|p2a: Rhyperior|0 fnt
|-unboost|p1a: Roserade|spa|2
|faint|p2a: Rhyperior
|
|-heal|p1a: Roserade|64/238|[from] item: Black Sludge
|upkeep
|
|t:|1684338599
|switch|p2a: Malamar|Malamar, L80, M|269/269 slp
|turn|16
|
|t:|1684338609
|move|p1a: Roserade|Synthesis|p1a: Roserade
|-heal|p1a: Roserade|183/238
|cant|p2a: Malamar|slp
|
|-heal|p1a: Roserade|197/238|[from] item: Black Sludge
|upkeep
|turn|17
|
|t:|1684338628
|-start|p2a: Malamar|Dynamax|
|-heal|p2a: Malamar|538/538 slp|[silent]
|move|p1a: Roserade|Sleep Powder|p2a: Malamar
|-fail|p2a: Malamar|slp
|cant|p2a: Malamar|slp
|
|-heal|p1a: Roserade|211/238|[from] item: Black Sludge
|upkeep
|turn|18
|
|t:|1684338652
|-curestatus|p2a: Malamar|slp|[msg]
|move|p2a: Malamar|Max Guard|p2a: Malamar
|-singleturn|p2a: Malamar|Max Guard
|move|p1a: Roserade|Sleep Powder|p2a: Malamar
|-activate|p2a: Malamar|move: Max Guard
|
|-heal|p1a: Roserade|225/238|[from] item: Black Sludge
|upkeep
|turn|19
|
|t:|1684338663
|move|p1a: Roserade|Sleep Powder|p2a: Malamar
|-status|p2a: Malamar|slp|[from] move: Sleep Powder
|cant|p2a: Malamar|slp
|
|-heal|p1a: Roserade|238/238|[from] item: Black Sludge
|upkeep
|-end|p2a: Malamar|Dynamax
|-heal|p2a: Malamar|269/269 slp|[silent]
|turn|20
|
|t:|1684338691
|switch|p1a: Grimmsnarl|Grimmsnarl, L82, M|279/290
|switch|p2a: Reshiram|Reshiram, L74|270/270
|-ability|p2a: Reshiram|Turboblaze
|
|upkeep
|turn|21
|
|t:|1684338728
|switch|p1a: Hippowdon|Hippowdon, L80, F|304/304
|-weather|Sandstorm|[from] ability: Sand Stream|[of] p1a: Hippowdon
|move|p2a: Reshiram|Toxic|p1a: Hippowdon
|-status|p1a: Hippowdon|tox
|
|-weather|Sandstorm|[upkeep]
|-damage|p2a: Reshiram|254/270|[from] Sandstorm
|-heal|p2a: Reshiram|270/270|[from] item: Leftovers
|-damage|p1a: Hippowdon|285/304 tox|[from] psn
|upkeep
|turn|22
|
|t:|1684338747
|move|p2a: Reshiram|Blue Flare|p1a: Hippowdon
|-damage|p1a: Hippowdon|111/304 tox
|move|p1a: Hippowdon|Earthquake|p2a: Reshiram
|-supereffective|p2a: Reshiram
|-damage|p2a: Reshiram|52/270
|
|-weather|Sandstorm|[upkeep]
|-damage|p2a: Reshiram|36/270|[from] Sandstorm
|-heal|p2a: Reshiram|52/270|[from] item: Leftovers
|-heal|p1a: Hippowdon|130/304 tox|[from] item: Leftovers
|-damage|p1a: Hippowdon|92/304 tox|[from] psn
|upkeep
|turn|23
|
|t:|1684338783
|-start|p1a: Hippowdon|Dynamax|
|-heal|p1a: Hippowdon|184/608 tox|[silent]
|move|p2a: Reshiram|Blue Flare|p1a: Hippowdon
|-damage|p1a: Hippowdon|0 fnt
|faint|p1a: Hippowdon
|
|-weather|Sandstorm|[upkeep]
|-damage|p2a: Reshiram|36/270|[from] Sandstorm
|-heal|p2a: Reshiram|52/270|[from] item: Leftovers
|upkeep
|
|t:|1684338800
|switch|p1a: Roserade|Roserade, L84, M|238/238
|turn|24
|
|t:|1684338873
|move|p1a: Roserade|Sludge Bomb|p2a: Reshiram
|-damage|p2a: Reshiram|0 fnt
|faint|p2a: Reshiram
|
|-weather|Sandstorm|[upkeep]
|-damage|p1a: Roserade|224/238|[from] Sandstorm
|-heal|p1a: Roserade|238/238|[from] item: Black Sludge
|upkeep
|
|t:|1684338882
|switch|p2a: Malamar|Malamar, L80, M|269/269 slp
|turn|25
|
|t:|1684338896
|move|p1a: Roserade|Leaf Storm|p2a: Malamar
|-damage|p2a: Malamar|74/269 slp
|-unboost|p1a: Roserade|spa|2
|cant|p2a: Malamar|slp
|
|-weather|none
|-heal|p2a: Malamar|90/269 slp|[from] item: Leftovers
|upkeep
|turn|26
|
|t:|1684338910
|move|p1a: Roserade|Sleep Powder|p2a: Malamar|[miss]
|-miss|p1a: Roserade|p2a: Malamar
|cant|p2a: Malamar|slp
|
|-heal|p2a: Malamar|106/269 slp|[from] item: Leftovers
|upkeep
|turn|27
|
|t:|1684338939
|move|p1a: Roserade|Sleep Powder|p2a: Malamar
|-fail|p2a: Malamar|slp
|-curestatus|p2a: Malamar|slp|[msg]
|move|p2a: Malamar|Superpower|p1a: Roserade
|-resisted|p1a: Roserade
|-damage|p1a: Roserade|194/238
|-boost|p2a: Malamar|atk|1
|-boost|p2a: Malamar|def|1
|
|-heal|p1a: Roserade|208/238|[from] item: Black Sludge
|-heal|p2a: Malamar|122/269|[from] item: Leftovers
|upkeep
|turn|28
|
|t:|1684338985
|move|p1a: Roserade|Sleep Powder|p2a: Malamar
|-status|p2a: Malamar|slp|[from] move: Sleep Powder
|cant|p2a: Malamar|slp
|
|-heal|p1a: Roserade|222/238|[from] item: Black Sludge
|-heal|p2a: Malamar|138/269 slp|[from] item: Leftovers
|upkeep
|turn|29
|
|t:|1684339027
|move|p1a: Roserade|Sludge Bomb|p2a: Malamar
|-damage|p2a: Malamar|63/269 slp
|-curestatus|p2a: Malamar|slp|[msg]
|move|p2a: Malamar|Superpower|p1a: Roserade
|-resisted|p1a: Roserade
|-damage|p1a: Roserade|151/238
|-boost|p2a: Malamar|atk|1
|-boost|p2a: Malamar|def|1
|
|-heal|p1a: Roserade|165/238|[from] item: Black Sludge
|-heal|p2a: Malamar|79/269|[from] item: Leftovers
|upkeep
|turn|30
|
|t:|1684339057
|move|p1a: Roserade|Sleep Powder|p2a: Malamar
|-status|p2a: Malamar|slp|[from] move: Sleep Powder
|cant|p2a: Malamar|slp
|
|-heal|p1a: Roserade|179/238|[from] item: Black Sludge
|-heal|p2a: Malamar|95/269 slp|[from] item: Leftovers
|upkeep
|turn|31
|
|t:|1684339115
|switch|p1a: Grimmsnarl|Grimmsnarl, L82, M|279/290
|cant|p2a: Malamar|slp
|
|-heal|p2a: Malamar|111/269 slp|[from] item: Leftovers
|upkeep
|turn|32
|l| PUNITH47
|
|t:|1684339150
|cant|p2a: Malamar|slp
|move|p1a: Grimmsnarl|Play Rough|p2a: Malamar
|-supereffective|p2a: Malamar
|-damage|p2a: Malamar|0 fnt
|faint|p2a: Malamar
|-damage|p1a: Grimmsnarl|250/290|[from] item: Life Orb
|
|win|Sharath47
|j| PUNITH47
