|j|☆skullitombstone
|j|☆ITACHI37
|t:|1685244467
|gametype|singles
|player|p1|skullitombstone|schoolkid|1443
|player|p2|ITACHI37|red|1502
|teamsize|p1|6
|teamsize|p2|6
|gen|8
|tier|[Gen 8] Random Battle
|rated|
|rule|Species Clause: Limit one of each Pokémon
|rule|HP Percentage Mod: HP is shown in percentages
|rule|Sleep Clause Mod: Limit one foe put to sleep
|
|t:|1685244467
|start
|switch|p1a: Slurpuff|Slurpuff, L80, M|262/262
|switch|p2a: Mandibuzz|Mandibuzz, L82, F|315/315
|turn|1
|j| dangarnudle
|inactive|Battle timer is ON: inactive players will automatically lose when time's up. (requested by ITACHI37)
|c|☆skullitombstone|hi dangar
|
|t:|1685244501
|switch|p1a: Zacian|Zacian-Crowned, L62|218/218
|-ability|p1a: Zacian|Intrepid Sword|boost
|-boost|p1a: Zacian|atk|1
|move|p2a: Mandibuzz|Toxic|p1a: Zacian|[miss]
|-miss|p2a: Mandibuzz|p1a: Zacian
|
|upkeep
|turn|2
|inactive|ITACHI37 has 120 seconds left.
|inactive|ITACHI37 has 90 seconds left.
|
|t:|1685244567
|switch|p1a: Golisopod|Golisopod, L84, F|263/263
|switch|p2a: Tapu Fini|Tapu Fini, L78|237/237
|-fieldstart|move: Misty Terrain|[from] ability: Misty Surge|[of] p2a: Tapu Fini
|
|upkeep
|turn|3
|inactive|ITACHI37 has 90 seconds left.
|
|t:|1685244578
|switch|p1a: Lurantis|Lurantis, L86, F|261/261
|move|p2a: Tapu Fini|Taunt|p1a: Lurantis
|-start|p1a: Lurantis|move: Taunt
|
|upkeep
|turn|4
|inactive|ITACHI37 has 90 seconds left.
|
|t:|1685244600
|move|p2a: Tapu Fini|Calm Mind|p2a: Tapu Fini
|-boost|p2a: Tapu Fini|spa|1
|-boost|p2a: Tapu Fini|spd|1
|move|p1a: Lurantis|Superpower|p2a: Tapu Fini
|-resisted|p2a: Tapu Fini
|-damage|p2a: Tapu Fini|188/237
|-boost|p1a: Lurantis|atk|1
|-boost|p1a: Lurantis|def|1
|-damage|p1a: Lurantis|235/261|[from] item: Life Orb
|
|-heal|p2a: Tapu Fini|202/237|[from] item: Leftovers
|upkeep
|turn|5
|
|t:|1685244612
|move|p2a: Tapu Fini|Moonblast|p1a: Lurantis
|-damage|p1a: Lurantis|118/261
|move|p1a: Lurantis|Leaf Storm|p2a: Tapu Fini
|-supereffective|p2a: Tapu Fini
|-damage|p2a: Tapu Fini|15/237
|-boost|p1a: Lurantis|spa|2
|-damage|p1a: Lurantis|92/261|[from] item: Life Orb
|
|-heal|p2a: Tapu Fini|29/237|[from] item: Leftovers
|-end|p1a: Lurantis|move: Taunt
|upkeep
|turn|6
|
|t:|1685244625
|move|p2a: Tapu Fini|Moonblast|p1a: Lurantis
|-damage|p1a: Lurantis|0 fnt
|faint|p1a: Lurantis
|
|-heal|p2a: Tapu Fini|43/237|[from] item: Leftovers
|-fieldend|Misty Terrain
|upkeep
|inactive|skullitombstone has 120 seconds left.
|
|t:|1685244658
|switch|p1a: Golisopod|Golisopod, L84, F|263/263
|turn|7
|inactive|ITACHI37 has 90 seconds left.
|
|t:|1685244668
|move|p1a: Golisopod|First Impression|p2a: Tapu Fini
|-resisted|p2a: Tapu Fini
|-damage|p2a: Tapu Fini|0 fnt
|faint|p2a: Tapu Fini
|
|upkeep
|
|t:|1685244688
|switch|p2a: Clefable|Clefable, L82, F|290/290
|turn|8
|
|t:|1685244700
|move|p2a: Clefable|Calm Mind|p2a: Clefable
|-boost|p2a: Clefable|spa|1
|-boost|p2a: Clefable|spd|1
|move|p1a: Golisopod|Liquidation|p2a: Clefable
|-crit|p2a: Clefable
|-damage|p2a: Clefable|106/290
|
|upkeep
|turn|9
|inactive|ITACHI37 has 90 seconds left.
|
|t:|1685244714
|move|p2a: Clefable|Moonblast|p1a: Golisopod
|-damage|p1a: Golisopod|78/263
|-activate|p1a: Golisopod|ability: Emergency Exit
|
|t:|1685244719
|switch|p1a: Zacian|Zacian-Crowned, L62|218/218
|-ability|p1a: Zacian|Intrepid Sword|boost
|-boost|p1a: Zacian|atk|1
|
|upkeep
|turn|10
|inactive|ITACHI37 has 90 seconds left.
|
|t:|1685244735
|move|p1a: Zacian|Play Rough|p2a: Clefable
|-damage|p2a: Clefable|0 fnt
|faint|p2a: Clefable
|
|upkeep
|
|t:|1685244743
|switch|p2a: Clawitzer|Clawitzer, L84, F|256/256
|turn|11
|inactive|ITACHI37 has 90 seconds left.
|
|t:|1685244753
|switch|p1a: Frosmoth|Frosmoth, L82, M|249/249
|move|p2a: Clawitzer|Water Pulse|p1a: Frosmoth
|-damage|p1a: Frosmoth|157/249
|
|upkeep
|turn|12
|inactive|ITACHI37 has 90 seconds left.
|
|t:|1685244771
|switch|p2a: Mandibuzz|Mandibuzz, L82, F|315/315
|move|p1a: Frosmoth|Quiver Dance|p1a: Frosmoth
|-boost|p1a: Frosmoth|spa|1
|-boost|p1a: Frosmoth|spd|1
|-boost|p1a: Frosmoth|spe|1
|
|upkeep
|turn|13
|inactive|ITACHI37 has 90 seconds left.
|
|t:|1685244779
|move|p1a: Frosmoth|Ice Beam|p2a: Mandibuzz
|-supereffective|p2a: Mandibuzz
|-damage|p2a: Mandibuzz|13/315
|move|p2a: Mandibuzz|Toxic|p1a: Frosmoth
|-status|p1a: Frosmoth|tox
|
|-damage|p1a: Frosmoth|142/249 tox|[from] psn
|upkeep
|turn|14
|inactive|ITACHI37 has 90 seconds left.
|
|t:|1685244790
|move|p1a: Frosmoth|Bug Buzz|p2a: Mandibuzz
|-damage|p2a: Mandibuzz|0 fnt
|faint|p2a: Mandibuzz
|
|-damage|p1a: Frosmoth|112/249 tox|[from] psn
|upkeep
|inactive|ITACHI37 has 90 seconds left.
|
|t:|1685244798
|switch|p2a: Frosmoth|Frosmoth, L82, M|249/249
|turn|15
|
|t:|1685244802
|switch|p1a: Zacian|Zacian-Crowned, L62|218/218
|-ability|p1a: Zacian|Intrepid Sword|boost
|-boost|p1a: Zacian|atk|1
|move|p2a: Frosmoth|Quiver Dance|p2a: Frosmoth
|-boost|p2a: Frosmoth|spa|1
|-boost|p2a: Frosmoth|spd|1
|-boost|p2a: Frosmoth|spe|1
|
|upkeep
|turn|16
|
|t:|1685244811
|switch|p2a: Clawitzer|Clawitzer, L84, F|256/256
|move|p1a: Zacian|Behemoth Blade|p2a: Clawitzer
|-resisted|p2a: Clawitzer
|-damage|p2a: Clawitzer|188/256
|
|upkeep
|turn|17
|
|t:|1685244820
|switch|p1a: Golisopod|Golisopod, L84, F|78/263
|move|p2a: Clawitzer|Water Pulse|p1a: Golisopod
|-resisted|p1a: Golisopod
|-damage|p1a: Golisopod|0 fnt
|faint|p1a: Golisopod
|
|upkeep
|
|t:|1685244824
|switch|p1a: Noctowl|Noctowl, L88, F|319/319
|turn|18
|inactive|ITACHI37 has 120 seconds left.
|
|t:|1685244830
|move|p1a: Noctowl|Nasty Plot|p1a: Noctowl
|-boost|p1a: Noctowl|spa|2
|move|p2a: Clawitzer|Water Pulse|p1a: Noctowl
|-crit|p1a: Noctowl
|-damage|p1a: Noctowl|96/319
|
|upkeep
|turn|19
|
|t:|1685244837
|-start|p1a: Noctowl|Dynamax|
|-heal|p1a: Noctowl|192/638|[silent]
|move|p1a: Noctowl|Max Airstream|p2a: Clawitzer
|-damage|p2a: Clawitzer|0 fnt
|-boost|p1a: Noctowl|spe|1
|faint|p2a: Clawitzer
|
|upkeep
|inactive|ITACHI37 has 120 seconds left.
|-message|ITACHI37 forfeited.
|
|win|skullitombstone
|raw|skullitombstone's rating: 1443 &rarr; <strong>1466</strong><br />(+23 for winning)
|raw|ITACHI37's rating: 1502 &rarr; <strong>1479</strong><br />(-23 for losing)
|l|☆ITACHI37
|c|☆skullitombstone|ggwp
|c|☆skullitombstone|ya see dangar
|c|☆skullitombstone|my opp knew not to be a prick and chose to click x immediately
|c|☆skullitombstone|instead of stopping the timer
|l|☆skullitombstone
|j|☆skullitombstone
|player|p1|skullitombstone|schoolkid
