|j|☆yes or no my dude❀
|j|☆Bigwubben
|t:|1685171881
|gametype|singles
|player|p1|yes or no my dude❀|#rbtt6teamchienpaof|
|player|p2|Bigwubben|102|
|teamsize|p1|6
|teamsize|p2|6
|gen|8
|tier|[Gen 8] Random Battle
|rule|Species Clause: Limit one of each Pokémon
|rule|HP Percentage Mod: HP is shown in percentages
|rule|Sleep Clause Mod: Limit one foe put to sleep
|
|t:|1685171881
|start
|switch|p1a: Rhyperior|Rhyperior, L82, M|323/323
|switch|p2a: Barbaracle|Barbaracle, L80, M|246/246
|turn|1
|inactive|Battle timer is ON: inactive players will automatically lose when time's up. (requested by yes or no my dude❀)
|c|☆yes or no my dude❀|gl hf
|c|☆Bigwubben|gl
|
|t:|1685171908
|move|p2a: Barbaracle|Liquidation|p1a: Rhyperior
|-supereffective|p1a: Rhyperior
|-damage|p1a: Rhyperior|62/323
|move|p1a: Rhyperior|Earthquake|p2a: Barbaracle
|-supereffective|p2a: Barbaracle
|-damage|p2a: Barbaracle|0 fnt
|faint|p2a: Barbaracle
|
|upkeep
|
|t:|1685171932
|switch|p2a: Scyther|Scyther, L81, M|246/246
|turn|2
|
|t:|1685171956
|switch|p1a: Crobat|Crobat, L82, F|274/274
|move|p2a: Scyther|Brick Break|p1a: Crobat
|-resisted|p1a: Crobat
|-crit|p1a: Crobat
|-damage|p1a: Crobat|251/274
|
|upkeep
|turn|3
|inactive|Bigwubben has 270 seconds left.
|
|t:|1685171997
|switch|p2a: Mamoswine|Mamoswine, L80, F|307/307
|move|p1a: Crobat|Brave Bird|p2a: Mamoswine
|-damage|p2a: Mamoswine|181/307
|-damage|p1a: Crobat|209/274|[from] Recoil
|
|upkeep
|turn|4
|inactive|yes or no my dude❀ has 270 seconds left.
|
|t:|1685172023
|switch|p1a: Rhyperior|Rhyperior, L82, M|62/323
|move|p2a: Mamoswine|Stealth Rock|p1a: Rhyperior
|-sidestart|p1: yes or no my dude❀|move: Stealth Rock
|
|upkeep
|turn|5
|inactive|yes or no my dude❀ has 270 seconds left.
|
|t:|1685172044
|move|p2a: Mamoswine|Ice Shard|p1a: Rhyperior
|-supereffective|p1a: Rhyperior
|-damage|p1a: Rhyperior|0 fnt
|faint|p1a: Rhyperior
|-damage|p2a: Mamoswine|151/307|[from] item: Life Orb
|
|upkeep
|inactive|yes or no my dude❀ has 270 seconds left.
|
|t:|1685172050
|switch|p1a: Scizor|Scizor, L80, F|243/243
|-damage|p1a: Scizor|213/243|[from] Stealth Rock
|turn|6
|
|t:|1685172067
|move|p2a: Mamoswine|Earthquake|p1a: Scizor
|-damage|p1a: Scizor|73/243
|-damage|p2a: Mamoswine|121/307|[from] item: Life Orb
|move|p1a: Scizor|Swords Dance|p1a: Scizor
|-boost|p1a: Scizor|atk|2
|
|upkeep
|turn|7
|
|t:|1685172076
|move|p1a: Scizor|Bullet Punch|p2a: Mamoswine
|-supereffective|p2a: Mamoswine
|-damage|p2a: Mamoswine|0 fnt
|faint|p2a: Mamoswine
|-damage|p1a: Scizor|49/243|[from] item: Life Orb
|
|upkeep
|
|t:|1685172094
|switch|p2a: Victini|Victini, L78|283/283
|turn|8
|
|t:|1685172104
|move|p1a: Scizor|Bullet Punch|p2a: Victini
|-resisted|p2a: Victini
|-damage|p2a: Victini|187/283
|-damage|p1a: Scizor|25/243|[from] item: Life Orb
|move|p2a: Victini|V-create|p1a: Scizor
|-supereffective|p1a: Scizor
|-damage|p1a: Scizor|0 fnt
|-unboost|p2a: Victini|spe|1
|-unboost|p2a: Victini|def|1
|-unboost|p2a: Victini|spd|1
|faint|p1a: Scizor
|
|upkeep
|
|t:|1685172107
|switch|p1a: Yveltal|Yveltal, L69|287/287
|-damage|p1a: Yveltal|216/287|[from] Stealth Rock
|-ability|p1a: Yveltal|Dark Aura
|turn|9
|c|☆yes or no my dude❀|u might have clicked the wrong max water move last game
|
|t:|1685172133
|move|p1a: Yveltal|Knock Off|p2a: Victini
|-supereffective|p2a: Victini
|-damage|p2a: Victini|0 fnt
|-enditem|p2a: Victini|Assault Vest|[from] move: Knock Off|[of] p1a: Yveltal
|faint|p2a: Victini
|
|upkeep
|c|☆yes or no my dude❀|if you clicked max flip turn it died
|inactive|Bigwubben has 240 seconds left.
|c|☆yes or no my dude❀|to answer your question
|c|☆Bigwubben|ahh thanks
|inactive|Bigwubben has 210 seconds left.
|
|t:|1685172183
|switch|p2a: Exeggutor|Exeggutor-Alola, L87, F|307/307
|-item|p1a: Yveltal|Assault Vest|[from] ability: Frisk|[of] p2a: Exeggutor|[identify]
|turn|10
|inactive|Bigwubben has 210 seconds left.
|
|t:|1685172211
|move|p1a: Yveltal|Oblivion Wing|p2a: Exeggutor
|-supereffective|p2a: Exeggutor
|-damage|p2a: Exeggutor|137/307
|-heal|p1a: Yveltal|287/287|[from] drain|[of] p2a: Exeggutor
|move|p2a: Exeggutor|Draco Meteor|p1a: Yveltal
|-damage|p1a: Yveltal|80/287
|-unboost|p2a: Exeggutor|spa|2
|
|upkeep
|turn|11
|
|t:|1685172230
|switch|p2a: Scyther|Scyther, L81, M|246/246
|move|p1a: Yveltal|Oblivion Wing|p2a: Scyther
|-supereffective|p2a: Scyther
|-damage|p2a: Scyther|76/246
|-heal|p1a: Yveltal|208/287|[from] drain|[of] p2a: Scyther
|
|upkeep
|turn|12
|inactive|Bigwubben has 180 seconds left.
|
|t:|1685172245
|move|p2a: Scyther|Dual Wingbeat|p1a: Yveltal
|-damage|p1a: Yveltal|138/287
|-damage|p1a: Yveltal|66/287
|-hitcount|p1a: Yveltal|2
|move|p1a: Yveltal|Oblivion Wing|p2a: Scyther
|-supereffective|p2a: Scyther
|-damage|p2a: Scyther|0 fnt
|-heal|p1a: Yveltal|123/287|[from] drain|[of] p2a: Scyther
|faint|p2a: Scyther
|
|upkeep
|inactive|Bigwubben has 180 seconds left.
|
|t:|1685172268
|switch|p2a: Beheeyem|Beheeyem, L86, F|269/269
|turn|13
|
|t:|1685172278
|move|p1a: Yveltal|Knock Off|p2a: Beheeyem
|-supereffective|p2a: Beheeyem
|-damage|p2a: Beheeyem|9/269
|-enditem|p2a: Beheeyem|Life Orb|[from] move: Knock Off|[of] p1a: Yveltal
|move|p2a: Beheeyem|Trick Room|p2a: Beheeyem
|-fieldstart|move: Trick Room|[of] p2a: Beheeyem
|
|upkeep
|turn|14
|
|t:|1685172290
|move|p1a: Yveltal|Sucker Punch|p2a: Beheeyem
|-supereffective|p2a: Beheeyem
|-damage|p2a: Beheeyem|0 fnt
|faint|p2a: Beheeyem
|
|upkeep
|
|t:|1685172296
|switch|p2a: Exeggutor|Exeggutor-Alola, L87, F|137/307
|-item|p1a: Yveltal|Assault Vest|[from] ability: Frisk|[of] p2a: Exeggutor|[identify]
|turn|15
|
|t:|1685172309
|-start|p2a: Exeggutor|Dynamax|
|-heal|p2a: Exeggutor|274/614|[silent]
|move|p1a: Yveltal|Sucker Punch|p2a: Exeggutor
|-damage|p2a: Exeggutor|193/614
|move|p2a: Exeggutor|Max Wyrmwind|p1a: Yveltal
|-damage|p1a: Yveltal|0 fnt
|faint|p1a: Yveltal
|
|upkeep
|
|t:|1685172317
|switch|p1a: Dubwool|Dubwool, L86, M|264/264
|-damage|p1a: Dubwool|231/264|[from] Stealth Rock
|turn|16
|inactive|Bigwubben has 180 seconds left.
|
|t:|1685172327
|move|p2a: Exeggutor|Max Overgrowth|p1a: Dubwool
|-damage|p1a: Dubwool|71/264
|-fieldstart|move: Grassy Terrain
|move|p1a: Dubwool|Body Press|p2a: Exeggutor
|-damage|p2a: Exeggutor|131/614
|
|-heal|p2a: Exeggutor|150/614|[from] Grassy Terrain
|-heal|p1a: Dubwool|87/264|[from] Grassy Terrain
|-heal|p1a: Dubwool|103/264|[from] item: Leftovers
|upkeep
|turn|17
|inactive|Bigwubben has 180 seconds left.
|c|☆yes or no my dude❀|gg
|
|t:|1685172341
|move|p2a: Exeggutor|Max Overgrowth|p1a: Dubwool
|-damage|p1a: Dubwool|0 fnt
|faint|p1a: Dubwool
|
|-heal|p2a: Exeggutor|169/614|[from] Grassy Terrain
|-fieldend|move: Trick Room
|upkeep
|
|t:|1685172345
|switch|p1a: Crobat|Crobat, L82, F|209/274
|-end|p2a: Exeggutor|Dynamax
|-heal|p2a: Exeggutor|85/307|[silent]
|turn|18
|inactive|Bigwubben has 180 seconds left.
|
|t:|1685172355
|move|p1a: Crobat|Brave Bird|p2a: Exeggutor
|-supereffective|p2a: Exeggutor
|-damage|p2a: Exeggutor|0 fnt
|faint|p2a: Exeggutor
|-damage|p1a: Crobat|181/274|[from] Recoil
|
|win|yes or no my dude❀
|c|☆Bigwubben|gg
|c|☆Bigwubben|gl
|c|☆yes or no my dude❀|ty
|l|☆Bigwubben
