|j|☆ProRedGamer37
|j|☆lucasrama31
|t:|1683790600
|gametype|singles
|player|p1|ProRedGamer37|2|1086
|player|p2|lucasrama31|170|1114
|teamsize|p1|6
|teamsize|p2|6
|gen|8
|tier|[Gen 8] Random Battle
|rated|
|rule|Species Clause: Limit one of each Pokémon
|rule|HP Percentage Mod: HP is shown in percentages
|rule|Sleep Clause Mod: Limit one foe put to sleep
|
|t:|1683790600
|start
|switch|p1a: Palossand|Palossand, L86, F|286/286
|switch|p2a: Jellicent|Jellicent, L84, M|305/305
|turn|1
|
|t:|1683790615
|move|p2a: Jellicent|Shadow Ball|p1a: Palossand
|-supereffective|p1a: Palossand
|-damage|p1a: Palossand|122/286
|move|p1a: Palossand|Stealth Rock|p2a: Jellicent
|-sidestart|p2: lucasrama31|move: Stealth Rock
|
|-heal|p1a: Palossand|139/286|[from] item: Leftovers
|upkeep
|turn|2
|
|t:|1683790628
|move|p2a: Jellicent|Shadow Ball|p1a: Palossand
|-supereffective|p1a: Palossand
|-damage|p1a: Palossand|0 fnt
|faint|p1a: Palossand
|
|upkeep
|
|t:|1683790643
|switch|p1a: Skarmory|Skarmory, L80, M|235/235
|turn|3
|
|t:|1683790676
|switch|p2a: Talonflame|Talonflame, L81, F|259/259
|move|p1a: Skarmory|Whirlwind|p2a: Talonflame
|drag|p2a: Mr. Mime|Mr. Mime-Galar, L86, M|226/226
|-damage|p2a: Mr. Mime|170/226|[from] Stealth Rock
|
|upkeep
|turn|4
|
|t:|1683790716
|move|p2a: Mr. Mime|Focus Blast|p1a: Skarmory|[miss]
|-miss|p2a: Mr. Mime|p1a: Skarmory
|move|p1a: Skarmory|Brave Bird|p2a: Mr. Mime
|-damage|p2a: Mr. Mime|80/226
|-damage|p1a: Skarmory|205/235|[from] Recoil
|
|-heal|p1a: Skarmory|219/235|[from] item: Leftovers
|upkeep
|turn|5
|
|t:|1683790729
|move|p2a: Mr. Mime|Focus Blast|p1a: Skarmory|[miss]
|-miss|p2a: Mr. Mime|p1a: Skarmory
|move|p1a: Skarmory|Spikes|p2a: Mr. Mime
|-sidestart|p2: lucasrama31|Spikes
|
|-heal|p1a: Skarmory|233/235|[from] item: Leftovers
|upkeep
|turn|6
|
|t:|1683790736
|move|p2a: Mr. Mime|Focus Blast|p1a: Skarmory
|-damage|p1a: Skarmory|128/235
|move|p1a: Skarmory|Brave Bird|p2a: Mr. Mime
|-damage|p2a: Mr. Mime|0 fnt
|faint|p2a: Mr. Mime
|-damage|p1a: Skarmory|102/235|[from] Recoil
|
|-heal|p1a: Skarmory|116/235|[from] item: Leftovers
|upkeep
|
|t:|1683790742
|switch|p2a: Talonflame|Talonflame, L81, F|259/259
|turn|7
|
|t:|1683790753
|move|p2a: Talonflame|Flare Blitz|p1a: Skarmory
|-supereffective|p1a: Skarmory
|-damage|p1a: Skarmory|0 fnt
|faint|p1a: Skarmory
|-damage|p2a: Talonflame|221/259|[from] Recoil
|
|upkeep
|
|t:|1683790766
|switch|p1a: Gastrodon|Gastrodon, L84, M|324/324
|turn|8
|
|t:|1683790772
|switch|p2a: Garbodor|Garbodor, L87, M|281/281
|-damage|p2a: Garbodor|246/281|[from] Stealth Rock
|-damage|p2a: Garbodor|211/281|[from] Spikes
|move|p1a: Gastrodon|Scald|p2a: Garbodor
|-damage|p2a: Garbodor|121/281
|-status|p2a: Garbodor|brn
|
|-heal|p2a: Garbodor|138/281 brn|[from] item: Black Sludge
|-damage|p2a: Garbodor|121/281 brn|[from] brn
|upkeep
|turn|9
|
|t:|1683790784
|move|p2a: Garbodor|Toxic Spikes|p1a: Gastrodon
|-sidestart|p1: ProRedGamer37|move: Toxic Spikes
|move|p1a: Gastrodon|Earthquake|p2a: Garbodor
|-supereffective|p2a: Garbodor
|-damage|p2a: Garbodor|0 fnt
|faint|p2a: Garbodor
|
|upkeep
|
|t:|1683790789
|switch|p2a: Armaldo|Armaldo, L86, F|269/269
|turn|10
|
|t:|1683790796
|switch|p2a: Celebi|Celebi, L82|298/298
|-damage|p2a: Celebi|261/298|[from] Stealth Rock
|-damage|p2a: Celebi|224/298|[from] Spikes
|move|p1a: Gastrodon|Earthquake|p2a: Celebi
|-resisted|p2a: Celebi
|-crit|p2a: Celebi
|-damage|p2a: Celebi|156/298
|
|-heal|p2a: Celebi|174/298|[from] item: Leftovers
|upkeep
|turn|11
|
|t:|1683790809
|move|p2a: Celebi|Psychic|p1a: Gastrodon
|-damage|p1a: Gastrodon|222/324
|move|p1a: Gastrodon|Earthquake|p2a: Celebi
|-resisted|p2a: Celebi
|-damage|p2a: Celebi|129/298
|
|-heal|p2a: Celebi|147/298|[from] item: Leftovers
|-heal|p1a: Gastrodon|242/324|[from] item: Leftovers
|upkeep
|turn|12
|
|t:|1683790832
|move|p2a: Celebi|Giga Drain|p1a: Gastrodon
|-supereffective|p1a: Gastrodon
|-damage|p1a: Gastrodon|0 fnt
|-heal|p2a: Celebi|268/298|[from] drain|[of] p1a: Gastrodon
|faint|p1a: Gastrodon
|
|-heal|p2a: Celebi|286/298|[from] item: Leftovers
|upkeep
|
|t:|1683790841
|switch|p1a: Marowak|Marowak-Alola, L84, F|238/238
|-status|p1a: Marowak|psn
|turn|13
|
|t:|1683790849
|move|p2a: Celebi|Psychic|p1a: Marowak
|-damage|p1a: Marowak|142/238 psn
|move|p1a: Marowak|Flame Charge|p2a: Celebi
|-supereffective|p2a: Celebi
|-damage|p2a: Celebi|112/298
|-boost|p1a: Marowak|spe|1
|
|-heal|p2a: Celebi|130/298|[from] item: Leftovers
|-damage|p1a: Marowak|113/238 psn|[from] psn
|upkeep
|turn|14
|
|t:|1683790864
|move|p2a: Celebi|Psychic|p1a: Marowak
|-damage|p1a: Marowak|14/238 psn
|move|p1a: Marowak|Flame Charge|p2a: Celebi
|-supereffective|p2a: Celebi
|-damage|p2a: Celebi|0 fnt
|-boost|p1a: Marowak|spe|1
|faint|p2a: Celebi
|
|-damage|p1a: Marowak|0 fnt|[from] psn
|faint|p1a: Marowak
|upkeep
|
|t:|1683790885
|switch|p2a: Talonflame|Talonflame, L81, F|221/259
|switch|p1a: Orbeetle|Orbeetle, L86, M|243/243
|-item|p2a: Talonflame|Heavy-Duty Boots|[from] ability: Frisk|[of] p1a: Orbeetle|[identify]
|turn|15
|
|t:|1683790900
|-start|p1a: Orbeetle|Dynamax|
|-heal|p1a: Orbeetle|486/486|[silent]
|move|p2a: Talonflame|Swords Dance|p2a: Talonflame
|-boost|p2a: Talonflame|atk|2
|move|p1a: Orbeetle|Max Mindstorm|p2a: Talonflame
|-damage|p2a: Talonflame|64/259
|-fieldstart|move: Psychic Terrain
|
|upkeep
|turn|16
|
|t:|1683790908
|move|p2a: Talonflame|Flare Blitz|p1a: Orbeetle
|-supereffective|p1a: Orbeetle
|-damage|p1a: Orbeetle|120/486
|-damage|p2a: Talonflame|0 fnt|[from] Recoil
|faint|p2a: Talonflame
|move|p1a: Orbeetle|Max Mindstorm|p2: Talonflame|[notarget]
|-fail|p1a: Orbeetle
|
|upkeep
|
|t:|1683790917
|switch|p2a: Armaldo|Armaldo, L86, F|269/269
|turn|17
|
|t:|1683790925
|move|p1a: Orbeetle|Max Mindstorm|p2a: Armaldo
|-damage|p2a: Armaldo|109/269
|move|p2a: Armaldo|Knock Off|p1a: Orbeetle
|-supereffective|p1a: Orbeetle
|-crit|p1a: Orbeetle
|-damage|p1a: Orbeetle|0 fnt
|-enditem|p1a: Orbeetle|Heavy-Duty Boots|[from] move: Knock Off|[of] p2a: Armaldo
|faint|p1a: Orbeetle
|
|upkeep
|
|t:|1683790933
|switch|p1a: Kartana|Kartana, L74|209/209
|turn|18
|
|t:|1683790958
|move|p1a: Kartana|Leaf Blade|p2a: Armaldo
|-damage|p2a: Armaldo|0 fnt
|faint|p2a: Armaldo
|-ability|p1a: Kartana|Beast Boost|boost
|-boost|p1a: Kartana|atk|1
|-damage|p1a: Kartana|189/209|[from] item: Life Orb
|
|upkeep
|
|t:|1683790962
|switch|p2a: Jellicent|Jellicent, L84, M|305/305
|-damage|p2a: Jellicent|267/305|[from] Stealth Rock
|-damage|p2a: Jellicent|229/305|[from] Spikes
|turn|19
|
|t:|1683790990
|-start|p2a: Jellicent|Dynamax|
|-heal|p2a: Jellicent|458/610|[silent]
|move|p1a: Kartana|Leaf Blade|p2a: Jellicent
|-supereffective|p2a: Jellicent
|-damage|p2a: Jellicent|0 fnt
|faint|p2a: Jellicent
|-damage|p1a: Kartana|169/209|[from] item: Life Orb
|
|win|ProRedGamer37
|raw|ProRedGamer37's rating: 1086 &rarr; <strong>1115</strong><br />(+29 for winning)
|raw|lucasrama31's rating: 1114 &rarr; <strong>1087</strong><br />(-27 for losing)
|l|☆lucasrama31
