|j|☆Khoa Alex 45
|j|☆pmawarrior
|t:|1668476281
|gametype|singles
|player|p1|Khoa Alex 45|102|2439
|player|p2|pmawarrior|169|2469
|teamsize|p1|6
|teamsize|p2|6
|gen|8
|tier|[Gen 8] Random Battle
|rated|
|rule|Species Clause: Limit one of each Pokémon
|rule|HP Percentage Mod: HP is shown in percentages
|rule|Sleep Clause Mod: Limit one foe put to sleep
|
|t:|1668476281
|start
|switch|p1a: Beartic|Beartic, L86, F|304/304
|switch|p2a: Gigalith|Gigalith, L82, M|274/274
|-weather|Sandstorm|[from] ability: Sand Stream|[of] p2a: Gigalith
|turn|1
|
|t:|1668476299
|switch|p1a: Skarmory|Skarmory, L80, F|235/235
|move|p2a: Gigalith|Stone Edge|p1a: Skarmory
|-damage|p1a: Skarmory|136/235
|
|-weather|Sandstorm|[upkeep]
|-heal|p1a: Skarmory|150/235|[from] item: Leftovers
|upkeep
|turn|2
|
|t:|1668476311
|move|p1a: Skarmory|Spikes|p2a: Gigalith
|-sidestart|p2: pmawarrior|Spikes
|move|p2a: Gigalith|Stealth Rock|p1a: Skarmory
|-sidestart|p1: Khoa Alex 45|move: Stealth Rock
|
|-weather|Sandstorm|[upkeep]
|-heal|p1a: Skarmory|164/235|[from] item: Leftovers
|upkeep
|turn|3
|
|t:|1668476321
|switch|p2a: Ho-Oh|Ho-Oh, L72|272/272
|move|p1a: Skarmory|Roost|p1a: Skarmory
|-heal|p1a: Skarmory|235/235
|-singleturn|p1a: Skarmory|move: Roost
|
|-weather|Sandstorm|[upkeep]
|-damage|p2a: Ho-Oh|255/272|[from] Sandstorm
|upkeep
|turn|4
|
|t:|1668476327
|switch|p1a: Steelix|Steelix, L84, F|263/263
|-damage|p1a: Steelix|255/263|[from] Stealth Rock
|move|p2a: Ho-Oh|Sacred Fire|p1a: Steelix
|-supereffective|p1a: Steelix
|-damage|p1a: Steelix|163/263
|-status|p1a: Steelix|brn
|
|-weather|Sandstorm|[upkeep]
|-damage|p2a: Ho-Oh|238/272|[from] Sandstorm
|-heal|p1a: Steelix|179/263 brn|[from] item: Leftovers
|-damage|p1a: Steelix|163/263 brn|[from] brn
|upkeep
|turn|5
|
|t:|1668476349
|move|p2a: Ho-Oh|Sacred Fire|p1a: Steelix
|-supereffective|p1a: Steelix
|-damage|p1a: Steelix|61/263 brn
|move|p1a: Steelix|Stealth Rock|p2a: Ho-Oh
|-sidestart|p2: pmawarrior|move: Stealth Rock
|
|-weather|none
|-heal|p1a: Steelix|77/263 brn|[from] item: Leftovers
|-damage|p1a: Steelix|61/263 brn|[from] brn
|upkeep
|turn|6
|
|t:|1668476354
|move|p2a: Ho-Oh|Sacred Fire|p1a: Steelix
|-supereffective|p1a: Steelix
|-damage|p1a: Steelix|0 fnt
|faint|p1a: Steelix
|
|upkeep
|
|t:|1668476359
|switch|p1a: Marowak|Marowak-Alola, L84, F|238/238
|-damage|p1a: Marowak|179/238|[from] Stealth Rock
|turn|7
|
|t:|1668476374
|move|p2a: Ho-Oh|Toxic|p1a: Marowak
|-status|p1a: Marowak|tox
|move|p1a: Marowak|Poltergeist|p2a: Ho-Oh
|-activate|p2a: Ho-Oh|move: Poltergeist|Heavy-Duty Boots
|-damage|p2a: Ho-Oh|24/272
|
|-damage|p1a: Marowak|165/238 tox|[from] psn
|upkeep
|turn|8
|
|t:|1668476390
|switch|p2a: Snorlax|Snorlax, L82, M|397/397
|-damage|p2a: Snorlax|348/397|[from] Spikes
|-damage|p2a: Snorlax|299/397|[from] Stealth Rock
|move|p1a: Marowak|Poltergeist|p2a: Snorlax
|-immune|p2a: Snorlax
|
|-damage|p1a: Marowak|137/238 tox|[from] psn
|upkeep
|turn|9
|
|t:|1668476403
|move|p1a: Marowak|Flare Blitz|p2a: Snorlax
|-damage|p2a: Snorlax|172/397
|-damage|p1a: Marowak|95/238 tox|[from] Recoil
|move|p2a: Snorlax|Curse|p2a: Snorlax
|-unboost|p2a: Snorlax|spe|1
|-boost|p2a: Snorlax|atk|1
|-boost|p2a: Snorlax|def|1
|
|-damage|p1a: Marowak|53/238 tox|[from] psn
|upkeep
|turn|10
|
|t:|1668476409
|switch|p1a: Skarmory|Skarmory, L80, F|235/235
|-damage|p1a: Skarmory|206/235|[from] Stealth Rock
|move|p2a: Snorlax|Rest|p2a: Snorlax
|-status|p2a: Snorlax|slp|[from] move: Rest
|-heal|p2a: Snorlax|397/397 slp|[silent]
|-enditem|p2a: Snorlax|Chesto Berry|[eat]
|-curestatus|p2a: Snorlax|slp|[msg]
|
|-heal|p1a: Skarmory|220/235|[from] item: Leftovers
|upkeep
|turn|11
|
|t:|1668476413
|move|p1a: Skarmory|Spikes|p2a: Snorlax
|-sidestart|p2: pmawarrior|Spikes
|move|p2a: Snorlax|Body Slam|p1a: Skarmory
|-resisted|p1a: Skarmory
|-damage|p1a: Skarmory|172/235
|
|-heal|p1a: Skarmory|186/235|[from] item: Leftovers
|upkeep
|turn|12
|
|t:|1668476421
|move|p1a: Skarmory|Spikes|p2a: Snorlax
|-sidestart|p2: pmawarrior|Spikes
|move|p2a: Snorlax|Body Slam|p1a: Skarmory
|-resisted|p1a: Skarmory
|-damage|p1a: Skarmory|138/235
|
|-heal|p1a: Skarmory|152/235|[from] item: Leftovers
|upkeep
|turn|13
|
|t:|1668476426
|move|p1a: Skarmory|Roost|p1a: Skarmory
|-heal|p1a: Skarmory|235/235
|-singleturn|p1a: Skarmory|move: Roost
|move|p2a: Snorlax|Body Slam|p1a: Skarmory
|-resisted|p1a: Skarmory
|-damage|p1a: Skarmory|181/235
|-status|p1a: Skarmory|par
|
|-heal|p1a: Skarmory|195/235 par|[from] item: Leftovers
|upkeep
|turn|14
|
|t:|1668476431
|cant|p1a: Skarmory|par
|move|p2a: Snorlax|Curse|p2a: Snorlax
|-unboost|p2a: Snorlax|spe|1
|-boost|p2a: Snorlax|atk|1
|-boost|p2a: Snorlax|def|1
|
|-heal|p1a: Skarmory|209/235 par|[from] item: Leftovers
|upkeep
|turn|15
|
|t:|1668476442
|move|p2a: Snorlax|Curse|p2a: Snorlax
|-unboost|p2a: Snorlax|spe|1
|-boost|p2a: Snorlax|atk|1
|-boost|p2a: Snorlax|def|1
|move|p1a: Skarmory|Whirlwind|p2a: Snorlax
|drag|p2a: Sylveon|Sylveon, L84, F|297/297
|-damage|p2a: Sylveon|223/297|[from] Spikes
|-damage|p2a: Sylveon|186/297|[from] Stealth Rock
|
|-heal|p2a: Sylveon|204/297|[from] item: Leftovers
|-heal|p1a: Skarmory|223/235 par|[from] item: Leftovers
|upkeep
|turn|16
|
|t:|1668476450
|move|p2a: Sylveon|Calm Mind|p2a: Sylveon
|-boost|p2a: Sylveon|spa|1
|-boost|p2a: Sylveon|spd|1
|cant|p1a: Skarmory|par
|
|-heal|p2a: Sylveon|222/297|[from] item: Leftovers
|-heal|p1a: Skarmory|235/235 par|[from] item: Leftovers
|upkeep
|turn|17
|
|t:|1668476456
|move|p2a: Sylveon|Hyper Voice|p1a: Skarmory
|-resisted|p1a: Skarmory
|-damage|p1a: Skarmory|109/235 par
|move|p1a: Skarmory|Whirlwind|p2a: Sylveon
|drag|p2a: Snorlax|Snorlax, L82, M|397/397
|-damage|p2a: Snorlax|298/397|[from] Spikes
|-damage|p2a: Snorlax|249/397|[from] Stealth Rock
|
|-heal|p1a: Skarmory|123/235 par|[from] item: Leftovers
|upkeep
|turn|18
|
|t:|1668476462
|switch|p2a: Ho-Oh|Ho-Oh, L72|114/272
|move|p1a: Skarmory|Brave Bird|p2a: Ho-Oh
|-damage|p2a: Ho-Oh|6/272
|-damage|p1a: Skarmory|87/235 par|[from] Recoil
|
|-heal|p1a: Skarmory|101/235 par|[from] item: Leftovers
|upkeep
|turn|19
|
|t:|1668476468
|switch|p1a: Marowak|Marowak-Alola, L84, F|53/238 tox
|-damage|p1a: Marowak|0 fnt|[from] Stealth Rock
|faint|p1a: Marowak
|move|p2a: Ho-Oh|Sacred Fire|p1: Marowak|[notarget]
|-fail|p2a: Ho-Oh
|
|upkeep
|
|t:|1668476475
|switch|p1a: Ninjask|Ninjask, L86, M|245/245
|-damage|p1a: Ninjask|123/245|[from] Stealth Rock
|turn|20
|
|t:|1668476492
|switch|p2a: Snorlax|Snorlax, L82, M|249/397
|-damage|p2a: Snorlax|150/397|[from] Spikes
|-damage|p2a: Snorlax|101/397|[from] Stealth Rock
|move|p1a: Ninjask|Leech Life|p2a: Snorlax
|-damage|p2a: Snorlax|0 fnt
|-heal|p1a: Ninjask|174/245|[from] drain|[of] p2a: Snorlax
|faint|p2a: Snorlax
|
|-ability|p1a: Ninjask|Speed Boost|boost
|-boost|p1a: Ninjask|spe|1
|upkeep
|
|t:|1668476499
|switch|p2a: Gigalith|Gigalith, L82, M|274/274
|-damage|p2a: Gigalith|206/274|[from] Spikes
|-damage|p2a: Gigalith|172/274|[from] Stealth Rock
|-weather|Sandstorm|[from] ability: Sand Stream|[of] p2a: Gigalith
|turn|21
|
|t:|1668476503
|move|p1a: Ninjask|U-turn|p2a: Gigalith
|-damage|p2a: Gigalith|114/274
|
|t:|1668476507
|switch|p1a: Skarmory|Skarmory, L80, F|101/235 par
|-damage|p1a: Skarmory|72/235 par|[from] Stealth Rock
|move|p2a: Gigalith|Stone Edge|p1a: Skarmory
|-damage|p1a: Skarmory|0 fnt
|faint|p1a: Skarmory
|
|-weather|Sandstorm|[upkeep]
|-heal|p2a: Gigalith|131/274|[from] item: Leftovers
|upkeep
|
|t:|1668476512
|switch|p1a: Rillaboom|Rillaboom, L78, F|284/284
|-damage|p1a: Rillaboom|249/284|[from] Stealth Rock
|-fieldstart|move: Grassy Terrain|[from] ability: Grassy Surge|[of] p1a: Rillaboom
|turn|22
|
|t:|1668476520
|move|p1a: Rillaboom|Grassy Glide|p2a: Gigalith
|-supereffective|p2a: Gigalith
|-damage|p2a: Gigalith|0 fnt
|faint|p2a: Gigalith
|-damage|p1a: Rillaboom|221/284|[from] item: Life Orb
|
|-weather|Sandstorm|[upkeep]
|-damage|p1a: Rillaboom|204/284|[from] Sandstorm
|-heal|p1a: Rillaboom|221/284|[from] Grassy Terrain
|upkeep
|
|t:|1668476532
|switch|p2a: Ho-Oh|Ho-Oh, L72|96/272
|turn|23
|
|t:|1668476534
|switch|p2a: Sylveon|Sylveon, L84, F|222/297
|-damage|p2a: Sylveon|148/297|[from] Spikes
|-damage|p2a: Sylveon|111/297|[from] Stealth Rock
|move|p1a: Rillaboom|Knock Off|p2a: Sylveon
|-resisted|p2a: Sylveon
|-damage|p2a: Sylveon|53/297
|-enditem|p2a: Sylveon|Leftovers|[from] move: Knock Off|[of] p1a: Rillaboom
|-damage|p1a: Rillaboom|193/284|[from] item: Life Orb
|
|-weather|Sandstorm|[upkeep]
|-damage|p1a: Rillaboom|176/284|[from] Sandstorm
|-damage|p2a: Sylveon|35/297|[from] Sandstorm
|-heal|p1a: Rillaboom|193/284|[from] Grassy Terrain
|-heal|p2a: Sylveon|53/297|[from] Grassy Terrain
|upkeep
|turn|24
|
|t:|1668476538
|move|p1a: Rillaboom|Grassy Glide|p2a: Sylveon
|-damage|p2a: Sylveon|0 fnt
|faint|p2a: Sylveon
|-damage|p1a: Rillaboom|165/284|[from] item: Life Orb
|
|-weather|Sandstorm|[upkeep]
|-damage|p1a: Rillaboom|148/284|[from] Sandstorm
|-heal|p1a: Rillaboom|165/284|[from] Grassy Terrain
|upkeep
|
|t:|1668476556
|switch|p2a: Passimian|Passimian, L82, M|298/298
|-damage|p2a: Passimian|224/298|[from] Spikes
|-damage|p2a: Passimian|206/298|[from] Stealth Rock
|turn|25
|
|t:|1668476567
|move|p1a: Rillaboom|Grassy Glide|p2a: Passimian
|-crit|p2a: Passimian
|-damage|p2a: Passimian|0 fnt
|faint|p2a: Passimian
|-damage|p1a: Rillaboom|137/284|[from] item: Life Orb
|
|-weather|none
|-heal|p1a: Rillaboom|154/284|[from] Grassy Terrain
|upkeep
|
|t:|1668476579
|switch|p2a: Ho-Oh|Ho-Oh, L72|186/272
|turn|26
|
|t:|1668476587
|move|p1a: Rillaboom|Knock Off|p2a: Ho-Oh
|-damage|p2a: Ho-Oh|83/272
|-enditem|p2a: Ho-Oh|Heavy-Duty Boots|[from] move: Knock Off|[of] p1a: Rillaboom
|-damage|p1a: Rillaboom|126/284|[from] item: Life Orb
|move|p2a: Ho-Oh|Roost|p2a: Ho-Oh
|-heal|p2a: Ho-Oh|219/272
|-singleturn|p2a: Ho-Oh|move: Roost
|
|-heal|p1a: Rillaboom|143/284|[from] Grassy Terrain
|-heal|p2a: Ho-Oh|236/272|[from] Grassy Terrain
|-fieldend|move: Grassy Terrain
|upkeep
|turn|27
|
|t:|1668476598
|move|p1a: Rillaboom|Knock Off|p2a: Ho-Oh
|-damage|p2a: Ho-Oh|163/272
|-damage|p1a: Rillaboom|115/284|[from] item: Life Orb
|move|p2a: Ho-Oh|Sacred Fire|p1a: Rillaboom
|-supereffective|p1a: Rillaboom
|-damage|p1a: Rillaboom|0 fnt
|faint|p1a: Rillaboom
|
|upkeep
|
|t:|1668476601
|switch|p1a: Ninjask|Ninjask, L86, M|174/245
|-damage|p1a: Ninjask|52/245|[from] Stealth Rock
|turn|28
|
|t:|1668476605
|-start|p2a: Ho-Oh|Dynamax|
|-heal|p2a: Ho-Oh|326/544|[silent]
|move|p1a: Ninjask|Acrobatics|p2a: Ho-Oh
|-damage|p2a: Ho-Oh|205/544
|move|p2a: Ho-Oh|Max Airstream|p1a: Ninjask
|-supereffective|p1a: Ninjask
|-damage|p1a: Ninjask|0 fnt
|-boost|p2a: Ho-Oh|spe|1
|faint|p1a: Ninjask
|
|upkeep
|
|t:|1668476608
|switch|p1a: Beartic|Beartic, L86, F|304/304
|turn|29
|
|t:|1668476652
|-start|p1a: Beartic|Dynamax|
|-heal|p1a: Beartic|608/608|[silent]
|move|p2a: Ho-Oh|Max Guard|p2a: Ho-Oh
|-singleturn|p2a: Ho-Oh|Max Guard
|move|p1a: Beartic|Max Rockfall|p2a: Ho-Oh
|-activate|p2a: Ho-Oh|move: Max Guard
|
|upkeep
|turn|30
|
|t:|1668476663
|move|p2a: Ho-Oh|Max Flare|p1a: Beartic
|-supereffective|p1a: Beartic
|-damage|p1a: Beartic|320/608
|-weather|SunnyDay
|move|p1a: Beartic|Max Rockfall|p2a: Ho-Oh
|-supereffective|p2a: Ho-Oh
|-damage|p2a: Ho-Oh|0 fnt
|-weather|Sandstorm
|faint|p2a: Ho-Oh
|
|-weather|Sandstorm|[upkeep]
|-damage|p1a: Beartic|301/608|[from] Sandstorm
|upkeep
|
|t:|1668476672
|switch|p2a: Cloyster|Cloyster, L80, M|211/211
|-damage|p2a: Cloyster|159/211|[from] Spikes
|-damage|p2a: Cloyster|107/211|[from] Stealth Rock
|turn|31
|
|t:|1668476677
|move|p2a: Cloyster|Shell Smash|p2a: Cloyster
|-unboost|p2a: Cloyster|def|1
|-unboost|p2a: Cloyster|spd|1
|-boost|p2a: Cloyster|atk|2
|-boost|p2a: Cloyster|spa|2
|-boost|p2a: Cloyster|spe|2
|-enditem|p2a: Cloyster|White Herb
|-clearnegativeboost|p2a: Cloyster|[silent]
|move|p1a: Beartic|Max Rockfall|p2a: Cloyster
|-supereffective|p2a: Cloyster
|-damage|p2a: Cloyster|0 fnt
|faint|p2a: Cloyster
|
|win|Khoa Alex 45
|raw|Khoa Alex 45's rating: 2439 &rarr; <strong>2461</strong><br />(+22 for winning)
|raw|pmawarrior's rating: 2469 &rarr; <strong>2447</strong><br />(-22 for losing)
