|j|☆TheLegendMoulaJatt
|j|☆Spellzlamser
|t:|1684306596
|gametype|singles
|player|p1|TheLegendMoulaJatt|ghetsis-gen5bw|1176
|player|p2|Spellzlamser|roxie|1141
|teamsize|p1|6
|teamsize|p2|6
|gen|8
|tier|[Gen 8] Random Battle
|rated|
|rule|Species Clause: Limit one of each Pokémon
|rule|HP Percentage Mod: HP is shown in percentages
|rule|Sleep Clause Mod: Limit one foe put to sleep
|
|t:|1684306596
|start
|switch|p1a: Maractus|Maractus, L95, F|296/296
|switch|p2a: Milotic|Milotic, L82, F|290/290
|turn|1
|
|t:|1684306605
|move|p2a: Milotic|Ice Beam|p1a: Maractus
|-supereffective|p1a: Maractus
|-damage|p1a: Maractus|172/296
|move|p1a: Maractus|Leech Seed|p2a: Milotic
|-start|p2a: Milotic|move: Leech Seed
|
|-damage|p2a: Milotic|254/290|[from] Leech Seed|[of] p1a: Maractus
|-heal|p1a: Maractus|208/296|[silent]
|upkeep
|turn|2
|inactive|Battle timer is ON: inactive players will automatically lose when time's up. (requested by TheLegendMoulaJatt)
|
|t:|1684306617
|switch|p2a: Buzzwole|Buzzwole, L77|291/291
|move|p1a: Maractus|Spiky Shield||[still]
|-fail|p1a: Maractus
|
|upkeep
|turn|3
|
|t:|1684306627
|move|p1a: Maractus|Toxic|p2a: Buzzwole
|-status|p2a: Buzzwole|tox
|move|p2a: Buzzwole|Leech Life|p1a: Maractus
|-supereffective|p1a: Maractus
|-damage|p1a: Maractus|0 fnt
|faint|p1a: Maractus
|-ability|p2a: Buzzwole|Beast Boost|boost
|-boost|p2a: Buzzwole|atk|1
|
|-damage|p2a: Buzzwole|273/291 tox|[from] psn
|upkeep
|
|t:|1684306643
|switch|p1a: Kingdra|Kingdra, L82, M|257/257
|turn|4
|inactive|Spellzlamser has 120 seconds left.
|
|t:|1684306676
|move|p1a: Kingdra|Hurricane|p2a: Buzzwole
|-supereffective|p2a: Buzzwole
|-damage|p2a: Buzzwole|0 fnt
|faint|p2a: Buzzwole
|-damage|p1a: Kingdra|232/257|[from] item: Life Orb
|
|upkeep
|inactive|Spellzlamser has 120 seconds left.
|
|t:|1684306691
|switch|p2a: Milotic|Milotic, L82, F|254/290
|turn|5
|
|t:|1684306701
|switch|p1a: Magnezone|Magnezone, L84|255/255
|move|p2a: Milotic|Ice Beam|p1a: Magnezone
|-resisted|p1a: Magnezone
|-damage|p1a: Magnezone|226/255
|
|-heal|p2a: Milotic|272/290|[from] item: Leftovers
|upkeep
|turn|6
|inactive|Spellzlamser has 120 seconds left.
|
|t:|1684306716
|switch|p2a: Mudsdale|Mudsdale, L82, F|298/298
|move|p1a: Magnezone|Volt Switch|p2a: Mudsdale
|-immune|p2a: Mudsdale
|
|upkeep
|turn|7
|
|t:|1684306723
|switch|p1a: Kingdra|Kingdra, L82, M|232/257
|move|p2a: Mudsdale|Stealth Rock|p1a: Kingdra
|-sidestart|p1: TheLegendMoulaJatt|move: Stealth Rock
|
|upkeep
|turn|8
|inactive|Spellzlamser has 120 seconds left.
|
|t:|1684306743
|switch|p2a: Milotic|Milotic, L82, F|272/290
|move|p1a: Kingdra|Rain Dance|p1a: Kingdra
|-weather|RainDance
|
|-weather|RainDance|[upkeep]
|-heal|p2a: Milotic|290/290|[from] item: Leftovers
|upkeep
|turn|9
|
|t:|1684306752
|switch|p1a: Magnezone|Magnezone, L84|226/255
|-damage|p1a: Magnezone|211/255|[from] Stealth Rock
|move|p2a: Milotic|Scald|p1a: Magnezone
|-damage|p1a: Magnezone|93/255
|
|-weather|RainDance|[upkeep]
|upkeep
|turn|10
|
|t:|1684306772
|move|p1a: Magnezone|Thunderbolt|p2a: Milotic
|-supereffective|p2a: Milotic
|-damage|p2a: Milotic|102/290
|move|p2a: Milotic|Scald|p1a: Magnezone
|-damage|p1a: Magnezone|0 fnt
|faint|p1a: Magnezone
|
|-weather|RainDance|[upkeep]
|-heal|p2a: Milotic|120/290|[from] item: Leftovers
|upkeep
|
|t:|1684306779
|switch|p1a: Pikachu|Pikachu-Partner, L92, M|214/214
|-damage|p1a: Pikachu|188/214|[from] Stealth Rock
|turn|11
|inactive|TheLegendMoulaJatt has 120 seconds left.
|
|t:|1684306804
|switch|p2a: Mudsdale|Mudsdale, L82, F|298/298
|-start|p1a: Pikachu|Dynamax|
|-heal|p1a: Pikachu|376/428|[silent]
|move|p1a: Pikachu|Max Geyser|p2a: Mudsdale
|-supereffective|p2a: Mudsdale
|-damage|p2a: Mudsdale|0 fnt
|faint|p2a: Mudsdale
|
|-weather|RainDance|[upkeep]
|upkeep
|inactive|Spellzlamser has 120 seconds left.
|
|t:|1684306829
|switch|p2a: Milotic|Milotic, L82, F|120/290
|turn|12
|
|t:|1684306833
|move|p1a: Pikachu|Max Lightning|p2a: Milotic
|-supereffective|p2a: Milotic
|-damage|p2a: Milotic|0 fnt
|-fieldstart|move: Electric Terrain
|faint|p2a: Milotic
|
|-weather|none
|upkeep
|inactive|Spellzlamser has 120 seconds left.
|
|t:|1684306850
|switch|p2a: Zamazenta|Zamazenta, L73|255/255
|-ability|p2a: Zamazenta|Dauntless Shield|boost
|-boost|p2a: Zamazenta|def|1
|turn|13
|inactive|Spellzlamser has 120 seconds left.
|
|t:|1684306868
|move|p2a: Zamazenta|Close Combat|p1a: Pikachu
|-damage|p1a: Pikachu|100/428
|-unboost|p2a: Zamazenta|def|1
|-unboost|p2a: Zamazenta|spd|1
|move|p1a: Pikachu|Max Lightning|p2a: Zamazenta
|-damage|p2a: Zamazenta|0 fnt
|faint|p2a: Zamazenta
|
|upkeep
|inactive|Spellzlamser has 120 seconds left.
|
|t:|1684306878
|switch|p2a: Stonjourner|Stonjourner, L88, F|319/319
|-end|p1a: Pikachu|Dynamax
|-heal|p1a: Pikachu|50/214|[silent]
|turn|14
|inactive|Spellzlamser has 120 seconds left.
|
|t:|1684306885
|move|p1a: Pikachu|Surf|p2a: Stonjourner
|-supereffective|p2a: Stonjourner
|-damage|p2a: Stonjourner|0 fnt
|faint|p2a: Stonjourner
|
|upkeep
|inactive|Spellzlamser has 120 seconds left.
|
|t:|1684306891
|switch|p2a: Linoone|Linoone, L84, M|268/268
|turn|15
|
|t:|1684306903
|move|p2a: Linoone|Extreme Speed|p1a: Pikachu
|-damage|p1a: Pikachu|0 fnt
|faint|p1a: Pikachu
|
|upkeep
|
|t:|1684306923
|switch|p1a: Mamoswine|Mamoswine, L80, M|307/307
|-damage|p1a: Mamoswine|269/307|[from] Stealth Rock
|turn|16
|
|t:|1684306931
|move|p2a: Linoone|Belly Drum|p2a: Linoone
|-damage|p2a: Linoone|134/268
|-setboost|p2a: Linoone|atk|6|[from] move: Belly Drum
|-enditem|p2a: Linoone|Wiki Berry|[eat]
|-heal|p2a: Linoone|223/268|[from] item: Wiki Berry
|move|p1a: Mamoswine|Earthquake|p2a: Linoone
|-damage|p2a: Linoone|0 fnt
|faint|p2a: Linoone
|
|win|TheLegendMoulaJatt
|raw|TheLegendMoulaJatt's rating: 1176 &rarr; <strong>1198</strong><br />(+22 for winning)
|raw|Spellzlamser's rating: 1141 &rarr; <strong>1119</strong><br />(-22 for losing)
|l|☆Spellzlamser
