|j|☆dokythedingus
|j|☆Jermafrog
|t:|1685504884
|gametype|singles
|player|p1|dokythedingus|harlequin|
|player|p2|Jermafrog|acetrainer-gen2|
|teamsize|p1|6
|teamsize|p2|6
|gen|8
|tier|[Gen 8] Random Battle
|rule|Species Clause: Limit one of each Pokémon
|rule|HP Percentage Mod: HP is shown in percentages
|rule|Sleep Clause Mod: Limit one foe put to sleep
|
|t:|1685504884
|start
|switch|p1a: Darmanitan|Darmanitan-Galar, L78, F|292/292
|switch|p2a: Araquanid|Araquanid, L80, M|240/240
|turn|1
|c|☆dokythedingus|glhf
|c|☆Jermafrog|hf
|
|t:|1685504938
|switch|p1a: Carracosta|Carracosta, L84, F|262/262
|move|p2a: Araquanid|Sticky Web|p1a: Carracosta
|-sidestart|p1: dokythedingus|move: Sticky Web
|
|upkeep
|turn|2
|
|t:|1685504959
|move|p2a: Araquanid|Liquidation|p1a: Carracosta
|-damage|p1a: Carracosta|163/262
|-unboost|p1a: Carracosta|def|1
|move|p1a: Carracosta|Shell Smash|p1a: Carracosta
|-unboost|p1a: Carracosta|def|1
|-unboost|p1a: Carracosta|spd|1
|-boost|p1a: Carracosta|atk|2
|-boost|p1a: Carracosta|spa|2
|-boost|p1a: Carracosta|spe|2
|
|upkeep
|turn|3
|
|t:|1685504972
|move|p1a: Carracosta|Stone Edge|p2a: Araquanid
|-supereffective|p2a: Araquanid
|-damage|p2a: Araquanid|0 fnt
|faint|p2a: Araquanid
|
|upkeep
|
|t:|1685504973
|switch|p2a: Slowbro|Slowbro, L84, F|297/297
|turn|4
|
|t:|1685504985
|move|p1a: Carracosta|Stone Edge|p2a: Slowbro|[miss]
|-miss|p1a: Carracosta|p2a: Slowbro
|move|p2a: Slowbro|Scald|p1a: Carracosta
|-damage|p1a: Carracosta|10/262
|
|upkeep
|turn|5
|
|t:|1685504993
|move|p1a: Carracosta|Stone Edge|p2a: Slowbro
|-crit|p2a: Slowbro
|-damage|p2a: Slowbro|0 fnt
|faint|p2a: Slowbro
|
|upkeep
|c|☆Jermafrog|hm
|c|☆dokythedingus|this game derpy af
|
|t:|1685505006
|switch|p2a: Tornadus|Tornadus, L80, M|258/258
|turn|6
|c|☆Jermafrog|i threw anyway
|c|☆Jermafrog|idk why i didnt go torn
|
|t:|1685505020
|move|p1a: Carracosta|Aqua Jet|p2a: Tornadus
|-damage|p2a: Tornadus|140/258
|move|p2a: Tornadus|Grass Knot|p1a: Carracosta
|-supereffective|p1a: Carracosta
|-damage|p1a: Carracosta|0 fnt
|faint|p1a: Carracosta
|
|upkeep
|inactive|Battle timer is ON: inactive players will automatically lose when time's up. (requested by Jermafrog)
|c|☆Jermafrog|sorry but pls
|
|t:|1685505048
|switch|p1a: Slowbro|Slowbro-Galar, L86, M|304/304
|-activate|p1a: Slowbro|move: Sticky Web
|-unboost|p1a: Slowbro|spe|1
|turn|7
|
|t:|1685505057
|move|p2a: Tornadus|Nasty Plot|p2a: Tornadus
|-boost|p2a: Tornadus|spa|2
|move|p1a: Slowbro|Trick Room|p1a: Slowbro
|-fieldstart|move: Trick Room|[of] p1a: Slowbro
|
|upkeep
|turn|8
|
|t:|1685505078
|switch|p2a: Meowstic|Meowstic-F, L86, F|268/268
|move|p1a: Slowbro|Shell Side Arm|p2a: Meowstic|[anim] Shell Side Arm Physical
|-damage|p2a: Meowstic|135/268
|-hint|Physical Shell Side Arm
|-damage|p1a: Slowbro|274/304|[from] item: Life Orb
|
|upkeep
|turn|9
|
|t:|1685505089
|move|p1a: Slowbro|Shell Side Arm|p2a: Meowstic|[anim] Shell Side Arm Physical
|-damage|p2a: Meowstic|0 fnt
|-hint|Physical Shell Side Arm
|faint|p2a: Meowstic
|-damage|p1a: Slowbro|244/304|[from] item: Life Orb
|
|upkeep
|
|t:|1685505093
|switch|p2a: Obstagoon|Obstagoon, L80, M|280/280
|turn|10
|
|t:|1685505107
|switch|p1a: Poliwrath|Poliwrath, L84, F|288/288
|-activate|p1a: Poliwrath|move: Sticky Web
|-unboost|p1a: Poliwrath|spe|1
|move|p2a: Obstagoon|Knock Off|p1a: Poliwrath
|-resisted|p1a: Poliwrath
|-damage|p1a: Poliwrath|242/288
|-enditem|p1a: Poliwrath|Life Orb|[from] move: Knock Off|[of] p2a: Obstagoon
|
|-status|p2a: Obstagoon|brn|[from] item: Flame Orb
|upkeep
|turn|11
|
|t:|1685505123
|switch|p2a: Tornadus|Tornadus, L80, M|140/258
|move|p1a: Poliwrath|Close Combat|p2a: Tornadus
|-resisted|p2a: Tornadus
|-damage|p2a: Tornadus|60/258
|-unboost|p1a: Poliwrath|def|1
|-unboost|p1a: Poliwrath|spd|1
|
|-fieldend|move: Trick Room
|upkeep
|turn|12
|
|t:|1685505145
|switch|p1a: Darmanitan|Darmanitan-Galar, L78, F|292/292
|-activate|p1a: Darmanitan|move: Sticky Web
|-unboost|p1a: Darmanitan|spe|1
|move|p2a: Tornadus|Hurricane|p1a: Darmanitan|[miss]
|-miss|p2a: Tornadus|p1a: Darmanitan
|
|upkeep
|turn|13
|c|☆Jermafrog|man
|c|☆dokythedingus|this game derpy bruh
|
|t:|1685505159
|move|p2a: Tornadus|Heat Wave|p1a: Darmanitan
|-supereffective|p1a: Darmanitan
|-damage|p1a: Darmanitan|84/292
|move|p1a: Darmanitan|Icicle Crash|p2a: Tornadus
|-supereffective|p2a: Tornadus
|-damage|p2a: Tornadus|0 fnt
|faint|p2a: Tornadus
|
|-formechange|p1a: Darmanitan|Darmanitan-Galar-Zen|
|upkeep
|
|t:|1685505177
|switch|p2a: Obstagoon|Obstagoon, L80, M|280/280 brn
|turn|14
|
|t:|1685505186
|move|p2a: Obstagoon|Facade|p1a: Darmanitan
|-damage|p1a: Darmanitan|0 fnt
|faint|p1a: Darmanitan
|
|-damage|p2a: Obstagoon|263/280 brn|[from] brn
|upkeep
|
|t:|1685505196
|switch|p1a: Hitmonchan|Hitmonchan, L86, M|226/226
|-activate|p1a: Hitmonchan|move: Sticky Web
|-unboost|p1a: Hitmonchan|spe|1
|turn|15
|
|t:|1685505206
|move|p1a: Hitmonchan|Mach Punch|p2a: Obstagoon
|-supereffective|p2a: Obstagoon
|-damage|p2a: Obstagoon|0 fnt
|faint|p2a: Obstagoon
|-damage|p1a: Hitmonchan|204/226|[from] item: Life Orb
|
|upkeep
|
|t:|1685505209
|switch|p2a: Kyurem|Kyurem, L80|331/331
|-ability|p2a: Kyurem|Pressure
|turn|16
|
|t:|1685505220
|-start|p1a: Hitmonchan|Dynamax|
|-heal|p1a: Hitmonchan|408/452|[silent]
|move|p2a: Kyurem|Ice Beam|p1a: Hitmonchan
|-damage|p1a: Hitmonchan|320/452
|move|p1a: Hitmonchan|Max Knuckle|p2a: Kyurem
|-supereffective|p2a: Kyurem
|-damage|p2a: Kyurem|66/331
|-boost|p1a: Hitmonchan|atk|1
|-damage|p1a: Hitmonchan|298/452|[from] item: Life Orb
|
|upkeep
|turn|17
|c|☆Jermafrog|sacking slowbro and then the entire team getting walled by slowbro is funny
|c|☆dokythedingus|my last mon is leafeon
|c|☆dokythedingus|not that that
|c|☆Jermafrog|oh lol
|c|☆dokythedingus|would've been that helpful
|
|t:|1685505252
|-start|p2a: Kyurem|Dynamax|
|-heal|p2a: Kyurem|132/662|[silent]
|move|p2a: Kyurem|Max Guard|p2a: Kyurem
|-singleturn|p2a: Kyurem|Max Guard
|move|p1a: Hitmonchan|Max Knuckle|p2a: Kyurem
|-activate|p2a: Kyurem|move: Max Guard
|
|upkeep
|turn|18
|
|t:|1685505257
|move|p2a: Kyurem|Max Guard||[still]
|-fail|p2a: Kyurem
|move|p1a: Hitmonchan|Max Knuckle|p2a: Kyurem
|-supereffective|p2a: Kyurem
|-damage|p2a: Kyurem|0 fnt
|-boost|p1a: Hitmonchan|atk|1
|faint|p2a: Kyurem
|-damage|p1a: Hitmonchan|276/452|[from] item: Life Orb
|
|win|dokythedingus
|c|☆Jermafrog|gg
|c|☆dokythedingus|gg
|l|☆Jermafrog
