|j|☆Hilda2021
|j|☆lui 2022
|t:|1683817311
|gametype|singles
|player|p1|Hilda2021|hilda|
|player|p2|lui 2022|265|
|teamsize|p1|6
|teamsize|p2|6
|gen|8
|tier|[Gen 8] Random Battle
|rule|Species Clause: Limit one of each Pokémon
|rule|HP Percentage Mod: HP is shown in percentages
|rule|Sleep Clause Mod: Limit one foe put to sleep
|
|t:|1683817311
|start
|switch|p1a: Grapploct|Grapploct, L86, F|278/278
|switch|p2a: Stakataka|Stakataka, L80|229/229
|-item|p2a: Stakataka|Air Balloon
|turn|1
|
|t:|1683817366
|switch|p2a: Carbink|Carbink, L86|226/226
|move|p1a: Grapploct|Bulk Up|p1a: Grapploct
|-boost|p1a: Grapploct|atk|1
|-boost|p1a: Grapploct|def|1
|
|upkeep
|turn|2
|
|t:|1683817385
|switch|p1a: Tentacruel|Tentacruel, L84, F|272/272
|-start|p2a: Carbink|Dynamax|
|-heal|p2a: Carbink|452/452|[silent]
|move|p2a: Carbink|Max Starfall|p1a: Tentacruel
|-resisted|p1a: Tentacruel
|-damage|p1a: Tentacruel|236/272
|-fieldstart|move: Misty Terrain
|
|-heal|p1a: Tentacruel|253/272|[from] item: Black Sludge
|upkeep
|turn|3
|
|t:|1683817405
|move|p2a: Carbink|Max Guard|p2a: Carbink
|-singleturn|p2a: Carbink|Max Guard
|move|p1a: Tentacruel|Toxic Spikes|p2a: Carbink
|-sidestart|p2: lui 2022|move: Toxic Spikes
|
|-heal|p1a: Tentacruel|270/272|[from] item: Black Sludge
|upkeep
|turn|4
|
|t:|1683817413
|move|p1a: Tentacruel|Toxic Spikes|p2a: Carbink
|-sidestart|p2: lui 2022|move: Toxic Spikes
|move|p2a: Carbink|Max Knuckle|p1a: Tentacruel
|-resisted|p1a: Tentacruel
|-damage|p1a: Tentacruel|253/272
|-boost|p2a: Carbink|atk|1
|
|-heal|p1a: Tentacruel|270/272|[from] item: Black Sludge
|upkeep
|-end|p2a: Carbink|Dynamax
|-heal|p2a: Carbink|226/226|[silent]
|turn|5
|
|t:|1683817436
|switch|p2a: Steelix|Steelix, L84, F|263/263
|move|p1a: Tentacruel|Scald|p2a: Steelix
|-supereffective|p2a: Steelix
|-damage|p2a: Steelix|87/263
|
|-heal|p1a: Tentacruel|272/272|[from] item: Black Sludge
|-heal|p2a: Steelix|103/263|[from] item: Leftovers
|upkeep
|turn|6
|
|t:|1683817450
|switch|p2a: Stakataka|Stakataka, L80|229/229
|-item|p2a: Stakataka|Air Balloon
|move|p1a: Tentacruel|Scald|p2a: Stakataka
|-supereffective|p2a: Stakataka
|-damage|p2a: Stakataka|77/229
|-enditem|p2a: Stakataka|Air Balloon
|
|-fieldend|Misty Terrain
|upkeep
|turn|7
|
|t:|1683817462
|switch|p2a: Appletun|Appletun, L90, F|344/344
|-status|p2a: Appletun|tox
|move|p1a: Tentacruel|Scald|p2a: Appletun
|-resisted|p2a: Appletun
|-damage|p2a: Appletun|327/344 tox
|
|-heal|p2a: Appletun|344/344 tox|[from] item: Leftovers
|-damage|p2a: Appletun|323/344 tox|[from] psn
|upkeep
|turn|8
|
|t:|1683817475
|move|p1a: Tentacruel|Sludge Bomb|p2a: Appletun
|-supereffective|p2a: Appletun
|-damage|p2a: Appletun|159/344 tox
|move|p2a: Appletun|Leech Seed|p1a: Tentacruel
|-start|p1a: Tentacruel|move: Leech Seed
|
|-heal|p2a: Appletun|180/344 tox|[from] item: Leftovers
|-damage|p1a: Tentacruel|238/272|[from] Leech Seed|[of] p2a: Appletun
|-damage|p2a: Appletun|146/344 tox|[from] ability: Liquid Ooze|[of] p1a: Tentacruel
|-damage|p2a: Appletun|104/344 tox|[from] psn
|upkeep
|turn|9
|
|t:|1683817489
|move|p1a: Tentacruel|Rapid Spin|p2a: Appletun
|-damage|p2a: Appletun|78/344 tox
|-boost|p1a: Tentacruel|spe|1
|-end|p1a: Tentacruel|Leech Seed|[from] move: Rapid Spin|[of] p1a: Tentacruel
|move|p2a: Appletun|Recover|p2a: Appletun
|-heal|p2a: Appletun|250/344 tox
|
|-heal|p1a: Tentacruel|255/272|[from] item: Black Sludge
|-heal|p2a: Appletun|271/344 tox|[from] item: Leftovers
|-damage|p2a: Appletun|208/344 tox|[from] psn
|upkeep
|turn|10
|
|t:|1683817509
|move|p1a: Tentacruel|Sludge Bomb|p2a: Appletun
|-supereffective|p2a: Appletun
|-damage|p2a: Appletun|40/344 tox
|move|p2a: Appletun|Apple Acid|p1a: Tentacruel
|-damage|p1a: Tentacruel|173/272
|-unboost|p1a: Tentacruel|spd|1
|
|-heal|p1a: Tentacruel|190/272|[from] item: Black Sludge
|-heal|p2a: Appletun|61/344 tox|[from] item: Leftovers
|-damage|p2a: Appletun|0 fnt|[from] psn
|faint|p2a: Appletun
|upkeep
|
|t:|1683817529
|switch|p2a: Druddigon|Druddigon, L84, M|267/267
|-status|p2a: Druddigon|tox
|-ability|p2a: Druddigon|Mold Breaker
|turn|11
|
|t:|1683817554
|switch|p1a: Grimmsnarl|Grimmsnarl, L82, M|290/290
|move|p2a: Druddigon|Outrage|p1a: Grimmsnarl
|-immune|p1a: Grimmsnarl
|
|-damage|p2a: Druddigon|251/267 tox|[from] psn
|upkeep
|turn|12
|
|t:|1683817569
|move|p1a: Grimmsnarl|Bulk Up|p1a: Grimmsnarl
|-boost|p1a: Grimmsnarl|atk|1
|-boost|p1a: Grimmsnarl|def|1
|move|p2a: Druddigon|Glare|p1a: Grimmsnarl
|-status|p1a: Grimmsnarl|par
|
|-damage|p2a: Druddigon|219/267 tox|[from] psn
|upkeep
|turn|13
|
|t:|1683817579
|move|p2a: Druddigon|Earthquake|p1a: Grimmsnarl
|-damage|p1a: Grimmsnarl|195/290 par
|-damage|p2a: Druddigon|193/267 tox|[from] item: Life Orb
|move|p1a: Grimmsnarl|Play Rough|p2a: Druddigon
|-supereffective|p2a: Druddigon
|-damage|p2a: Druddigon|0 fnt
|faint|p2a: Druddigon
|-damage|p1a: Grimmsnarl|166/290 par|[from] item: Life Orb
|
|upkeep
|
|t:|1683817601
|switch|p2a: Carbink|Carbink, L86|226/226
|-status|p2a: Carbink|tox
|turn|14
|
|t:|1683817616
|switch|p1a: Tentacruel|Tentacruel, L84, F|190/272
|move|p2a: Carbink|Moonblast|p1a: Tentacruel
|-resisted|p1a: Tentacruel
|-damage|p1a: Tentacruel|165/272
|
|-heal|p1a: Tentacruel|182/272|[from] item: Black Sludge
|-damage|p2a: Carbink|212/226 tox|[from] psn
|upkeep
|turn|15
|
|t:|1683817626
|switch|p2a: Crawdaunt|Crawdaunt, L84, F|243/243
|-status|p2a: Crawdaunt|tox
|move|p1a: Tentacruel|Scald|p2a: Crawdaunt
|-resisted|p2a: Crawdaunt
|-damage|p2a: Crawdaunt|195/243 tox
|
|-heal|p1a: Tentacruel|199/272|[from] item: Black Sludge
|-damage|p2a: Crawdaunt|180/243 tox|[from] psn
|upkeep
|turn|16
|
|t:|1683817646
|move|p1a: Tentacruel|Sludge Bomb|p2a: Crawdaunt
|-damage|p2a: Crawdaunt|63/243 tox
|move|p2a: Crawdaunt|Crabhammer|p1a: Tentacruel
|-resisted|p1a: Tentacruel
|-damage|p1a: Tentacruel|59/272
|-damage|p2a: Crawdaunt|39/243 tox|[from] item: Life Orb
|
|-heal|p1a: Tentacruel|76/272|[from] item: Black Sludge
|-damage|p2a: Crawdaunt|9/243 tox|[from] psn
|upkeep
|turn|17
|
|t:|1683817658
|move|p1a: Tentacruel|Sludge Bomb|p2a: Crawdaunt
|-damage|p2a: Crawdaunt|0 fnt
|faint|p2a: Crawdaunt
|
|-heal|p1a: Tentacruel|93/272|[from] item: Black Sludge
|upkeep
|
|t:|1683817668
|switch|p2a: Carbink|Carbink, L86|212/226 tox
|turn|18
|
|t:|1683817674
|move|p1a: Tentacruel|Scald|p2a: Carbink
|-supereffective|p2a: Carbink
|-damage|p2a: Carbink|122/226 tox
|move|p2a: Carbink|Body Press|p1a: Tentacruel
|-resisted|p1a: Tentacruel
|-damage|p1a: Tentacruel|42/272
|
|-heal|p1a: Tentacruel|59/272|[from] item: Black Sludge
|-damage|p2a: Carbink|108/226 tox|[from] psn
|upkeep
|turn|19
|
|t:|1683817689
|move|p1a: Tentacruel|Scald|p2a: Carbink
|-supereffective|p2a: Carbink
|-damage|p2a: Carbink|16/226 tox
|move|p2a: Carbink|Body Press|p1a: Tentacruel
|-resisted|p1a: Tentacruel
|-damage|p1a: Tentacruel|4/272
|
|-heal|p1a: Tentacruel|21/272|[from] item: Black Sludge
|-damage|p2a: Carbink|0 fnt|[from] psn
|faint|p2a: Carbink
|upkeep
|
|t:|1683817700
|switch|p2a: Steelix|Steelix, L84, F|103/263
|turn|20
|
|t:|1683817706
|move|p1a: Tentacruel|Scald|p2a: Steelix
|-supereffective|p2a: Steelix
|-damage|p2a: Steelix|0 fnt
|faint|p2a: Steelix
|
|-heal|p1a: Tentacruel|38/272|[from] item: Black Sludge
|upkeep
|
|t:|1683817715
|switch|p2a: Stakataka|Stakataka, L80|77/229
|turn|21
|
|t:|1683817720
|-start|p1a: Tentacruel|Dynamax|
|-heal|p1a: Tentacruel|76/544|[silent]
|move|p1a: Tentacruel|Max Geyser|p2a: Stakataka
|-supereffective|p2a: Stakataka
|-damage|p2a: Stakataka|0 fnt
|-weather|RainDance
|faint|p2a: Stakataka
|
|win|Hilda2021
