|j|☆PrinceOfAllTacos
|j|☆Ev_Evan
|t:|1685109603
|gametype|singles
|player|p1|PrinceOfAllTacos|#psplxtournaments|
|player|p2|Ev_Evan|volkner|
|teamsize|p1|6
|teamsize|p2|6
|gen|8
|tier|[Gen 8] Random Battle
|rule|Species Clause: Limit one of each Pokémon
|rule|HP Percentage Mod: HP is shown in percentages
|rule|Sleep Clause Mod: Limit one foe put to sleep
|
|t:|1685109603
|start
|switch|p1a: Arctozolt|Arctozolt, L86|295/295
|switch|p2a: Silvally|Silvally-Fighting, L84|297/297
|turn|1
|inactive|Battle timer is ON: inactive players will automatically lose when time's up. (requested by Ev_Evan)
|c|☆PrinceOfAllTacos|gl hf
|
|t:|1685109627
|switch|p1a: Musharna|Musharna, L86, F|340/340
|move|p2a: Silvally|Multi-Attack|p1a: Musharna
|-resisted|p1a: Musharna
|-damage|p1a: Musharna|279/340
|
|-heal|p1a: Musharna|300/340|[from] item: Leftovers
|upkeep
|turn|2
|c|☆Ev_Evan|gl
|inactive|Ev_Evan has 270 seconds left.
|
|t:|1685109664
|switch|p2a: Meowstic|Meowstic, L84, M|262/262
|move|p1a: Musharna|Calm Mind|p1a: Musharna
|-boost|p1a: Musharna|spa|1
|-boost|p1a: Musharna|spd|1
|
|-heal|p1a: Musharna|321/340|[from] item: Leftovers
|upkeep
|turn|3
|
|t:|1685109671
|move|p2a: Meowstic|Thunder Wave|p1a: Musharna
|-status|p1a: Musharna|par
|-activate|p1a: Musharna|ability: Synchronize
|-status|p2a: Meowstic|par
|move|p1a: Musharna|Moonblast|p2a: Meowstic
|-damage|p2a: Meowstic|151/262 par
|-unboost|p2a: Meowstic|spa|1
|
|-heal|p1a: Musharna|340/340 par|[from] item: Leftovers
|upkeep
|turn|4
|inactive|Ev_Evan has 270 seconds left.
|
|t:|1685109688
|switch|p2a: Durant|Durant, L78, M|219/219
|move|p1a: Musharna|Calm Mind|p1a: Musharna
|-boost|p1a: Musharna|spa|1
|-boost|p1a: Musharna|spd|1
|
|upkeep
|turn|5
|inactive|Ev_Evan has 270 seconds left.
|
|t:|1685109711
|switch|p1a: Pincurchin|Pincurchin, L88, F|228/228
|-fieldstart|move: Electric Terrain|[from] ability: Electric Surge|[of] p1a: Pincurchin
|move|p2a: Durant|Iron Head|p1a: Pincurchin
|-resisted|p1a: Pincurchin
|-damage|p1a: Pincurchin|158/228
|-damage|p2a: Durant|198/219|[from] item: Life Orb
|
|upkeep
|turn|6
|
|t:|1685109726
|move|p2a: Durant|Hone Claws|p2a: Durant
|-boost|p2a: Durant|atk|1
|-boost|p2a: Durant|accuracy|1
|move|p1a: Pincurchin|Spikes|p2a: Durant
|-sidestart|p2: Ev_Evan|Spikes
|
|upkeep
|turn|7
|
|t:|1685109730
|move|p1a: Pincurchin|Sucker Punch||[still]
|-fail|p1a: Pincurchin
|move|p2a: Durant|Hone Claws|p2a: Durant
|-boost|p2a: Durant|atk|1
|-boost|p2a: Durant|accuracy|1
|
|upkeep
|turn|8
|
|t:|1685109732
|move|p1a: Pincurchin|Sucker Punch||[still]
|-fail|p1a: Pincurchin
|move|p2a: Durant|Hone Claws|p2a: Durant
|-boost|p2a: Durant|atk|1
|-boost|p2a: Durant|accuracy|1
|
|upkeep
|turn|9
|
|t:|1685109735
|move|p2a: Durant|Hone Claws|p2a: Durant
|-boost|p2a: Durant|atk|1
|-boost|p2a: Durant|accuracy|1
|move|p1a: Pincurchin|Rising Voltage|p2a: Durant
|-hint|Rising Voltage's BP doubled on grounded target.
|-damage|p2a: Durant|0 fnt
|faint|p2a: Durant
|
|-fieldend|move: Electric Terrain
|upkeep
|
|t:|1685109745
|switch|p2a: Silvally|Silvally-Fighting, L84|297/297
|-damage|p2a: Silvally|260/297|[from] Spikes
|turn|10
|
|t:|1685109751
|move|p2a: Silvally|Crunch|p1a: Pincurchin
|-damage|p1a: Pincurchin|103/228
|-unboost|p1a: Pincurchin|def|1
|move|p1a: Pincurchin|Scald|p2a: Silvally
|-damage|p2a: Silvally|204/297
|
|upkeep
|turn|11
|
|t:|1685109762
|move|p2a: Silvally|Multi-Attack|p1a: Pincurchin
|-damage|p1a: Pincurchin|0 fnt
|faint|p1a: Pincurchin
|
|upkeep
|
|t:|1685109768
|switch|p1a: Musharna|Musharna, L86, F|340/340 par
|turn|12
|
|t:|1685109771
|move|p2a: Silvally|Crunch|p1a: Musharna
|-supereffective|p1a: Musharna
|-damage|p1a: Musharna|226/340 par
|move|p1a: Musharna|Psychic|p2a: Silvally
|-supereffective|p2a: Silvally
|-damage|p2a: Silvally|4/297
|
|-heal|p1a: Musharna|247/340 par|[from] item: Leftovers
|upkeep
|turn|13
|inactive|Ev_Evan has 270 seconds left.
|inactive|Ev_Evan has 240 seconds left.
|inactive|Ev_Evan has 210 seconds left.
|
|t:|1685109863
|move|p2a: Silvally|Crunch|p1a: Musharna
|-supereffective|p1a: Musharna
|-damage|p1a: Musharna|139/340 par
|move|p1a: Musharna|Psychic|p2a: Silvally
|-supereffective|p2a: Silvally
|-damage|p2a: Silvally|0 fnt
|faint|p2a: Silvally
|
|-heal|p1a: Musharna|160/340 par|[from] item: Leftovers
|upkeep
|inactive|Ev_Evan has 210 seconds left.
|
|t:|1685109877
|switch|p2a: Dragonite|Dragonite, L75, F|260/260
|turn|14
|inactive|Ev_Evan has 210 seconds left.
|
|t:|1685109886
|switch|p1a: Ludicolo|Ludicolo, L86, F|278/278
|move|p2a: Dragonite|Outrage|p1a: Ludicolo
|-damage|p1a: Ludicolo|133/278
|
|upkeep
|turn|15
|
|t:|1685109891
|move|p1a: Ludicolo|Ice Beam|p2a: Dragonite
|-supereffective|p2a: Dragonite
|-damage|p2a: Dragonite|91/260
|-damage|p1a: Ludicolo|106/278|[from] item: Life Orb
|move|p2a: Dragonite|Outrage|p1a: Ludicolo|[from]lockedmove
|-damage|p1a: Ludicolo|0 fnt
|faint|p1a: Ludicolo
|-start|p2a: Dragonite|confusion|[fatigue]
|
|upkeep
|
|t:|1685109894
|switch|p1a: Naganadel|Naganadel, L74|230/230
|turn|16
|
|t:|1685109898
|switch|p2a: Mawile|Mawile, L86, M|226/226
|-damage|p2a: Mawile|198/226|[from] Spikes
|move|p1a: Naganadel|Sludge Wave|p2a: Mawile
|-immune|p2a: Mawile
|
|upkeep
|turn|17
|inactive|Ev_Evan has 240 seconds left.
|
|t:|1685109906
|switch|p1a: Flapple|Flapple, L84, M|255/255
|move|p2a: Mawile|Iron Head|p1a: Flapple
|-damage|p1a: Flapple|115/255
|
|upkeep
|turn|18
|
|t:|1685109914
|switch|p2a: Dragonite|Dragonite, L75, F|91/260
|move|p1a: Flapple|Grav Apple|p2a: Dragonite
|-resisted|p2a: Dragonite
|-damage|p2a: Dragonite|39/260
|-unboost|p2a: Dragonite|def|1
|-damage|p1a: Flapple|90/255|[from] item: Life Orb
|
|upkeep
|turn|19
|inactive|Ev_Evan has 240 seconds left.
|
|t:|1685109948
|switch|p2a: Mawile|Mawile, L86, M|198/226
|-damage|p2a: Mawile|170/226|[from] Spikes
|move|p1a: Flapple|Grav Apple|p2a: Mawile
|-resisted|p2a: Mawile
|-damage|p2a: Mawile|76/226
|-unboost|p2a: Mawile|def|1
|-damage|p1a: Flapple|65/255|[from] item: Life Orb
|
|upkeep
|turn|20
|
|t:|1685109959
|move|p2a: Mawile|Sucker Punch|p1a: Flapple
|-damage|p1a: Flapple|0 fnt
|faint|p1a: Flapple
|-damage|p2a: Mawile|54/226|[from] item: Life Orb
|
|upkeep
|
|t:|1685109963
|switch|p1a: Arctozolt|Arctozolt, L86|295/295
|turn|21
|
|t:|1685109971
|switch|p2a: Meowstic|Meowstic, L84, M|151/262 par
|-damage|p2a: Meowstic|119/262 par|[from] Spikes
|move|p1a: Arctozolt|Bolt Beak|p2a: Meowstic
|-damage|p2a: Meowstic|0 fnt
|faint|p2a: Meowstic
|
|upkeep
|
|t:|1685109983
|switch|p2a: Butterfree|Butterfree, L87, F|246/246
|turn|22
|
|t:|1685109987
|move|p2a: Butterfree|Sleep Powder|p1a: Arctozolt
|-status|p1a: Arctozolt|slp|[from] move: Sleep Powder
|cant|p1a: Arctozolt|slp
|
|upkeep
|turn|23
|
|t:|1685109990
|switch|p1a: Naganadel|Naganadel, L74|230/230
|move|p2a: Butterfree|Quiver Dance|p2a: Butterfree
|-boost|p2a: Butterfree|spa|1
|-boost|p2a: Butterfree|spd|1
|-boost|p2a: Butterfree|spe|1
|
|upkeep
|turn|24
|inactive|Ev_Evan has 240 seconds left.
|
|t:|1685110027
|-start|p1a: Naganadel|Dynamax|
|-heal|p1a: Naganadel|460/460|[silent]
|move|p2a: Butterfree|Air Slash|p1a: Naganadel
|-crit|p1a: Naganadel
|-damage|p1a: Naganadel|211/460
|move|p1a: Naganadel|Max Airstream|p2a: Butterfree
|-supereffective|p2a: Butterfree
|-damage|p2a: Butterfree|120/246
|-boost|p1a: Naganadel|spe|1
|
|upkeep
|turn|25
|
|t:|1685110040
|-start|p2a: Butterfree|Dynamax|Gmax
|-heal|p2a: Butterfree|240/492|[silent]
|move|p2a: Butterfree|Max Guard|p2a: Butterfree
|-singleturn|p2a: Butterfree|Max Guard
|move|p1a: Naganadel|Max Airstream|p2a: Butterfree
|-activate|p2a: Butterfree|move: Max Guard
|
|upkeep
|turn|26
|
|t:|1685110048
|move|p1a: Naganadel|Max Airstream|p2a: Butterfree
|-supereffective|p2a: Butterfree
|-damage|p2a: Butterfree|108/492
|-boost|p1a: Naganadel|spe|1
|move|p2a: Butterfree|Max Airstream|p1a: Naganadel
|-damage|p1a: Naganadel|0 fnt
|-boost|p2a: Butterfree|spe|1
|faint|p1a: Naganadel
|
|upkeep
|c|☆PrinceOfAllTacos|ggs
|-message|PrinceOfAllTacos forfeited.
|
|win|Ev_Evan
|c|☆Ev_Evan|gg
