|j|☆namdingu
|j|☆trying_toget_tough
|t:|1685468372
|gametype|singles
|player|p1|namdingu|brock|1297
|player|p2|trying_toget_tough|265|1470
|teamsize|p1|6
|teamsize|p2|6
|gen|8
|tier|[Gen 8] Random Battle
|rated|
|rule|Species Clause: Limit one of each Pokémon
|rule|HP Percentage Mod: HP is shown in percentages
|rule|Sleep Clause Mod: Limit one foe put to sleep
|
|t:|1685468372
|start
|switch|p1a: Gastrodon|Gastrodon-East, L84, F|324/324
|switch|p2a: Giratina|Giratina-Origin, L74|344/344
|turn|1
|
|t:|1685468385
|switch|p1a: Drapion|Drapion, L82, M|249/249
|move|p2a: Giratina|Hone Claws|p2a: Giratina
|-boost|p2a: Giratina|atk|1
|-boost|p2a: Giratina|accuracy|1
|
|upkeep
|turn|2
|inactive|Battle timer is ON: inactive players will automatically lose when time's up. (requested by trying_toget_tough)
|
|t:|1685468394
|move|p1a: Drapion|Swords Dance|p1a: Drapion
|-boost|p1a: Drapion|atk|2
|move|p2a: Giratina|Outrage|p1a: Drapion
|-damage|p1a: Drapion|68/249
|
|upkeep
|turn|3
|
|t:|1685468402
|move|p1a: Drapion|Knock Off|p2a: Giratina
|-supereffective|p2a: Giratina
|-damage|p2a: Giratina|0 fnt
|faint|p2a: Giratina
|-damage|p1a: Drapion|44/249|[from] item: Life Orb
|
|upkeep
|
|t:|1685468412
|switch|p2a: Persian|Persian, L88, M|258/258
|turn|4
|
|t:|1685468417
|move|p2a: Persian|U-turn|p1a: Drapion
|-crit|p1a: Drapion
|-damage|p1a: Drapion|0 fnt
|faint|p1a: Drapion
|
|t:|1685468438
|switch|p2a: Articuno|Articuno, L84|288/288|[from] U-turn
|-ability|p2a: Articuno|Pressure
|
|upkeep
|
|t:|1685468457
|switch|p1a: Salazzle|Salazzle, L82, F|246/246
|turn|5
|
|t:|1685468468
|switch|p2a: Ninetales|Ninetales, L82, F|254/254
|-weather|SunnyDay|[from] ability: Drought|[of] p2a: Ninetales
|-start|p1a: Salazzle|Dynamax|
|-heal|p1a: Salazzle|492/492|[silent]
|move|p1a: Salazzle|Max Flare|p2a: Ninetales
|-resisted|p2a: Ninetales
|-damage|p2a: Ninetales|148/254
|
|-weather|SunnyDay|[upkeep]
|upkeep
|turn|6
|
|t:|1685468482
|-start|p2a: Ninetales|Dynamax|
|-heal|p2a: Ninetales|296/508|[silent]
|move|p2a: Ninetales|Max Guard|p2a: Ninetales
|-singleturn|p2a: Ninetales|Max Guard
|move|p1a: Salazzle|Max Flare|p2a: Ninetales
|-activate|p2a: Ninetales|move: Max Guard
|
|-weather|SunnyDay|[upkeep]
|upkeep
|turn|7
|
|t:|1685468494
|move|p1a: Salazzle|Max Guard|p1a: Salazzle
|-singleturn|p1a: Salazzle|Max Guard
|move|p2a: Ninetales|Max Quake|p1a: Salazzle
|-activate|p1a: Salazzle|move: Max Guard
|
|-weather|SunnyDay|[upkeep]
|upkeep
|-end|p1a: Salazzle|Dynamax
|-heal|p1a: Salazzle|246/246|[silent]
|turn|8
|
|t:|1685468502
|switch|p1a: Gastrodon|Gastrodon-East, L84, F|324/324
|move|p2a: Ninetales|Max Quake|p1a: Gastrodon
|-damage|p1a: Gastrodon|253/324
|-boost|p2a: Ninetales|spd|1
|
|-weather|SunnyDay|[upkeep]
|-heal|p1a: Gastrodon|273/324|[from] item: Leftovers
|upkeep
|-end|p2a: Ninetales|Dynamax
|-heal|p2a: Ninetales|148/254|[silent]
|turn|9
|
|t:|1685468514
|move|p2a: Ninetales|Solar Beam||[still]
|-prepare|p2a: Ninetales|Solar Beam
|-anim|p2a: Ninetales|Solar Beam|p1a: Gastrodon
|-supereffective|p1a: Gastrodon
|-damage|p1a: Gastrodon|0 fnt
|faint|p1a: Gastrodon
|
|-weather|none
|upkeep
|
|t:|1685468521
|switch|p1a: Marowak|Marowak, L86, M|243/243
|turn|10
|
|t:|1685468527
|switch|p2a: Articuno|Articuno, L84|288/288
|-ability|p2a: Articuno|Pressure
|move|p1a: Marowak|Earthquake|p2a: Articuno
|-immune|p2a: Articuno
|
|upkeep
|turn|11
|
|t:|1685468537
|switch|p1a: Salazzle|Salazzle, L82, F|246/246
|move|p2a: Articuno|Toxic|p1a: Salazzle
|-immune|p1a: Salazzle
|
|upkeep
|turn|12
|
|t:|1685468545
|move|p1a: Salazzle|Toxic|p2a: Articuno
|-status|p2a: Articuno|tox
|move|p2a: Articuno|Freeze-Dry|p1a: Salazzle
|-resisted|p1a: Salazzle
|-damage|p1a: Salazzle|193/246
|
|-heal|p1a: Salazzle|208/246|[from] item: Black Sludge
|-damage|p2a: Articuno|270/288 tox|[from] psn
|upkeep
|turn|13
|
|t:|1685468556
|switch|p2a: Persian|Persian, L88, M|258/258
|move|p1a: Salazzle|Substitute|p1a: Salazzle
|-start|p1a: Salazzle|Substitute
|-damage|p1a: Salazzle|147/246
|
|-heal|p1a: Salazzle|162/246|[from] item: Black Sludge
|upkeep
|turn|14
|
|t:|1685468564
|move|p2a: Persian|Double-Edge|p1a: Salazzle
|-end|p1a: Salazzle|Substitute
|-damage|p2a: Persian|238/258|[from] Recoil|[of] p1a: Salazzle
|move|p1a: Salazzle|Toxic|p2a: Persian
|-status|p2a: Persian|tox
|
|-heal|p1a: Salazzle|177/246|[from] item: Black Sludge
|-damage|p2a: Persian|222/258 tox|[from] psn
|upkeep
|turn|15
|
|t:|1685468574
|move|p1a: Salazzle|Protect|p1a: Salazzle
|-singleturn|p1a: Salazzle|Protect
|move|p2a: Persian|Double-Edge|p1a: Salazzle
|-activate|p1a: Salazzle|move: Protect
|
|-heal|p1a: Salazzle|192/246|[from] item: Black Sludge
|-damage|p2a: Persian|190/258 tox|[from] psn
|upkeep
|turn|16
|
|t:|1685468586
|switch|p2a: Articuno|Articuno, L84|270/288 tox
|-ability|p2a: Articuno|Pressure
|switch|p1a: Jynx|Jynx, L86, F|251/251
|
|-damage|p2a: Articuno|252/288 tox|[from] psn
|upkeep
|turn|17
|
|t:|1685468599
|move|p1a: Jynx|Nasty Plot|p1a: Jynx
|-boost|p1a: Jynx|spa|2
|move|p2a: Articuno|Heal Bell|p2a: Articuno
|-activate|p2a: Articuno|move: Heal Bell
|-curestatus|p2a: Articuno|tox|[msg]
|-curestatus|p2: Persian|tox|[msg]
|
|upkeep
|turn|18
|
|t:|1685468607
|move|p1a: Jynx|Psyshock|p2a: Articuno
|-damage|p2a: Articuno|21/288
|-damage|p1a: Jynx|226/251|[from] item: Life Orb
|move|p2a: Articuno|Toxic|p1a: Jynx
|-status|p1a: Jynx|tox
|
|-damage|p1a: Jynx|211/251 tox|[from] psn
|upkeep
|turn|19
|
|t:|1685468618
|move|p1a: Jynx|Psyshock|p2a: Articuno
|-damage|p2a: Articuno|0 fnt
|faint|p2a: Articuno
|-damage|p1a: Jynx|186/251 tox|[from] item: Life Orb
|
|-damage|p1a: Jynx|156/251 tox|[from] psn
|upkeep
|
|t:|1685468624
|switch|p2a: Persian|Persian, L88, M|190/258
|turn|20
|
|t:|1685468630
|move|p2a: Persian|U-turn|p1a: Jynx
|-supereffective|p1a: Jynx
|-damage|p1a: Jynx|0 fnt
|faint|p1a: Jynx
|
|t:|1685468635
|switch|p2a: Ninetales|Ninetales, L82, F|148/254|[from] U-turn
|-weather|SunnyDay|[from] ability: Drought|[of] p2a: Ninetales
|
|-weather|SunnyDay|[upkeep]
|upkeep
|
|t:|1685468642
|switch|p1a: Sigilyph|Sigilyph, L83, M|255/255
|turn|21
|
|t:|1685468671
|move|p2a: Ninetales|Fire Blast|p1a: Sigilyph|[miss]
|-miss|p2a: Ninetales|p1a: Sigilyph
|move|p1a: Sigilyph|Air Slash|p2a: Ninetales
|-damage|p2a: Ninetales|45/254
|
|-weather|SunnyDay|[upkeep]
|upkeep
|turn|22
|
|t:|1685468680
|switch|p2a: Electivire|Electivire, L82, M|257/257
|move|p1a: Sigilyph|Air Slash|p2a: Electivire
|-resisted|p2a: Electivire
|-damage|p2a: Electivire|206/257
|
|-weather|SunnyDay|[upkeep]
|upkeep
|turn|23
|
|t:|1685468698
|switch|p1a: Marowak|Marowak, L86, M|243/243
|move|p2a: Electivire|Earthquake|p1a: Marowak
|-damage|p1a: Marowak|149/243
|-damage|p2a: Electivire|181/257|[from] item: Life Orb
|
|-weather|SunnyDay|[upkeep]
|upkeep
|turn|24
|
|t:|1685468709
|move|p2a: Electivire|Earthquake|p1a: Marowak
|-damage|p1a: Marowak|57/243
|-damage|p2a: Electivire|156/257|[from] item: Life Orb
|move|p1a: Marowak|Earthquake|p2a: Electivire
|-supereffective|p2a: Electivire
|-damage|p2a: Electivire|0 fnt
|faint|p2a: Electivire
|
|-weather|none
|upkeep
|inactive|trying_toget_tough has 120 seconds left.
|
|t:|1685468720
|switch|p2a: Ninetales|Ninetales, L82, F|45/254
|-weather|SunnyDay|[from] ability: Drought|[of] p2a: Ninetales
|turn|25
|
|t:|1685468725
|move|p2a: Ninetales|Solar Beam||[still]
|-prepare|p2a: Ninetales|Solar Beam
|-anim|p2a: Ninetales|Solar Beam|p1a: Marowak
|-supereffective|p1a: Marowak
|-damage|p1a: Marowak|0 fnt
|faint|p1a: Marowak
|
|-weather|SunnyDay|[upkeep]
|upkeep
|
|t:|1685468739
|switch|p1a: Sigilyph|Sigilyph, L83, M|255/255
|turn|26
|
|t:|1685468747
|switch|p2a: Mr. Mime|Mr. Mime-Galar, L86, F|226/226
|move|p1a: Sigilyph|Air Slash|p2a: Mr. Mime
|-damage|p2a: Mr. Mime|158/226
|
|-weather|SunnyDay|[upkeep]
|upkeep
|turn|27
|
|t:|1685468754
|switch|p1a: Salazzle|Salazzle, L82, F|192/246
|move|p2a: Mr. Mime|Freeze-Dry|p1a: Salazzle
|-resisted|p1a: Salazzle
|-damage|p1a: Salazzle|147/246
|
|-weather|SunnyDay|[upkeep]
|-heal|p1a: Salazzle|162/246|[from] item: Black Sludge
|upkeep
|turn|28
|inactive|trying_toget_tough has 120 seconds left.
|
|t:|1685468784
|move|p1a: Salazzle|Flamethrower|p2a: Mr. Mime
|-supereffective|p2a: Mr. Mime
|-damage|p2a: Mr. Mime|0 fnt
|faint|p2a: Mr. Mime
|
|-weather|SunnyDay|[upkeep]
|-heal|p1a: Salazzle|177/246|[from] item: Black Sludge
|upkeep
|inactive|trying_toget_tough has 120 seconds left.
|
|t:|1685468797
|switch|p2a: Persian|Persian, L88, M|190/258
|turn|29
|
|t:|1685468816
|move|p2a: Persian|Double-Edge|p1a: Salazzle
|-damage|p1a: Salazzle|0 fnt
|faint|p1a: Salazzle
|-damage|p2a: Persian|132/258|[from] Recoil
|
|-weather|none
|upkeep
|-message|namdingu forfeited.
|
|win|trying_toget_tough
|raw|namdingu's rating: 1297 &rarr; <strong>1284</strong><br />(-13 for losing)
|raw|trying_toget_tough's rating: 1470 &rarr; <strong>1481</strong><br />(+11 for winning)
|l|☆namdingu
