|j|☆lauda Mera
|j|‽WYadielxD
|t:|1683839343
|gametype|singles
|player|p1|lauda Mera|hilbert-wonderlauncher|1494
|player|p2|WYadielxD|101|1236
|teamsize|p1|6
|teamsize|p2|6
|gen|8
|tier|[Gen 8] Random Battle
|rated|
|rule|Species Clause: Limit one of each Pokémon
|rule|HP Percentage Mod: HP is shown in percentages
|rule|Sleep Clause Mod: Limit one foe put to sleep
|
|t:|1683839344
|start
|switch|p1a: Kartana|Kartana, L74|209/209
|switch|p2a: Moltres|Moltres-Galar, L75|259/259
|turn|1
|inactive|Battle timer is ON: inactive players will automatically lose when time's up. (requested by lauda Mera)
|
|t:|1683839352
|move|p1a: Kartana|Swords Dance|p1a: Kartana
|-boost|p1a: Kartana|atk|2
|move|p2a: Moltres|Nasty Plot|p2a: Moltres
|-boost|p2a: Moltres|spa|2
|
|upkeep
|turn|2
|
|t:|1683839362
|-start|p1a: Kartana|Dynamax|
|-heal|p1a: Kartana|418/418|[silent]
|move|p1a: Kartana|Max Steelspike|p2a: Moltres
|-damage|p2a: Moltres|0 fnt
|-boost|p1a: Kartana|def|1
|faint|p2a: Moltres
|-ability|p1a: Kartana|Beast Boost|boost
|-boost|p1a: Kartana|atk|1
|-damage|p1a: Kartana|398/418|[from] item: Life Orb
|
|upkeep
|
|t:|1683839370
|switch|p2a: Jolteon|Jolteon, L82, M|241/241
|turn|3
|
|t:|1683839376
|move|p2a: Jolteon|Thunderbolt|p1a: Kartana
|-resisted|p1a: Kartana
|-damage|p1a: Kartana|230/418
|move|p1a: Kartana|Max Overgrowth|p2a: Jolteon
|-damage|p2a: Jolteon|0 fnt
|-fieldstart|move: Grassy Terrain
|faint|p2a: Jolteon
|-ability|p1a: Kartana|Beast Boost|boost
|-boost|p1a: Kartana|atk|1
|-damage|p1a: Kartana|210/418|[from] item: Life Orb
|
|-heal|p1a: Kartana|223/418|[from] Grassy Terrain
|upkeep
|
|t:|1683839383
|switch|p2a: Cherrim|Cherrim, L93, F|281/281
|turn|4
|
|t:|1683839397
|move|p2a: Cherrim|Energy Ball|p1a: Kartana
|-resisted|p1a: Kartana
|-damage|p1a: Kartana|143/418
|move|p1a: Kartana|Max Steelspike|p2a: Cherrim
|-damage|p2a: Cherrim|0 fnt
|-boost|p1a: Kartana|def|1
|faint|p2a: Cherrim
|-ability|p1a: Kartana|Beast Boost|boost
|-boost|p1a: Kartana|atk|1
|-damage|p1a: Kartana|123/418|[from] item: Life Orb
|
|-heal|p1a: Kartana|136/418|[from] Grassy Terrain
|upkeep
|
|t:|1683839406
|switch|p2a: Jirachi|Jirachi, L79|288/288
|-end|p1a: Kartana|Dynamax
|-heal|p1a: Kartana|68/209|[silent]
|turn|5
|
|t:|1683839410
|-start|p2a: Jirachi|Dynamax|
|-heal|p2a: Jirachi|576/576|[silent]
|move|p1a: Kartana|Knock Off|p2a: Jirachi
|-supereffective|p2a: Jirachi
|-damage|p2a: Jirachi|0 fnt
|-enditem|p2a: Jirachi|Leftovers|[from] move: Knock Off|[of] p1a: Kartana
|faint|p2a: Jirachi
|-ability|p1a: Kartana|Beast Boost|boost
|-boost|p1a: Kartana|atk|1
|-damage|p1a: Kartana|48/209|[from] item: Life Orb
|
|-heal|p1a: Kartana|61/209|[from] Grassy Terrain
|upkeep
|
|t:|1683839416
|switch|p2a: Sableye|Sableye, L88, F|231/231
|turn|6
|
|t:|1683839442
|move|p1a: Kartana|Leaf Blade|p2a: Sableye
|-damage|p2a: Sableye|0 fnt
|faint|p2a: Sableye
|-damage|p1a: Kartana|41/209|[from] item: Life Orb
|
|-heal|p1a: Kartana|54/209|[from] Grassy Terrain
|upkeep
|
|t:|1683839446
|switch|p2a: Rayquaza|Rayquaza, L74|277/277
|-ability|p2a: Rayquaza|Air Lock
|turn|7
|
|t:|1683839450
|move|p1a: Kartana|Smart Strike|p2a: Rayquaza
|-damage|p2a: Rayquaza|0 fnt
|faint|p2a: Rayquaza
|-damage|p1a: Kartana|34/209|[from] item: Life Orb
|
|win|lauda Mera
|raw|lauda Mera's rating: 1494 &rarr; <strong>1501</strong><br />(+7 for winning)
|raw|WYadielxD's rating: 1236 &rarr; <strong>1227</strong><br />(-9 for losing)
