|j|☆wrtwtwrtwr
|j|☆perugu
|t:|1685431352
|gametype|singles
|player|p1|wrtwtwrtwr|harlequin|1000
|player|p2|perugu|265|1000
|teamsize|p1|6
|teamsize|p2|6
|gen|8
|tier|[Gen 8] Random Battle
|rated|
|rule|Species Clause: Limit one of each Pokémon
|rule|HP Percentage Mod: HP is shown in percentages
|rule|Sleep Clause Mod: Limit one foe put to sleep
|
|t:|1685431352
|start
|switch|p1a: Azumarill|Azumarill, L84, M|305/305
|switch|p2a: Grimmsnarl|Grimmsnarl, L82, M|290/290
|turn|1
|
|t:|1685431379
|switch|p2a: Trevenant|Trevenant, L86, M|286/286
|move|p1a: Azumarill|Play Rough|p2a: Trevenant
|-damage|p2a: Trevenant|102/286
|
|upkeep
|turn|2
|
|t:|1685431399
|switch|p1a: Weezing|Weezing, L86, F|252/252
|move|p2a: Trevenant|Wood Hammer|p1a: Weezing
|-resisted|p1a: Weezing
|-damage|p1a: Weezing|184/252
|-damage|p2a: Trevenant|80/286|[from] Recoil
|-damage|p2a: Trevenant|52/286|[from] item: Life Orb
|
|-heal|p1a: Weezing|199/252|[from] item: Black Sludge
|upkeep
|turn|3
|
|t:|1685431423
|move|p1a: Weezing|Sludge Bomb|p2a: Trevenant
|-damage|p2a: Trevenant|0 fnt
|faint|p2a: Trevenant
|
|-heal|p1a: Weezing|214/252|[from] item: Black Sludge
|upkeep
|
|t:|1685431426
|switch|p2a: Gallade|Gallade, L82, M|246/246
|turn|4
|
|t:|1685431439
|switch|p1a: Mudsdale|Mudsdale, L82, M|298/298
|move|p2a: Gallade|Zen Headbutt|p1a: Mudsdale
|-damage|p1a: Mudsdale|169/298
|-ability|p1a: Mudsdale|Stamina|boost
|-boost|p1a: Mudsdale|def|1
|
|upkeep
|turn|5
|
|t:|1685431457
|switch|p2a: Aurorus|Aurorus, L84, F|344/344
|-weather|Hail|[from] ability: Snow Warning|[of] p2a: Aurorus
|move|p1a: Mudsdale|Earthquake|p2a: Aurorus
|-supereffective|p2a: Aurorus
|-damage|p2a: Aurorus|0 fnt
|faint|p2a: Aurorus
|
|-weather|Hail|[upkeep]
|-damage|p1a: Mudsdale|151/298|[from] Hail
|upkeep
|
|t:|1685431465
|switch|p2a: Crustle|Crustle, L82, F|249/249
|turn|6
|
|t:|1685431478
|move|p2a: Crustle|Shell Smash|p2a: Crustle
|-unboost|p2a: Crustle|def|1
|-unboost|p2a: Crustle|spd|1
|-boost|p2a: Crustle|atk|2
|-boost|p2a: Crustle|spa|2
|-boost|p2a: Crustle|spe|2
|move|p1a: Mudsdale|Earthquake|p2a: Crustle
|-damage|p2a: Crustle|33/249
|
|-weather|Hail|[upkeep]
|-damage|p2a: Crustle|18/249|[from] Hail
|-damage|p1a: Mudsdale|133/298|[from] Hail
|upkeep
|turn|7
|
|t:|1685431494
|move|p2a: Crustle|Earthquake|p1a: Mudsdale
|-damage|p1a: Mudsdale|46/298
|-ability|p1a: Mudsdale|Stamina|boost
|-boost|p1a: Mudsdale|def|1
|move|p1a: Mudsdale|Earthquake|p2a: Crustle
|-damage|p2a: Crustle|0 fnt
|faint|p2a: Crustle
|
|-weather|Hail|[upkeep]
|-damage|p1a: Mudsdale|28/298|[from] Hail
|upkeep
|
|t:|1685431500
|switch|p2a: Indeedee|Indeedee-F, L85, F|258/258
|-fieldstart|move: Psychic Terrain|[from] ability: Psychic Surge|[of] p2a: Indeedee
|turn|8
|
|t:|1685431516
|move|p2a: Indeedee|Calm Mind|p2a: Indeedee
|-boost|p2a: Indeedee|spa|1
|-boost|p2a: Indeedee|spd|1
|move|p1a: Mudsdale|Earthquake|p2a: Indeedee
|-damage|p2a: Indeedee|29/258
|
|-weather|Hail|[upkeep]
|-damage|p2a: Indeedee|13/258|[from] Hail
|-damage|p1a: Mudsdale|10/298|[from] Hail
|upkeep
|turn|9
|
|t:|1685431523
|move|p2a: Indeedee|Hyper Voice|p1a: Mudsdale
|-damage|p1a: Mudsdale|0 fnt
|faint|p1a: Mudsdale
|-damage|p2a: Indeedee|0 fnt|[from] item: Life Orb
|faint|p2a: Indeedee
|
|-weather|none
|upkeep
|
|t:|1685431530
|switch|p2a: Grimmsnarl|Grimmsnarl, L82, M|290/290
|switch|p1a: Azumarill|Azumarill, L84, M|305/305
|turn|10
|-message|perugu forfeited.
|
|win|wrtwtwrtwr
|raw|wrtwtwrtwr's rating: 1040 &rarr; <strong>1070</strong><br />(+30 for winning)
|raw|perugu's rating: 1000 &rarr; <strong>1000</strong><br />(+0 for losing)
|l|☆perugu
