|j|☆Brendanpal
|j|☆deaniedean
|t:|1685270366
|gametype|singles
|player|p1|Brendanpal|102|1347
|player|p2|deaniedean|266|1492
|teamsize|p1|6
|teamsize|p2|6
|gen|8
|tier|[Gen 8] Random Battle
|rated|
|rule|Species Clause: Limit one of each Pokémon
|rule|HP Percentage Mod: HP is shown in percentages
|rule|Sleep Clause Mod: Limit one foe put to sleep
|
|t:|1685270366
|start
|switch|p1a: Toxapex|Toxapex, L82, M|216/216
|switch|p2a: Suicune|Suicune, L80|291/291
|-ability|p2a: Suicune|Pressure
|turn|1
|inactive|Battle timer is ON: inactive players will automatically lose when time's up. (requested by Brendanpal)
|
|t:|1685270376
|switch|p2a: Naganadel|Naganadel, L74|230/230
|move|p1a: Toxapex|Toxic Spikes|p2a: Naganadel
|-sidestart|p2: deaniedean|move: Toxic Spikes
|
|upkeep
|turn|2
|j| rahmizzle
|
|t:|1685270406
|switch|p1a: Delibird|Delibird, M|252/252
|move|p2a: Naganadel|Nasty Plot|p2a: Naganadel
|-boost|p2a: Naganadel|spa|2
|
|upkeep
|turn|3
|
|t:|1685270413
|move|p2a: Naganadel|Fire Blast|p1a: Delibird
|-supereffective|p1a: Delibird
|-damage|p1a: Delibird|0 fnt
|faint|p1a: Delibird
|-ability|p2a: Naganadel|Beast Boost|boost
|-boost|p2a: Naganadel|spa|1
|-damage|p2a: Naganadel|207/230|[from] item: Life Orb
|
|upkeep
|inactive|Brendanpal has 120 seconds left.
|
|t:|1685270428
|switch|p1a: Pyukumuku|Pyukumuku, L84, F|230/230
|turn|4
|
|t:|1685270441
|switch|p2a: Vikavolt|Vikavolt, L82, F|260/260
|move|p1a: Pyukumuku|Mirror Coat||[still]
|-fail|p1a: Pyukumuku
|
|upkeep
|turn|5
|
|t:|1685270449
|switch|p1a: Toxapex|Toxapex, L82, M|216/216
|move|p2a: Vikavolt|Thunderbolt|p1a: Toxapex
|-supereffective|p1a: Toxapex
|-damage|p1a: Toxapex|40/216
|
|-heal|p1a: Toxapex|53/216|[from] item: Black Sludge
|upkeep
|turn|6
|
|t:|1685270459
|switch|p1a: Luxray|Luxray, L84, F|272/272
|move|p2a: Vikavolt|Volt Switch|p1a: Luxray
|-resisted|p1a: Luxray
|-damage|p1a: Luxray|221/272
|
|t:|1685270462
|switch|p2a: Naganadel|Naganadel, L74|207/230|[from] Volt Switch
|-sideend|p2: deaniedean|move: Toxic Spikes|[of] p2a: Naganadel
|
|-status|p1a: Luxray|brn|[from] item: Flame Orb
|upkeep
|turn|7
|
|t:|1685270469
|move|p2a: Naganadel|Draco Meteor|p1a: Luxray
|-damage|p1a: Luxray|22/272 brn
|-unboost|p2a: Naganadel|spa|2
|-damage|p2a: Naganadel|184/230|[from] item: Life Orb
|move|p1a: Luxray|Agility|p1a: Luxray
|-boost|p1a: Luxray|spe|2
|
|-damage|p1a: Luxray|5/272 brn|[from] brn
|upkeep
|turn|8
|
|t:|1685270480
|move|p1a: Luxray|Facade|p2a: Naganadel
|-damage|p2a: Naganadel|0 fnt
|faint|p2a: Naganadel
|
|-damage|p1a: Luxray|0 fnt|[from] brn
|faint|p1a: Luxray
|upkeep
|
|t:|1685270486
|switch|p2a: Vikavolt|Vikavolt, L82, F|260/260
|switch|p1a: Toxapex|Toxapex, L82, M|125/216
|turn|9
|
|t:|1685270496
|switch|p1a: Falinks|Falinks, L84|246/246
|move|p2a: Vikavolt|Thunderbolt|p1a: Falinks
|-damage|p1a: Falinks|80/246
|
|upkeep
|turn|10
|
|t:|1685270503
|move|p1a: Falinks|Rock Slide|p2a: Vikavolt
|-supereffective|p2a: Vikavolt
|-damage|p2a: Vikavolt|109/260
|-damage|p1a: Falinks|56/246|[from] item: Life Orb
|move|p2a: Vikavolt|Thunderbolt|p1a: Falinks
|-damage|p1a: Falinks|0 fnt
|faint|p1a: Falinks
|
|upkeep
|
|t:|1685270512
|switch|p1a: Flapple|Flapple, L84, F|255/255
|turn|11
|
|t:|1685270524
|move|p1a: Flapple|Outrage|p2a: Vikavolt
|-damage|p2a: Vikavolt|0 fnt
|faint|p2a: Vikavolt
|
|upkeep
|
|t:|1685270529
|switch|p2a: Grapploct|Grapploct, L86, M|278/278
|turn|12
|
|t:|1685270535
|move|p1a: Flapple|Outrage|p2a: Grapploct|[from]lockedmove
|-damage|p2a: Grapploct|0 fnt
|faint|p2a: Grapploct
|-start|p1a: Flapple|confusion|[fatigue]
|
|upkeep
|
|t:|1685270542
|switch|p2a: Whiscash|Whiscash, L86, F|329/329
|turn|13
|
|t:|1685270548
|-activate|p1a: Flapple|confusion
|move|p1a: Flapple|Outrage|p2a: Whiscash
|-damage|p2a: Whiscash|0 fnt
|faint|p2a: Whiscash
|
|upkeep
|
|t:|1685270553
|switch|p2a: Suicune|Suicune, L80|291/291
|-ability|p2a: Suicune|Pressure
|turn|14
|
|t:|1685270556
|move|p2a: Suicune|Scald|p1a: Flapple
|-resisted|p1a: Flapple
|-damage|p1a: Flapple|230/255
|-status|p1a: Flapple|brn
|-activate|p1a: Flapple|confusion
|move|p1a: Flapple|Outrage|p2a: Suicune|[from]lockedmove
|-damage|p2a: Suicune|153/291
|
|-heal|p2a: Suicune|171/291|[from] item: Leftovers
|-damage|p1a: Flapple|215/255 brn|[from] brn
|upkeep
|turn|15
|
|t:|1685270565
|move|p2a: Suicune|Calm Mind|p2a: Suicune
|-boost|p2a: Suicune|spa|1
|-boost|p2a: Suicune|spd|1
|-end|p1a: Flapple|confusion
|move|p1a: Flapple|Outrage|p2a: Suicune|[from]lockedmove
|-damage|p2a: Suicune|45/291
|-start|p1a: Flapple|confusion|[fatigue]
|
|-heal|p2a: Suicune|63/291|[from] item: Leftovers
|-damage|p1a: Flapple|200/255 brn|[from] brn
|upkeep
|turn|16
|
|t:|1685270573
|move|p2a: Suicune|Rest|p2a: Suicune
|-status|p2a: Suicune|slp|[from] move: Rest
|-heal|p2a: Suicune|291/291 slp|[silent]
|-activate|p1a: Flapple|confusion
|move|p1a: Flapple|Outrage|p2a: Suicune
|-damage|p2a: Suicune|168/291 slp
|
|-heal|p2a: Suicune|186/291 slp|[from] item: Leftovers
|-damage|p1a: Flapple|185/255 brn|[from] brn
|upkeep
|turn|17
|
|t:|1685270597
|cant|p2a: Suicune|slp
|-activate|p1a: Flapple|confusion
|move|p1a: Flapple|Outrage|p2a: Suicune|[from]lockedmove
|-damage|p2a: Suicune|49/291 slp
|
|-heal|p2a: Suicune|67/291 slp|[from] item: Leftovers
|-damage|p1a: Flapple|170/255 brn|[from] brn
|upkeep
|turn|18
|
|t:|1685270604
|cant|p2a: Suicune|slp
|-activate|p1a: Flapple|confusion
|move|p1a: Flapple|Outrage|p2a: Suicune
|-damage|p2a: Suicune|0 fnt
|faint|p2a: Suicune
|
|-damage|p1a: Flapple|155/255 brn|[from] brn
|upkeep
|
|t:|1685270610
|switch|p2a: Electivire|Electivire, L82, F|257/257
|turn|19
|
|t:|1685270616
|-start|p2a: Electivire|Dynamax|
|-heal|p2a: Electivire|514/514|[silent]
|move|p2a: Electivire|Max Knuckle|p1a: Flapple
|-damage|p1a: Flapple|45/255 brn
|-boost|p2a: Electivire|atk|1
|-damage|p2a: Electivire|489/514|[from] item: Life Orb
|-end|p1a: Flapple|confusion
|move|p1a: Flapple|Outrage|p2a: Electivire|[from]lockedmove
|-damage|p2a: Electivire|290/514
|-start|p1a: Flapple|confusion|[fatigue]
|
|-damage|p1a: Flapple|30/255 brn|[from] brn
|upkeep
|turn|20
|
|t:|1685270630
|move|p2a: Electivire|Max Knuckle|p1a: Flapple
|-damage|p1a: Flapple|0 fnt
|-boost|p2a: Electivire|atk|1
|faint|p1a: Flapple
|-damage|p2a: Electivire|265/514|[from] item: Life Orb
|
|upkeep
|
|t:|1685270634
|switch|p1a: Toxapex|Toxapex, L82, M|197/216
|turn|21
|
|t:|1685270639
|move|p1a: Toxapex|Baneful Bunker|p1a: Toxapex
|-singleturn|p1a: Toxapex|move: Protect
|move|p2a: Electivire|Max Lightning|p1a: Toxapex
|-supereffective|p1a: Toxapex
|-zbroken|p1a: Toxapex
|-damage|p1a: Toxapex|53/216
|-fieldstart|move: Electric Terrain
|-damage|p2a: Electivire|240/514|[from] item: Life Orb
|
|-heal|p1a: Toxapex|66/216|[from] item: Black Sludge
|upkeep
|-end|p2a: Electivire|Dynamax
|-heal|p2a: Electivire|120/257|[silent]
|turn|22
|
|t:|1685270650
|move|p2a: Electivire|Earthquake|p1a: Toxapex
|-supereffective|p1a: Toxapex
|-damage|p1a: Toxapex|0 fnt
|faint|p1a: Toxapex
|-damage|p2a: Electivire|95/257|[from] item: Life Orb
|
|upkeep
|l|☆deaniedean
|inactive|deaniedean disconnected and has a minute to reconnect!
|player|p2|
|
|t:|1685270654
|switch|p1a: Pyukumuku|Pyukumuku, L84, F|230/230
|turn|23
|j|☆deaniedean
|inactive|deaniedean reconnected and has 135 seconds left.
|player|p2|deaniedean|266
|
|t:|1685270674
|-start|p1a: Pyukumuku|Dynamax|
|-heal|p1a: Pyukumuku|460/460|[silent]
|move|p2a: Electivire|Wild Charge|p1a: Pyukumuku
|-supereffective|p1a: Pyukumuku
|-damage|p1a: Pyukumuku|179/460
|-damage|p2a: Electivire|25/257|[from] Recoil
|-damage|p2a: Electivire|0 fnt|[from] item: Life Orb
|faint|p2a: Electivire
|
|win|Brendanpal
|raw|Brendanpal's rating: 1347 &rarr; <strong>1375</strong><br />(+28 for winning)
|raw|deaniedean's rating: 1492 &rarr; <strong>1464</strong><br />(-28 for losing)
|l|☆deaniedean
