|j|☆cheng555666
|j|☆rudebwoy2di8
|t:|1683780281
|gametype|singles
|player|p1|cheng555666|nate|1204
|player|p2|rudebwoy2di8|biker|1372
|teamsize|p1|6
|teamsize|p2|6
|gen|8
|tier|[Gen 8] Random Battle
|rated|
|rule|Species Clause: Limit one of each Pokémon
|rule|HP Percentage Mod: HP is shown in percentages
|rule|Sleep Clause Mod: Limit one foe put to sleep
|
|t:|1683780281
|start
|switch|p1a: Toxtricity|Toxtricity, L82, F|257/257
|switch|p2a: Amoonguss|Amoonguss, L84, F|329/329
|turn|1
|inactive|Battle timer is ON: inactive players will automatically lose when time's up. (requested by cheng555666)
|
|t:|1683780363
|move|p1a: Toxtricity|Shift Gear|p1a: Toxtricity
|-boost|p1a: Toxtricity|spe|2
|-boost|p1a: Toxtricity|atk|1
|move|p2a: Amoonguss|Spore|p1a: Toxtricity
|-status|p1a: Toxtricity|slp|[from] move: Spore
|
|upkeep
|turn|2
|
|t:|1683780373
|switch|p2a: Whiscash|Whiscash, L86, M|329/329
|cant|p1a: Toxtricity|slp
|
|upkeep
|turn|3
|
|t:|1683780387
|switch|p1a: Butterfree|Butterfree, L87, M|246/246
|move|p2a: Whiscash|Dragon Dance|p2a: Whiscash
|-boost|p2a: Whiscash|atk|1
|-boost|p2a: Whiscash|spe|1
|
|upkeep
|turn|4
|
|t:|1683780404
|move|p2a: Whiscash|Liquidation|p1a: Butterfree
|-crit|p1a: Butterfree
|-damage|p1a: Butterfree|0 fnt
|faint|p1a: Butterfree
|-damage|p2a: Whiscash|297/329|[from] item: Life Orb
|
|upkeep
|
|t:|1683780412
|switch|p1a: Tapu Bulu|Tapu Bulu, L82|249/249
|-fieldstart|move: Grassy Terrain|[from] ability: Grassy Surge|[of] p1a: Tapu Bulu
|turn|5
|
|t:|1683780429
|switch|p2a: Amoonguss|Amoonguss, L84, F|329/329
|move|p1a: Tapu Bulu|Swords Dance|p1a: Tapu Bulu
|-boost|p1a: Tapu Bulu|atk|2
|
|upkeep
|turn|6
|
|t:|1683780448
|move|p1a: Tapu Bulu|Megahorn|p2a: Amoonguss
|-damage|p2a: Amoonguss|72/329
|move|p2a: Amoonguss|Toxic|p1a: Tapu Bulu
|-status|p1a: Tapu Bulu|tox
|-enditem|p1a: Tapu Bulu|Lum Berry|[eat]
|-curestatus|p1a: Tapu Bulu|tox|[msg]
|
|-heal|p2a: Amoonguss|92/329|[from] Grassy Terrain
|-heal|p2a: Amoonguss|112/329|[from] item: Black Sludge
|upkeep
|turn|7
|
|t:|1683780473
|switch|p2a: Tentacruel|Tentacruel, L84, F|272/272
|move|p1a: Tapu Bulu|Megahorn|p2a: Tentacruel
|-resisted|p2a: Tentacruel
|-damage|p2a: Tentacruel|154/272
|
|-heal|p2a: Tentacruel|171/272|[from] Grassy Terrain
|-heal|p2a: Tentacruel|188/272|[from] item: Black Sludge
|upkeep
|turn|8
|
|t:|1683780484
|move|p2a: Tentacruel|Haze|p2a: Tentacruel
|-clearallboost
|move|p1a: Tapu Bulu|Wood Hammer|p2a: Tentacruel
|-damage|p2a: Tentacruel|0 fnt
|faint|p2a: Tentacruel
|-damage|p1a: Tapu Bulu|187/249|[from] Recoil
|
|-heal|p1a: Tapu Bulu|202/249|[from] Grassy Terrain
|upkeep
|
|t:|1683780492
|switch|p2a: Amoonguss|Amoonguss, L84, F|221/329
|turn|9
|
|t:|1683780501
|switch|p1a: Glaceon|Glaceon, L88, F|258/258
|move|p2a: Amoonguss|Toxic|p1a: Glaceon
|-status|p1a: Glaceon|tox
|
|-heal|p2a: Amoonguss|241/329|[from] Grassy Terrain
|-heal|p2a: Amoonguss|261/329|[from] item: Black Sludge
|-damage|p1a: Glaceon|242/258 tox|[from] psn
|-fieldend|move: Grassy Terrain
|upkeep
|turn|10
|
|t:|1683780515
|switch|p2a: Throh|Throh, L86, M|347/347
|move|p1a: Glaceon|Freeze-Dry|p2a: Throh
|-damage|p2a: Throh|239/347
|
|-heal|p1a: Glaceon|258/258 tox|[from] item: Leftovers
|-heal|p2a: Throh|260/347|[from] item: Leftovers
|-damage|p1a: Glaceon|226/258 tox|[from] psn
|upkeep
|turn|11
|
|t:|1683780534
|switch|p1a: Toxtricity|Toxtricity, L82, F|257/257 slp
|move|p2a: Throh|Circle Throw|p1a: Toxtricity|[miss]
|-miss|p2a: Throh|p1a: Toxtricity
|
|-heal|p2a: Throh|281/347|[from] item: Leftovers
|upkeep
|turn|12
|
|t:|1683780550
|cant|p1a: Toxtricity|slp
|move|p2a: Throh|Circle Throw|p1a: Toxtricity
|-resisted|p1a: Toxtricity
|-crit|p1a: Toxtricity
|-damage|p1a: Toxtricity|194/257 slp
|drag|p1a: Glaceon|Glaceon, L88, F|226/258 tox
|
|-heal|p1a: Glaceon|242/258 tox|[from] item: Leftovers
|-heal|p2a: Throh|302/347|[from] item: Leftovers
|-damage|p1a: Glaceon|226/258 tox|[from] psn
|upkeep
|turn|13
|
|t:|1683780565
|move|p1a: Glaceon|Toxic|p2a: Throh
|-status|p2a: Throh|tox
|move|p2a: Throh|Circle Throw|p1a: Glaceon
|-supereffective|p1a: Glaceon
|-damage|p1a: Glaceon|64/258 tox
|drag|p1a: Tapu Bulu|Tapu Bulu, L82|202/249
|-fieldstart|move: Grassy Terrain|[from] ability: Grassy Surge|[of] p1a: Tapu Bulu
|
|-heal|p1a: Tapu Bulu|217/249|[from] Grassy Terrain
|-heal|p2a: Throh|323/347 tox|[from] Grassy Terrain
|-heal|p2a: Throh|344/347 tox|[from] item: Leftovers
|-damage|p2a: Throh|323/347 tox|[from] psn
|upkeep
|turn|14
|
|t:|1683780583
|move|p1a: Tapu Bulu|Close Combat|p2a: Throh
|-damage|p2a: Throh|218/347 tox
|-unboost|p1a: Tapu Bulu|def|1
|-unboost|p1a: Tapu Bulu|spd|1
|move|p2a: Throh|Circle Throw|p1a: Tapu Bulu
|-resisted|p1a: Tapu Bulu
|-damage|p1a: Tapu Bulu|158/249
|drag|p1a: Glaceon|Glaceon, L88, F|64/258 tox
|
|-heal|p1a: Glaceon|80/258 tox|[from] Grassy Terrain
|-heal|p1a: Glaceon|96/258 tox|[from] item: Leftovers
|-heal|p2a: Throh|239/347 tox|[from] Grassy Terrain
|-heal|p2a: Throh|260/347 tox|[from] item: Leftovers
|-damage|p1a: Glaceon|80/258 tox|[from] psn
|-damage|p2a: Throh|218/347 tox|[from] psn
|upkeep
|turn|15
|
|t:|1683780599
|move|p1a: Glaceon|Wish|p1a: Glaceon
|move|p2a: Throh|Rest|p2a: Throh
|-status|p2a: Throh|slp|[from] move: Rest
|-heal|p2a: Throh|347/347 slp|[silent]
|
|-heal|p1a: Glaceon|96/258 tox|[from] Grassy Terrain
|-heal|p1a: Glaceon|112/258 tox|[from] item: Leftovers
|-damage|p1a: Glaceon|80/258 tox|[from] psn
|upkeep
|turn|16
|
|t:|1683780612
|switch|p1a: Tapu Bulu|Tapu Bulu, L82|158/249
|cant|p2a: Throh|slp
|move|p2a: Throh|Sleep Talk|p2a: Throh
|move|p2a: Throh|Circle Throw|p1a: Tapu Bulu|[from]move: Sleep Talk
|-resisted|p1a: Tapu Bulu
|-damage|p1a: Tapu Bulu|119/249
|drag|p1a: Diancie|Diancie, L82|216/216
|
|upkeep
|turn|17
|inactive|cheng555666 has 120 seconds left.
|
|t:|1683780633
|-start|p1a: Diancie|Dynamax|
|-heal|p1a: Diancie|432/432|[silent]
|move|p1a: Diancie|Max Starfall|p2a: Throh
|-supereffective|p2a: Throh
|-damage|p2a: Throh|69/347 slp
|-fieldstart|move: Misty Terrain
|cant|p2a: Throh|slp
|move|p2a: Throh|Sleep Talk|p2a: Throh
|move|p2a: Throh|Rest||[from]move: Sleep Talk|[still]
|-fail|p2a: Throh
|
|-heal|p2a: Throh|90/347 slp|[from] item: Leftovers
|upkeep
|turn|18
|inactive|cheng555666 has 120 seconds left.
|
|t:|1683780649
|move|p1a: Diancie|Max Starfall|p2a: Throh
|-supereffective|p2a: Throh
|-damage|p2a: Throh|0 fnt
|faint|p2a: Throh
|
|upkeep
|
|t:|1683780661
|switch|p2a: Zacian|Zacian-Crowned, L62|218/218
|-ability|p2a: Zacian|Intrepid Sword|boost
|-boost|p2a: Zacian|atk|1
|turn|19
|inactive|cheng555666 has 120 seconds left.
|
|t:|1683780667
|move|p2a: Zacian|Behemoth Blade|p1a: Diancie
|-supereffective|p1a: Diancie
|-damage|p1a: Diancie|0 fnt
|faint|p1a: Diancie
|
|upkeep
|inactive|cheng555666 has 120 seconds left.
|
|t:|1683780679
|switch|p1a: Clawitzer|Clawitzer, L84, F|256/256
|turn|20
|
|t:|1683780684
|switch|p2a: Whiscash|Whiscash, L86, M|297/329
|move|p1a: Clawitzer|Aura Sphere|p2a: Whiscash
|-damage|p2a: Whiscash|128/329
|
|upkeep
|turn|21
|
|t:|1683780693
|move|p2a: Whiscash|Zen Headbutt|p1a: Clawitzer
|-damage|p1a: Clawitzer|195/256
|-damage|p2a: Whiscash|96/329|[from] item: Life Orb
|move|p1a: Clawitzer|Aura Sphere|p2a: Whiscash
|-damage|p2a: Whiscash|0 fnt
|faint|p2a: Whiscash
|
|-fieldend|Misty Terrain
|upkeep
|
|t:|1683780699
|switch|p2a: Amoonguss|Amoonguss, L84, F|329/329
|turn|22
|
|t:|1683780705
|switch|p1a: Glaceon|Glaceon, L88, F|80/258 tox
|move|p2a: Amoonguss|Sludge Bomb|p1a: Glaceon
|-damage|p1a: Glaceon|5/258 tox
|
|-heal|p1a: Glaceon|21/258 tox|[from] item: Leftovers
|-damage|p1a: Glaceon|5/258 tox|[from] psn
|upkeep
|turn|23
|
|t:|1683780718
|switch|p2a: Zacian|Zacian-Crowned, L62|218/218
|-ability|p2a: Zacian|Intrepid Sword|boost
|-boost|p2a: Zacian|atk|1
|move|p1a: Glaceon|Wish|p1a: Glaceon
|
|-heal|p1a: Glaceon|21/258 tox|[from] item: Leftovers
|-damage|p1a: Glaceon|0 fnt|[from] psn
|faint|p1a: Glaceon
|upkeep
|
|t:|1683780736
|switch|p1a: Clawitzer|Clawitzer, L84, F|195/256
|turn|24
|
|t:|1683780747
|switch|p2a: Amoonguss|Amoonguss, L84, F|329/329
|move|p1a: Clawitzer|Ice Beam|p2a: Amoonguss
|-supereffective|p2a: Amoonguss
|-damage|p2a: Amoonguss|99/329
|-status|p2a: Amoonguss|frz
|
|-heal|p1a: Clawitzer|256/256|[from] move: Wish|[wisher] Glaceon
|-heal|p2a: Amoonguss|119/329 frz|[from] item: Black Sludge
|upkeep
|turn|25
|
|t:|1683780758
|move|p1a: Clawitzer|Ice Beam|p2a: Amoonguss
|-supereffective|p2a: Amoonguss
|-damage|p2a: Amoonguss|0 fnt
|faint|p2a: Amoonguss
|
|upkeep
|
|t:|1683780763
|switch|p2a: Zekrom|Zekrom, L69|252/252
|-ability|p2a: Zekrom|Teravolt
|turn|26
|
|t:|1683780768
|-start|p2a: Zekrom|Dynamax|
|-heal|p2a: Zekrom|504/504|[silent]
|move|p2a: Zekrom|Max Lightning|p1a: Clawitzer
|-supereffective|p1a: Clawitzer
|-damage|p1a: Clawitzer|0 fnt
|-fieldstart|move: Electric Terrain
|faint|p1a: Clawitzer
|
|upkeep
|
|t:|1683780779
|switch|p1a: Toxtricity|Toxtricity, L82, F|194/257 slp
|turn|27
|
|t:|1683780787
|-curestatus|p1a: Toxtricity|slp|[msg]
|move|p1a: Toxtricity|Shift Gear|p1a: Toxtricity
|-boost|p1a: Toxtricity|spe|2
|-boost|p1a: Toxtricity|atk|1
|move|p2a: Zekrom|Max Wyrmwind|p1a: Toxtricity
|-damage|p1a: Toxtricity|13/257
|-unboost|p1a: Toxtricity|atk|1
|
|upkeep
|turn|28
|
|t:|1683780806
|move|p1a: Toxtricity|Boomburst|p2a: Zekrom
|-damage|p2a: Zekrom|344/504
|-enditem|p1a: Toxtricity|Throat Spray
|-boost|p1a: Toxtricity|spa|1|[from] item: Throat Spray
|move|p2a: Zekrom|Max Wyrmwind|p1a: Toxtricity
|-damage|p1a: Toxtricity|0 fnt
|faint|p1a: Toxtricity
|
|upkeep
|
|t:|1683780815
|switch|p1a: Tapu Bulu|Tapu Bulu, L82|119/249
|-fieldstart|move: Grassy Terrain|[from] ability: Grassy Surge|[of] p1a: Tapu Bulu
|-end|p2a: Zekrom|Dynamax
|-heal|p2a: Zekrom|172/252|[silent]
|turn|29
|c|☆rudebwoy2di8|gg
|
|t:|1683780828
|move|p1a: Tapu Bulu|Swords Dance|p1a: Tapu Bulu
|-boost|p1a: Tapu Bulu|atk|2
|move|p2a: Zekrom|Bolt Strike|p1a: Tapu Bulu
|-resisted|p1a: Tapu Bulu
|-damage|p1a: Tapu Bulu|68/249
|
|-heal|p1a: Tapu Bulu|83/249|[from] Grassy Terrain
|-heal|p2a: Zekrom|187/252|[from] Grassy Terrain
|upkeep
|turn|30
|
|t:|1683780840
|move|p1a: Tapu Bulu|Megahorn|p2a: Zekrom
|-damage|p2a: Zekrom|3/252
|move|p2a: Zekrom|Bolt Strike|p1a: Tapu Bulu
|-resisted|p1a: Tapu Bulu
|-damage|p1a: Tapu Bulu|31/249
|
|-heal|p1a: Tapu Bulu|46/249|[from] Grassy Terrain
|-heal|p2a: Zekrom|18/252|[from] Grassy Terrain
|upkeep
|turn|31
|
|t:|1683780852
|move|p1a: Tapu Bulu|Megahorn|p2a: Zekrom
|-damage|p2a: Zekrom|0 fnt
|faint|p2a: Zekrom
|
|-heal|p1a: Tapu Bulu|61/249|[from] Grassy Terrain
|upkeep
|
|t:|1683780869
|switch|p2a: Zacian|Zacian-Crowned, L62|218/218
|-ability|p2a: Zacian|Intrepid Sword|boost
|-boost|p2a: Zacian|atk|1
|turn|32
|
|t:|1683780875
|move|p2a: Zacian|Behemoth Blade|p1a: Tapu Bulu
|-supereffective|p1a: Tapu Bulu
|-damage|p1a: Tapu Bulu|0 fnt
|faint|p1a: Tapu Bulu
|
|win|rudebwoy2di8
|raw|cheng555666's rating: 1204 &rarr; <strong>1190</strong><br />(-14 for losing)
|raw|rudebwoy2di8's rating: 1372 &rarr; <strong>1383</strong><br />(+11 for winning)
|l|☆rudebwoy2di8
