|j|☆Bellossom01
|j|☆fujitive
|t:|1685308172
|gametype|singles
|player|p1|Bellossom01|erika|
|player|p2|fujitive|unknown|
|teamsize|p1|6
|teamsize|p2|6
|gen|8
|tier|[Gen 8] Random Battle
|rule|Species Clause: Limit one of each Pokémon
|rule|HP Percentage Mod: HP is shown in percentages
|rule|Sleep Clause Mod: Limit one foe put to sleep
|
|t:|1685308172
|start
|switch|p1a: Chandelure|Chandelure, L82, M|233/233
|switch|p2a: Kartana|Kartana, L74|209/209
|turn|1
|inactive|Battle timer is ON: inactive players will automatically lose when time's up. (requested by Bellossom01)
|c|☆fujitive|glhf
|c|☆Bellossom01|u2
|
|t:|1685308220
|switch|p2a: Mandibuzz|Mandibuzz, L82, F|315/315
|move|p1a: Chandelure|Substitute|p1a: Chandelure
|-start|p1a: Chandelure|Substitute
|-damage|p1a: Chandelure|175/233
|
|upkeep
|turn|2
|
|t:|1685308226
|move|p2a: Mandibuzz|Foul Play|p1a: Chandelure
|-supereffective|p1a: Chandelure
|-end|p1a: Chandelure|Substitute
|move|p1a: Chandelure|Fire Blast|p2a: Mandibuzz
|-damage|p2a: Mandibuzz|158/315
|
|upkeep
|turn|3
|
|t:|1685308239
|switch|p1a: Tapu Fini|Tapu Fini, L78|237/237
|-fieldstart|move: Misty Terrain|[from] ability: Misty Surge|[of] p1a: Tapu Fini
|move|p2a: Mandibuzz|Roost|p2a: Mandibuzz
|-heal|p2a: Mandibuzz|315/315
|-singleturn|p2a: Mandibuzz|move: Roost
|
|upkeep
|turn|4
|
|t:|1685308250
|switch|p2a: Gourgeist|Gourgeist-Large, L84, F|263/263
|-item|p1a: Tapu Fini|Leftovers|[from] ability: Frisk|[of] p2a: Gourgeist|[identify]
|move|p1a: Tapu Fini|Moonblast|p2a: Gourgeist
|-damage|p2a: Gourgeist|169/263
|
|upkeep
|turn|5
|
|t:|1685308262
|switch|p1a: Magnezone|Magnezone, L84|255/255
|move|p2a: Gourgeist|Power Whip|p1a: Magnezone
|-resisted|p1a: Magnezone
|-damage|p1a: Magnezone|185/255
|-damage|p2a: Gourgeist|143/263|[from] item: Life Orb
|
|upkeep
|turn|6
|
|t:|1685308280
|switch|p2a: Mamoswine|Mamoswine, L80, F|307/307
|move|p1a: Magnezone|Volt Switch|p2a: Mamoswine
|-immune|p2a: Mamoswine
|
|upkeep
|turn|7
|
|t:|1685308287
|switch|p1a: Tapu Fini|Tapu Fini, L78|237/237
|move|p2a: Mamoswine|Earthquake|p1a: Tapu Fini
|-damage|p1a: Tapu Fini|75/237
|
|-heal|p1a: Tapu Fini|89/237|[from] item: Leftovers
|-fieldend|Misty Terrain
|upkeep
|turn|8
|
|t:|1685308298
|switch|p2a: Gourgeist|Gourgeist-Large, L84, F|143/263
|-item|p1a: Tapu Fini|Leftovers|[from] ability: Frisk|[of] p2a: Gourgeist|[identify]
|-start|p1a: Tapu Fini|Dynamax|
|-heal|p1a: Tapu Fini|178/474|[silent]
|move|p1a: Tapu Fini|Max Geyser|p2a: Gourgeist
|-resisted|p2a: Gourgeist
|-damage|p2a: Gourgeist|74/263
|-weather|RainDance
|
|-weather|RainDance|[upkeep]
|-heal|p1a: Tapu Fini|192/474|[from] item: Leftovers
|upkeep
|turn|9
|
|t:|1685308310
|move|p1a: Tapu Fini|Max Starfall|p2a: Gourgeist
|-damage|p2a: Gourgeist|0 fnt
|-fieldstart|move: Misty Terrain
|faint|p2a: Gourgeist
|
|-weather|RainDance|[upkeep]
|-heal|p1a: Tapu Fini|206/474|[from] item: Leftovers
|upkeep
|
|t:|1685308336
|switch|p2a: Mimikyu|Mimikyu, L76, F|209/209
|turn|10
|
|t:|1685308341
|move|p2a: Mimikyu|Swords Dance|p2a: Mimikyu
|-boost|p2a: Mimikyu|atk|2
|move|p1a: Tapu Fini|Max Geyser|p2a: Mimikyu
|-activate|p2a: Mimikyu|ability: Disguise
|-damage|p2a: Mimikyu|209/209
|detailschange|p2a: Mimikyu|Mimikyu-Busted, L76, F
|-damage|p2a: Mimikyu|183/209|[from] pokemon: Mimikyu-Busted
|
|-weather|RainDance|[upkeep]
|-heal|p1a: Tapu Fini|220/474|[from] item: Leftovers
|upkeep
|-end|p1a: Tapu Fini|Dynamax
|-heal|p1a: Tapu Fini|110/237|[silent]
|turn|11
|
|t:|1685308360
|move|p2a: Mimikyu|Shadow Claw|p1a: Tapu Fini
|-damage|p1a: Tapu Fini|0 fnt
|faint|p1a: Tapu Fini
|-damage|p2a: Mimikyu|163/209|[from] item: Life Orb
|
|-weather|RainDance|[upkeep]
|upkeep
|
|t:|1685308366
|switch|p1a: Escavalier|Escavalier, L84, M|255/255
|turn|12
|
|t:|1685308381
|move|p2a: Mimikyu|Shadow Claw|p1a: Escavalier
|-damage|p1a: Escavalier|119/255
|-damage|p2a: Mimikyu|143/209|[from] item: Life Orb
|move|p1a: Escavalier|Iron Head|p2a: Mimikyu
|-supereffective|p2a: Mimikyu
|-damage|p2a: Mimikyu|0 fnt
|faint|p2a: Mimikyu
|
|-weather|none
|-heal|p1a: Escavalier|134/255|[from] item: Leftovers
|upkeep
|
|t:|1685308385
|switch|p2a: Mamoswine|Mamoswine, L80, F|307/307
|turn|13
|
|t:|1685308400
|switch|p1a: Bouffalant|Bouffalant, L84, F|297/297
|move|p2a: Mamoswine|Earthquake|p1a: Bouffalant
|-damage|p1a: Bouffalant|137/297
|
|-fieldend|Misty Terrain
|upkeep
|turn|14
|inactive|fujitive has 270 seconds left.
|
|t:|1685308430
|switch|p2a: Mandibuzz|Mandibuzz, L82, F|315/315
|move|p1a: Bouffalant|Close Combat|p2a: Mandibuzz
|-damage|p2a: Mandibuzz|198/315
|-unboost|p1a: Bouffalant|def|1
|-unboost|p1a: Bouffalant|spd|1
|
|upkeep
|turn|15
|
|t:|1685308440
|switch|p1a: Magnezone|Magnezone, L84|185/255
|move|p2a: Mandibuzz|Foul Play|p1a: Magnezone
|-damage|p1a: Magnezone|139/255
|
|upkeep
|turn|16
|
|t:|1685308450
|switch|p2a: Mamoswine|Mamoswine, L80, F|307/307
|move|p1a: Magnezone|Flash Cannon|p2a: Mamoswine
|-supereffective|p2a: Mamoswine
|-damage|p2a: Mamoswine|0 fnt
|faint|p2a: Mamoswine
|
|upkeep
|
|t:|1685308462
|switch|p2a: Kingdra|Kingdra, L82, F|257/257
|turn|17
|
|t:|1685308470
|-start|p2a: Kingdra|Dynamax|
|-heal|p2a: Kingdra|514/514|[silent]
|move|p2a: Kingdra|Max Geyser|p1a: Magnezone
|-damage|p1a: Magnezone|21/255
|-weather|RainDance
|-damage|p2a: Kingdra|489/514|[from] item: Life Orb
|move|p1a: Magnezone|Mirror Coat|p2a: Kingdra
|-damage|p2a: Kingdra|253/514
|
|-weather|RainDance|[upkeep]
|upkeep
|turn|18
|
|t:|1685308488
|move|p2a: Kingdra|Max Geyser|p1a: Magnezone
|-damage|p1a: Magnezone|0 fnt
|faint|p1a: Magnezone
|-damage|p2a: Kingdra|228/514|[from] item: Life Orb
|
|-weather|RainDance|[upkeep]
|upkeep
|
|t:|1685308496
|switch|p1a: Inteleon|Inteleon, L80, M|243/243
|turn|19
|
|t:|1685308503
|switch|p1a: Escavalier|Escavalier, L84, M|134/255
|move|p2a: Kingdra|Max Wyrmwind|p1a: Escavalier
|-resisted|p1a: Escavalier
|-damage|p1a: Escavalier|50/255
|-unboost|p1a: Escavalier|atk|1
|-damage|p2a: Kingdra|203/514|[from] item: Life Orb
|
|-weather|RainDance|[upkeep]
|-heal|p1a: Escavalier|65/255|[from] item: Leftovers
|upkeep
|-end|p2a: Kingdra|Dynamax
|-heal|p2a: Kingdra|102/257|[silent]
|turn|20
|
|t:|1685308515
|move|p2a: Kingdra|Hurricane|p1a: Escavalier
|-damage|p1a: Escavalier|0 fnt
|faint|p1a: Escavalier
|-damage|p2a: Kingdra|77/257|[from] item: Life Orb
|
|-weather|RainDance|[upkeep]
|upkeep
|
|t:|1685308526
|switch|p1a: Bouffalant|Bouffalant, L84, F|137/297
|turn|21
|
|t:|1685308534
|move|p2a: Kingdra|Hydro Pump|p1a: Bouffalant
|-damage|p1a: Bouffalant|0 fnt
|faint|p1a: Bouffalant
|-damage|p2a: Kingdra|52/257|[from] item: Life Orb
|
|-weather|none
|upkeep
|
|t:|1685308540
|switch|p1a: Inteleon|Inteleon, L80, M|243/243
|turn|22
|
|t:|1685308544
|move|p1a: Inteleon|Ice Beam|p2a: Kingdra
|-crit|p2a: Kingdra
|-damage|p2a: Kingdra|0 fnt
|faint|p2a: Kingdra
|
|upkeep
|
|t:|1685308546
|switch|p2a: Kartana|Kartana, L74|209/209
|turn|23
|
|t:|1685308550
|switch|p1a: Chandelure|Chandelure, L82, M|175/233
|move|p2a: Kartana|Leaf Blade|p1a: Chandelure
|-resisted|p1a: Chandelure
|-damage|p1a: Chandelure|94/233
|-damage|p2a: Kartana|189/209|[from] item: Life Orb
|
|upkeep
|turn|24
|
|t:|1685308563
|move|p2a: Kartana|Knock Off|p1a: Chandelure
|-supereffective|p1a: Chandelure
|-damage|p1a: Chandelure|0 fnt
|-enditem|p1a: Chandelure|Heavy-Duty Boots|[from] move: Knock Off|[of] p2a: Kartana
|faint|p1a: Chandelure
|-ability|p2a: Kartana|Beast Boost|boost
|-boost|p2a: Kartana|atk|1
|-damage|p2a: Kartana|169/209|[from] item: Life Orb
|
|upkeep
|
|t:|1685308570
|switch|p1a: Inteleon|Inteleon, L80, M|243/243
|turn|25
|
|t:|1685308581
|move|p1a: Inteleon|Air Slash|p2a: Kartana
|-damage|p2a: Kartana|27/209
|move|p2a: Kartana|Leaf Blade|p1a: Inteleon
|-supereffective|p1a: Inteleon
|-crit|p1a: Inteleon
|-damage|p1a: Inteleon|0 fnt
|faint|p1a: Inteleon
|-damage|p2a: Kartana|7/209|[from] item: Life Orb
|
|win|fujitive
|c|☆Bellossom01|gg
|c|☆Bellossom01|that was certainly a battle
|c|☆fujitive|ggs
|c|☆Bellossom01|go on to win this ok
|c|☆fujitive|was definitely close
|c|☆fujitive|ty i’ll try me best
|c|☆Bellossom01|yep probs would've won with ice beam
|c|☆Bellossom01|ggs
|l|☆Bellossom01
