|j|☆rodribf5
|j|☆Kounoupi
|t:|1685107620
|gametype|singles
|player|p1|rodribf5|101|1194
|player|p2|Kounoupi|1|1237
|teamsize|p1|6
|teamsize|p2|6
|gen|8
|tier|[Gen 8] Random Battle
|rated|
|rule|Species Clause: Limit one of each Pokémon
|rule|HP Percentage Mod: HP is shown in percentages
|rule|Sleep Clause Mod: Limit one foe put to sleep
|
|t:|1685107620
|start
|switch|p1a: Dubwool|Dubwool, L86, M|264/264
|switch|p2a: Rotom|Rotom-Mow, L86|226/226
|turn|1
|inactive|Battle timer is ON: inactive players will automatically lose when time's up. (requested by Kounoupi)
|inactive|Kounoupi has 120 seconds left.
|inactive|rodribf5 has 120 seconds left.
|
|t:|1685107656
|move|p1a: Dubwool|Cotton Guard|p1a: Dubwool
|-boost|p1a: Dubwool|def|3
|move|p2a: Rotom|Will-O-Wisp|p1a: Dubwool|[miss]
|-miss|p2a: Rotom|p1a: Dubwool
|
|upkeep
|turn|2
|
|t:|1685107665
|move|p1a: Dubwool|Body Press|p2a: Rotom
|-damage|p2a: Rotom|93/226
|move|p2a: Rotom|Will-O-Wisp|p1a: Dubwool
|-status|p1a: Dubwool|brn
|
|-heal|p2a: Rotom|107/226|[from] item: Leftovers
|-damage|p1a: Dubwool|248/264 brn|[from] brn
|upkeep
|turn|3
|
|t:|1685107672
|move|p1a: Dubwool|Body Press|p2a: Rotom
|-damage|p2a: Rotom|49/226
|move|p2a: Rotom|Leaf Storm|p1a: Dubwool
|-damage|p1a: Dubwool|106/264 brn
|-unboost|p2a: Rotom|spa|2
|
|-heal|p1a: Dubwool|122/264 brn|[from] item: Leftovers
|-heal|p2a: Rotom|63/226|[from] item: Leftovers
|-damage|p1a: Dubwool|106/264 brn|[from] brn
|upkeep
|turn|4
|
|t:|1685107679
|move|p1a: Dubwool|Body Press|p2a: Rotom
|-damage|p2a: Rotom|3/226
|move|p2a: Rotom|Will-O-Wisp|p1a: Dubwool
|-fail|p1a: Dubwool|brn
|
|-heal|p1a: Dubwool|122/264 brn|[from] item: Leftovers
|-heal|p2a: Rotom|17/226|[from] item: Leftovers
|-damage|p1a: Dubwool|106/264 brn|[from] brn
|upkeep
|turn|5
|
|t:|1685107689
|move|p1a: Dubwool|Rest|p1a: Dubwool
|-status|p1a: Dubwool|slp|[from] move: Rest
|-heal|p1a: Dubwool|264/264 slp|[silent]
|move|p2a: Rotom|Nasty Plot|p2a: Rotom
|-boost|p2a: Rotom|spa|2
|
|-heal|p2a: Rotom|31/226|[from] item: Leftovers
|upkeep
|turn|6
|
|t:|1685107696
|cant|p1a: Dubwool|slp
|move|p1a: Dubwool|Sleep Talk|p1a: Dubwool
|move|p1a: Dubwool|Rest||[from]move: Sleep Talk|[still]
|-fail|p1a: Dubwool
|move|p2a: Rotom|Nasty Plot|p2a: Rotom
|-boost|p2a: Rotom|spa|2
|
|-heal|p2a: Rotom|45/226|[from] item: Leftovers
|upkeep
|turn|7
|
|t:|1685107702
|cant|p1a: Dubwool|slp
|move|p1a: Dubwool|Sleep Talk|p1a: Dubwool
|move|p1a: Dubwool|Rest||[from]move: Sleep Talk|[still]
|-fail|p1a: Dubwool
|move|p2a: Rotom|Leaf Storm|p1a: Dubwool
|-damage|p1a: Dubwool|0 fnt
|-unboost|p2a: Rotom|spa|2
|faint|p1a: Dubwool
|
|-heal|p2a: Rotom|59/226|[from] item: Leftovers
|upkeep
|
|t:|1685107720
|switch|p1a: Celebi|Celebi, L82|298/298
|turn|8
|
|t:|1685107727
|switch|p2a: Walrein|Walrein, L86, F|329/329
|move|p1a: Celebi|Psychic|p2a: Walrein
|-damage|p2a: Walrein|232/329
|
|-heal|p2a: Walrein|252/329|[from] item: Leftovers
|upkeep
|turn|9
|
|t:|1685107735
|move|p1a: Celebi|Leaf Storm|p2a: Walrein
|-supereffective|p2a: Walrein
|-damage|p2a: Walrein|10/329
|-unboost|p1a: Celebi|spa|2
|move|p2a: Walrein|Ice Beam|p1a: Celebi
|-supereffective|p1a: Celebi
|-damage|p1a: Celebi|110/298
|
|-heal|p1a: Celebi|128/298|[from] item: Leftovers
|-heal|p2a: Walrein|30/329|[from] item: Leftovers
|upkeep
|turn|10
|
|t:|1685107745
|move|p1a: Celebi|Psychic|p2a: Walrein
|-damage|p2a: Walrein|0 fnt
|faint|p2a: Walrein
|
|-heal|p1a: Celebi|146/298|[from] item: Leftovers
|upkeep
|
|t:|1685107758
|switch|p2a: Exeggutor|Exeggutor-Alola, L87, M|307/307
|-item|p1a: Celebi|Leftovers|[from] ability: Frisk|[of] p2a: Exeggutor|[identify]
|turn|11
|
|t:|1685107775
|move|p1a: Celebi|Recover|p1a: Celebi
|-heal|p1a: Celebi|295/298
|move|p2a: Exeggutor|Flamethrower|p1a: Celebi
|-supereffective|p1a: Celebi
|-damage|p1a: Celebi|53/298
|
|-heal|p1a: Celebi|71/298|[from] item: Leftovers
|upkeep
|turn|12
|
|t:|1685107788
|move|p1a: Celebi|Psychic|p2a: Exeggutor
|-damage|p2a: Exeggutor|255/307
|move|p2a: Exeggutor|Flamethrower|p1a: Celebi
|-supereffective|p1a: Celebi
|-damage|p1a: Celebi|0 fnt
|faint|p1a: Celebi
|
|upkeep
|
|t:|1685107799
|switch|p1a: Rotom|Rotom-Frost, L84|221/221
|turn|13
|
|t:|1685107805
|switch|p2a: Toxapex|Toxapex, L82, M|216/216
|move|p1a: Rotom|Blizzard|p2a: Toxapex
|-resisted|p2a: Toxapex
|-damage|p2a: Toxapex|173/216
|
|-heal|p2a: Toxapex|186/216|[from] item: Black Sludge
|upkeep
|turn|14
|
|t:|1685107817
|switch|p2a: Rotom|Rotom-Mow, L86|59/226
|move|p1a: Rotom|Thunderbolt|p2a: Rotom
|-resisted|p2a: Rotom
|-damage|p2a: Rotom|36/226
|
|-heal|p2a: Rotom|50/226|[from] item: Leftovers
|upkeep
|turn|15
|
|t:|1685107829
|move|p2a: Rotom|Leaf Storm|p1a: Rotom
|-damage|p1a: Rotom|88/221
|-unboost|p2a: Rotom|spa|2
|move|p1a: Rotom|Blizzard|p2a: Rotom
|-supereffective|p2a: Rotom
|-damage|p2a: Rotom|0 fnt
|faint|p2a: Rotom
|
|upkeep
|
|t:|1685107842
|switch|p2a: Dragalge|Dragalge, L86, F|252/252
|turn|16
|
|t:|1685107854
|move|p1a: Rotom|Blizzard|p2a: Dragalge|[miss]
|-miss|p1a: Rotom|p2a: Dragalge
|move|p2a: Dragalge|Sludge Wave|p1a: Rotom
|-damage|p1a: Rotom|0 fnt
|faint|p1a: Rotom
|
|upkeep
|
|t:|1685107863
|switch|p1a: Swoobat|Swoobat, L86, M|255/255
|turn|17
|
|t:|1685107870
|switch|p2a: Aggron|Aggron, L85, M|258/258
|move|p1a: Swoobat|Calm Mind|p1a: Swoobat
|-boost|p1a: Swoobat|spa|2
|-boost|p1a: Swoobat|spd|2
|
|upkeep
|turn|18
|
|t:|1685107879
|-start|p2a: Aggron|Dynamax|
|-heal|p2a: Aggron|516/516|[silent]
|move|p1a: Swoobat|Heat Wave|p2a: Aggron
|-damage|p2a: Aggron|329/516
|-damage|p1a: Swoobat|230/255|[from] item: Life Orb
|move|p2a: Aggron|Max Rockfall|p1a: Swoobat
|-supereffective|p1a: Swoobat
|-damage|p1a: Swoobat|0 fnt
|-weather|Sandstorm
|faint|p1a: Swoobat
|
|-weather|Sandstorm|[upkeep]
|upkeep
|l|☆Kounoupi
|inactive|Kounoupi disconnected and has a minute to reconnect!
|player|p2|
|
|t:|1685107899
|switch|p1a: Gurdurr|Gurdurr, L83, F|277/277
|turn|19
|j|☆Kounoupi
|inactive|Kounoupi reconnected and has 150 seconds left.
|player|p2|Kounoupi|1
|inactive|rodribf5 has 120 seconds left.
|
|t:|1685107938
|move|p2a: Aggron|Max Steelspike|p1a: Gurdurr
|-damage|p1a: Gurdurr|165/277
|-boost|p2a: Aggron|def|1
|move|p1a: Gurdurr|Drain Punch|p2a: Aggron
|-supereffective|p2a: Aggron
|-damage|p2a: Aggron|197/516
|-heal|p1a: Gurdurr|231/277|[from] drain|[of] p2a: Aggron
|
|-weather|Sandstorm|[upkeep]
|-damage|p1a: Gurdurr|214/277|[from] Sandstorm
|upkeep
|turn|20
|
|t:|1685107955
|-start|p1a: Gurdurr|Dynamax|
|-heal|p1a: Gurdurr|428/554|[silent]
|move|p1a: Gurdurr|Max Guard|p1a: Gurdurr
|-singleturn|p1a: Gurdurr|Max Guard
|move|p2a: Aggron|Max Steelspike|p1a: Gurdurr
|-activate|p1a: Gurdurr|move: Max Guard
|
|-weather|Sandstorm|[upkeep]
|-damage|p1a: Gurdurr|411/554|[from] Sandstorm
|upkeep
|-end|p2a: Aggron|Dynamax
|-heal|p2a: Aggron|99/258|[silent]
|turn|21
|
|t:|1685107968
|move|p2a: Aggron|Earthquake|p1a: Gurdurr
|-damage|p1a: Gurdurr|327/554
|move|p1a: Gurdurr|Max Knuckle|p2a: Aggron
|-supereffective|p2a: Aggron
|-damage|p2a: Aggron|0 fnt
|-boost|p1a: Gurdurr|atk|1
|faint|p2a: Aggron
|
|-weather|Sandstorm|[upkeep]
|-damage|p1a: Gurdurr|310/554|[from] Sandstorm
|upkeep
|
|t:|1685107978
|switch|p2a: Toxapex|Toxapex, L82, M|216/216
|turn|22
|inactive|rodribf5 has 120 seconds left.
|
|t:|1685107992
|move|p1a: Gurdurr|Max Darkness|p2a: Toxapex
|-damage|p2a: Toxapex|132/216
|-unboost|p2a: Toxapex|spd|1
|move|p2a: Toxapex|Haze|p2a: Toxapex
|-clearallboost
|
|-weather|none
|-heal|p2a: Toxapex|145/216|[from] item: Black Sludge
|upkeep
|-end|p1a: Gurdurr|Dynamax
|-heal|p1a: Gurdurr|155/277|[silent]
|turn|23
|inactive|rodribf5 has 120 seconds left.
|
|t:|1685108003
|move|p1a: Gurdurr|Knock Off|p2a: Toxapex
|-damage|p2a: Toxapex|96/216
|-enditem|p2a: Toxapex|Black Sludge|[from] move: Knock Off|[of] p1a: Gurdurr
|move|p2a: Toxapex|Scald|p1a: Gurdurr
|-damage|p1a: Gurdurr|97/277
|
|upkeep
|turn|24
|inactive|rodribf5 has 120 seconds left.
|
|t:|1685108010
|move|p1a: Gurdurr|Drain Punch|p2a: Toxapex
|-resisted|p2a: Toxapex
|-damage|p2a: Toxapex|69/216
|-heal|p1a: Gurdurr|111/277|[from] drain|[of] p2a: Toxapex
|move|p2a: Toxapex|Recover|p2a: Toxapex
|-heal|p2a: Toxapex|177/216
|
|upkeep
|turn|25
|inactive|rodribf5 has 120 seconds left.
|
|t:|1685108022
|switch|p1a: Yveltal|Yveltal, L69|287/287
|-ability|p1a: Yveltal|Dark Aura
|move|p2a: Toxapex|Scald|p1a: Yveltal
|-damage|p1a: Yveltal|247/287
|
|upkeep
|turn|26
|
|t:|1685108032
|move|p1a: Yveltal|Oblivion Wing|p2a: Toxapex
|-damage|p2a: Toxapex|123/216
|-heal|p1a: Yveltal|287/287|[from] drain|[of] p2a: Toxapex
|move|p2a: Toxapex|Scald|p1a: Yveltal
|-damage|p1a: Yveltal|251/287
|-status|p1a: Yveltal|brn
|
|-damage|p1a: Yveltal|234/287 brn|[from] brn
|upkeep
|turn|27
|
|t:|1685108041
|move|p1a: Yveltal|Oblivion Wing|p2a: Toxapex
|-damage|p2a: Toxapex|68/216
|-heal|p1a: Yveltal|275/287 brn|[from] drain|[of] p2a: Toxapex
|move|p2a: Toxapex|Toxic Spikes|p1a: Yveltal
|-sidestart|p1: rodribf5|move: Toxic Spikes
|
|-damage|p1a: Yveltal|258/287 brn|[from] brn
|upkeep
|turn|28
|
|t:|1685108048
|move|p1a: Yveltal|Oblivion Wing|p2a: Toxapex
|-damage|p2a: Toxapex|14/216
|-heal|p1a: Yveltal|287/287 brn|[from] drain|[of] p2a: Toxapex
|move|p2a: Toxapex|Toxic Spikes|p1a: Yveltal
|-sidestart|p1: rodribf5|move: Toxic Spikes
|
|-damage|p1a: Yveltal|270/287 brn|[from] brn
|upkeep
|turn|29
|
|t:|1685108057
|move|p1a: Yveltal|Sucker Punch||[still]
|-fail|p1a: Yveltal
|move|p2a: Toxapex|Recover|p2a: Toxapex
|-heal|p2a: Toxapex|122/216
|
|-damage|p1a: Yveltal|253/287 brn|[from] brn
|upkeep
|turn|30
|
|t:|1685108061
|move|p1a: Yveltal|Oblivion Wing|p2a: Toxapex
|-damage|p2a: Toxapex|70/216
|-heal|p1a: Yveltal|287/287 brn|[from] drain|[of] p2a: Toxapex
|move|p2a: Toxapex|Recover|p2a: Toxapex
|-heal|p2a: Toxapex|178/216
|
|-damage|p1a: Yveltal|270/287 brn|[from] brn
|upkeep
|turn|31
|
|t:|1685108065
|move|p1a: Yveltal|Oblivion Wing|p2a: Toxapex
|-damage|p2a: Toxapex|127/216
|-heal|p1a: Yveltal|287/287 brn|[from] drain|[of] p2a: Toxapex
|move|p2a: Toxapex|Scald|p1a: Yveltal
|-damage|p1a: Yveltal|245/287 brn
|
|-damage|p1a: Yveltal|228/287 brn|[from] brn
|upkeep
|turn|32
|
|t:|1685108073
|move|p1a: Yveltal|Oblivion Wing|p2a: Toxapex
|-damage|p2a: Toxapex|78/216
|-heal|p1a: Yveltal|265/287 brn|[from] drain|[of] p2a: Toxapex
|move|p2a: Toxapex|Recover|p2a: Toxapex
|-heal|p2a: Toxapex|186/216
|
|-damage|p1a: Yveltal|248/287 brn|[from] brn
|upkeep
|turn|33
|
|t:|1685108093
|move|p1a: Yveltal|Oblivion Wing|p2a: Toxapex
|-damage|p2a: Toxapex|137/216
|-heal|p1a: Yveltal|285/287 brn|[from] drain|[of] p2a: Toxapex
|move|p2a: Toxapex|Scald|p1a: Yveltal
|-damage|p1a: Yveltal|243/287 brn
|
|-damage|p1a: Yveltal|226/287 brn|[from] brn
|upkeep
|turn|34
|
|t:|1685108102
|move|p1a: Yveltal|Oblivion Wing|p2a: Toxapex
|-damage|p2a: Toxapex|80/216
|-heal|p1a: Yveltal|269/287 brn|[from] drain|[of] p2a: Toxapex
|move|p2a: Toxapex|Recover|p2a: Toxapex
|-heal|p2a: Toxapex|188/216
|
|-damage|p1a: Yveltal|252/287 brn|[from] brn
|upkeep
|turn|35
|c|☆rodribf5|Zzzzzz
|c|☆rodribf5|Zzzzzz
|c|☆rodribf5|Zzzz
|c|☆rodribf5|Z
|c|☆rodribf5|Z
|c|☆rodribf5|Z
|c|☆Kounoupi|zz
|c|☆rodribf5|Zz
|c|☆rodribf5|S
|c|☆rodribf5|Zzzz
|c|☆rodribf5|Omg
|c|☆Kounoupi|vamos rodri
|n|!rodribf5|rodribf5
|inactive|rodribf5 has 120 seconds left.
|
|t:|1685108136
|move|p1a: Yveltal|Oblivion Wing|p2a: Toxapex
|-damage|p2a: Toxapex|140/216
|-heal|p1a: Yveltal|287/287 brn|[from] drain|[of] p2a: Toxapex
|move|p2a: Toxapex|Scald|p1a: Yveltal
|-damage|p1a: Yveltal|247/287 brn
|
|-damage|p1a: Yveltal|230/287 brn|[from] brn
|upkeep
|turn|36
|inactive|rodribf5 has 120 seconds left.
|
|t:|1685108143
|move|p1a: Yveltal|Knock Off|p2a: Toxapex
|-damage|p2a: Toxapex|116/216
|move|p2a: Toxapex|Recover|p2a: Toxapex
|-heal|p2a: Toxapex|216/216
|
|-damage|p1a: Yveltal|213/287 brn|[from] brn
|upkeep
|turn|37
|
|t:|1685108151
|move|p1a: Yveltal|Oblivion Wing|p2a: Toxapex
|-damage|p2a: Toxapex|162/216
|-heal|p1a: Yveltal|254/287 brn|[from] drain|[of] p2a: Toxapex
|move|p2a: Toxapex|Scald|p1a: Yveltal
|-damage|p1a: Yveltal|215/287 brn
|
|-damage|p1a: Yveltal|198/287 brn|[from] brn
|upkeep
|turn|38
|
|t:|1685108158
|move|p1a: Yveltal|Oblivion Wing|p2a: Toxapex
|-damage|p2a: Toxapex|107/216
|-heal|p1a: Yveltal|239/287 brn|[from] drain|[of] p2a: Toxapex
|move|p2a: Toxapex|Recover|p2a: Toxapex
|-heal|p2a: Toxapex|215/216
|
|-damage|p1a: Yveltal|222/287 brn|[from] brn
|upkeep
|turn|39
|
|t:|1685108165
|move|p1a: Yveltal|Oblivion Wing|p2a: Toxapex
|-damage|p2a: Toxapex|164/216
|-heal|p1a: Yveltal|260/287 brn|[from] drain|[of] p2a: Toxapex
|move|p2a: Toxapex|Scald|p1a: Yveltal
|-damage|p1a: Yveltal|221/287 brn
|
|-damage|p1a: Yveltal|204/287 brn|[from] brn
|upkeep
|turn|40
|
|t:|1685108173
|move|p1a: Yveltal|Oblivion Wing|p2a: Toxapex
|-damage|p2a: Toxapex|109/216
|-heal|p1a: Yveltal|245/287 brn|[from] drain|[of] p2a: Toxapex
|move|p2a: Toxapex|Recover|p2a: Toxapex
|-heal|p2a: Toxapex|216/216
|
|-damage|p1a: Yveltal|228/287 brn|[from] brn
|upkeep
|turn|41
|
|t:|1685108180
|move|p1a: Yveltal|Oblivion Wing|p2a: Toxapex
|-damage|p2a: Toxapex|168/216
|-heal|p1a: Yveltal|264/287 brn|[from] drain|[of] p2a: Toxapex
|move|p2a: Toxapex|Scald|p1a: Yveltal
|-damage|p1a: Yveltal|225/287 brn
|
|-damage|p1a: Yveltal|208/287 brn|[from] brn
|upkeep
|turn|42
|
|t:|1685108188
|move|p1a: Yveltal|Oblivion Wing|p2a: Toxapex
|-damage|p2a: Toxapex|119/216
|-heal|p1a: Yveltal|245/287 brn|[from] drain|[of] p2a: Toxapex
|move|p2a: Toxapex|Recover|p2a: Toxapex
|-heal|p2a: Toxapex|216/216
|
|-damage|p1a: Yveltal|228/287 brn|[from] brn
|upkeep
|turn|43
|
|t:|1685108195
|move|p1a: Yveltal|Oblivion Wing|p2a: Toxapex
|-damage|p2a: Toxapex|164/216
|-heal|p1a: Yveltal|267/287 brn|[from] drain|[of] p2a: Toxapex
|move|p2a: Toxapex|Recover|p2a: Toxapex
|-heal|p2a: Toxapex|216/216
|
|-damage|p1a: Yveltal|250/287 brn|[from] brn
|upkeep
|turn|44
|
|t:|1685108211
|move|p1a: Yveltal|Knock Off|p2a: Toxapex
|-damage|p2a: Toxapex|191/216
|move|p2a: Toxapex|Scald|p1a: Yveltal
|-damage|p1a: Yveltal|214/287 brn
|
|-damage|p1a: Yveltal|197/287 brn|[from] brn
|upkeep
|turn|45
|
|t:|1685108217
|move|p1a: Yveltal|Heat Wave|p2a: Toxapex
|-resisted|p2a: Toxapex
|-damage|p2a: Toxapex|170/216
|move|p2a: Toxapex|Scald|p1a: Yveltal
|-damage|p1a: Yveltal|158/287 brn
|
|-damage|p1a: Yveltal|141/287 brn|[from] brn
|upkeep
|turn|46
|
|t:|1685108220
|move|p1a: Yveltal|Sucker Punch|p2a: Toxapex
|-damage|p2a: Toxapex|143/216
|move|p2a: Toxapex|Scald|p1a: Yveltal
|-damage|p1a: Yveltal|99/287 brn
|
|-damage|p1a: Yveltal|82/287 brn|[from] brn
|upkeep
|turn|47
|
|t:|1685108222
|move|p1a: Yveltal|Knock Off|p2a: Toxapex
|-damage|p2a: Toxapex|117/216
|move|p2a: Toxapex|Scald|p1a: Yveltal
|-damage|p1a: Yveltal|42/287 brn
|
|-damage|p1a: Yveltal|25/287 brn|[from] brn
|upkeep
|turn|48
|-message|rodribf5 forfeited.
|
|win|Kounoupi
|raw|rodribf5's rating: 1194 &rarr; <strong>1172</strong><br />(-22 for losing)
|raw|Kounoupi's rating: 1237 &rarr; <strong>1259</strong><br />(+22 for winning)
