|j|☆jmaccrimmon
|j|☆cupcake26
|t:|1683829384
|gametype|singles
|player|p1|jmaccrimmon|lance|1352
|player|p2|cupcake26|maylene|1357
|teamsize|p1|6
|teamsize|p2|6
|gen|8
|tier|[Gen 8] Random Battle
|rated|
|rule|Species Clause: Limit one of each Pokémon
|rule|HP Percentage Mod: HP is shown in percentages
|rule|Sleep Clause Mod: Limit one foe put to sleep
|
|t:|1683829384
|start
|switch|p1a: Wigglytuff|Wigglytuff, L90, F|398/398
|switch|p2a: Gallade|Gallade, L82, M|246/246
|-item|p2a: Gallade|Life Orb|[from] ability: Frisk|[of] p1a: Wigglytuff|[identify]
|turn|1
|
|t:|1683829419
|switch|p2a: Garbodor|Garbodor, L87, M|281/281
|move|p1a: Wigglytuff|Dazzling Gleam|p2a: Garbodor
|-resisted|p2a: Garbodor
|-damage|p2a: Garbodor|236/281
|
|-heal|p2a: Garbodor|253/281|[from] item: Black Sludge
|upkeep
|turn|2
|
|t:|1683829431
|move|p2a: Garbodor|Toxic Spikes|p1a: Wigglytuff
|-sidestart|p1: jmaccrimmon|move: Toxic Spikes
|move|p1a: Wigglytuff|Reflect|p1a: Wigglytuff
|-sidestart|p1: jmaccrimmon|Reflect
|
|-heal|p2a: Garbodor|270/281|[from] item: Black Sludge
|upkeep
|turn|3
|
|t:|1683829471
|move|p2a: Garbodor|Toxic Spikes|p1a: Wigglytuff
|-sidestart|p1: jmaccrimmon|move: Toxic Spikes
|move|p1a: Wigglytuff|Light Screen|p1a: Wigglytuff
|-sidestart|p1: jmaccrimmon|move: Light Screen
|
|-heal|p2a: Garbodor|281/281|[from] item: Black Sludge
|upkeep
|turn|4
|
|t:|1683829490
|switch|p1a: Pelipper|Pelipper, L86, M|243/243
|-weather|RainDance|[from] ability: Drizzle|[of] p1a: Pelipper
|move|p2a: Garbodor|Gunk Shot|p1a: Pelipper
|-damage|p1a: Pelipper|189/243
|
|-weather|RainDance|[upkeep]
|upkeep
|turn|5
|
|t:|1683829501
|switch|p2a: Zekrom|Zekrom, L69|252/252
|-ability|p2a: Zekrom|Teravolt
|move|p1a: Pelipper|Hurricane|p2a: Zekrom
|-resisted|p2a: Zekrom
|-damage|p2a: Zekrom|183/252
|
|-weather|RainDance|[upkeep]
|upkeep
|turn|6
|
|t:|1683829510
|move|p2a: Zekrom|Bolt Strike|p1a: Pelipper
|-supereffective|p1a: Pelipper
|-damage|p1a: Pelipper|0 fnt
|faint|p1a: Pelipper
|
|-weather|RainDance|[upkeep]
|upkeep
|
|t:|1683829526
|switch|p1a: Altaria|Altaria, L90, F|281/281
|turn|7
|
|t:|1683829548
|switch|p2a: Slowking|Slowking-Galar, L84, M|297/297
|move|p1a: Altaria|Earthquake|p2a: Slowking
|-supereffective|p2a: Slowking
|-damage|p2a: Slowking|118/297
|-damage|p1a: Altaria|253/281|[from] item: Life Orb
|
|-weather|RainDance|[upkeep]
|upkeep
|turn|8
|
|t:|1683829564
|switch|p2a: Tsareena|Tsareena, L84, F|258/258
|move|p1a: Altaria|Earthquake|p2a: Tsareena
|-resisted|p2a: Tsareena
|-damage|p2a: Tsareena|220/258
|-damage|p1a: Altaria|225/281|[from] item: Life Orb
|
|-weather|none
|upkeep
|turn|9
|
|t:|1683829569
|move|p1a: Altaria|Fire Blast|p2a: Tsareena
|-supereffective|p2a: Tsareena
|-damage|p2a: Tsareena|56/258
|-damage|p1a: Altaria|197/281|[from] item: Life Orb
|move|p2a: Tsareena|Triple Axel|p1a: Altaria
|-supereffective|p1a: Altaria
|-damage|p1a: Altaria|149/281
|-supereffective|p1a: Altaria
|-damage|p1a: Altaria|59/281
|-hitcount|p1a: Altaria|2
|
|-sideend|p1: jmaccrimmon|Reflect
|upkeep
|turn|10
|
|t:|1683829606
|switch|p2a: Garbodor|Garbodor, L87, M|281/281
|move|p1a: Altaria|Fire Blast|p2a: Garbodor
|-damage|p2a: Garbodor|193/281
|-status|p2a: Garbodor|brn
|-damage|p1a: Altaria|31/281|[from] item: Life Orb
|
|-heal|p2a: Garbodor|210/281 brn|[from] item: Black Sludge
|-damage|p2a: Garbodor|193/281 brn|[from] brn
|-sideend|p1: jmaccrimmon|move: Light Screen
|upkeep
|turn|11
|
|t:|1683829622
|switch|p1a: Raichu|Raichu-Alola, L84, M|238/238
|-status|p1a: Raichu|tox
|move|p2a: Garbodor|Gunk Shot|p1a: Raichu
|-damage|p1a: Raichu|136/238 tox
|
|-heal|p2a: Garbodor|210/281 brn|[from] item: Black Sludge
|-damage|p1a: Raichu|122/238 tox|[from] psn
|-damage|p2a: Garbodor|193/281 brn|[from] brn
|upkeep
|turn|12
|
|t:|1683829633
|move|p1a: Raichu|Psyshock|p2a: Garbodor
|-supereffective|p2a: Garbodor
|-damage|p2a: Garbodor|0 fnt
|faint|p2a: Garbodor
|-damage|p1a: Raichu|99/238 tox|[from] item: Life Orb
|
|-damage|p1a: Raichu|71/238 tox|[from] psn
|upkeep
|
|t:|1683829641
|switch|p2a: Gallade|Gallade, L82, M|246/246
|turn|13
|
|t:|1683829644
|move|p2a: Gallade|Shadow Sneak|p1a: Raichu
|-supereffective|p1a: Raichu
|-damage|p1a: Raichu|0 fnt
|faint|p1a: Raichu
|-damage|p2a: Gallade|222/246|[from] item: Life Orb
|
|upkeep
|
|t:|1683829655
|switch|p1a: Tangrowth|Tangrowth, L84, M|305/305
|-status|p1a: Tangrowth|tox
|turn|14
|
|t:|1683829660
|switch|p2a: Tsareena|Tsareena, L84, F|56/258
|move|p1a: Tangrowth|Sleep Powder|p2a: Tsareena
|-immune|p2a: Tsareena
|
|-damage|p1a: Tangrowth|286/305 tox|[from] psn
|upkeep
|turn|15
|
|t:|1683829666
|move|p2a: Tsareena|Triple Axel|p1a: Tangrowth
|-supereffective|p1a: Tangrowth
|-damage|p1a: Tangrowth|246/305 tox
|-damage|p2a: Tsareena|13/258|[from] item: Rocky Helmet|[of] p1a: Tangrowth
|-supereffective|p1a: Tangrowth
|-damage|p1a: Tangrowth|172/305 tox
|-damage|p2a: Tsareena|0 fnt|[from] item: Rocky Helmet|[of] p1a: Tangrowth
|faint|p2a: Tsareena
|-hitcount|p1a: Tangrowth|2
|move|p1a: Tangrowth|Knock Off|p2: Tsareena|[notarget]
|-fail|p1a: Tangrowth
|
|-damage|p1a: Tangrowth|134/305 tox|[from] psn
|upkeep
|
|t:|1683829670
|switch|p2a: Kartana|Kartana, L74|209/209
|turn|16
|
|t:|1683829675
|move|p2a: Kartana|Smart Strike|p1a: Tangrowth
|-crit|p1a: Tangrowth
|-damage|p1a: Tangrowth|0 fnt
|-damage|p2a: Kartana|175/209|[from] item: Rocky Helmet|[of] p1a: Tangrowth
|faint|p1a: Tangrowth
|-ability|p2a: Kartana|Beast Boost|boost
|-boost|p2a: Kartana|atk|1
|
|upkeep
|
|t:|1683829686
|switch|p1a: Zygarde|Zygarde, L70|267/267
|-status|p1a: Zygarde|tox
|turn|17
|
|t:|1683829691
|-start|p2a: Kartana|Dynamax|
|-heal|p2a: Kartana|350/418|[silent]
|move|p2a: Kartana|Max Steelspike|p1a: Zygarde
|-damage|p1a: Zygarde|56/267 tox
|-boost|p2a: Kartana|def|1
|move|p1a: Zygarde|Dragon Dance|p1a: Zygarde
|-boost|p1a: Zygarde|atk|1
|-boost|p1a: Zygarde|spe|1
|
|-heal|p1a: Zygarde|72/267 tox|[from] item: Leftovers
|-damage|p1a: Zygarde|56/267 tox|[from] psn
|-activate|p1a: Zygarde|ability: Power Construct
|detailschange|p1a: Zygarde|Zygarde-Complete, L70
|-heal|p1a: Zygarde|207/418 tox|[silent]
|upkeep
|turn|18
|
|t:|1683829707
|move|p1a: Zygarde|Thousand Arrows|p2a: Kartana
|-damage|p2a: Kartana|292/418
|move|p2a: Kartana|Max Steelspike|p1a: Zygarde
|-damage|p1a: Zygarde|0 fnt
|-boost|p2a: Kartana|def|1
|faint|p1a: Zygarde
|-ability|p2a: Kartana|Beast Boost|boost
|-boost|p2a: Kartana|atk|1
|
|upkeep
|
|t:|1683829711
|switch|p1a: Altaria|Altaria, L90, F|31/281
|turn|19
|
|t:|1683829714
|move|p2a: Kartana|Max Steelspike|p1a: Altaria
|-damage|p1a: Altaria|0 fnt
|-boost|p2a: Kartana|def|1
|faint|p1a: Altaria
|-ability|p2a: Kartana|Beast Boost|boost
|-boost|p2a: Kartana|atk|1
|
|upkeep
|-message|jmaccrimmon forfeited.
|
|win|cupcake26
|raw|jmaccrimmon's rating: 1352 &rarr; <strong>1333</strong><br />(-19 for losing)
|raw|cupcake26's rating: 1377 &rarr; <strong>1396</strong><br />(+19 for winning)
|l|☆jmaccrimmon
