|j|☆odr
|j|☆Michielleus
|t:|1685560187
|gametype|singles
|player|p1|odr|#scl1islanders|
|player|p2|Michielleus|#rbtt6teammewtwo|
|teamsize|p1|6
|teamsize|p2|6
|gen|8
|tier|[Gen 8] Random Battle
|rule|Species Clause: Limit one of each Pokémon
|rule|HP Percentage Mod: HP is shown in percentages
|rule|Sleep Clause Mod: Limit one foe put to sleep
|
|t:|1685560187
|start
|switch|p1a: Mew|Mew, L80|291/291
|switch|p2a: Shiinotic|Shiinotic, L86, F|243/243
|turn|1
|inactive|Battle timer is ON: inactive players will automatically lose when time's up. (requested by Michielleus)
|c|☆odr|hf
|c|☆Michielleus|glhf
|inactive|odr has 270 seconds left.
|inactive|Michielleus has 270 seconds left.
|inactive|odr has 240 seconds left.
|
|t:|1685560253
|move|p1a: Mew|Dragon Dance|p1a: Mew
|-boost|p1a: Mew|atk|1
|-boost|p1a: Mew|spe|1
|move|p2a: Shiinotic|Spore|p1a: Mew
|-status|p1a: Mew|slp|[from] move: Spore
|-enditem|p1a: Mew|Lum Berry|[eat]
|-curestatus|p1a: Mew|slp|[msg]
|
|upkeep
|turn|2
|
|t:|1685560256
|switch|p2a: Stunfisk|Stunfisk, L84, M|320/320
|move|p1a: Mew|Flare Blitz|p2a: Stunfisk
|-damage|p2a: Stunfisk|187/320
|-status|p1a: Mew|par|[from] ability: Static|[of] p2a: Stunfisk
|-activate|p1a: Mew|ability: Synchronize
|-immune|p2a: Stunfisk
|-damage|p1a: Mew|247/291 par|[from] Recoil
|
|-heal|p2a: Stunfisk|207/320|[from] item: Leftovers
|upkeep
|turn|3
|
|t:|1685560273
|move|p1a: Mew|Psychic Fangs|p2a: Stunfisk
|-damage|p2a: Stunfisk|68/320
|move|p2a: Stunfisk|Stealth Rock|p1a: Mew
|-sidestart|p1: odr|move: Stealth Rock
|
|-heal|p2a: Stunfisk|88/320|[from] item: Leftovers
|upkeep
|turn|4
|
|t:|1685560276
|move|p1a: Mew|Psychic Fangs|p2a: Stunfisk
|-damage|p2a: Stunfisk|0 fnt
|faint|p2a: Stunfisk
|
|upkeep
|
|t:|1685560278
|switch|p2a: Gengar|Gengar, L80, M|227/227
|turn|5
|
|t:|1685560284
|switch|p1a: Yveltal|Yveltal, L69|288/288
|-ability|p1a: Yveltal|Dark Aura
|move|p2a: Gengar|Shadow Ball|p1a: Yveltal
|-resisted|p1a: Yveltal
|-damage|p1a: Yveltal|214/288
|-damage|p2a: Gengar|205/227|[from] item: Life Orb
|
|upkeep
|turn|6
|
|t:|1685560295
|switch|p2a: Zapdos|Zapdos, L78|268/268
|move|p1a: Yveltal|Knock Off|p2a: Zapdos
|-damage|p2a: Zapdos|136/268
|-enditem|p2a: Zapdos|Heavy-Duty Boots|[from] move: Knock Off|[of] p1a: Yveltal
|
|upkeep
|turn|7
|
|t:|1685560305
|switch|p1a: Quagsire|Quagsire, L84, M|297/297
|-damage|p1a: Quagsire|279/297|[from] Stealth Rock
|move|p2a: Zapdos|Roost|p2a: Zapdos
|-heal|p2a: Zapdos|268/268
|-singleturn|p2a: Zapdos|move: Roost
|
|-heal|p1a: Quagsire|297/297|[from] item: Leftovers
|upkeep
|turn|8
|
|t:|1685560312
|switch|p2a: Shiinotic|Shiinotic, L86, F|243/243
|move|p1a: Quagsire|Toxic|p2a: Shiinotic
|-status|p2a: Shiinotic|tox
|
|-damage|p2a: Shiinotic|228/243 tox|[from] psn
|upkeep
|turn|9
|
|t:|1685560324
|switch|p1a: Dhelmise|Dhelmise, L86|261/261
|-damage|p1a: Dhelmise|229/261|[from] Stealth Rock
|move|p2a: Shiinotic|Leech Seed|p1a: Dhelmise
|-immune|p1a: Dhelmise
|
|-heal|p2a: Shiinotic|243/243 tox|[from] item: Leftovers
|-damage|p2a: Shiinotic|213/243 tox|[from] psn
|upkeep
|turn|10
|
|t:|1685560334
|switch|p2a: Zapdos|Zapdos, L78|268/268
|move|p1a: Dhelmise|Anchor Shot|p2a: Zapdos
|-resisted|p2a: Zapdos
|-damage|p2a: Zapdos|178/268
|-activate|p2a: Zapdos|trapped
|-status|p1a: Dhelmise|par|[from] ability: Static|[of] p2a: Zapdos
|
|upkeep
|turn|11
|
|t:|1685560340
|switch|p1a: Quagsire|Quagsire, L84, M|297/297
|-damage|p1a: Quagsire|279/297|[from] Stealth Rock
|move|p2a: Zapdos|Hurricane|p1a: Quagsire|[miss]
|-miss|p2a: Zapdos|p1a: Quagsire
|
|-heal|p1a: Quagsire|297/297|[from] item: Leftovers
|upkeep
|turn|12
|
|t:|1685560348
|move|p2a: Zapdos|Hurricane|p1a: Quagsire
|-damage|p1a: Quagsire|134/297
|move|p1a: Quagsire|Scald|p2a: Zapdos
|-damage|p2a: Zapdos|105/268
|
|-heal|p1a: Quagsire|152/297|[from] item: Leftovers
|upkeep
|turn|13
|
|t:|1685560355
|move|p2a: Zapdos|Hurricane|p1a: Quagsire
|-damage|p1a: Quagsire|10/297
|-start|p1a: Quagsire|confusion
|-activate|p1a: Quagsire|confusion
|move|p1a: Quagsire|Toxic|p2a: Zapdos
|-status|p2a: Zapdos|tox
|
|-heal|p1a: Quagsire|28/297|[from] item: Leftovers
|-damage|p2a: Zapdos|89/268 tox|[from] psn
|upkeep
|turn|14
|
|t:|1685560363
|move|p2a: Zapdos|Heat Wave|p1a: Quagsire
|-resisted|p1a: Quagsire
|-damage|p1a: Quagsire|0 fnt
|faint|p1a: Quagsire
|
|-damage|p2a: Zapdos|57/268 tox|[from] psn
|upkeep
|
|t:|1685560371
|switch|p1a: Mew|Mew, L80|247/291 par
|-damage|p1a: Mew|211/291 par|[from] Stealth Rock
|turn|15
|
|t:|1685560382
|switch|p2a: Shiinotic|Shiinotic, L86, F|213/243 tox
|move|p1a: Mew|Psychic Fangs|p2a: Shiinotic
|-damage|p2a: Shiinotic|117/243 tox
|
|-heal|p2a: Shiinotic|132/243 tox|[from] item: Leftovers
|-damage|p2a: Shiinotic|117/243 tox|[from] psn
|upkeep
|turn|16
|
|t:|1685560387
|cant|p1a: Mew|par
|move|p2a: Shiinotic|Strength Sap|p1a: Mew
|-unboost|p1a: Mew|atk|1
|-heal|p2a: Shiinotic|243/243 tox
|
|-damage|p2a: Shiinotic|213/243 tox|[from] psn
|upkeep
|turn|17
|
|t:|1685560396
|move|p1a: Mew|Dragon Dance|p1a: Mew
|-boost|p1a: Mew|atk|1
|-boost|p1a: Mew|spe|1
|move|p2a: Shiinotic|Moonblast|p1a: Mew
|-damage|p1a: Mew|112/291 par
|
|-heal|p2a: Shiinotic|228/243 tox|[from] item: Leftovers
|-damage|p2a: Shiinotic|183/243 tox|[from] psn
|upkeep
|turn|18
|
|t:|1685560404
|cant|p1a: Mew|par
|move|p2a: Shiinotic|Moonblast|p1a: Mew
|-damage|p1a: Mew|19/291 par
|-unboost|p1a: Mew|spa|1
|
|-heal|p2a: Shiinotic|198/243 tox|[from] item: Leftovers
|-damage|p2a: Shiinotic|138/243 tox|[from] psn
|upkeep
|turn|19
|
|t:|1685560409
|cant|p1a: Mew|par
|move|p2a: Shiinotic|Moonblast|p1a: Mew
|-damage|p1a: Mew|0 fnt
|faint|p1a: Mew
|
|-heal|p2a: Shiinotic|153/243 tox|[from] item: Leftovers
|-damage|p2a: Shiinotic|78/243 tox|[from] psn
|upkeep
|
|t:|1685560421
|switch|p1a: Yveltal|Yveltal, L69|214/288
|-ability|p1a: Yveltal|Dark Aura
|turn|20
|
|t:|1685560428
|switch|p2a: Ditto|Ditto, L76|198/198
|-transform|p2a: Ditto|p1a: Yveltal|[from] ability: Imposter
|-ability|p2a: Ditto|Dark Aura
|move|p1a: Yveltal|Oblivion Wing|p2a: Ditto
|-damage|p2a: Ditto|111/198
|-heal|p1a: Yveltal|279/288|[from] drain|[of] p2a: Ditto
|
|upkeep
|turn|21
|
|t:|1685560437
|move|p2a: Ditto|Knock Off|p1a: Yveltal
|-resisted|p1a: Yveltal
|-damage|p1a: Yveltal|208/288
|-enditem|p1a: Yveltal|Heavy-Duty Boots|[from] move: Knock Off|[of] p2a: Ditto
|move|p1a: Yveltal|Oblivion Wing|p2a: Ditto
|-damage|p2a: Ditto|24/198
|-heal|p1a: Yveltal|273/288|[from] drain|[of] p2a: Ditto
|
|upkeep
|turn|22
|
|t:|1685560448
|switch|p2a: Shiinotic|Shiinotic, L86, F|78/243 tox
|move|p1a: Yveltal|Oblivion Wing|p2a: Shiinotic
|-supereffective|p2a: Shiinotic
|-damage|p2a: Shiinotic|0 fnt
|-heal|p1a: Yveltal|288/288|[from] drain|[of] p2a: Shiinotic
|faint|p2a: Shiinotic
|
|upkeep
|
|t:|1685560455
|switch|p2a: Zapdos|Zapdos, L78|57/268 tox
|turn|23
|
|t:|1685560462
|move|p1a: Yveltal|Sucker Punch||[still]
|-fail|p1a: Yveltal
|move|p2a: Zapdos|Roost|p2a: Zapdos
|-heal|p2a: Zapdos|191/268 tox
|-singleturn|p2a: Zapdos|move: Roost
|
|-damage|p2a: Zapdos|175/268 tox|[from] psn
|upkeep
|turn|24
|
|t:|1685560469
|switch|p1a: Dhelmise|Dhelmise, L86|229/261 par
|-damage|p1a: Dhelmise|197/261 par|[from] Stealth Rock
|move|p2a: Zapdos|Discharge|p1a: Dhelmise
|-resisted|p1a: Dhelmise
|-damage|p1a: Dhelmise|154/261 par
|
|-damage|p2a: Zapdos|143/268 tox|[from] psn
|upkeep
|turn|25
|
|t:|1685560472
|move|p2a: Zapdos|Hurricane|p1a: Dhelmise
|-supereffective|p1a: Dhelmise
|-damage|p1a: Dhelmise|0 fnt
|faint|p1a: Dhelmise
|
|-damage|p2a: Zapdos|95/268 tox|[from] psn
|upkeep
|inactive|odr has 270 seconds left.
|
|t:|1685560510
|switch|p1a: Porygon-Z|Porygon-Z, L80|267/267
|-damage|p1a: Porygon-Z|234/267|[from] Stealth Rock
|turn|26
|inactive|odr has 270 seconds left.
|
|t:|1685560531
|switch|p2a: Ditto|Ditto, L76|24/198
|-transform|p2a: Ditto|p1a: Porygon-Z|[from] ability: Imposter
|move|p1a: Porygon-Z|Tri Attack|p2a: Ditto
|-damage|p2a: Ditto|0 fnt
|faint|p2a: Ditto
|-damage|p1a: Porygon-Z|208/267|[from] item: Life Orb
|
|upkeep
|
|t:|1685560534
|switch|p2a: Gengar|Gengar, L80, M|205/227
|turn|27
|
|t:|1685560548
|move|p2a: Gengar|Focus Blast|p1a: Porygon-Z|[miss]
|-miss|p2a: Gengar|p1a: Porygon-Z
|move|p1a: Porygon-Z|Dark Pulse|p2a: Gengar
|-supereffective|p2a: Gengar
|-damage|p2a: Gengar|0 fnt
|-start|p1a: Porygon-Z|Disable|Dark Pulse|[from] ability: Cursed Body|[of] p2a: Gengar
|faint|p2a: Gengar
|-damage|p1a: Porygon-Z|182/267|[from] item: Life Orb
|
|upkeep
|
|t:|1685560555
|switch|p2a: Jynx|Jynx, L86, F|252/252
|turn|28
|
|t:|1685560562
|move|p2a: Jynx|Focus Blast|p1a: Porygon-Z|[miss]
|-miss|p2a: Jynx|p1a: Porygon-Z
|move|p1a: Porygon-Z|Tri Attack|p2a: Jynx
|-damage|p2a: Jynx|101/252
|-damage|p1a: Porygon-Z|156/267|[from] item: Life Orb
|
|upkeep
|turn|29
|
|t:|1685560570
|move|p2a: Jynx|Focus Blast|p1a: Porygon-Z
|-supereffective|p1a: Porygon-Z
|-damage|p1a: Porygon-Z|0 fnt
|faint|p1a: Porygon-Z
|
|upkeep
|
|t:|1685560580
|switch|p1a: Azumarill|Azumarill, L84, M|305/305
|-damage|p1a: Azumarill|267/305|[from] Stealth Rock
|turn|30
|
|t:|1685560610
|move|p2a: Jynx|Ice Beam|p1a: Azumarill
|-resisted|p1a: Azumarill
|-damage|p1a: Azumarill|210/305
|move|p1a: Azumarill|Knock Off|p2a: Jynx
|-supereffective|p2a: Jynx
|-damage|p2a: Jynx|0 fnt
|-enditem|p2a: Jynx|Heavy-Duty Boots|[from] move: Knock Off|[of] p1a: Azumarill
|faint|p2a: Jynx
|
|upkeep
|
|t:|1685560614
|switch|p2a: Zapdos|Zapdos, L78|95/268 tox
|turn|31
|
|t:|1685560617
|-start|p2a: Zapdos|Dynamax|
|-heal|p2a: Zapdos|190/536 tox|[silent]
|move|p2a: Zapdos|Max Lightning|p1a: Azumarill
|-supereffective|p1a: Azumarill
|-damage|p1a: Azumarill|0 fnt
|-fieldstart|move: Electric Terrain
|faint|p1a: Azumarill
|
|-damage|p2a: Zapdos|174/536 tox|[from] psn
|upkeep
|
|t:|1685560621
|switch|p1a: Yveltal|Yveltal, L69|288/288
|-damage|p1a: Yveltal|216/288|[from] Stealth Rock
|-ability|p1a: Yveltal|Dark Aura
|turn|32
|
|t:|1685560647
|-start|p1a: Yveltal|Dynamax|
|-heal|p1a: Yveltal|432/576|[silent]
|move|p2a: Zapdos|Max Lightning|p1a: Yveltal
|-supereffective|p1a: Yveltal
|-damage|p1a: Yveltal|102/576
|move|p1a: Yveltal|Max Darkness|p2a: Zapdos
|-damage|p2a: Zapdos|21/536 tox
|-unboost|p2a: Zapdos|spd|1
|
|-damage|p2a: Zapdos|0 fnt|[from] psn
|faint|p2a: Zapdos
|
|win|odr
|upkeep
|c|☆odr|ggs
|c|☆Michielleus|ggs
|l|☆Michielleus
