|j|☆MichaelderBeste2
|j|☆FaZe Alec Baldwin
|t:|1668099889
|gametype|singles
|player|p1|MichaelderBeste2|#wcop2021germany|2527
|player|p2|FaZe Alec Baldwin|drayden|2414
|teamsize|p1|6
|teamsize|p2|6
|gen|8
|tier|[Gen 8] Random Battle
|rated|
|rule|Species Clause: Limit one of each Pokémon
|rule|HP Percentage Mod: HP is shown in percentages
|rule|Sleep Clause Mod: Limit one foe put to sleep
|
|t:|1668099889
|start
|switch|p1a: Chandelure|Chandelure, L82, F|233/233
|switch|p2a: Hippowdon|Hippowdon, L80, F|304/304
|-weather|Sandstorm|[from] ability: Sand Stream|[of] p2a: Hippowdon
|turn|1
|inactive|Battle timer is ON: inactive players will automatically lose when time's up. (requested by FaZe Alec Baldwin)
|inactive|FaZe Alec Baldwin has 120 seconds left.
|
|t:|1668099920
|switch|p1a: Decidueye|Decidueye, L86, F|274/274
|move|p2a: Hippowdon|Earthquake|p1a: Decidueye
|-resisted|p1a: Decidueye
|-damage|p1a: Decidueye|215/274
|
|-weather|Sandstorm|[upkeep]
|-damage|p1a: Decidueye|198/274|[from] Sandstorm
|upkeep
|turn|2
|
|t:|1668099929
|move|p1a: Decidueye|Poltergeist|p2a: Hippowdon
|-activate|p2a: Hippowdon|move: Poltergeist|Leftovers
|-damage|p2a: Hippowdon|170/304
|-damage|p1a: Decidueye|171/274|[from] item: Life Orb
|move|p2a: Hippowdon|Stealth Rock|p1a: Decidueye
|-sidestart|p1: MichaelderBeste2|move: Stealth Rock
|
|-weather|Sandstorm|[upkeep]
|-damage|p1a: Decidueye|154/274|[from] Sandstorm
|-heal|p2a: Hippowdon|189/304|[from] item: Leftovers
|upkeep
|turn|3
|
|t:|1668099940
|switch|p2a: Unfezant|Unfezant, L84, M|271/271
|move|p1a: Decidueye|Poltergeist|p2a: Unfezant
|-immune|p2a: Unfezant
|
|-weather|Sandstorm|[upkeep]
|-damage|p2a: Unfezant|255/271|[from] Sandstorm
|-damage|p1a: Decidueye|137/274|[from] Sandstorm
|upkeep
|turn|4
|
|t:|1668099947
|move|p2a: Unfezant|Brave Bird|p1a: Decidueye
|-supereffective|p1a: Decidueye
|-damage|p1a: Decidueye|0 fnt
|faint|p1a: Decidueye
|-damage|p2a: Unfezant|210/271|[from] Recoil
|
|-weather|Sandstorm|[upkeep]
|-damage|p2a: Unfezant|194/271|[from] Sandstorm
|upkeep
|
|t:|1668099960
|switch|p1a: Lycanroc|Lycanroc, L80, M|251/251
|-damage|p1a: Lycanroc|220/251|[from] Stealth Rock
|turn|5
|
|t:|1668099965
|move|p1a: Lycanroc|Swords Dance|p1a: Lycanroc
|-boost|p1a: Lycanroc|atk|2
|move|p2a: Unfezant|U-turn|p1a: Lycanroc
|-damage|p1a: Lycanroc|152/251
|
|t:|1668099983
|switch|p2a: Hippowdon|Hippowdon, L80, F|189/304
|
|-weather|none
|-heal|p2a: Hippowdon|208/304|[from] item: Leftovers
|upkeep
|turn|6
|
|t:|1668099991
|move|p1a: Lycanroc|Close Combat|p2a: Hippowdon
|-damage|p2a: Hippowdon|8/304
|-unboost|p1a: Lycanroc|def|1
|-unboost|p1a: Lycanroc|spd|1
|-damage|p1a: Lycanroc|127/251|[from] item: Life Orb
|move|p2a: Hippowdon|Earthquake|p1a: Lycanroc
|-supereffective|p1a: Lycanroc
|-damage|p1a: Lycanroc|0 fnt
|faint|p1a: Lycanroc
|
|-heal|p2a: Hippowdon|27/304|[from] item: Leftovers
|upkeep
|
|t:|1668099997
|switch|p1a: Chandelure|Chandelure, L82, F|233/233
|turn|7
|
|t:|1668100009
|move|p1a: Chandelure|Shadow Ball|p2a: Hippowdon
|-damage|p2a: Hippowdon|0 fnt
|faint|p2a: Hippowdon
|
|upkeep
|
|t:|1668100012
|switch|p2a: Pelipper|Pelipper, L86, F|243/243
|-weather|RainDance|[from] ability: Drizzle|[of] p2a: Pelipper
|turn|8
|
|t:|1668100021
|switch|p1a: Pyukumuku|Pyukumuku, L84, F|230/230
|-damage|p1a: Pyukumuku|202/230|[from] Stealth Rock
|move|p2a: Pelipper|Scald|p1a: Pyukumuku
|-resisted|p1a: Pyukumuku
|-damage|p1a: Pyukumuku|130/230
|
|-weather|RainDance|[upkeep]
|-heal|p1a: Pyukumuku|144/230|[from] item: Leftovers
|upkeep
|turn|9
|
|t:|1668100035
|switch|p2a: Ribombee|Ribombee, L82, F|233/233
|move|p1a: Pyukumuku|Toxic|p2a: Ribombee
|-status|p2a: Ribombee|tox
|
|-weather|RainDance|[upkeep]
|-heal|p1a: Pyukumuku|158/230|[from] item: Leftovers
|-damage|p2a: Ribombee|219/233 tox|[from] psn
|upkeep
|turn|10
|
|t:|1668100042
|move|p2a: Ribombee|Sticky Web|p1a: Pyukumuku
|-sidestart|p1: MichaelderBeste2|move: Sticky Web
|move|p1a: Pyukumuku|Recover|p1a: Pyukumuku
|-heal|p1a: Pyukumuku|230/230
|
|-weather|RainDance|[upkeep]
|-damage|p2a: Ribombee|191/233 tox|[from] psn
|upkeep
|turn|11
|
|t:|1668100049
|move|p2a: Ribombee|Moonblast|p1a: Pyukumuku
|-damage|p1a: Pyukumuku|157/230
|-unboost|p1a: Pyukumuku|spa|1
|move|p1a: Pyukumuku|Mirror Coat|p2a: Ribombee
|-damage|p2a: Ribombee|45/233 tox
|
|-weather|RainDance|[upkeep]
|-heal|p1a: Pyukumuku|171/230|[from] item: Leftovers
|-damage|p2a: Ribombee|3/233 tox|[from] psn
|upkeep
|turn|12
|
|t:|1668100057
|move|p2a: Ribombee|Moonblast|p1a: Pyukumuku
|-damage|p1a: Pyukumuku|101/230
|move|p1a: Pyukumuku|Recover|p1a: Pyukumuku
|-heal|p1a: Pyukumuku|216/230
|
|-weather|none
|-heal|p1a: Pyukumuku|230/230|[from] item: Leftovers
|-damage|p2a: Ribombee|0 fnt|[from] psn
|faint|p2a: Ribombee
|upkeep
|
|t:|1668100066
|switch|p2a: Unfezant|Unfezant, L84, M|194/271
|turn|13
|
|t:|1668100071
|move|p2a: Unfezant|Brave Bird|p1a: Pyukumuku
|-crit|p1a: Pyukumuku
|-damage|p1a: Pyukumuku|76/230
|-damage|p2a: Unfezant|143/271|[from] Recoil
|move|p1a: Pyukumuku|Recover|p1a: Pyukumuku
|-heal|p1a: Pyukumuku|191/230
|
|-heal|p1a: Pyukumuku|205/230|[from] item: Leftovers
|upkeep
|turn|14
|
|t:|1668100077
|switch|p1a: Chandelure|Chandelure, L82, F|233/233
|move|p2a: Unfezant|Brave Bird|p1a: Chandelure
|-damage|p1a: Chandelure|80/233
|-damage|p2a: Unfezant|93/271|[from] Recoil
|
|upkeep
|turn|15
|
|t:|1668100084
|move|p2a: Unfezant|Brave Bird|p1a: Chandelure
|-crit|p1a: Chandelure
|-damage|p1a: Chandelure|0 fnt
|faint|p1a: Chandelure
|-damage|p2a: Unfezant|67/271|[from] Recoil
|
|upkeep
|
|t:|1668100087
|switch|p1a: Slurpuff|Slurpuff, L80, F|262/262
|-damage|p1a: Slurpuff|230/262|[from] Stealth Rock
|-activate|p1a: Slurpuff|move: Sticky Web
|-unboost|p1a: Slurpuff|spe|1
|turn|16
|
|t:|1668100094
|move|p2a: Unfezant|Brave Bird|p1a: Slurpuff
|-damage|p1a: Slurpuff|68/262
|-enditem|p1a: Slurpuff|Sitrus Berry|[eat]
|-heal|p1a: Slurpuff|133/262|[from] item: Sitrus Berry
|-damage|p2a: Unfezant|14/271|[from] Recoil
|move|p1a: Slurpuff|Drain Punch|p2a: Unfezant
|-damage|p2a: Unfezant|0 fnt
|-heal|p1a: Slurpuff|140/262|[from] drain|[of] p2a: Unfezant
|faint|p2a: Unfezant
|
|upkeep
|
|t:|1668100106
|switch|p2a: Pelipper|Pelipper, L86, F|243/243
|-weather|RainDance|[from] ability: Drizzle|[of] p2a: Pelipper
|turn|17
|
|t:|1668100110
|move|p1a: Slurpuff|Play Rough|p2a: Pelipper
|-damage|p2a: Pelipper|174/243
|-unboost|p2a: Pelipper|atk|1
|move|p2a: Pelipper|Hurricane|p1a: Slurpuff
|-damage|p1a: Slurpuff|0 fnt
|faint|p1a: Slurpuff
|
|-weather|RainDance|[upkeep]
|upkeep
|
|t:|1668100115
|switch|p1a: Pyukumuku|Pyukumuku, L84, F|205/230
|-damage|p1a: Pyukumuku|177/230|[from] Stealth Rock
|-activate|p1a: Pyukumuku|move: Sticky Web
|-unboost|p1a: Pyukumuku|spe|1
|turn|18
|
|t:|1668100119
|switch|p2a: Lucario|Lucario, L82, F|249/249
|move|p1a: Pyukumuku|Mirror Coat||[still]
|-fail|p1a: Pyukumuku
|
|-weather|RainDance|[upkeep]
|-heal|p1a: Pyukumuku|191/230|[from] item: Leftovers
|upkeep
|turn|19
|
|t:|1668100124
|switch|p1a: Zapdos|Zapdos-Galar, L76|262/262
|-damage|p1a: Zapdos|230/262|[from] Stealth Rock
|move|p2a: Lucario|Swords Dance|p2a: Lucario
|-boost|p2a: Lucario|atk|2
|
|-weather|RainDance|[upkeep]
|upkeep
|turn|20
|
|t:|1668100133
|-start|p2a: Lucario|Dynamax|
|-heal|p2a: Lucario|498/498|[silent]
|move|p1a: Zapdos|Close Combat|p2a: Lucario
|-supereffective|p2a: Lucario
|-damage|p2a: Lucario|129/498
|-unboost|p1a: Zapdos|def|1
|-unboost|p1a: Zapdos|spd|1
|-damage|p1a: Zapdos|204/262|[from] item: Life Orb
|move|p2a: Lucario|Max Steelspike|p1a: Zapdos
|-damage|p1a: Zapdos|0 fnt
|-boost|p2a: Lucario|def|1
|faint|p1a: Zapdos
|-damage|p2a: Lucario|105/498|[from] item: Life Orb
|
|-weather|RainDance|[upkeep]
|upkeep
|
|t:|1668100136
|switch|p1a: Pyukumuku|Pyukumuku, L84, F|191/230
|-damage|p1a: Pyukumuku|163/230|[from] Stealth Rock
|-activate|p1a: Pyukumuku|move: Sticky Web
|-unboost|p1a: Pyukumuku|spe|1
|turn|21
|
|t:|1668100146
|move|p2a: Lucario|Max Guard|p2a: Lucario
|-singleturn|p2a: Lucario|Max Guard
|move|p1a: Pyukumuku|Recover|p1a: Pyukumuku
|-heal|p1a: Pyukumuku|230/230
|
|-weather|none
|upkeep
|turn|22
|
|t:|1668100154
|move|p2a: Lucario|Max Guard|p2a: Lucario
|-singleturn|p2a: Lucario|Max Guard
|move|p1a: Pyukumuku|Counter||[still]
|-fail|p1a: Pyukumuku
|
|upkeep
|-end|p2a: Lucario|Dynamax
|-heal|p2a: Lucario|53/249|[silent]
|turn|23
|
|t:|1668100170
|-start|p1a: Pyukumuku|Dynamax|
|-heal|p1a: Pyukumuku|460/460|[silent]
|move|p2a: Lucario|Swords Dance|p2a: Lucario
|-boost|p2a: Lucario|atk|2
|move|p1a: Pyukumuku|Max Knuckle|p2a: Lucario
|-supereffective|p2a: Lucario
|-damage|p2a: Lucario|0 fnt
|-boost|p1a: Pyukumuku|atk|1
|faint|p2a: Lucario
|
|upkeep
|
|t:|1668100179
|switch|p2a: Pelipper|Pelipper, L86, F|174/243
|-weather|RainDance|[from] ability: Drizzle|[of] p2a: Pelipper
|turn|24
|
|t:|1668100197
|move|p1a: Pyukumuku|Max Guard|p1a: Pyukumuku
|-singleturn|p1a: Pyukumuku|Max Guard
|move|p2a: Pelipper|Hurricane|p1a: Pyukumuku
|-activate|p1a: Pyukumuku|move: Max Guard
|
|-weather|RainDance|[upkeep]
|upkeep
|turn|25
|
|t:|1668100199
|move|p1a: Pyukumuku|Max Guard||[still]
|-fail|p1a: Pyukumuku
|move|p2a: Pelipper|Hurricane|p1a: Pyukumuku
|-damage|p1a: Pyukumuku|336/460
|-start|p1a: Pyukumuku|confusion
|
|-weather|RainDance|[upkeep]
|-heal|p1a: Pyukumuku|350/460|[from] item: Leftovers
|upkeep
|-end|p1a: Pyukumuku|Dynamax
|-heal|p1a: Pyukumuku|175/230|[silent]
|turn|26
|
|t:|1668100205
|move|p2a: Pelipper|Hurricane|p1a: Pyukumuku
|-damage|p1a: Pyukumuku|40/230
|-activate|p1a: Pyukumuku|confusion
|move|p1a: Pyukumuku|Mirror Coat|p2a: Pelipper
|-damage|p2a: Pelipper|0 fnt
|faint|p2a: Pelipper
|
|-weather|RainDance|[upkeep]
|-heal|p1a: Pyukumuku|54/230|[from] item: Leftovers
|upkeep
|
|t:|1668100210
|switch|p2a: Kabutops|Kabutops, L82, M|233/233
|turn|27
|
|t:|1668100214
|move|p2a: Kabutops|Stone Edge|p1a: Pyukumuku
|-crit|p1a: Pyukumuku
|-damage|p1a: Pyukumuku|0 fnt
|faint|p1a: Pyukumuku
|-damage|p2a: Kabutops|210/233|[from] item: Life Orb
|
|win|FaZe Alec Baldwin
|raw|MichaelderBeste2's rating: 2527 &rarr; <strong>2501</strong><br />(-26 for losing)
|raw|FaZe Alec Baldwin's rating: 2414 &rarr; <strong>2440</strong><br />(+26 for winning)
|l|☆FaZe Alec Baldwin
|l|☆MichaelderBeste2
