|j|‽villli125
|j|☆narutonine16
|t:|1685518625
|gametype|singles
|player|p1|villli125|lucas|1341
|player|p2|narutonine16|169|1551
|teamsize|p1|6
|teamsize|p2|6
|gen|8
|tier|[Gen 8] Random Battle
|rated|
|rule|Species Clause: Limit one of each Pokémon
|rule|HP Percentage Mod: HP is shown in percentages
|rule|Sleep Clause Mod: Limit one foe put to sleep
|
|t:|1685518625
|start
|switch|p1a: Kingdra|Kingdra, L82, F|257/257
|switch|p2a: Slurpuff|Slurpuff, L80, F|262/262
|turn|1
|
|t:|1685518638
|switch|p1a: Blissey|Blissey, L83, F|559/559
|move|p2a: Slurpuff|Belly Drum|p2a: Slurpuff
|-damage|p2a: Slurpuff|131/262
|-setboost|p2a: Slurpuff|atk|6|[from] move: Belly Drum
|-enditem|p2a: Slurpuff|Sitrus Berry|[eat]
|-heal|p2a: Slurpuff|196/262|[from] item: Sitrus Berry
|
|upkeep
|turn|2
|
|t:|1685518648
|move|p2a: Slurpuff|Drain Punch|p1a: Blissey
|-supereffective|p1a: Blissey
|-damage|p1a: Blissey|0 fnt
|-heal|p2a: Slurpuff|262/262|[from] drain|[of] p1a: Blissey
|faint|p1a: Blissey
|
|upkeep
|
|t:|1685518659
|switch|p1a: Zacian|Zacian-Crowned, L62|218/218
|-ability|p1a: Zacian|Intrepid Sword|boost
|-boost|p1a: Zacian|atk|1
|turn|3
|
|t:|1685518667
|-start|p2a: Slurpuff|Dynamax|
|-heal|p2a: Slurpuff|524/524|[silent]
|move|p2a: Slurpuff|Max Starfall|p1a: Zacian
|-resisted|p1a: Zacian
|-damage|p1a: Zacian|0 fnt
|-fieldstart|move: Misty Terrain
|faint|p1a: Zacian
|
|upkeep
|
|t:|1685518682
|switch|p1a: Raichu|Raichu-Alola, L84, F|238/238
|turn|4
|
|t:|1685518690
|-start|p1a: Raichu|Dynamax|
|-heal|p1a: Raichu|476/476|[silent]
|move|p1a: Raichu|Max Guard|p1a: Raichu
|-singleturn|p1a: Raichu|Max Guard
|move|p2a: Slurpuff|Max Starfall|p1a: Raichu
|-activate|p1a: Raichu|move: Max Guard
|
|upkeep
|turn|5
|
|t:|1685518700
|move|p2a: Slurpuff|Max Starfall|p1a: Raichu
|-damage|p1a: Raichu|0 fnt
|faint|p1a: Raichu
|
|upkeep
|
|t:|1685518707
|switch|p1a: Claydol|Claydol, L86|243/243
|-end|p2a: Slurpuff|Dynamax
|-heal|p2a: Slurpuff|262/262|[silent]
|turn|6
|
|t:|1685518713
|move|p2a: Slurpuff|Play Rough|p1a: Claydol
|-damage|p1a: Claydol|0 fnt
|faint|p1a: Claydol
|
|upkeep
|
|t:|1685518717
|switch|p1a: Liepard|Liepard, L86, M|250/250
|turn|7
|
|t:|1685518735
|move|p1a: Liepard|Thunder Wave|p2a: Slurpuff
|-activate|p2a: Slurpuff|move: Misty Terrain
|move|p2a: Slurpuff|Drain Punch|p1a: Liepard
|-supereffective|p1a: Liepard
|-damage|p1a: Liepard|0 fnt
|faint|p1a: Liepard
|
|-fieldend|Misty Terrain
|upkeep
|
|t:|1685518745
|switch|p1a: Kingdra|Kingdra, L82, F|257/257
|turn|8
|
|t:|1685518753
|move|p2a: Slurpuff|Play Rough|p1a: Kingdra|[miss]
|-miss|p2a: Slurpuff|p1a: Kingdra
|move|p1a: Kingdra|Hurricane|p2a: Slurpuff|[miss]
|-miss|p1a: Kingdra|p2a: Slurpuff
|
|upkeep
|turn|9
|
|t:|1685518760
|move|p2a: Slurpuff|Play Rough|p1a: Kingdra
|-supereffective|p1a: Kingdra
|-damage|p1a: Kingdra|0 fnt
|faint|p1a: Kingdra
|
|win|narutonine16
|raw|villli125's rating: 1341 &rarr; <strong>1332</strong><br />(-9 for losing)
|raw|narutonine16's rating: 1551 &rarr; <strong>1560</strong><br />(+9 for winning)
