|j|☆NasaKhatarnak
|j|‽zxczxcbxcx
|t:|1685378592
|gametype|singles
|player|p1|NasaKhatarnak|169|1000
|player|p2|zxczxcbxcx|169|1000
|teamsize|p1|6
|teamsize|p2|6
|gen|8
|tier|[Gen 8] Random Battle
|rated|
|rule|Species Clause: Limit one of each Pokémon
|rule|HP Percentage Mod: HP is shown in percentages
|rule|Sleep Clause Mod: Limit one foe put to sleep
|
|t:|1685378592
|start
|switch|p1a: Armaldo|Armaldo, L86, F|269/269
|switch|p2a: Maractus|Maractus, L95, M|296/296
|turn|1
|inactive|Battle timer is ON: inactive players will automatically lose when time's up. (requested by NasaKhatarnak)
|
|t:|1685378609
|move|p2a: Maractus|Toxic|p1a: Armaldo|[miss]
|-miss|p2a: Maractus|p1a: Armaldo
|move|p1a: Armaldo|Stealth Rock|p2a: Maractus
|-sidestart|p2: zxczxcbxcx|move: Stealth Rock
|
|upkeep
|turn|2
|
|t:|1685378637
|switch|p1a: Salamence|Salamence, L76, M|269/269
|move|p2a: Maractus|Toxic|p1a: Salamence
|-status|p1a: Salamence|tox
|
|-damage|p1a: Salamence|253/269 tox|[from] psn
|upkeep
|turn|3
|
|t:|1685378650
|-start|p1a: Salamence|Dynamax|
|-heal|p1a: Salamence|506/538 tox|[silent]
|move|p1a: Salamence|Max Airstream|p2a: Maractus
|-supereffective|p2a: Maractus
|-enditem|p2a: Maractus|Focus Sash
|-damage|p2a: Maractus|1/296
|-boost|p1a: Salamence|spe|1
|move|p2a: Maractus|Leech Seed|p1a: Salamence
|-start|p1a: Salamence|move: Leech Seed
|
|-damage|p1a: Salamence|473/538 tox|[from] Leech Seed|[of] p2a: Maractus
|-heal|p2a: Maractus|34/296|[silent]
|-damage|p1a: Salamence|441/538 tox|[from] psn
|upkeep
|turn|4
|inactive|NasaKhatarnak has 120 seconds left.
|
|t:|1685378667
|move|p2a: Maractus|Spiky Shield|p2a: Maractus
|-singleturn|p2a: Maractus|move: Protect
|move|p1a: Salamence|Max Airstream|p2a: Maractus
|-supereffective|p2a: Maractus
|-zbroken|p2a: Maractus
|-damage|p2a: Maractus|0 fnt
|-boost|p1a: Salamence|spe|1
|faint|p2a: Maractus
|-ability|p1a: Salamence|Moxie|boost
|-boost|p1a: Salamence|atk|1
|
|-damage|p1a: Salamence|393/538 tox|[from] psn
|upkeep
|
|t:|1685378676
|switch|p2a: Zapdos|Zapdos, L78|268/268
|turn|5
|
|t:|1685378687
|switch|p2a: Mr. Mime|Mr. Mime, L86, F|209/209
|-damage|p2a: Mr. Mime|183/209|[from] Stealth Rock
|move|p1a: Salamence|Max Wyrmwind|p2a: Mr. Mime
|-immune|p2a: Mr. Mime
|
|-damage|p1a: Salamence|360/538 tox|[from] Leech Seed|[of] p2a: Mr. Mime
|-heal|p2a: Mr. Mime|209/209|[silent]
|-damage|p1a: Salamence|296/538 tox|[from] psn
|upkeep
|-end|p1a: Salamence|Dynamax
|-heal|p1a: Salamence|148/269 tox|[silent]
|turn|6
|inactive|NasaKhatarnak has 120 seconds left.
|
|t:|1685378711
|move|p1a: Salamence|Dragon Dance|p1a: Salamence
|-boost|p1a: Salamence|atk|1
|-boost|p1a: Salamence|spe|1
|move|p2a: Mr. Mime|Dazzling Gleam|p1a: Salamence
|-supereffective|p1a: Salamence
|-damage|p1a: Salamence|0 fnt
|faint|p1a: Salamence
|-damage|p2a: Mr. Mime|189/209|[from] item: Life Orb
|
|upkeep
|inactive|NasaKhatarnak has 90 seconds left.
|
|t:|1685378742
|switch|p1a: Sandslash|Sandslash-Alola, L86, M|269/269
|turn|7
|
|t:|1685378751
|move|p2a: Mr. Mime|Nasty Plot|p2a: Mr. Mime
|-boost|p2a: Mr. Mime|spa|2
|move|p1a: Sandslash|Knock Off|p2a: Mr. Mime
|-damage|p2a: Mr. Mime|68/209
|-enditem|p2a: Mr. Mime|Life Orb|[from] move: Knock Off|[of] p1a: Sandslash
|-damage|p1a: Sandslash|243/269|[from] item: Life Orb
|
|upkeep
|turn|8
|
|t:|1685378759
|-start|p2a: Mr. Mime|Dynamax|
|-heal|p2a: Mr. Mime|136/418|[silent]
|move|p2a: Mr. Mime|Max Knuckle|p1a: Sandslash
|-supereffective|p1a: Sandslash
|-damage|p1a: Sandslash|0 fnt
|-boost|p2a: Mr. Mime|atk|1
|faint|p1a: Sandslash
|
|upkeep
|inactive|NasaKhatarnak has 90 seconds left.
|
|t:|1685378790
|switch|p1a: Regigigas|Regigigas, L82|315/315
|-start|p1a: Regigigas|ability: Slow Start
|turn|9
|
|t:|1685378796
|move|p2a: Mr. Mime|Max Starfall|p1a: Regigigas
|-damage|p1a: Regigigas|47/315
|-fieldstart|move: Misty Terrain
|move|p1a: Regigigas|Substitute|p1a: Regigigas
|-fail|p1a: Regigigas|move: Substitute|[weak]
|
|-heal|p1a: Regigigas|66/315|[from] item: Leftovers
|upkeep
|turn|10
|
|t:|1685378805
|move|p1a: Regigigas|Protect|p1a: Regigigas
|-singleturn|p1a: Regigigas|Protect
|move|p2a: Mr. Mime|Max Mindstorm|p1a: Regigigas
|-zbroken|p1a: Regigigas
|-damage|p1a: Regigigas|3/315
|-fieldstart|move: Psychic Terrain
|
|-heal|p1a: Regigigas|22/315|[from] item: Leftovers
|upkeep
|-end|p2a: Mr. Mime|Dynamax
|-heal|p2a: Mr. Mime|68/209|[silent]
|turn|11
|inactive|NasaKhatarnak has 90 seconds left.
|
|t:|1685378819
|move|p1a: Regigigas|Protect||[still]
|-fail|p1a: Regigigas
|move|p2a: Mr. Mime|Psychic|p1a: Regigigas
|-damage|p1a: Regigigas|0 fnt
|faint|p1a: Regigigas
|-end|p1a: Regigigas|Slow Start|[silent]
|
|upkeep
|
|t:|1685378832
|switch|p1a: Seismitoad|Seismitoad, L84, F|314/314
|turn|12
|
|t:|1685378840
|move|p2a: Mr. Mime|Psychic|p1a: Seismitoad
|-damage|p1a: Seismitoad|28/314
|move|p1a: Seismitoad|Sludge Bomb|p2a: Mr. Mime
|-supereffective|p2a: Mr. Mime
|-damage|p2a: Mr. Mime|0 fnt
|faint|p2a: Mr. Mime
|-damage|p1a: Seismitoad|0 fnt|[from] item: Life Orb
|faint|p1a: Seismitoad
|
|upkeep
|inactive|NasaKhatarnak has 90 seconds left.
|
|t:|1685378853
|switch|p2a: Dugtrio|Dugtrio-Alola, L82, M|192/192
|switch|p1a: Armaldo|Armaldo, L86, F|269/269
|-damage|p2a: Dugtrio|186/192|[from] Stealth Rock
|turn|13
|inactive|NasaKhatarnak has 90 seconds left.
|
|t:|1685378868
|move|p2a: Dugtrio|Iron Head|p1a: Armaldo
|-supereffective|p1a: Armaldo
|-damage|p1a: Armaldo|79/269
|-damage|p2a: Dugtrio|167/192|[from] item: Life Orb
|move|p1a: Armaldo|Liquidation|p2a: Dugtrio
|-supereffective|p2a: Dugtrio
|-damage|p2a: Dugtrio|0 fnt
|-ability|p2a: Dugtrio|Tangling Hair
|-unboost|p1a: Armaldo|spe|1
|faint|p2a: Dugtrio
|
|upkeep
|
|t:|1685378874
|switch|p2a: Eiscue|Eiscue, L82, M|256/256
|-damage|p2a: Eiscue|192/256|[from] Stealth Rock
|turn|14
|inactive|NasaKhatarnak has 90 seconds left.
|
|t:|1685378885
|move|p2a: Eiscue|Belly Drum|p2a: Eiscue
|-damage|p2a: Eiscue|64/256
|-setboost|p2a: Eiscue|atk|6|[from] move: Belly Drum
|-enditem|p2a: Eiscue|Sitrus Berry|[eat]
|-heal|p2a: Eiscue|128/256|[from] item: Sitrus Berry
|move|p1a: Armaldo|Stone Edge|p2a: Eiscue
|-activate|p2a: Eiscue|ability: Ice Face
|-damage|p2a: Eiscue|128/256
|detailschange|p2a: Eiscue|Eiscue-Noice, L82, M
|
|-fieldend|move: Psychic Terrain
|upkeep
|turn|15
|inactive|NasaKhatarnak has 90 seconds left.
|
|t:|1685378904
|move|p2a: Eiscue|Zen Headbutt|p1a: Armaldo
|-damage|p1a: Armaldo|0 fnt
|faint|p1a: Armaldo
|
|upkeep
|
|t:|1685378910
|switch|p1a: Jirachi|Jirachi, L79|288/288
|turn|16
|inactive|NasaKhatarnak has 90 seconds left.
|
|t:|1685378923
|move|p2a: Eiscue|Liquidation|p1a: Jirachi
|-damage|p1a: Jirachi|110/288
|-unboost|p1a: Jirachi|def|1
|move|p1a: Jirachi|Iron Head|p2a: Eiscue
|-supereffective|p2a: Eiscue
|-damage|p2a: Eiscue|0 fnt
|faint|p2a: Eiscue
|
|-heal|p1a: Jirachi|128/288|[from] item: Leftovers
|upkeep
|
|t:|1685378926
|switch|p2a: Zapdos|Zapdos, L78|268/268
|turn|17
|inactive|NasaKhatarnak has 90 seconds left.
|
|t:|1685378948
|move|p1a: Jirachi|Fire Punch|p2a: Zapdos
|-damage|p2a: Zapdos|212/268
|move|p2a: Zapdos|Discharge|p1a: Jirachi
|-damage|p1a: Jirachi|41/288
|-status|p1a: Jirachi|par
|
|-heal|p1a: Jirachi|59/288 par|[from] item: Leftovers
|upkeep
|turn|18
|
|t:|1685378958
|move|p2a: Zapdos|Discharge|p1a: Jirachi
|-damage|p1a: Jirachi|0 fnt
|faint|p1a: Jirachi
|
|win|zxczxcbxcx
|raw|NasaKhatarnak's rating: 1000 &rarr; <strong>1000</strong><br />(+0 for losing)
|raw|zxczxcbxcx's rating: 1000 &rarr; <strong>1040</strong><br />(+40 for winning)
|l|☆NasaKhatarnak
|l|‽zxczxcbxcx
|j|‽zxczxcbxcx
|player|p2|zxczxcbxcx|169
