|j|☆Red Song
|j|☆Aqua
|t:|1613560063
|player|p1|Red Song|68|2385
|player|p2|Aqua|scientistf|2449
|teamsize|p1|6
|teamsize|p2|6
|gametype|singles
|gen|8
|tier|[Gen 8] Random Battle
|rated|
|rule|Species Clause: Limit one of each Pokémon
|rule|HP Percentage Mod: HP is shown in percentages
|rule|Sleep Clause Mod: Limit one foe put to sleep
|
|t:|1613560063
|start
|switch|p1a: Noctowl|Noctowl, L88, M|319/319
|switch|p2a: Perrserker|Perrserker, L86, M|261/261
|turn|1
|j| Gabrielrp123456
|
|t:|1613560099
|switch|p1a: Ferrothorn|Ferrothorn, L78, F|244/244
|move|p2a: Perrserker|Iron Head|p1a: Ferrothorn
|-resisted|p1a: Ferrothorn
|-damage|p1a: Ferrothorn|160/244
|-damage|p2a: Perrserker|229/261|[from] ability: Iron Barbs|[of] p1a: Ferrothorn
|
|-heal|p1a: Ferrothorn|175/244|[from] item: Leftovers
|upkeep
|turn|2
|
|t:|1613560114
|move|p2a: Perrserker|Iron Head|p1a: Ferrothorn
|-resisted|p1a: Ferrothorn
|-damage|p1a: Ferrothorn|85/244
|-damage|p2a: Perrserker|197/261|[from] ability: Iron Barbs|[of] p1a: Ferrothorn
|move|p1a: Ferrothorn|Stealth Rock|p2a: Perrserker
|-sidestart|p2: Aqua|move: Stealth Rock
|
|-heal|p1a: Ferrothorn|100/244|[from] item: Leftovers
|upkeep
|turn|3
|
|t:|1613560124
|switch|p1a: Palkia|Palkia, L74|255/255
|-ability|p1a: Palkia|Pressure
|move|p2a: Perrserker|Iron Head|p1a: Palkia
|-resisted|p1a: Palkia
|-damage|p1a: Palkia|135/255
|
|-heal|p1a: Palkia|150/255|[from] item: Leftovers
|upkeep
|turn|4
|inactive|Battle timer is ON: inactive players will automatically lose when time's up. (requested by Red Song)
|
|t:|1613560161
|switch|p2a: Guzzlord|Guzzlord, L84|512/512
|-damage|p2a: Guzzlord|448/512|[from] Stealth Rock
|move|p1a: Palkia|Thunder Wave|p2a: Guzzlord
|-status|p2a: Guzzlord|par
|
|-heal|p1a: Palkia|165/255|[from] item: Leftovers
|upkeep
|turn|5
|
|t:|1613560178
|switch|p1a: Primarina|Primarina, L82, M|265/265
|cant|p2a: Guzzlord|par
|
|upkeep
|turn|6
|
|t:|1613560190
|switch|p2a: Venusaur|Venusaur, L82, M|265/265
|-damage|p2a: Venusaur|232/265|[from] Stealth Rock
|move|p1a: Primarina|Moonblast|p2a: Venusaur
|-resisted|p2a: Venusaur
|-damage|p2a: Venusaur|176/265
|-unboost|p2a: Venusaur|spa|1
|
|-heal|p2a: Venusaur|192/265|[from] item: Black Sludge
|upkeep
|turn|7
|
|t:|1613560202
|switch|p1a: Ferrothorn|Ferrothorn, L78, F|100/244
|switch|p2a: Perrserker|Perrserker, L86, M|197/261
|-damage|p2a: Perrserker|181/261|[from] Stealth Rock
|
|-heal|p1a: Ferrothorn|115/244|[from] item: Leftovers
|upkeep
|turn|8
|
|t:|1613560223
|move|p2a: Perrserker|Iron Head|p1a: Ferrothorn
|-resisted|p1a: Ferrothorn
|-damage|p1a: Ferrothorn|28/244
|-damage|p2a: Perrserker|149/261|[from] ability: Iron Barbs|[of] p1a: Ferrothorn
|move|p1a: Ferrothorn|Leech Seed|p2a: Perrserker
|-start|p2a: Perrserker|move: Leech Seed
|
|-heal|p1a: Ferrothorn|43/244|[from] item: Leftovers
|-damage|p2a: Perrserker|117/261|[from] Leech Seed|[of] p1a: Ferrothorn
|-heal|p1a: Ferrothorn|75/244|[silent]
|upkeep
|turn|9
|
|t:|1613560237
|switch|p2a: Krookodile|Krookodile, L78, M|276/276
|-damage|p2a: Krookodile|259/276|[from] Stealth Rock
|-ability|p2a: Krookodile|Intimidate|boost
|-unboost|p1a: Ferrothorn|atk|1
|switch|p1a: Umbreon|Umbreon, L82, F|290/290
|
|upkeep
|turn|10
|
|t:|1613560254
|move|p2a: Krookodile|Stealth Rock|p1a: Umbreon
|-sidestart|p1: Red Song|move: Stealth Rock
|move|p1a: Umbreon|Toxic|p2a: Krookodile
|-status|p2a: Krookodile|tox
|
|-damage|p2a: Krookodile|242/276 tox|[from] psn
|upkeep
|turn|11
|
|t:|1613560272
|switch|p2a: Guzzlord|Guzzlord, L84|448/512 par
|-damage|p2a: Guzzlord|384/512 par|[from] Stealth Rock
|move|p1a: Umbreon|Wish|p1a: Umbreon
|
|upkeep
|turn|12
|
|t:|1613560293
|switch|p1a: Primarina|Primarina, L82, M|265/265
|-damage|p1a: Primarina|232/265|[from] Stealth Rock
|move|p2a: Guzzlord|Knock Off|p1a: Primarina
|-resisted|p1a: Primarina
|-damage|p1a: Primarina|172/265
|-enditem|p1a: Primarina|Choice Scarf|[from] move: Knock Off|[of] p2a: Guzzlord
|
|-heal|p1a: Primarina|265/265|[from] move: Wish|[wisher] Umbreon
|upkeep
|turn|13
|inactive|Aqua has 120 seconds left.
|
|t:|1613560323
|switch|p2a: Meowstic|Meowstic, L84, M|262/262
|-damage|p2a: Meowstic|230/262|[from] Stealth Rock
|move|p1a: Primarina|Psychic|p2a: Meowstic
|-resisted|p2a: Meowstic
|-crit|p2a: Meowstic
|-damage|p2a: Meowstic|168/262
|
|upkeep
|turn|14
|inactive|Red Song has 120 seconds left.
|
|t:|1613560356
|move|p2a: Meowstic|Light Screen|p2a: Meowstic
|-sidestart|p2: Aqua|move: Light Screen
|move|p1a: Primarina|Moonblast|p2a: Meowstic
|-damage|p2a: Meowstic|101/262
|-unboost|p2a: Meowstic|spa|1
|
|upkeep
|turn|15
|
|t:|1613560366
|move|p2a: Meowstic|Yawn|p1a: Primarina
|-start|p1a: Primarina|move: Yawn|[of] p2a: Meowstic
|move|p1a: Primarina|Moonblast|p2a: Meowstic
|-damage|p2a: Meowstic|41/262
|
|upkeep
|turn|16
|j| hong hoornstaart
|inactive|Red Song has 120 seconds left.
|
|t:|1613560383
|switch|p2a: Krookodile|Krookodile, L78, M|242/276 tox
|-damage|p2a: Krookodile|225/276 tox|[from] Stealth Rock
|-ability|p2a: Krookodile|Intimidate|boost
|-unboost|p1a: Primarina|atk|1
|switch|p1a: Umbreon|Umbreon, L82, F|290/290
|-damage|p1a: Umbreon|254/290|[from] Stealth Rock
|
|-heal|p1a: Umbreon|272/290|[from] item: Leftovers
|-damage|p2a: Krookodile|208/276 tox|[from] psn
|upkeep
|turn|17
|inactive|Red Song has 120 seconds left.
|
|t:|1613560395
|move|p2a: Krookodile|Knock Off|p1a: Umbreon
|-resisted|p1a: Umbreon
|-damage|p1a: Umbreon|217/290
|-enditem|p1a: Umbreon|Leftovers|[from] move: Knock Off|[of] p2a: Krookodile
|-damage|p2a: Krookodile|181/276 tox|[from] item: Life Orb
|move|p1a: Umbreon|Wish|p1a: Umbreon
|
|-damage|p2a: Krookodile|147/276 tox|[from] psn
|upkeep
|turn|18
|inactive|Red Song has 120 seconds left.
|
|t:|1613560413
|switch|p2a: Perrserker|Perrserker, L86, M|117/261
|-damage|p2a: Perrserker|101/261|[from] Stealth Rock
|move|p1a: Umbreon|Foul Play|p2a: Perrserker
|-damage|p2a: Perrserker|4/261
|
|-heal|p1a: Umbreon|290/290|[from] move: Wish|[wisher] Umbreon
|upkeep
|turn|19
|inactive|Red Song has 120 seconds left.
|
|t:|1613560421
|move|p1a: Umbreon|Foul Play|p2a: Perrserker
|-damage|p2a: Perrserker|0 fnt
|faint|p2a: Perrserker
|
|upkeep
|
|t:|1613560428
|switch|p2a: Guzzlord|Guzzlord, L84|384/512 par
|-damage|p2a: Guzzlord|320/512 par|[from] Stealth Rock
|turn|20
|
|t:|1613560440
|switch|p1a: Primarina|Primarina, L82, M|265/265
|-damage|p1a: Primarina|232/265|[from] Stealth Rock
|move|p2a: Guzzlord|Sludge Bomb|p1a: Primarina
|-supereffective|p1a: Primarina
|-damage|p1a: Primarina|124/265
|
|upkeep
|turn|21
|inactive|Aqua has 120 seconds left.
|
|t:|1613560452
|switch|p2a: Venusaur|Venusaur, L82, M|192/265
|-damage|p2a: Venusaur|159/265|[from] Stealth Rock
|move|p1a: Primarina|Moonblast|p2a: Venusaur
|-resisted|p2a: Venusaur
|-damage|p2a: Venusaur|130/265
|
|-heal|p2a: Venusaur|146/265|[from] item: Black Sludge
|-sideend|p2: Aqua|move: Light Screen
|upkeep
|turn|22
|inactive|Aqua has 120 seconds left.
|
|t:|1613560460
|switch|p2a: Krookodile|Krookodile, L78, M|147/276 tox
|-damage|p2a: Krookodile|130/276 tox|[from] Stealth Rock
|-ability|p2a: Krookodile|Intimidate|boost
|-unboost|p1a: Primarina|atk|1
|switch|p1a: Ferrothorn|Ferrothorn, L78, F|75/244
|-damage|p1a: Ferrothorn|60/244|[from] Stealth Rock
|
|-heal|p1a: Ferrothorn|75/244|[from] item: Leftovers
|-damage|p2a: Krookodile|113/276 tox|[from] psn
|upkeep
|turn|23
|
|t:|1613560472
|move|p2a: Krookodile|Earthquake|p1a: Ferrothorn
|-damage|p1a: Ferrothorn|0 fnt
|-damage|p2a: Krookodile|86/276 tox|[from] item: Life Orb
|faint|p1a: Ferrothorn
|
|-damage|p2a: Krookodile|52/276 tox|[from] psn
|upkeep
|
|t:|1613560480
|switch|p1a: Umbreon|Umbreon, L82, F|290/290
|-damage|p1a: Umbreon|254/290|[from] Stealth Rock
|turn|24
|
|t:|1613560492
|switch|p2a: Guzzlord|Guzzlord, L84|320/512 par
|-damage|p2a: Guzzlord|256/512 par|[from] Stealth Rock
|move|p1a: Umbreon|Wish|p1a: Umbreon
|
|upkeep
|turn|25
|
|t:|1613560509
|move|p1a: Umbreon|Foul Play|p2a: Guzzlord
|-resisted|p2a: Guzzlord
|-damage|p2a: Guzzlord|187/512 par
|move|p2a: Guzzlord|Sludge Bomb||[still]
|-damage|p1a: Umbreon|207/290
|-status|p1a: Umbreon|psn
|-activate|p1a: Umbreon|ability: Synchronize
|-fail|p1a: Umbreon
|
|-heal|p1a: Umbreon|290/290 psn|[from] move: Wish|[wisher] Umbreon
|-damage|p1a: Umbreon|254/290 psn|[from] psn
|upkeep
|turn|26
|
|t:|1613560523
|move|p1a: Umbreon|Wish|p1a: Umbreon
|move|p2a: Guzzlord|Sludge Bomb|p1a: Umbreon
|-damage|p1a: Umbreon|207/290 psn
|
|-damage|p1a: Umbreon|171/290 psn|[from] psn
|upkeep
|turn|27
|
|t:|1613560530
|move|p1a: Umbreon|Foul Play|p2a: Guzzlord
|-resisted|p2a: Guzzlord
|-damage|p2a: Guzzlord|112/512 par
|move|p2a: Guzzlord|Sludge Bomb|p1a: Umbreon
|-damage|p1a: Umbreon|120/290 psn
|
|-heal|p1a: Umbreon|265/290 psn|[from] move: Wish|[wisher] Umbreon
|-damage|p1a: Umbreon|229/290 psn|[from] psn
|upkeep
|turn|28
|
|t:|1613560540
|switch|p2a: Venusaur|Venusaur, L82, M|146/265
|-damage|p2a: Venusaur|113/265|[from] Stealth Rock
|move|p1a: Umbreon|Wish|p1a: Umbreon
|
|-heal|p2a: Venusaur|129/265|[from] item: Black Sludge
|-damage|p1a: Umbreon|193/290 psn|[from] psn
|upkeep
|turn|29
|
|t:|1613560552
|move|p2a: Venusaur|Substitute|p2a: Venusaur
|-start|p2a: Venusaur|Substitute
|-damage|p2a: Venusaur|63/265
|move|p1a: Umbreon|Foul Play|p2a: Venusaur
|-activate|p2a: Venusaur|move: Substitute|[damage]
|
|-heal|p1a: Umbreon|290/290 psn|[from] move: Wish|[wisher] Umbreon
|-heal|p2a: Venusaur|79/265|[from] item: Black Sludge
|-damage|p1a: Umbreon|254/290 psn|[from] psn
|upkeep
|turn|30
|
|t:|1613560564
|move|p2a: Venusaur|Giga Drain|p1a: Umbreon
|-damage|p1a: Umbreon|160/290 psn
|-heal|p2a: Venusaur|126/265|[from] drain|[of] p1a: Umbreon
|move|p1a: Umbreon|Foul Play|p2a: Venusaur
|-end|p2a: Venusaur|Substitute
|
|-heal|p2a: Venusaur|142/265|[from] item: Black Sludge
|-damage|p1a: Umbreon|124/290 psn|[from] psn
|upkeep
|turn|31
|
|t:|1613560577
|switch|p1a: Mesprit|Mesprit, L84|272/272
|-damage|p1a: Mesprit|238/272|[from] Stealth Rock
|move|p2a: Venusaur|Sludge Bomb|p1a: Mesprit
|-damage|p1a: Mesprit|163/272
|
|-heal|p1a: Mesprit|180/272|[from] item: Leftovers
|-heal|p2a: Venusaur|158/265|[from] item: Black Sludge
|upkeep
|turn|32
|
|t:|1613560601
|switch|p2a: Guzzlord|Guzzlord, L84|112/512 par
|-damage|p2a: Guzzlord|48/512 par|[from] Stealth Rock
|move|p1a: Mesprit|Ice Beam|p2a: Guzzlord
|-supereffective|p2a: Guzzlord
|-damage|p2a: Guzzlord|0 fnt
|faint|p2a: Guzzlord
|
|-heal|p1a: Mesprit|197/272|[from] item: Leftovers
|upkeep
|
|t:|1613560606
|switch|p2a: Krookodile|Krookodile, L78, M|52/276 tox
|-damage|p2a: Krookodile|35/276 tox|[from] Stealth Rock
|-ability|p2a: Krookodile|Intimidate|boost
|-unboost|p1a: Mesprit|atk|1
|turn|33
|
|t:|1613560630
|switch|p1a: Primarina|Primarina, L82, M|124/265
|-damage|p1a: Primarina|91/265|[from] Stealth Rock
|move|p2a: Krookodile|Knock Off|p1a: Primarina
|-resisted|p1a: Primarina
|-damage|p1a: Primarina|38/265
|-damage|p2a: Krookodile|8/276 tox|[from] item: Life Orb
|
|-damage|p2a: Krookodile|0 fnt|[from] psn
|faint|p2a: Krookodile
|upkeep
|inactive|Aqua has 120 seconds left.
|
|t:|1613560643
|switch|p2a: Meowstic|Meowstic, L84, M|41/262
|-damage|p2a: Meowstic|9/262|[from] Stealth Rock
|turn|34
|
|t:|1613560649
|switch|p1a: Umbreon|Umbreon, L82, F|124/290 psn
|-damage|p1a: Umbreon|88/290 psn|[from] Stealth Rock
|move|p2a: Meowstic|Light Screen|p2a: Meowstic
|-sidestart|p2: Aqua|move: Light Screen
|
|-damage|p1a: Umbreon|52/290 psn|[from] psn
|upkeep
|turn|35
|j| 1v1ers
|
|t:|1613560658
|move|p2a: Meowstic|Reflect|p2a: Meowstic
|-sidestart|p2: Aqua|Reflect
|move|p1a: Umbreon|Wish|p1a: Umbreon
|
|-damage|p1a: Umbreon|16/290 psn|[from] psn
|upkeep
|turn|36
|
|t:|1613560665
|switch|p2a: Zygarde|Zygarde, L72|272/272
|-damage|p2a: Zygarde|255/272|[from] Stealth Rock
|move|p1a: Umbreon|Toxic|p2a: Zygarde
|-status|p2a: Zygarde|tox
|-enditem|p2a: Zygarde|Lum Berry|[eat]
|-curestatus|p2a: Zygarde|tox|[msg]
|
|-heal|p1a: Umbreon|161/290 psn|[from] move: Wish|[wisher] Umbreon
|-damage|p1a: Umbreon|125/290 psn|[from] psn
|upkeep
|turn|37
|
|t:|1613560676
|move|p2a: Zygarde|Substitute|p2a: Zygarde
|-start|p2a: Zygarde|Substitute
|-damage|p2a: Zygarde|187/272
|move|p1a: Umbreon|Toxic||[still]
|-fail|p1a: Umbreon
|
|-damage|p1a: Umbreon|89/290 psn|[from] psn
|upkeep
|turn|38
|
|t:|1613560692
|move|p2a: Zygarde|Dragon Dance|p2a: Zygarde
|-boost|p2a: Zygarde|atk|1
|-boost|p2a: Zygarde|spe|1
|move|p1a: Umbreon|Foul Play|p2a: Zygarde
|-activate|p2a: Zygarde|move: Substitute|[damage]
|
|-damage|p1a: Umbreon|53/290 psn|[from] psn
|upkeep
|turn|39
|
|t:|1613560700
|move|p2a: Zygarde|Thousand Arrows|p1a: Umbreon
|-damage|p1a: Umbreon|0 fnt
|faint|p1a: Umbreon
|
|upkeep
|inactive|Red Song has 120 seconds left.
|
|t:|1613560727
|switch|p1a: Mesprit|Mesprit, L84|197/272
|-damage|p1a: Mesprit|163/272|[from] Stealth Rock
|turn|40
|
|t:|1613560734
|-start|p1a: Mesprit|Dynamax
|-heal|p1a: Mesprit|326/544|[silent]
|move|p2a: Zygarde|Thousand Arrows|p1a: Mesprit
|-damage|p1a: Mesprit|226/544
|-start|p1a: Mesprit|Smack Down
|move|p1a: Mesprit|Max Hailstorm|p2a: Zygarde
|-supereffective|p2a: Zygarde
|-end|p2a: Zygarde|Substitute
|-weather|Hail
|
|-weather|Hail|[upkeep]
|-damage|p2a: Zygarde|170/272|[from] Hail
|-damage|p1a: Mesprit|209/544|[from] Hail
|-heal|p1a: Mesprit|226/544|[from] item: Leftovers
|upkeep
|turn|41
|l| Gabrielrp123456
|inactive|Aqua has 120 seconds left.
|
|t:|1613560781
|-start|p2a: Zygarde|Dynamax
|-heal|p2a: Zygarde|340/544|[silent]
|move|p2a: Zygarde|Max Quake|p1a: Mesprit
|-damage|p1a: Mesprit|81/544
|-boost|p2a: Zygarde|spd|1
|move|p1a: Mesprit|Max Hailstorm|p2a: Zygarde
|-supereffective|p2a: Zygarde
|-crit|p2a: Zygarde
|-damage|p2a: Zygarde|0 fnt
|faint|p2a: Zygarde
|
|-weather|Hail|[upkeep]
|-damage|p1a: Mesprit|64/544|[from] Hail
|-heal|p1a: Mesprit|81/544|[from] item: Leftovers
|-sideend|p2: Aqua|move: Light Screen
|upkeep
|c|☆Aqua|lmfao
|c|☆Aqua|I saw that cancerous dogshit coming oml
|inactive|Aqua has 90 seconds left.
|c|☆Aqua|I really wanted to sub because of this
|c|☆Aqua|that's how I lose becoming 1st place
|c|☆Aqua|ggs
|
|t:|1613560827
|switch|p2a: Venusaur|Venusaur, L82, M|158/265
|-damage|p2a: Venusaur|125/265|[from] Stealth Rock
|turn|42
|c|☆Aqua|that just hurts
|inactive|Red Song has 120 seconds left.
|inactive|Red Song has 90 seconds left.
|l| hong hoornstaart
|c|☆Red Song|very good battle, that crit is probably will cost 2 or 3 pokemon and hail
|
|t:|1613560882
|move|p1a: Mesprit|Max Mindstorm|p2a: Venusaur
|-supereffective|p2a: Venusaur
|-damage|p2a: Venusaur|0 fnt
|-fieldstart|move: Psychic Terrain
|faint|p2a: Venusaur
|
|-weather|Hail|[upkeep]
|-damage|p1a: Mesprit|64/544|[from] Hail
|-heal|p1a: Mesprit|81/544|[from] item: Leftovers
|-sideend|p2: Aqua|Reflect
|-end|p1a: Mesprit|Dynamax
|-heal|p1a: Mesprit|41/272|[silent]
|upkeep
|c|☆Aqua|v good battle, terribly sad ending man
|inactive|Aqua has 60 seconds left.
|-message|Aqua forfeited.
|
|win|Red Song
|c|☆Aqua|gg
|l|☆Aqua
|c|☆Red Song|owow
|raw|Red Song's rating: 2385 &rarr; <strong>2409</strong><br />(+24 for winning)
|raw|Aqua's rating: 2449 &rarr; <strong>2426</strong><br />(-23 for losing)
|l| 1v1ers
