|j|☆SourishCandle69
|j|☆OnlyGolden
|t:|1685441195
|gametype|singles
|player|p1|SourishCandle69|n|
|player|p2|OnlyGolden|ingo|
|teamsize|p1|6
|teamsize|p2|6
|gen|8
|tier|[Gen 8] Random Battle
|rule|Species Clause: Limit one of each Pokémon
|rule|HP Percentage Mod: HP is shown in percentages
|rule|Sleep Clause Mod: Limit one foe put to sleep
|
|t:|1685441195
|start
|switch|p1a: Aromatisse|Aromatisse, L88, M|321/321
|switch|p2a: Excadrill|Excadrill, L78, F|300/300
|-ability|p2a: Excadrill|Mold Breaker
|turn|1
|
|t:|1685441229
|switch|p1a: Sirfetch’d|Sirfetch’d, L82, M|236/236
|move|p2a: Excadrill|Earthquake|p1a: Sirfetch’d
|-damage|p1a: Sirfetch’d|116/236
|
|upkeep
|turn|2
|
|t:|1685441241
|move|p2a: Excadrill|Earthquake|p1a: Sirfetch’d
|-crit|p1a: Sirfetch’d
|-damage|p1a: Sirfetch’d|0 fnt
|faint|p1a: Sirfetch’d
|
|upkeep
|
|t:|1685441256
|switch|p1a: Claydol|Claydol, L86|243/243
|turn|3
|
|t:|1685441303
|switch|p2a: Necrozma|Necrozma-Dawn-Wings, L76|272/272
|move|p1a: Claydol|Stealth Rock|p2a: Necrozma
|-sidestart|p2: OnlyGolden|move: Stealth Rock
|
|upkeep
|turn|4
|
|t:|1685441316
|move|p1a: Claydol|Earthquake|p2a: Necrozma
|-damage|p2a: Necrozma|193/272
|move|p2a: Necrozma|Calm Mind|p2a: Necrozma
|-boost|p2a: Necrozma|spa|1
|-boost|p2a: Necrozma|spd|1
|
|-heal|p2a: Necrozma|210/272|[from] item: Leftovers
|upkeep
|turn|5
|
|t:|1685441332
|move|p1a: Claydol|Earthquake|p2a: Necrozma
|-damage|p2a: Necrozma|131/272
|move|p2a: Necrozma|Moongeist Beam|p1a: Claydol
|-supereffective|p1a: Claydol
|-damage|p1a: Claydol|0 fnt
|faint|p1a: Claydol
|
|-heal|p2a: Necrozma|148/272|[from] item: Leftovers
|upkeep
|
|t:|1685441361
|switch|p1a: Bronzong|Bronzong, L83|247/247
|turn|6
|
|t:|1685441369
|move|p2a: Necrozma|Moongeist Beam|p1a: Bronzong
|-supereffective|p1a: Bronzong
|-damage|p1a: Bronzong|0 fnt
|faint|p1a: Bronzong
|
|-heal|p2a: Necrozma|165/272|[from] item: Leftovers
|upkeep
|
|t:|1685441378
|switch|p1a: Ferrothorn|Ferrothorn, L78, F|244/244
|turn|7
|
|t:|1685441385
|move|p2a: Necrozma|Heat Wave|p1a: Ferrothorn
|-supereffective|p1a: Ferrothorn
|-damage|p1a: Ferrothorn|0 fnt
|faint|p1a: Ferrothorn
|
|-heal|p2a: Necrozma|182/272|[from] item: Leftovers
|upkeep
|
|t:|1685441391
|switch|p1a: Aromatisse|Aromatisse, L88, M|321/321
|turn|8
|
|t:|1685441407
|move|p2a: Necrozma|Photon Geyser|p1a: Aromatisse
|-damage|p1a: Aromatisse|150/321
|move|p1a: Aromatisse|Moonblast|p2a: Necrozma
|-damage|p2a: Necrozma|121/272
|
|-heal|p2a: Necrozma|138/272|[from] item: Leftovers
|-heal|p1a: Aromatisse|170/321|[from] item: Leftovers
|upkeep
|turn|9
|
|t:|1685441431
|move|p2a: Necrozma|Photon Geyser|p1a: Aromatisse
|-damage|p1a: Aromatisse|0 fnt
|faint|p1a: Aromatisse
|
|-heal|p2a: Necrozma|155/272|[from] item: Leftovers
|upkeep
|
|t:|1685441438
|switch|p1a: Groudon|Groudon, L73|266/266
|-weather|SunnyDay|[from] ability: Drought|[of] p1a: Groudon
|turn|10
|
|t:|1685441449
|move|p1a: Groudon|Precipice Blades|p2a: Necrozma
|-damage|p2a: Necrozma|17/272
|move|p2a: Necrozma|Moongeist Beam|p1a: Groudon
|-damage|p1a: Groudon|58/266
|
|-weather|SunnyDay|[upkeep]
|-heal|p1a: Groudon|74/266|[from] item: Leftovers
|-heal|p2a: Necrozma|34/272|[from] item: Leftovers
|upkeep
|turn|11
|
|t:|1685441468
|-start|p2a: Necrozma|Dynamax|
|-heal|p2a: Necrozma|68/544|[silent]
|move|p1a: Groudon|Precipice Blades|p2a: Necrozma|[miss]
|-miss|p1a: Groudon|p2a: Necrozma
|move|p2a: Necrozma|Max Phantasm|p1a: Groudon
|-damage|p1a: Groudon|0 fnt
|faint|p1a: Groudon
|
|win|OnlyGolden
|l|☆SourishCandle69
