|j|☆JAJO3800
|j|☆Batata Eletronica
|t:|1684338581
|gametype|singles
|player|p1|JAJO3800|102|
|player|p2|Batata Eletronica|266|
|teamsize|p1|6
|teamsize|p2|6
|gen|8
|tier|[Gen 8] Random Battle
|rule|Species Clause: Limit one of each Pokémon
|rule|HP Percentage Mod: HP is shown in percentages
|rule|Sleep Clause Mod: Limit one foe put to sleep
|
|t:|1684338581
|start
|switch|p1a: Nihilego|Nihilego, L79|302/302
|switch|p2a: Scrafty|Scrafty, L82, F|241/241
|-ability|p2a: Scrafty|Intimidate|boost
|-unboost|p1a: Nihilego|atk|1
|turn|1
|inactive|Battle timer is ON: inactive players will automatically lose when time's up. (requested by Batata Eletronica)
|
|t:|1684338605
|move|p1a: Nihilego|Thunderbolt|p2a: Scrafty
|-damage|p2a: Scrafty|188/241
|move|p2a: Scrafty|Close Combat|p1a: Nihilego
|-damage|p1a: Nihilego|116/302
|-unboost|p2a: Scrafty|def|1
|-unboost|p2a: Scrafty|spd|1
|
|-heal|p1a: Nihilego|134/302|[from] item: Black Sludge
|upkeep
|turn|2
|inactive|JAJO3800 has 270 seconds left.
|inactive|JAJO3800 has 240 seconds left.
|
|t:|1684338694
|move|p1a: Nihilego|Power Gem|p2a: Scrafty
|-resisted|p2a: Scrafty
|-damage|p2a: Scrafty|134/241
|move|p2a: Scrafty|Close Combat|p1a: Nihilego
|-damage|p1a: Nihilego|0 fnt
|-unboost|p2a: Scrafty|def|1
|-unboost|p2a: Scrafty|spd|1
|faint|p1a: Nihilego
|
|upkeep
|
|t:|1684338702
|switch|p1a: Kyogre|Kyogre, L72|263/263
|-weather|RainDance|[from] ability: Drizzle|[of] p1a: Kyogre
|turn|3
|inactive|Batata Eletronica has 270 seconds left.
|
|t:|1684338732
|move|p1a: Kyogre|Origin Pulse|p2a: Scrafty
|-damage|p2a: Scrafty|0 fnt
|faint|p2a: Scrafty
|
|-weather|RainDance|[upkeep]
|upkeep
|inactive|Batata Eletronica has 270 seconds left.
|
|t:|1684338751
|switch|p2a: Ferrothorn|Ferrothorn, L78, F|244/244
|turn|4
|
|t:|1684338759
|move|p1a: Kyogre|Origin Pulse|p2a: Ferrothorn
|-resisted|p2a: Ferrothorn
|-damage|p2a: Ferrothorn|166/244
|move|p2a: Ferrothorn|Leech Seed|p1a: Kyogre
|-start|p1a: Kyogre|move: Leech Seed
|
|-weather|RainDance|[upkeep]
|-heal|p2a: Ferrothorn|181/244|[from] item: Leftovers
|-damage|p1a: Kyogre|231/263|[from] Leech Seed|[of] p2a: Ferrothorn
|-heal|p2a: Ferrothorn|213/244|[silent]
|upkeep
|turn|5
|inactive|Batata Eletronica has 270 seconds left.
|
|t:|1684338773
|move|p1a: Kyogre|Origin Pulse|p2a: Ferrothorn
|-resisted|p2a: Ferrothorn
|-damage|p2a: Ferrothorn|134/244
|move|p2a: Ferrothorn|Gyro Ball|p1a: Kyogre
|-resisted|p1a: Kyogre
|-damage|p1a: Kyogre|147/263
|
|-weather|RainDance|[upkeep]
|-heal|p2a: Ferrothorn|149/244|[from] item: Leftovers
|-damage|p1a: Kyogre|115/263|[from] Leech Seed|[of] p2a: Ferrothorn
|-heal|p2a: Ferrothorn|181/244|[silent]
|upkeep
|turn|6
|inactive|Batata Eletronica has 270 seconds left.
|inactive|JAJO3800 has 210 seconds left.
|
|t:|1684338815
|switch|p1a: Audino|Audino, L91, F|335/335
|move|p2a: Ferrothorn|Gyro Ball|p1a: Audino
|-damage|p1a: Audino|253/335
|
|-weather|RainDance|[upkeep]
|-heal|p1a: Audino|273/335|[from] item: Leftovers
|-heal|p2a: Ferrothorn|196/244|[from] item: Leftovers
|upkeep
|turn|7
|inactive|Batata Eletronica has 270 seconds left.
|
|t:|1684338836
|switch|p2a: Mew|Mew, L80|291/291
|move|p1a: Audino|Knock Off|p2a: Mew
|-supereffective|p2a: Mew
|-crit|p2a: Mew
|-damage|p2a: Mew|129/291
|-enditem|p2a: Mew|Lum Berry|[from] move: Knock Off|[of] p1a: Audino
|
|-weather|none
|-heal|p1a: Audino|293/335|[from] item: Leftovers
|upkeep
|turn|8
|
|t:|1684338851
|move|p2a: Mew|Close Combat|p1a: Audino
|-supereffective|p1a: Audino
|-damage|p1a: Audino|145/335
|-unboost|p2a: Mew|def|1
|-unboost|p2a: Mew|spd|1
|move|p1a: Audino|Knock Off|p2a: Mew
|-supereffective|p2a: Mew
|-crit|p2a: Mew
|-damage|p2a: Mew|0 fnt
|faint|p2a: Mew
|
|-heal|p1a: Audino|165/335|[from] item: Leftovers
|upkeep
|
|t:|1684338867
|switch|p2a: Drapion|Drapion, L82, F|249/249
|turn|9
|
|t:|1684338876
|move|p2a: Drapion|Swords Dance|p2a: Drapion
|-boost|p2a: Drapion|atk|2
|move|p1a: Audino|Toxic|p2a: Drapion
|-immune|p2a: Drapion
|
|-heal|p1a: Audino|185/335|[from] item: Leftovers
|upkeep
|turn|10
|inactive|JAJO3800 has 210 seconds left.
|
|t:|1684338884
|move|p2a: Drapion|Swords Dance|p2a: Drapion
|-boost|p2a: Drapion|atk|2
|move|p1a: Audino|Knock Off|p2a: Drapion
|-resisted|p2a: Drapion
|-damage|p2a: Drapion|226/249
|-enditem|p2a: Drapion|Life Orb|[from] move: Knock Off|[of] p1a: Audino
|
|-heal|p1a: Audino|205/335|[from] item: Leftovers
|upkeep
|turn|11
|inactive|JAJO3800 has 210 seconds left.
|
|t:|1684338898
|switch|p1a: Moltres|Moltres-Galar, L75|259/259
|move|p2a: Drapion|Swords Dance|p2a: Drapion
|-boost|p2a: Drapion|atk|2
|
|upkeep
|turn|12
|inactive|Batata Eletronica has 270 seconds left.
|
|t:|1684338907
|move|p2a: Drapion|Poison Jab|p1a: Moltres
|-damage|p1a: Moltres|0 fnt
|faint|p1a: Moltres
|
|upkeep
|
|t:|1684338912
|switch|p1a: Pincurchin|Pincurchin, L88, M|228/228
|-fieldstart|move: Electric Terrain|[from] ability: Electric Surge|[of] p1a: Pincurchin
|turn|13
|
|t:|1684338919
|move|p2a: Drapion|Earthquake|p1a: Pincurchin
|-supereffective|p1a: Pincurchin
|-enditem|p1a: Pincurchin|Shuca Berry|[eat]
|-enditem|p1a: Pincurchin|Shuca Berry|[weaken]
|-damage|p1a: Pincurchin|0 fnt
|faint|p1a: Pincurchin
|
|upkeep
|
|t:|1684338925
|switch|p1a: Tyranitar|Tyranitar, L78, M|284/284
|-weather|Sandstorm|[from] ability: Sand Stream|[of] p1a: Tyranitar
|turn|14
|
|t:|1684338933
|-start|p1a: Tyranitar|Dynamax|
|-heal|p1a: Tyranitar|568/568|[silent]
|move|p2a: Drapion|Poison Jab|p1a: Tyranitar
|-resisted|p1a: Tyranitar
|-damage|p1a: Tyranitar|433/568
|-status|p1a: Tyranitar|psn
|-enditem|p1a: Tyranitar|Lum Berry|[eat]
|-curestatus|p1a: Tyranitar|psn|[msg]
|move|p1a: Tyranitar|Max Darkness|p2a: Drapion
|-resisted|p2a: Drapion
|-damage|p2a: Drapion|163/249
|-unboost|p2a: Drapion|spd|1
|
|-weather|Sandstorm|[upkeep]
|-damage|p2a: Drapion|148/249|[from] Sandstorm
|upkeep
|turn|15
|
|t:|1684338955
|-start|p2a: Drapion|Dynamax|
|-heal|p2a: Drapion|296/498|[silent]
|move|p2a: Drapion|Max Quake|p1a: Tyranitar
|-supereffective|p1a: Tyranitar
|-damage|p1a: Tyranitar|0 fnt
|-boost|p2a: Drapion|spd|1
|faint|p1a: Tyranitar
|
|-weather|Sandstorm|[upkeep]
|-damage|p2a: Drapion|281/498|[from] Sandstorm
|upkeep
|
|t:|1684338964
|switch|p1a: Kyogre|Kyogre, L72|115/263
|-weather|RainDance|[from] ability: Drizzle|[of] p1a: Kyogre
|turn|16
|
|t:|1684338969
|move|p1a: Kyogre|Water Spout|p2a: Drapion
|-damage|p2a: Drapion|166/498
|move|p2a: Drapion|Max Ooze|p1a: Kyogre
|-damage|p1a: Kyogre|0 fnt
|-boost|p2a: Drapion|spa|1
|faint|p1a: Kyogre
|
|-weather|RainDance|[upkeep]
|upkeep
|
|t:|1684338979
|switch|p1a: Audino|Audino, L91, F|316/335
|turn|17
|
|t:|1684338986
|move|p2a: Drapion|Max Ooze|p1a: Audino
|-damage|p1a: Audino|16/335
|-boost|p2a: Drapion|spa|1
|move|p1a: Audino|Knock Off|p2a: Drapion
|-resisted|p2a: Drapion
|-damage|p2a: Drapion|149/498
|
|-weather|RainDance|[upkeep]
|-heal|p1a: Audino|36/335|[from] item: Leftovers
|-fieldend|move: Electric Terrain
|upkeep
|-end|p2a: Drapion|Dynamax
|-heal|p2a: Drapion|75/249|[silent]
|turn|18
|inactive|JAJO3800 has 240 seconds left.
|
|t:|1684339000
|move|p2a: Drapion|Knock Off|p1a: Audino
|-damage|p1a: Audino|0 fnt
|-enditem|p1a: Audino|Leftovers|[from] move: Knock Off|[of] p2a: Drapion
|faint|p1a: Audino
|
|win|Batata Eletronica
|l|☆JAJO3800
