|j|☆Delphox23102008
|j|☆PaperDonut
|t:|1684332708
|gametype|singles
|player|p1|Delphox23102008|az|
|player|p2|PaperDonut|hilbert-wonderlauncher|
|teamsize|p1|6
|teamsize|p2|6
|gen|8
|tier|[Gen 8] Random Battle
|rule|Species Clause: Limit one of each Pokémon
|rule|HP Percentage Mod: HP is shown in percentages
|rule|Sleep Clause Mod: Limit one foe put to sleep
|
|t:|1684332708
|start
|switch|p1a: Chandelure|Chandelure, L82, M|233/233
|switch|p2a: Throh|Throh, L86, M|347/347
|turn|1
|inactive|Battle timer is ON: inactive players will automatically lose when time's up. (requested by Delphox23102008)
|
|t:|1684332722
|move|p1a: Chandelure|Calm Mind|p1a: Chandelure
|-boost|p1a: Chandelure|spa|1
|-boost|p1a: Chandelure|spd|1
|move|p2a: Throh|Bulk Up|p2a: Throh
|-boost|p2a: Throh|atk|1
|-boost|p2a: Throh|def|1
|
|-status|p2a: Throh|brn|[from] item: Flame Orb
|upkeep
|turn|2
|
|t:|1684332750
|move|p1a: Chandelure|Fire Blast|p2a: Throh
|-damage|p2a: Throh|125/347 brn
|move|p2a: Throh|Storm Throw|p1a: Chandelure
|-immune|p1a: Chandelure
|
|-damage|p2a: Throh|104/347 brn|[from] brn
|upkeep
|turn|3
|
|t:|1684332766
|move|p1a: Chandelure|Shadow Ball|p2a: Throh
|-damage|p2a: Throh|0 fnt
|faint|p2a: Throh
|
|upkeep
|
|t:|1684332773
|switch|p2a: Audino|Audino, L91, M|335/335
|turn|4
|
|t:|1684332782
|move|p1a: Chandelure|Calm Mind|p1a: Chandelure
|-boost|p1a: Chandelure|spa|1
|-boost|p1a: Chandelure|spd|1
|move|p2a: Audino|Toxic|p1a: Chandelure
|-status|p1a: Chandelure|tox
|
|-damage|p1a: Chandelure|219/233 tox|[from] psn
|upkeep
|turn|5
|
|t:|1684332792
|move|p1a: Chandelure|Fire Blast|p2a: Audino
|-damage|p2a: Audino|40/335
|move|p2a: Audino|Knock Off|p1a: Chandelure
|-supereffective|p1a: Chandelure
|-damage|p1a: Chandelure|101/233 tox
|-enditem|p1a: Chandelure|Heavy-Duty Boots|[from] move: Knock Off|[of] p2a: Audino
|
|-heal|p2a: Audino|60/335|[from] item: Leftovers
|-damage|p1a: Chandelure|73/233 tox|[from] psn
|upkeep
|turn|6
|
|t:|1684332804
|move|p2a: Audino|Protect|p2a: Audino
|-singleturn|p2a: Audino|Protect
|move|p1a: Chandelure|Energy Ball|p2a: Audino
|-activate|p2a: Audino|move: Protect
|
|-heal|p2a: Audino|80/335|[from] item: Leftovers
|-damage|p1a: Chandelure|31/233 tox|[from] psn
|upkeep
|turn|7
|
|t:|1684332815
|move|p2a: Audino|Protect||[still]
|-fail|p2a: Audino
|move|p1a: Chandelure|Energy Ball|p2a: Audino
|-damage|p2a: Audino|0 fnt
|faint|p2a: Audino
|
|-damage|p1a: Chandelure|0 fnt|[from] psn
|faint|p1a: Chandelure
|upkeep
|
|t:|1684332827
|switch|p1a: Indeedee|Indeedee, L83, M|235/235
|switch|p2a: Primarina|Primarina, L82, M|265/265
|-fieldstart|move: Psychic Terrain|[from] ability: Psychic Surge|[of] p1a: Indeedee
|turn|8
|
|t:|1684332836
|move|p1a: Indeedee|Trick|p2a: Primarina
|-activate|p1a: Indeedee|move: Trick|[of] p2a: Primarina
|-item|p2a: Primarina|Choice Scarf|[from] move: Trick
|-item|p1a: Indeedee|Choice Scarf|[from] move: Trick
|move|p2a: Primarina|Hydro Pump|p1a: Indeedee
|-damage|p1a: Indeedee|111/235
|
|upkeep
|turn|9
|
|t:|1684332845
|switch|p1a: Dracovish|Dracovish, L80|275/275
|move|p2a: Primarina|Hydro Pump|p1a: Dracovish
|-resisted|p1a: Dracovish
|-damage|p1a: Dracovish|235/275
|
|upkeep
|turn|10
|
|t:|1684332860
|switch|p2a: Tornadus|Tornadus, L80, M|258/258
|-start|p1a: Dracovish|Dynamax|
|-heal|p1a: Dracovish|470/550|[silent]
|move|p1a: Dracovish|Max Knuckle|p2a: Tornadus
|-resisted|p2a: Tornadus
|-damage|p2a: Tornadus|218/258
|-boost|p1a: Dracovish|atk|1
|
|upkeep
|turn|11
|
|t:|1684332882
|move|p2a: Tornadus|Hurricane|p1a: Dracovish|[miss]
|-miss|p2a: Tornadus|p1a: Dracovish
|move|p1a: Dracovish|Max Geyser|p2a: Tornadus
|-damage|p2a: Tornadus|11/258
|-weather|RainDance
|
|-weather|RainDance|[upkeep]
|upkeep
|turn|12
|
|t:|1684332891
|move|p2a: Tornadus|Hurricane|p1a: Dracovish
|-damage|p1a: Dracovish|325/550
|move|p1a: Dracovish|Max Knuckle|p2a: Tornadus
|-resisted|p2a: Tornadus
|-damage|p2a: Tornadus|0 fnt
|-boost|p1a: Dracovish|atk|1
|faint|p2a: Tornadus
|
|-weather|RainDance|[upkeep]
|-fieldend|move: Psychic Terrain
|upkeep
|
|t:|1684332907
|switch|p2a: Primarina|Primarina, L82, M|265/265
|-end|p1a: Dracovish|Dynamax
|-heal|p1a: Dracovish|163/275|[silent]
|turn|13
|
|t:|1684332920
|move|p2a: Primarina|Hydro Pump|p1a: Dracovish
|-resisted|p1a: Dracovish
|-damage|p1a: Dracovish|101/275
|move|p1a: Dracovish|Fishious Rend|p2a: Primarina
|-resisted|p2a: Primarina
|-damage|p2a: Primarina|0 fnt
|faint|p2a: Primarina
|
|-weather|RainDance|[upkeep]
|upkeep
|
|t:|1684332929
|switch|p2a: Grimmsnarl|Grimmsnarl, L82, M|290/290
|turn|14
|
|t:|1684332944
|move|p1a: Dracovish|Fishious Rend|p2a: Grimmsnarl
|-damage|p2a: Grimmsnarl|0 fnt
|faint|p2a: Grimmsnarl
|
|-weather|RainDance|[upkeep]
|upkeep
|
|t:|1684332949
|switch|p2a: Solgaleo|Solgaleo, L72|316/316
|turn|15
|inactive|PaperDonut has 270 seconds left.
|
|t:|1684332971
|-start|p2a: Solgaleo|Dynamax|
|-heal|p2a: Solgaleo|632/632|[silent]
|move|p2a: Solgaleo|Max Flare|p1a: Dracovish
|-resisted|p1a: Dracovish
|-damage|p1a: Dracovish|90/275
|-weather|SunnyDay
|move|p1a: Dracovish|Fishious Rend|p2a: Solgaleo
|-damage|p2a: Solgaleo|454/632
|
|-weather|SunnyDay|[upkeep]
|upkeep
|turn|16
|inactive|PaperDonut has 270 seconds left.
|
|t:|1684332986
|move|p2a: Solgaleo|Max Steelspike|p1a: Dracovish
|-resisted|p1a: Dracovish
|-damage|p1a: Dracovish|30/275
|-boost|p2a: Solgaleo|def|1
|move|p1a: Dracovish|Fishious Rend|p2a: Solgaleo
|-damage|p2a: Solgaleo|337/632
|
|-weather|SunnyDay|[upkeep]
|upkeep
|turn|17
|inactive|PaperDonut has 270 seconds left.
|
|t:|1684332995
|move|p2a: Solgaleo|Max Darkness|p1a: Dracovish
|-damage|p1a: Dracovish|0 fnt
|faint|p1a: Dracovish
|
|-weather|SunnyDay|[upkeep]
|upkeep
|
|t:|1684333001
|switch|p1a: Indeedee|Indeedee, L83, M|111/235
|-fieldstart|move: Psychic Terrain|[from] ability: Psychic Surge|[of] p1a: Indeedee
|-end|p2a: Solgaleo|Dynamax
|-heal|p2a: Solgaleo|169/316|[silent]
|turn|18
|
|t:|1684333012
|move|p1a: Indeedee|Mystical Fire|p2a: Solgaleo
|-supereffective|p2a: Solgaleo
|-damage|p2a: Solgaleo|0 fnt
|faint|p2a: Solgaleo
|
|win|Delphox23102008
