|j|☆Erlam
|j|☆LiJing0520
|t:|1685544130
|gametype|singles
|player|p1|Erlam|102|1249
|player|p2|LiJing0520|2|1285
|teamsize|p1|6
|teamsize|p2|6
|gen|8
|tier|[Gen 8] Random Battle
|rated|
|rule|Species Clause: Limit one of each Pokémon
|rule|HP Percentage Mod: HP is shown in percentages
|rule|Sleep Clause Mod: Limit one foe put to sleep
|
|t:|1685544130
|start
|switch|p1a: Carbink|Carbink, L86|226/226
|switch|p2a: Zacian|Zacian, L68|238/238
|-ability|p2a: Zacian|Intrepid Sword|boost
|-boost|p2a: Zacian|atk|1
|turn|1
|inactive|Battle timer is ON: inactive players will automatically lose when time's up. (requested by LiJing0520)
|
|t:|1685544146
|switch|p2a: Steelix|Steelix, L84, F|263/263
|move|p1a: Carbink|Light Screen|p1a: Carbink
|-sidestart|p1: Erlam|move: Light Screen
|
|upkeep
|turn|2
|
|t:|1685544161
|switch|p1a: Cradily|Cradily, L86, F|288/288
|move|p2a: Steelix|Dragon Dance|p2a: Steelix
|-boost|p2a: Steelix|atk|1
|-boost|p2a: Steelix|spe|1
|
|upkeep
|turn|3
|
|t:|1685544171
|move|p2a: Steelix|Heavy Slam|p1a: Cradily
|-supereffective|p1a: Cradily
|-damage|p1a: Cradily|0 fnt
|faint|p1a: Cradily
|
|upkeep
|
|t:|1685544179
|switch|p1a: Pheromosa|Pheromosa, L75|230/230
|turn|4
|
|t:|1685544190
|-start|p2a: Steelix|Dynamax|
|-heal|p2a: Steelix|526/526|[silent]
|move|p1a: Pheromosa|Close Combat|p2a: Steelix
|-supereffective|p2a: Steelix
|-damage|p2a: Steelix|368/526
|-unboost|p1a: Pheromosa|def|1
|-unboost|p1a: Pheromosa|spd|1
|move|p2a: Steelix|Max Rockfall|p1a: Pheromosa
|-damage|p1a: Pheromosa|0 fnt
|-weather|Sandstorm
|faint|p1a: Pheromosa
|
|-weather|Sandstorm|[upkeep]
|-heal|p2a: Steelix|384/526|[from] item: Leftovers
|upkeep
|
|t:|1685544210
|switch|p1a: Ditto|Ditto, L76|198/198
|-transform|p1a: Ditto|p2a: Steelix|[from] ability: Imposter
|turn|5
|
|t:|1685544221
|move|p1a: Ditto|Dragon Dance|p1a: Ditto
|-boost|p1a: Ditto|atk|1
|-boost|p1a: Ditto|spe|1
|move|p2a: Steelix|Max Quake|p1a: Ditto
|-supereffective|p1a: Ditto
|-damage|p1a: Ditto|24/198
|-boost|p2a: Steelix|spd|1
|
|-weather|Sandstorm|[upkeep]
|-heal|p2a: Steelix|400/526|[from] item: Leftovers
|upkeep
|turn|6
|
|t:|1685544236
|-start|p1a: Ditto|Dynamax|
|-heal|p1a: Ditto|48/396|[silent]
|move|p1a: Ditto|Max Quake|p2a: Steelix
|-supereffective|p2a: Steelix
|-crit|p2a: Steelix
|-damage|p2a: Steelix|70/526
|-boost|p1a: Ditto|spd|1
|move|p2a: Steelix|Max Quake|p1a: Ditto
|-supereffective|p1a: Ditto
|-damage|p1a: Ditto|0 fnt
|-boost|p2a: Steelix|spd|1
|faint|p1a: Ditto
|
|-weather|Sandstorm|[upkeep]
|-heal|p2a: Steelix|86/526|[from] item: Leftovers
|upkeep
|
|t:|1685544249
|switch|p1a: Conkeldurr|Conkeldurr, L80, F|299/299
|-end|p2a: Steelix|Dynamax
|-heal|p2a: Steelix|43/263|[silent]
|turn|7
|
|t:|1685544259
|move|p1a: Conkeldurr|Mach Punch|p2a: Steelix
|-supereffective|p2a: Steelix
|-damage|p2a: Steelix|0 fnt
|faint|p2a: Steelix
|
|-weather|Sandstorm|[upkeep]
|-damage|p1a: Conkeldurr|281/299|[from] Sandstorm
|-status|p1a: Conkeldurr|brn|[from] item: Flame Orb
|upkeep
|
|t:|1685544270
|switch|p2a: Arcanine|Arcanine, L82, F|282/282
|turn|8
|
|t:|1685544280
|switch|p2a: Azumarill|Azumarill, L84, F|305/305
|move|p1a: Conkeldurr|Facade|p2a: Azumarill
|-damage|p2a: Azumarill|100/305
|
|-weather|none
|-damage|p1a: Conkeldurr|263/299 brn|[from] brn
|-sideend|p1: Erlam|move: Light Screen
|upkeep
|turn|9
|
|t:|1685544292
|move|p2a: Azumarill|Aqua Jet|p1a: Conkeldurr
|-damage|p1a: Conkeldurr|185/299 brn
|move|p1a: Conkeldurr|Mach Punch|p2a: Azumarill
|-resisted|p2a: Azumarill
|-damage|p2a: Azumarill|61/305
|
|-damage|p1a: Conkeldurr|167/299 brn|[from] brn
|upkeep
|turn|10
|
|t:|1685544299
|move|p2a: Azumarill|Aqua Jet|p1a: Conkeldurr
|-damage|p1a: Conkeldurr|88/299 brn
|move|p1a: Conkeldurr|Facade|p2a: Azumarill
|-damage|p2a: Azumarill|0 fnt
|faint|p2a: Azumarill
|
|-damage|p1a: Conkeldurr|70/299 brn|[from] brn
|upkeep
|
|t:|1685544309
|switch|p2a: Arcanine|Arcanine, L82, F|282/282
|turn|11
|
|t:|1685544314
|move|p2a: Arcanine|Extreme Speed|p1a: Conkeldurr
|-damage|p1a: Conkeldurr|12/299 brn
|move|p1a: Conkeldurr|Drain Punch|p2a: Arcanine
|-damage|p2a: Arcanine|129/282
|-heal|p1a: Conkeldurr|89/299 brn|[from] drain|[of] p2a: Arcanine
|
|-damage|p1a: Conkeldurr|71/299 brn|[from] brn
|upkeep
|turn|12
|
|t:|1685544325
|move|p2a: Arcanine|Flare Blitz|p1a: Conkeldurr
|-crit|p1a: Conkeldurr
|-damage|p1a: Conkeldurr|0 fnt
|faint|p1a: Conkeldurr
|-damage|p2a: Arcanine|106/282|[from] Recoil
|
|upkeep
|
|t:|1685544333
|switch|p1a: Carbink|Carbink, L86|226/226
|turn|13
|
|t:|1685544342
|move|p2a: Arcanine|Will-O-Wisp|p1a: Carbink
|-status|p1a: Carbink|brn
|move|p1a: Carbink|Moonblast|p2a: Arcanine
|-resisted|p2a: Arcanine
|-crit|p2a: Arcanine
|-damage|p2a: Arcanine|50/282
|
|-damage|p1a: Carbink|212/226 brn|[from] brn
|upkeep
|turn|14
|
|t:|1685544351
|move|p2a: Arcanine|Morning Sun|p2a: Arcanine
|-heal|p2a: Arcanine|191/282
|move|p1a: Carbink|Moonblast|p2a: Arcanine
|-resisted|p2a: Arcanine
|-damage|p2a: Arcanine|158/282
|
|-damage|p1a: Carbink|198/226 brn|[from] brn
|upkeep
|turn|15
|
|t:|1685544367
|move|p2a: Arcanine|Morning Sun|p2a: Arcanine
|-heal|p2a: Arcanine|282/282
|move|p1a: Carbink|Body Press|p2a: Arcanine
|-damage|p2a: Arcanine|237/282
|
|-damage|p1a: Carbink|184/226 brn|[from] brn
|upkeep
|turn|16
|
|t:|1685544379
|switch|p2a: Exeggutor|Exeggutor, L86, M|304/304
|move|p1a: Carbink|Moonblast|p2a: Exeggutor
|-damage|p2a: Exeggutor|231/304
|
|-damage|p1a: Carbink|170/226 brn|[from] brn
|upkeep
|turn|17
|
|t:|1685544390
|move|p2a: Exeggutor|Leech Seed|p1a: Carbink
|-start|p1a: Carbink|move: Leech Seed
|move|p1a: Carbink|Body Press|p2a: Exeggutor
|-resisted|p2a: Exeggutor
|-damage|p2a: Exeggutor|210/304
|
|-damage|p1a: Carbink|142/226 brn|[from] Leech Seed|[of] p2a: Exeggutor
|-heal|p2a: Exeggutor|238/304|[silent]
|-damage|p1a: Carbink|128/226 brn|[from] brn
|upkeep
|turn|18
|
|t:|1685544402
|move|p2a: Exeggutor|Psychic|p1a: Carbink
|-damage|p1a: Carbink|53/226 brn
|move|p1a: Carbink|Body Press|p2a: Exeggutor
|-resisted|p2a: Exeggutor
|-damage|p2a: Exeggutor|218/304
|
|-damage|p1a: Carbink|25/226 brn|[from] Leech Seed|[of] p2a: Exeggutor
|-heal|p2a: Exeggutor|246/304|[silent]
|-damage|p1a: Carbink|11/226 brn|[from] brn
|upkeep
|turn|19
|
|t:|1685544415
|move|p2a: Exeggutor|Substitute|p2a: Exeggutor
|-start|p2a: Exeggutor|Substitute
|-damage|p2a: Exeggutor|170/304
|move|p1a: Carbink|Light Screen|p1a: Carbink
|-sidestart|p1: Erlam|move: Light Screen
|
|-damage|p1a: Carbink|0 fnt|[from] Leech Seed|[of] p2a: Exeggutor
|-heal|p2a: Exeggutor|181/304|[silent]
|faint|p1a: Carbink
|upkeep
|
|t:|1685544422
|switch|p1a: Sylveon|Sylveon, L84, F|297/297
|turn|20
|
|t:|1685544427
|move|p1a: Sylveon|Hyper Voice|p2a: Exeggutor
|-damage|p2a: Exeggutor|52/304
|-enditem|p2a: Exeggutor|Sitrus Berry|[eat]
|-heal|p2a: Exeggutor|128/304|[from] item: Sitrus Berry
|move|p2a: Exeggutor|Leech Seed|p1a: Sylveon
|-start|p1a: Sylveon|move: Leech Seed
|
|-damage|p1a: Sylveon|260/297|[from] Leech Seed|[of] p2a: Exeggutor
|-heal|p2a: Exeggutor|165/304|[silent]
|-item|p2a: Exeggutor|Sitrus Berry|[from] ability: Harvest
|upkeep
|turn|21
|
|t:|1685544437
|move|p1a: Sylveon|Calm Mind|p1a: Sylveon
|-boost|p1a: Sylveon|spa|1
|-boost|p1a: Sylveon|spd|1
|move|p2a: Exeggutor|Sleep Powder|p1a: Sylveon|[miss]
|-miss|p2a: Exeggutor|p1a: Sylveon
|
|-heal|p1a: Sylveon|278/297|[from] item: Leftovers
|-damage|p1a: Sylveon|241/297|[from] Leech Seed|[of] p2a: Exeggutor
|-heal|p2a: Exeggutor|202/304|[silent]
|upkeep
|turn|22
|
|t:|1685544446
|move|p1a: Sylveon|Calm Mind|p1a: Sylveon
|-boost|p1a: Sylveon|spa|1
|-boost|p1a: Sylveon|spd|1
|move|p2a: Exeggutor|Sleep Powder|p1a: Sylveon|[miss]
|-miss|p2a: Exeggutor|p1a: Sylveon
|
|-heal|p1a: Sylveon|259/297|[from] item: Leftovers
|-damage|p1a: Sylveon|222/297|[from] Leech Seed|[of] p2a: Exeggutor
|-heal|p2a: Exeggutor|239/304|[silent]
|upkeep
|turn|23
|
|t:|1685544456
|move|p1a: Sylveon|Hyper Voice|p2a: Exeggutor
|-damage|p2a: Exeggutor|0 fnt
|faint|p2a: Exeggutor
|
|-heal|p1a: Sylveon|240/297|[from] item: Leftovers
|upkeep
|
|t:|1685544464
|switch|p2a: Arcanine|Arcanine, L82, F|237/282
|turn|24
|
|t:|1685544470
|move|p2a: Arcanine|Will-O-Wisp|p1a: Sylveon
|-status|p1a: Sylveon|brn
|move|p1a: Sylveon|Hyper Voice|p2a: Arcanine
|-resisted|p2a: Arcanine
|-damage|p2a: Arcanine|102/282
|
|-heal|p1a: Sylveon|258/297 brn|[from] item: Leftovers
|-damage|p1a: Sylveon|221/297 brn|[from] Leech Seed|[of] p2a: Arcanine
|-heal|p2a: Arcanine|139/282|[silent]
|-damage|p1a: Sylveon|203/297 brn|[from] brn
|upkeep
|turn|25
|
|t:|1685544481
|move|p2a: Arcanine|Morning Sun|p2a: Arcanine
|-heal|p2a: Arcanine|280/282
|move|p1a: Sylveon|Hyper Voice|p2a: Arcanine
|-resisted|p2a: Arcanine
|-damage|p2a: Arcanine|146/282
|
|-heal|p1a: Sylveon|221/297 brn|[from] item: Leftovers
|-damage|p1a: Sylveon|184/297 brn|[from] Leech Seed|[of] p2a: Arcanine
|-heal|p2a: Arcanine|183/282|[silent]
|-damage|p1a: Sylveon|166/297 brn|[from] brn
|upkeep
|turn|26
|
|t:|1685544493
|move|p2a: Arcanine|Morning Sun|p2a: Arcanine
|-heal|p2a: Arcanine|282/282
|move|p1a: Sylveon|Calm Mind|p1a: Sylveon
|-boost|p1a: Sylveon|spa|1
|-boost|p1a: Sylveon|spd|1
|
|-heal|p1a: Sylveon|184/297 brn|[from] item: Leftovers
|-damage|p1a: Sylveon|147/297 brn|[from] Leech Seed|[of] p2a: Arcanine
|-damage|p1a: Sylveon|129/297 brn|[from] brn
|-sideend|p1: Erlam|move: Light Screen
|upkeep
|turn|27
|
|t:|1685544503
|move|p2a: Arcanine|Flare Blitz|p1a: Sylveon
|-damage|p1a: Sylveon|0 fnt
|faint|p1a: Sylveon
|-damage|p2a: Arcanine|239/282|[from] Recoil
|
|win|LiJing0520
|raw|Erlam's rating: 1249 &rarr; <strong>1227</strong><br />(-22 for losing)
|raw|LiJing0520's rating: 1285 &rarr; <strong>1307</strong><br />(+22 for winning)
|l|☆Erlam
