|j|☆skillgamebtw
|j|☆MichaelderBeste2
|t:|1668160856
|gametype|singles
|player|p1|skillgamebtw|101|2444
|player|p2|MichaelderBeste2|#wcop2021germany|2469
|teamsize|p1|6
|teamsize|p2|6
|gen|8
|tier|[Gen 8] Random Battle
|rated|
|rule|Species Clause: Limit one of each Pokémon
|rule|HP Percentage Mod: HP is shown in percentages
|rule|Sleep Clause Mod: Limit one foe put to sleep
|
|t:|1668160856
|start
|switch|p1a: Zapdos|Zapdos-Galar, L76|262/262
|switch|p2a: Reshiram|Reshiram, L74|270/270
|-ability|p2a: Reshiram|Turboblaze
|turn|1
|j| Jelly cookie
|
|t:|1668160888
|switch|p1a: Moltres|Moltres, L80|275/275
|-ability|p1a: Moltres|Pressure
|move|p2a: Reshiram|Draco Meteor|p1a: Moltres
|-damage|p1a: Moltres|121/275
|-unboost|p2a: Reshiram|spa|2
|
|upkeep
|turn|2
|
|t:|1668160902
|switch|p1a: Nidoqueen|Nidoqueen, L84, F|288/288
|switch|p2a: Tentacruel|Tentacruel, L84, M|272/272
|
|upkeep
|turn|3
|
|t:|1668160913
|move|p2a: Tentacruel|Scald|p1a: Nidoqueen
|-supereffective|p1a: Nidoqueen
|-damage|p1a: Nidoqueen|132/288
|move|p1a: Nidoqueen|Earth Power|p2a: Tentacruel
|-supereffective|p2a: Tentacruel
|-damage|p2a: Tentacruel|69/272
|
|-heal|p2a: Tentacruel|86/272|[from] item: Black Sludge
|upkeep
|turn|4
|j| dankjeacht
|
|t:|1668160940
|switch|p1a: Grimmsnarl|Grimmsnarl, L82, M|290/290
|move|p2a: Tentacruel|Scald|p1a: Grimmsnarl
|-damage|p1a: Grimmsnarl|197/290
|
|-heal|p2a: Tentacruel|103/272|[from] item: Black Sludge
|upkeep
|turn|5
|
|t:|1668160946
|switch|p2a: Ninetales|Ninetales-Alola, L79, F|245/245
|-weather|Hail|[from] ability: Snow Warning|[of] p2a: Ninetales
|switch|p1a: Genesect|Genesect-Douse, L74|227/227
|-ability|p1a: Genesect|Download|boost
|-boost|p1a: Genesect|atk|1
|
|-weather|Hail|[upkeep]
|-damage|p1a: Genesect|213/227|[from] Hail
|upkeep
|turn|6
|c| dankjeacht|elo so high
|j| Marth bruh
|
|t:|1668160996
|switch|p2a: Audino|Audino, L91, M|335/335
|switch|p1a: Grimmsnarl|Grimmsnarl, L82, M|197/290
|
|-weather|Hail|[upkeep]
|-damage|p1a: Grimmsnarl|179/290|[from] Hail
|-damage|p2a: Audino|315/335|[from] Hail
|-heal|p2a: Audino|335/335|[from] item: Leftovers
|upkeep
|turn|7
|
|t:|1668161027
|move|p1a: Grimmsnarl|Bulk Up|p1a: Grimmsnarl
|-boost|p1a: Grimmsnarl|atk|1
|-boost|p1a: Grimmsnarl|def|1
|move|p2a: Audino|Wish|p2a: Audino
|
|-weather|Hail|[upkeep]
|-damage|p1a: Grimmsnarl|161/290|[from] Hail
|-damage|p2a: Audino|315/335|[from] Hail
|-heal|p2a: Audino|335/335|[from] item: Leftovers
|upkeep
|turn|8
|
|t:|1668161037
|switch|p2a: Ninetales|Ninetales-Alola, L79, F|245/245
|-start|p1a: Grimmsnarl|Dynamax|Gmax
|-heal|p1a: Grimmsnarl|322/580|[silent]
|move|p1a: Grimmsnarl|Max Starfall|p2a: Ninetales
|-damage|p2a: Ninetales|0 fnt
|-fieldstart|move: Misty Terrain
|faint|p2a: Ninetales
|
|-weather|Hail|[upkeep]
|-damage|p1a: Grimmsnarl|304/580|[from] Hail
|upkeep
|
|t:|1668161054
|switch|p2a: Audino|Audino, L91, M|335/335
|turn|9
|
|t:|1668161070
|move|p1a: Grimmsnarl|Max Starfall|p2a: Audino
|-damage|p2a: Audino|116/335
|move|p2a: Audino|Wish|p2a: Audino
|
|-weather|none
|-heal|p2a: Audino|136/335|[from] item: Leftovers
|upkeep
|turn|10
|
|t:|1668161077
|switch|p2a: Reshiram|Reshiram, L74|270/270
|-ability|p2a: Reshiram|Turboblaze
|move|p1a: Grimmsnarl|Max Starfall|p2a: Reshiram
|-damage|p2a: Reshiram|42/270
|
|-heal|p2a: Reshiram|209/270|[from] move: Wish|[wisher] Audino
|upkeep
|-end|p1a: Grimmsnarl|Dynamax
|-heal|p1a: Grimmsnarl|152/290|[silent]
|turn|11
|
|t:|1668161098
|switch|p1a: Moltres|Moltres, L80|121/275
|-ability|p1a: Moltres|Pressure
|move|p2a: Reshiram|Blue Flare|p1a: Moltres|[miss]
|-miss|p2a: Reshiram|p1a: Moltres
|
|upkeep
|turn|12
|
|t:|1668161116
|switch|p1a: Shiftry|Shiftry, L86, F|295/295
|switch|p2a: Audino|Audino, L91, M|247/335
|
|-heal|p2a: Audino|267/335|[from] item: Leftovers
|-fieldend|Misty Terrain
|upkeep
|turn|13
|
|t:|1668161131
|switch|p2a: Pheromosa|Pheromosa, L75|230/230
|move|p1a: Shiftry|Nasty Plot|p1a: Shiftry
|-boost|p1a: Shiftry|spa|2
|
|upkeep
|turn|14
|
|t:|1668161139
|switch|p1a: Moltres|Moltres, L80|121/275
|-ability|p1a: Moltres|Pressure
|move|p2a: Pheromosa|U-turn|p1a: Moltres
|-resisted|p1a: Moltres
|-damage|p1a: Moltres|91/275
|
|t:|1668161144
|switch|p2a: Tentacruel|Tentacruel, L84, M|103/272
|
|-heal|p2a: Tentacruel|120/272|[from] item: Black Sludge
|upkeep
|turn|15
|
|t:|1668161149
|switch|p1a: Shiftry|Shiftry, L86, F|295/295
|move|p2a: Tentacruel|Scald|p1a: Shiftry
|-resisted|p1a: Shiftry
|-crit|p1a: Shiftry
|-damage|p1a: Shiftry|226/295
|
|-heal|p2a: Tentacruel|137/272|[from] item: Black Sludge
|upkeep
|turn|16
|
|t:|1668161161
|switch|p2a: Pheromosa|Pheromosa, L75|230/230
|move|p1a: Shiftry|Leaf Storm|p2a: Pheromosa
|-resisted|p2a: Pheromosa
|-damage|p2a: Pheromosa|43/230
|-unboost|p1a: Shiftry|spa|2
|-damage|p1a: Shiftry|197/295|[from] item: Life Orb
|
|upkeep
|turn|17
|
|t:|1668161192
|switch|p1a: Moltres|Moltres, L80|91/275
|-ability|p1a: Moltres|Pressure
|move|p2a: Pheromosa|U-turn|p1a: Moltres
|-resisted|p1a: Moltres
|-damage|p1a: Moltres|60/275
|
|t:|1668161196
|switch|p2a: Tentacruel|Tentacruel, L84, M|137/272
|
|-heal|p2a: Tentacruel|154/272|[from] item: Black Sludge
|upkeep
|turn|18
|
|t:|1668161207
|move|p2a: Tentacruel|Scald|p1a: Moltres
|-supereffective|p1a: Moltres
|-damage|p1a: Moltres|0 fnt
|faint|p1a: Moltres
|
|-heal|p2a: Tentacruel|171/272|[from] item: Black Sludge
|upkeep
|
|t:|1668161227
|switch|p1a: Grimmsnarl|Grimmsnarl, L82, M|152/290
|turn|19
|
|t:|1668161243
|move|p2a: Tentacruel|Scald|p1a: Grimmsnarl
|-damage|p1a: Grimmsnarl|61/290
|move|p1a: Grimmsnarl|Darkest Lariat|p2a: Tentacruel
|-damage|p2a: Tentacruel|36/272
|
|-heal|p2a: Tentacruel|53/272|[from] item: Black Sludge
|upkeep
|turn|20
|
|t:|1668161248
|move|p1a: Grimmsnarl|Rest|p1a: Grimmsnarl
|-status|p1a: Grimmsnarl|slp|[from] move: Rest
|-heal|p1a: Grimmsnarl|290/290 slp|[silent]
|-enditem|p1a: Grimmsnarl|Chesto Berry|[eat]
|-curestatus|p1a: Grimmsnarl|slp|[msg]
|move|p2a: Tentacruel|Scald|p1a: Grimmsnarl
|-damage|p1a: Grimmsnarl|203/290
|
|-heal|p2a: Tentacruel|70/272|[from] item: Black Sludge
|upkeep
|turn|21
|
|t:|1668161264
|switch|p2a: Reshiram|Reshiram, L74|209/270
|-ability|p2a: Reshiram|Turboblaze
|move|p1a: Grimmsnarl|Darkest Lariat|p2a: Reshiram
|-damage|p2a: Reshiram|112/270
|
|upkeep
|turn|22
|
|t:|1668161269
|move|p2a: Reshiram|Roost|p2a: Reshiram
|-heal|p2a: Reshiram|247/270
|-singleturn|p2a: Reshiram|move: Roost
|move|p1a: Grimmsnarl|Play Rough|p2a: Reshiram
|-damage|p2a: Reshiram|129/270
|
|upkeep
|turn|23
|
|t:|1668161285
|move|p1a: Grimmsnarl|Bulk Up|p1a: Grimmsnarl
|-boost|p1a: Grimmsnarl|atk|1
|-boost|p1a: Grimmsnarl|def|1
|move|p2a: Reshiram|Blue Flare|p1a: Grimmsnarl
|-damage|p1a: Grimmsnarl|19/290
|
|upkeep
|turn|24
|
|t:|1668161292
|move|p2a: Reshiram|Earth Power|p1a: Grimmsnarl
|-damage|p1a: Grimmsnarl|0 fnt
|faint|p1a: Grimmsnarl
|
|upkeep
|
|t:|1668161296
|switch|p1a: Shiftry|Shiftry, L86, F|197/295
|turn|25
|
|t:|1668161302
|move|p1a: Shiftry|Dark Pulse|p2a: Reshiram
|-damage|p2a: Reshiram|24/270
|-damage|p1a: Shiftry|168/295|[from] item: Life Orb
|move|p2a: Reshiram|Blue Flare|p1a: Shiftry|[miss]
|-miss|p2a: Reshiram|p1a: Shiftry
|
|upkeep
|turn|26
|
|t:|1668161311
|move|p1a: Shiftry|Dark Pulse|p2a: Reshiram
|-damage|p2a: Reshiram|0 fnt
|faint|p2a: Reshiram
|-damage|p1a: Shiftry|139/295|[from] item: Life Orb
|
|upkeep
|
|t:|1668161314
|switch|p2a: Pheromosa|Pheromosa, L75|43/230
|turn|27
|
|t:|1668161320
|move|p2a: Pheromosa|U-turn|p1a: Shiftry
|-supereffective|p1a: Shiftry
|-damage|p1a: Shiftry|0 fnt
|faint|p1a: Shiftry
|-ability|p2a: Pheromosa|Beast Boost|boost
|-boost|p2a: Pheromosa|spe|1
|
|t:|1668161326
|switch|p2a: Tentacruel|Tentacruel, L84, M|70/272
|
|-heal|p2a: Tentacruel|87/272|[from] item: Black Sludge
|upkeep
|
|t:|1668161352
|switch|p1a: Genesect|Genesect-Douse, L74|213/227
|-ability|p1a: Genesect|Download|boost
|-boost|p1a: Genesect|atk|1
|turn|28
|
|t:|1668161356
|move|p2a: Tentacruel|Scald|p1a: Genesect
|-damage|p1a: Genesect|137/227
|-status|p1a: Genesect|brn
|move|p1a: Genesect|Iron Head|p2a: Tentacruel
|-resisted|p2a: Tentacruel
|-damage|p2a: Tentacruel|50/272
|
|-heal|p2a: Tentacruel|67/272|[from] item: Black Sludge
|-damage|p1a: Genesect|123/227 brn|[from] brn
|upkeep
|turn|29
|j| Scarlet Rotussy
|-message|skillgamebtw forfeited.
|
|win|MichaelderBeste2
|raw|skillgamebtw's rating: 2444 &rarr; <strong>2425</strong><br />(-19 for losing)
|raw|MichaelderBeste2's rating: 2469 &rarr; <strong>2488</strong><br />(+19 for winning)
|l|☆skillgamebtw
|l|☆MichaelderBeste2
|l| Jelly cookie
|l| Scarlet Rotussy
