|j|☆MichaelderBeste2
|j|☆Elxsa❀
|t:|1602234246
|player|p1|MichaelderBeste2|steven|2532
|player|p2|Elxsa❀|elesa|2441
|teamsize|p1|6
|teamsize|p2|6
|gametype|singles
|gen|8
|tier|[Gen 8] Random Battle
|rated|
|rule|Species Clause: Limit one of each Pokémon
|rule|HP Percentage Mod: HP is shown in percentages
|rule|Sleep Clause Mod: Limit one foe put to sleep
|
|t:|1602234246
|start
|switch|p1a: Alcremie|Alcremie, L88, F|258/258
|switch|p2a: Nidoqueen|Nidoqueen, L84, F|288/288
|turn|1
|c|☆Elxsa❀|hf
|c|☆MichaelderBeste2|u2
|
|t:|1602234296
|move|p2a: Nidoqueen|Earth Power|p1a: Alcremie
|-damage|p1a: Alcremie|164/258
|move|p1a: Alcremie|Psychic|p2a: Nidoqueen
|-supereffective|p2a: Nidoqueen
|-damage|p2a: Nidoqueen|85/288
|-damage|p1a: Alcremie|139/258|[from] item: Life Orb
|
|upkeep
|turn|2
|
|t:|1602234303
|switch|p1a: Sandaconda|Sandaconda, L86, M|264/264
|move|p2a: Nidoqueen|Toxic Spikes|p1a: Sandaconda
|-sidestart|p1: MichaelderBeste2|move: Toxic Spikes
|
|upkeep
|turn|3
|
|t:|1602234364
|move|p2a: Nidoqueen|Ice Beam|p1a: Sandaconda
|-supereffective|p1a: Sandaconda
|-damage|p1a: Sandaconda|59/264
|move|p1a: Sandaconda|Earthquake|p2a: Nidoqueen
|-supereffective|p2a: Nidoqueen
|-damage|p2a: Nidoqueen|0 fnt
|faint|p2a: Nidoqueen
|
|-heal|p1a: Sandaconda|75/264|[from] item: Leftovers
|upkeep
|
|t:|1602234373
|switch|p2a: Milotic|Milotic, L84, F|297/297
|turn|4
|
|t:|1602234396
|switch|p1a: Type: Null|Type: Null, L88|310/310
|-status|p1a: Type: Null|psn
|move|p2a: Milotic|Scald|p1a: Type: Null
|-damage|p1a: Type: Null|258/310 psn
|
|-damage|p1a: Type: Null|220/310 psn|[from] psn
|upkeep
|turn|5
|
|t:|1602234401
|move|p2a: Milotic|Scald|p1a: Type: Null
|-damage|p1a: Type: Null|168/310 psn
|move|p1a: Type: Null|Crush Claw|p2a: Milotic
|-damage|p2a: Milotic|197/297
|-unboost|p2a: Milotic|def|1
|-ability|p2a: Milotic|Competitive
|-boost|p2a: Milotic|spa|2
|
|-heal|p2a: Milotic|215/297|[from] item: Leftovers
|-damage|p1a: Type: Null|130/310 psn|[from] psn
|upkeep
|turn|6
|
|t:|1602234425
|switch|p1a: Bellossom|Bellossom, L88, M|275/275
|-status|p1a: Bellossom|psn
|move|p2a: Milotic|Scald|p1a: Bellossom
|-resisted|p1a: Bellossom
|-damage|p1a: Bellossom|206/275 psn
|
|-heal|p2a: Milotic|233/297|[from] item: Leftovers
|-heal|p1a: Bellossom|223/275 psn|[from] item: Leftovers
|-damage|p1a: Bellossom|189/275 psn|[from] psn
|upkeep
|turn|7
|
|t:|1602234431
|move|p2a: Milotic|Ice Beam|p1a: Bellossom
|-supereffective|p1a: Bellossom
|-damage|p1a: Bellossom|0 fnt
|faint|p1a: Bellossom
|
|-heal|p2a: Milotic|251/297|[from] item: Leftovers
|upkeep
|c|☆MichaelderBeste2|uh
|
|t:|1602234442
|switch|p1a: Centiskorch|Centiskorch, L84, F|305/305
|turn|8
|
|t:|1602234446
|-start|p1a: Centiskorch|Dynamax
|-heal|p1a: Centiskorch|610/610|[silent]
|move|p2a: Milotic|Scald|p1a: Centiskorch
|-supereffective|p1a: Centiskorch
|-damage|p1a: Centiskorch|280/610
|move|p1a: Centiskorch|Max Flutterby|p2a: Milotic
|-damage|p2a: Milotic|11/297
|-unboost|p2a: Milotic|spa|1
|-ability|p2a: Milotic|Competitive
|-boost|p2a: Milotic|spa|2
|
|-heal|p2a: Milotic|29/297|[from] item: Leftovers
|upkeep
|turn|9
|c|☆MichaelderBeste2|UHHH
|
|t:|1602234455
|move|p2a: Milotic|Scald|p1a: Centiskorch
|-supereffective|p1a: Centiskorch
|-damage|p1a: Centiskorch|0 fnt
|faint|p1a: Centiskorch
|
|-heal|p2a: Milotic|47/297|[from] item: Leftovers
|upkeep
|
|t:|1602234456
|switch|p1a: Moltres|Moltres, L82|282/282
|turn|10
|c|☆Elxsa❀|lol
|
|t:|1602234463
|switch|p2a: Blissey|Blissey, L80, F|539/539
|move|p1a: Moltres|Air Slash|p2a: Blissey
|-damage|p2a: Blissey|464/539
|
|-heal|p2a: Blissey|497/539|[from] item: Leftovers
|upkeep
|turn|11
|
|t:|1602234475
|move|p1a: Moltres|Defog|p2a: Blissey
|-unboost|p2a: Blissey|evasion|1
|-sideend|p1: MichaelderBeste2|Toxic Spikes|[from] move: Defog|[of] p1a: Moltres
|move|p2a: Blissey|Seismic Toss|p1a: Moltres
|-damage|p1a: Moltres|202/282
|
|-heal|p2a: Blissey|530/539|[from] item: Leftovers
|upkeep
|turn|12
|
|t:|1602234488
|switch|p1a: Type: Null|Type: Null, L88|130/310 psn
|move|p2a: Blissey|Seismic Toss|p1a: Type: Null
|-damage|p1a: Type: Null|50/310 psn
|
|-heal|p2a: Blissey|539/539|[from] item: Leftovers
|-damage|p1a: Type: Null|12/310 psn|[from] psn
|upkeep
|turn|13
|
|t:|1602234496
|move|p1a: Type: Null|Rest|p1a: Type: Null
|-status|p1a: Type: Null|slp|[from] move: Rest
|-heal|p1a: Type: Null|310/310 slp|[silent]
|move|p2a: Blissey|Wish|p2a: Blissey
|
|upkeep
|turn|14
|
|t:|1602234513
|switch|p2a: Milotic|Milotic, L84, F|47/297
|cant|p1a: Type: Null|slp
|move|p1a: Type: Null|Sleep Talk|p1a: Type: Null
|move|p1a: Type: Null|Rest|p1a: Type: Null|[from]Sleep Talk
|-fail|p1a: Type: Null|heal
|
|-heal|p2a: Milotic|297/297|[from] move: Wish|[wisher] Blissey
|upkeep
|turn|15
|j| Uahsg
|
|t:|1602234527
|move|p2a: Milotic|Scald|p1a: Type: Null
|-damage|p1a: Type: Null|252/310 slp
|cant|p1a: Type: Null|slp
|
|upkeep
|turn|16
|
|t:|1602234531
|move|p2a: Milotic|Scald|p1a: Type: Null
|-damage|p1a: Type: Null|200/310 slp
|-curestatus|p1a: Type: Null|slp|[msg]
|move|p1a: Type: Null|Swords Dance|p1a: Type: Null
|-boost|p1a: Type: Null|atk|2
|
|upkeep
|turn|17
|
|t:|1602234533
|move|p2a: Milotic|Haze|p2a: Milotic
|-clearallboost
|move|p1a: Type: Null|Swords Dance|p1a: Type: Null
|-boost|p1a: Type: Null|atk|2
|
|upkeep
|turn|18
|c|☆MichaelderBeste2|f
|
|t:|1602234545
|switch|p1a: Alcremie|Alcremie, L88, F|139/258
|move|p2a: Milotic|Scald|p1a: Alcremie
|-damage|p1a: Alcremie|72/258
|
|upkeep
|turn|19
|
|t:|1602234550
|move|p2a: Milotic|Scald|p1a: Alcremie
|-damage|p1a: Alcremie|6/258
|move|p1a: Alcremie|Recover|p1a: Alcremie
|-heal|p1a: Alcremie|135/258
|
|upkeep
|turn|20
|
|t:|1602234554
|move|p2a: Milotic|Scald|p1a: Alcremie
|-damage|p1a: Alcremie|66/258
|move|p1a: Alcremie|Recover|p1a: Alcremie
|-heal|p1a: Alcremie|195/258
|
|upkeep
|turn|21
|j| Gabrielrp123456
|
|t:|1602234560
|switch|p2a: Blissey|Blissey, L80, F|539/539
|move|p1a: Alcremie|Recover|p1a: Alcremie
|-heal|p1a: Alcremie|258/258
|
|upkeep
|turn|22
|
|t:|1602234563
|switch|p1a: Type: Null|Type: Null, L88|200/310
|move|p2a: Blissey|Toxic|p1a: Type: Null
|-status|p1a: Type: Null|tox
|
|-damage|p1a: Type: Null|181/310 tox|[from] psn
|upkeep
|turn|23
|
|t:|1602234566
|switch|p2a: Milotic|Milotic, L84, F|297/297
|move|p1a: Type: Null|Swords Dance|p1a: Type: Null
|-boost|p1a: Type: Null|atk|2
|
|-damage|p1a: Type: Null|143/310 tox|[from] psn
|upkeep
|turn|24
|
|t:|1602234578
|move|p2a: Milotic|Haze|p2a: Milotic
|-clearallboost
|move|p1a: Type: Null|Rest|p1a: Type: Null
|-status|p1a: Type: Null|slp|[from] move: Rest
|-heal|p1a: Type: Null|310/310 slp|[silent]
|
|upkeep
|turn|25
|
|t:|1602234591
|switch|p2a: Ninetales|Ninetales, L86, F|266/266
|-weather|SunnyDay|[from] ability: Drought|[of] p2a: Ninetales
|cant|p1a: Type: Null|slp
|
|-weather|SunnyDay|[upkeep]
|upkeep
|turn|26
|
|t:|1602234594
|move|p2a: Ninetales|Nasty Plot|p2a: Ninetales
|-boost|p2a: Ninetales|spa|2
|cant|p1a: Type: Null|slp
|move|p1a: Type: Null|Sleep Talk|p1a: Type: Null
|move|p1a: Type: Null|Crush Claw|p2a: Ninetales|[from]Sleep Talk
|-damage|p2a: Ninetales|172/266
|
|-weather|SunnyDay|[upkeep]
|upkeep
|turn|27
|
|t:|1602234601
|move|p2a: Ninetales|Nasty Plot|p2a: Ninetales
|-boost|p2a: Ninetales|spa|2
|-curestatus|p1a: Type: Null|slp|[msg]
|move|p1a: Type: Null|Crush Claw|p2a: Ninetales
|-damage|p2a: Ninetales|78/266
|-unboost|p2a: Ninetales|def|1
|
|-weather|SunnyDay|[upkeep]
|upkeep
|turn|28
|
|t:|1602234640
|switch|p1a: Moltres|Moltres, L82|202/282
|-start|p2a: Ninetales|Dynamax
|-heal|p2a: Ninetales|156/532|[silent]
|move|p2a: Ninetales|Max Flare|p1a: Moltres
|-resisted|p1a: Moltres
|-damage|p1a: Moltres|0 fnt
|faint|p1a: Moltres
|
|-weather|SunnyDay|[upkeep]
|upkeep
|c|☆Elxsa❀|gg
|l| Gabrielrp123456
|
|t:|1602234676
|switch|p1a: Type: Null|Type: Null, L88|310/310
|turn|29
|
|t:|1602234679
|switch|p1a: Alcremie|Alcremie, L88, F|258/258
|move|p2a: Ninetales|Max Flare|p1a: Alcremie
|-damage|p1a: Alcremie|0 fnt
|faint|p1a: Alcremie
|
|-weather|none
|upkeep
|
|t:|1602234684
|switch|p1a: Type: Null|Type: Null, L88|310/310
|turn|30
|
|t:|1602234687
|move|p2a: Ninetales|Max Flare|p1a: Type: Null
|-damage|p1a: Type: Null|82/310
|-weather|SunnyDay
|move|p1a: Type: Null|Rest|p1a: Type: Null
|-status|p1a: Type: Null|slp|[from] move: Rest
|-heal|p1a: Type: Null|310/310 slp|[silent]
|
|-weather|SunnyDay|[upkeep]
|-end|p2a: Ninetales|Dynamax
|-heal|p2a: Ninetales|78/266|[silent]
|upkeep
|turn|31
|
|t:|1602234693
|move|p2a: Ninetales|Fire Blast|p1a: Type: Null
|-damage|p1a: Type: Null|37/310 slp
|cant|p1a: Type: Null|slp
|move|p1a: Type: Null|Sleep Talk|p1a: Type: Null
|move|p1a: Type: Null|Swords Dance|p1a: Type: Null|[from]Sleep Talk
|-boost|p1a: Type: Null|atk|2
|
|-weather|SunnyDay|[upkeep]
|upkeep
|turn|32
|
|t:|1602234697
|move|p2a: Ninetales|Solar Beam||[still]
|-prepare|p2a: Ninetales|Solar Beam
|-anim|p2a: Ninetales|Solar Beam|p1a: Type: Null
|-damage|p1a: Type: Null|0 fnt
|faint|p1a: Type: Null
|
|-weather|SunnyDay|[upkeep]
|upkeep
|c|☆MichaelderBeste2|meh
|c|☆MichaelderBeste2|gg
|-message|MichaelderBeste2 forfeited.
|
|win|Elxsa❀
|l|☆MichaelderBeste2
|raw|MichaelderBeste2's rating: 2498 &rarr; <strong>2475</strong><br />(-23 for losing)
|raw|Elxsa❀'s rating: 2441 &rarr; <strong>2464</strong><br />(+23 for winning)
