|j|☆LollWith2Ls
|j|☆iamgodmeta
|inactive|Battle timer is ON: inactive players will automatically lose when time's up.
|t:|1685569819
|gametype|singles
|player|p1|LollWith2Ls|plasmagrunt|
|player|p2|iamgodmeta|adaman|
|teamsize|p1|3
|teamsize|p2|3
|gen|8
|tier|[Gen 8] Random Battle
|rated|Tournament battle
|rule|Species Clause: Limit one of each Pokémon
|rule|HP Percentage Mod: HP is shown in percentages
|rule|Sleep Clause Mod: Limit one foe put to sleep
|clearpoke
|poke|p1|Gourgeist-*, L84, M|
|poke|p1|Lurantis, L86, F|
|poke|p1|Sandslash, L86, M|
|poke|p2|Sudowoodo, L87, M|
|poke|p2|Lapras, L86, F|
|poke|p2|Pincurchin, L88, F|
|teampreview|1
|j|*Lady Monita
|j| amphyisfluffy~
|c|☆LollWith2Ls|glhf
|
|t:|1685569849
|start
|switch|p1a: Gourgeist|Gourgeist-Small, L84, M|230/230
|switch|p2a: Lapras|Lapras, L86, F|363/363
|-item|p2a: Lapras|Leftovers|[from] ability: Frisk|[of] p1a: Gourgeist|[identify]
|turn|1
|
|t:|1685569873
|-start|p1a: Gourgeist|Dynamax|
|-heal|p1a: Gourgeist|460/460|[silent]
|-start|p2a: Lapras|Dynamax|Gmax
|-heal|p2a: Lapras|726/726|[silent]
|move|p1a: Gourgeist|Max Overgrowth|p2a: Lapras
|-supereffective|p2a: Lapras
|-damage|p2a: Lapras|456/726
|-fieldstart|move: Grassy Terrain
|move|p2a: Lapras|G-Max Resonance|p1a: Gourgeist
|-supereffective|p1a: Gourgeist
|-damage|p1a: Gourgeist|164/460
|-sidestart|p2: iamgodmeta|move: Aurora Veil
|
|-heal|p1a: Gourgeist|178/460|[from] Grassy Terrain
|-heal|p1a: Gourgeist|192/460|[from] item: Leftovers
|-heal|p2a: Lapras|478/726|[from] Grassy Terrain
|-heal|p2a: Lapras|500/726|[from] item: Leftovers
|upkeep
|turn|2
|
|t:|1685569900
|move|p1a: Gourgeist|Max Guard|p1a: Gourgeist
|-singleturn|p1a: Gourgeist|Max Guard
|move|p2a: Lapras|G-Max Resonance|p1a: Gourgeist
|-activate|p1a: Gourgeist|move: Max Guard
|
|-heal|p1a: Gourgeist|206/460|[from] Grassy Terrain
|-heal|p1a: Gourgeist|220/460|[from] item: Leftovers
|-heal|p2a: Lapras|522/726|[from] Grassy Terrain
|-heal|p2a: Lapras|544/726|[from] item: Leftovers
|upkeep
|turn|3
|
|t:|1685569910
|move|p1a: Gourgeist|Max Overgrowth|p2a: Lapras
|-supereffective|p2a: Lapras
|-damage|p2a: Lapras|358/726
|move|p2a: Lapras|G-Max Resonance|p1a: Gourgeist
|-supereffective|p1a: Gourgeist
|-damage|p1a: Gourgeist|0 fnt
|faint|p1a: Gourgeist
|
|win|iamgodmeta
|n|☆LollWith2Ls|lollwith2ls
|n|☆iamgodmeta|iamgodmeta
|n|*Lady Monita|ladymonita
|n| amphyisfluffy~|amphyisfluffy
