|j|☆Marionette_playzYT
|j|☆gopqy
|t:|1685412097
|gametype|singles
|player|p1|Marionette_playzYT|steven|
|player|p2|gopqy|selene|
|teamsize|p1|6
|teamsize|p2|6
|gen|8
|tier|[Gen 8] Random Battle
|rule|Species Clause: Limit one of each Pokémon
|rule|HP Percentage Mod: HP is shown in percentages
|rule|Sleep Clause Mod: Limit one foe put to sleep
|
|t:|1685412097
|start
|switch|p1a: Rapidash|Rapidash, L84, F|246/246
|switch|p2a: Magnezone|Magnezone, L84|255/255
|turn|1
|
|t:|1685412131
|switch|p2a: Politoed|Politoed, L86, M|295/295
|-weather|RainDance|[from] ability: Drizzle|[of] p2a: Politoed
|move|p1a: Rapidash|Flare Blitz|p2a: Politoed
|-resisted|p2a: Politoed
|-damage|p2a: Politoed|257/295
|-damage|p1a: Rapidash|233/246|[from] Recoil
|
|-weather|RainDance|[upkeep]
|upkeep
|turn|2
|
|t:|1685412150
|switch|p1a: Abomasnow|Abomasnow, L82, F|282/282
|-weather|Hail|[from] ability: Snow Warning|[of] p1a: Abomasnow
|move|p2a: Politoed|Scald|p1a: Abomasnow
|-resisted|p1a: Abomasnow
|-damage|p1a: Abomasnow|239/282
|-status|p1a: Abomasnow|brn
|
|-weather|Hail|[upkeep]
|-damage|p2a: Politoed|239/295|[from] Hail
|-damage|p1a: Abomasnow|222/282 brn|[from] brn
|upkeep
|turn|3
|
|t:|1685412177
|switch|p2a: Magnezone|Magnezone, L84|255/255
|move|p1a: Abomasnow|Wood Hammer|p2a: Magnezone
|-resisted|p2a: Magnezone
|-damage|p2a: Magnezone|231/255
|-damage|p1a: Abomasnow|214/282 brn|[from] Recoil
|
|-weather|Hail|[upkeep]
|-damage|p2a: Magnezone|216/255|[from] Hail
|-damage|p1a: Abomasnow|197/282 brn|[from] brn
|upkeep
|turn|4
|
|t:|1685412207
|move|p2a: Magnezone|Volt Switch|p1a: Abomasnow
|-resisted|p1a: Abomasnow
|-damage|p1a: Abomasnow|148/282 brn
|
|t:|1685412220
|switch|p2a: Noivern|Noivern, L82, M|274/274|[from] Volt Switch
|move|p1a: Abomasnow|Earthquake|p2a: Noivern
|-immune|p2a: Noivern
|
|-weather|Hail|[upkeep]
|-damage|p2a: Noivern|257/274|[from] Hail
|-damage|p1a: Abomasnow|131/282 brn|[from] brn
|upkeep
|turn|5
|
|t:|1685412231
|move|p2a: Noivern|Flamethrower|p1a: Abomasnow
|-supereffective|p1a: Abomasnow
|-damage|p1a: Abomasnow|0 fnt
|faint|p1a: Abomasnow
|
|-weather|Hail|[upkeep]
|-damage|p2a: Noivern|240/274|[from] Hail
|upkeep
|
|t:|1685412239
|switch|p1a: Rapidash|Rapidash, L84, F|233/246
|turn|6
|
|t:|1685412254
|move|p2a: Noivern|Draco Meteor|p1a: Rapidash
|-damage|p1a: Rapidash|95/246
|-unboost|p2a: Noivern|spa|2
|move|p1a: Rapidash|Flare Blitz|p2a: Noivern
|-resisted|p2a: Noivern
|-damage|p2a: Noivern|171/274
|-damage|p1a: Rapidash|72/246|[from] Recoil
|
|-weather|none
|upkeep
|turn|7
|
|t:|1685412276
|switch|p1a: Weezing|Weezing-Galar, L86, F|252/252
|move|p2a: Noivern|Roost|p2a: Noivern
|-heal|p2a: Noivern|274/274
|-singleturn|p2a: Noivern|move: Roost
|
|upkeep
|turn|8
|
|t:|1685412303
|switch|p2a: Politoed|Politoed, L86, M|239/295
|-weather|RainDance|[from] ability: Drizzle|[of] p2a: Politoed
|move|p1a: Weezing|Strange Steam|p2a: Politoed
|-damage|p2a: Politoed|158/295
|
|-weather|RainDance|[upkeep]
|upkeep
|turn|9
|
|t:|1685412333
|move|p2a: Politoed|Scald|p1a: Weezing
|-damage|p1a: Weezing|111/252
|move|p1a: Weezing|Sludge Bomb|p2a: Politoed
|-damage|p2a: Politoed|79/295
|
|-weather|RainDance|[upkeep]
|-heal|p1a: Weezing|126/252|[from] item: Black Sludge
|upkeep
|turn|10
|
|t:|1685412345
|switch|p1a: Golduck|Golduck, L86, F|278/278
|move|p2a: Politoed|Rest|p2a: Politoed
|-status|p2a: Politoed|slp|[from] move: Rest
|-heal|p2a: Politoed|295/295 slp|[silent]
|-enditem|p2a: Politoed|Chesto Berry|[eat]
|-curestatus|p2a: Politoed|slp|[msg]
|
|-weather|RainDance|[upkeep]
|upkeep
|turn|11
|
|t:|1685412358
|move|p1a: Golduck|Substitute|p1a: Golduck
|-start|p1a: Golduck|Substitute
|-damage|p1a: Golduck|209/278
|move|p2a: Politoed|Encore|p1a: Golduck
|-start|p1a: Golduck|Encore
|
|-weather|RainDance|[upkeep]
|-heal|p1a: Golduck|226/278|[from] item: Leftovers
|upkeep
|turn|12
|
|t:|1685412376
|switch|p1a: Durant|Durant, L78, F|219/219
|move|p2a: Politoed|Toxic|p1a: Durant
|-immune|p1a: Durant
|
|-weather|none
|upkeep
|turn|13
|
|t:|1685412389
|move|p1a: Durant|First Impression|p2a: Politoed
|-damage|p2a: Politoed|73/295
|move|p2a: Politoed|Encore|p1a: Durant
|-start|p1a: Durant|Encore
|
|upkeep
|turn|14
|
|t:|1685412404
|move|p1a: Durant|First Impression||[still]
|-hint|First Impression only works on your first turn out.
|-fail|p1a: Durant
|move|p2a: Politoed|Rest|p2a: Politoed
|-status|p2a: Politoed|slp|[from] move: Rest
|-heal|p2a: Politoed|295/295 slp|[silent]
|
|upkeep
|turn|15
|
|t:|1685412413
|switch|p1a: Lycanroc|Lycanroc-Midnight, L82, M|274/274
|cant|p2a: Politoed|slp
|
|upkeep
|turn|16
|
|t:|1685412420
|switch|p1a: Durant|Durant, L78, F|219/219
|cant|p2a: Politoed|slp
|
|upkeep
|turn|17
|
|t:|1685412428
|move|p1a: Durant|First Impression|p2a: Politoed
|-damage|p2a: Politoed|84/295 slp
|-curestatus|p2a: Politoed|slp|[msg]
|move|p2a: Politoed|Encore|p1a: Durant
|-start|p1a: Durant|Encore
|
|upkeep
|turn|18
|
|t:|1685412440
|switch|p1a: Golduck|Golduck, L86, F|226/278
|move|p2a: Politoed|Scald|p1a: Golduck
|-resisted|p1a: Golduck
|-crit|p1a: Golduck
|-damage|p1a: Golduck|163/278
|
|-heal|p1a: Golduck|180/278|[from] item: Leftovers
|upkeep
|turn|19
|
|t:|1685412453
|move|p1a: Golduck|Substitute|p1a: Golduck
|-start|p1a: Golduck|Substitute
|-damage|p1a: Golduck|111/278
|move|p2a: Politoed|Rest|p2a: Politoed
|-status|p2a: Politoed|slp|[from] move: Rest
|-heal|p2a: Politoed|295/295 slp|[silent]
|
|-heal|p1a: Golduck|128/278|[from] item: Leftovers
|upkeep
|turn|20
|
|t:|1685412471
|switch|p2a: Magnezone|Magnezone, L84|216/255
|move|p1a: Golduck|Calm Mind|p1a: Golduck
|-boost|p1a: Golduck|spa|1
|-boost|p1a: Golduck|spd|1
|
|-heal|p1a: Golduck|145/278|[from] item: Leftovers
|upkeep
|turn|21
|
|t:|1685412482
|move|p1a: Golduck|Psyshock|p2a: Magnezone
|-resisted|p2a: Magnezone
|-damage|p2a: Magnezone|178/255
|move|p2a: Magnezone|Thunderbolt|p1a: Golduck
|-supereffective|p1a: Golduck
|-end|p1a: Golduck|Substitute
|
|-heal|p1a: Golduck|162/278|[from] item: Leftovers
|upkeep
|turn|22
|
|t:|1685412505
|switch|p1a: Lycanroc|Lycanroc-Midnight, L82, M|274/274
|move|p2a: Magnezone|Volt Switch|p1a: Lycanroc
|-damage|p1a: Lycanroc|169/274
|
|t:|1685412516
|switch|p2a: Politoed|Politoed, L86, M|295/295 slp|[from] Volt Switch
|-weather|RainDance|[from] ability: Drizzle|[of] p2a: Politoed
|
|-weather|RainDance|[upkeep]
|upkeep
|turn|23
|
|t:|1685412525
|switch|p1a: Durant|Durant, L78, F|219/219
|cant|p2a: Politoed|slp
|
|-weather|RainDance|[upkeep]
|upkeep
|turn|24
|
|t:|1685412539
|switch|p2a: Magnezone|Magnezone, L84|178/255
|move|p1a: Durant|First Impression|p2a: Magnezone
|-resisted|p2a: Magnezone
|-damage|p2a: Magnezone|99/255
|
|-weather|RainDance|[upkeep]
|upkeep
|turn|25
|
|t:|1685412558
|-start|p1a: Durant|Dynamax|
|-heal|p1a: Durant|438/438|[silent]
|move|p1a: Durant|Max Knuckle|p2a: Magnezone
|-supereffective|p2a: Magnezone
|-damage|p2a: Magnezone|0 fnt
|-boost|p1a: Durant|atk|1
|faint|p2a: Magnezone
|
|-weather|RainDance|[upkeep]
|upkeep
|
|t:|1685412572
|switch|p2a: Gengar|Gengar, L80, F|227/227
|turn|26
|
|t:|1685412591
|move|p2a: Gengar|Trick|p1a: Durant
|-activate|p2a: Gengar|move: Trick|[of] p1a: Durant
|-item|p1a: Durant|Choice Specs|[from] move: Trick
|-item|p2a: Gengar|Choice Band|[from] move: Trick
|move|p1a: Durant|Max Steelspike|p2a: Gengar
|-damage|p2a: Gengar|0 fnt
|-boost|p1a: Durant|def|1
|faint|p2a: Gengar
|
|-weather|none
|upkeep
|
|t:|1685412609
|switch|p2a: Noivern|Noivern, L82, M|274/274
|turn|27
|
|t:|1685412614
|move|p2a: Noivern|Defog|p1a: Durant
|-unboost|p1a: Durant|evasion|1
|move|p1a: Durant|Max Rockfall|p2a: Noivern
|-supereffective|p2a: Noivern
|-damage|p2a: Noivern|0 fnt
|-weather|Sandstorm
|faint|p2a: Noivern
|
|-weather|Sandstorm|[upkeep]
|upkeep
|
|t:|1685412629
|switch|p2a: Hitmonchan|Hitmonchan, L86, M|226/226
|-end|p1a: Durant|Dynamax
|-heal|p1a: Durant|219/219|[silent]
|turn|28
|
|t:|1685412652
|switch|p1a: Weezing|Weezing-Galar, L86, F|126/252
|move|p2a: Hitmonchan|Mach Punch|p1a: Weezing
|-resisted|p1a: Weezing
|-damage|p1a: Weezing|112/252
|-damage|p2a: Hitmonchan|204/226|[from] item: Life Orb
|
|-weather|Sandstorm|[upkeep]
|-damage|p2a: Hitmonchan|190/226|[from] Sandstorm
|-damage|p1a: Weezing|97/252|[from] Sandstorm
|-heal|p1a: Weezing|112/252|[from] item: Black Sludge
|upkeep
|turn|29
|
|t:|1685412670
|switch|p2a: Politoed|Politoed, L86, M|295/295 slp
|-weather|RainDance|[from] ability: Drizzle|[of] p2a: Politoed
|move|p1a: Weezing|Pain Split|p2a: Politoed
|-sethp|p2a: Politoed|203/295 slp|[from] move: Pain Split|[silent]
|-sethp|p1a: Weezing|203/252|[from] move: Pain Split
|
|-weather|RainDance|[upkeep]
|-heal|p1a: Weezing|218/252|[from] item: Black Sludge
|upkeep
|turn|30
|
|t:|1685412686
|cant|p2a: Politoed|slp
|move|p1a: Weezing|Sludge Bomb|p2a: Politoed
|-damage|p2a: Politoed|128/295 slp
|
|-weather|RainDance|[upkeep]
|-heal|p1a: Weezing|233/252|[from] item: Black Sludge
|upkeep
|turn|31
|
|t:|1685412709
|-curestatus|p2a: Politoed|slp|[msg]
|move|p2a: Politoed|Encore|p1a: Weezing
|-start|p1a: Weezing|Encore
|move|p1a: Weezing|Sludge Bomb|p2a: Politoed
|-damage|p2a: Politoed|53/295
|
|-weather|RainDance|[upkeep]
|-heal|p1a: Weezing|248/252|[from] item: Black Sludge
|upkeep
|turn|32
|
|t:|1685412721
|move|p2a: Politoed|Rest|p2a: Politoed
|-status|p2a: Politoed|slp|[from] move: Rest
|-heal|p2a: Politoed|295/295 slp|[silent]
|move|p1a: Weezing|Sludge Bomb|p2a: Politoed
|-damage|p2a: Politoed|219/295 slp
|
|-weather|RainDance|[upkeep]
|-heal|p1a: Weezing|252/252|[from] item: Black Sludge
|upkeep
|turn|33
|
|t:|1685412737
|switch|p1a: Durant|Durant, L78, F|219/219
|cant|p2a: Politoed|slp
|
|-weather|none
|upkeep
|turn|34
|
|t:|1685412748
|switch|p2a: Porygon2|Porygon2, L82|274/274
|-ability|p2a: Porygon2|Download|boost
|-boost|p2a: Porygon2|spa|1
|move|p1a: Durant|First Impression|p2a: Porygon2
|-damage|p2a: Porygon2|178/274
|
|upkeep
|turn|35
|
|t:|1685412762
|switch|p1a: Lycanroc|Lycanroc-Midnight, L82, M|169/274
|move|p2a: Porygon2|Discharge|p1a: Lycanroc
|-damage|p1a: Lycanroc|67/274
|
|upkeep
|turn|36
|
|t:|1685412771
|switch|p2a: Politoed|Politoed, L86, M|219/295 slp
|-weather|RainDance|[from] ability: Drizzle|[of] p2a: Politoed
|move|p1a: Lycanroc|Close Combat|p2a: Politoed
|-damage|p2a: Politoed|70/295 slp
|-unboost|p1a: Lycanroc|def|1
|-unboost|p1a: Lycanroc|spd|1
|
|-weather|RainDance|[upkeep]
|upkeep
|turn|37
|
|t:|1685412793
|switch|p2a: Hitmonchan|Hitmonchan, L86, M|190/226
|move|p1a: Lycanroc|Close Combat|p2a: Hitmonchan
|-damage|p2a: Hitmonchan|39/226
|-unboost|p1a: Lycanroc|def|1
|-unboost|p1a: Lycanroc|spd|1
|
|-weather|RainDance|[upkeep]
|upkeep
|turn|38
|
|t:|1685412805
|switch|p1a: Golduck|Golduck, L86, F|162/278
|move|p2a: Hitmonchan|Mach Punch|p1a: Golduck
|-damage|p1a: Golduck|79/278
|-damage|p2a: Hitmonchan|17/226|[from] item: Life Orb
|
|-weather|RainDance|[upkeep]
|-heal|p1a: Golduck|96/278|[from] item: Leftovers
|upkeep
|turn|39
|
|t:|1685412819
|move|p2a: Hitmonchan|Mach Punch|p1a: Golduck
|-damage|p1a: Golduck|10/278
|-damage|p2a: Hitmonchan|0 fnt|[from] item: Life Orb
|faint|p2a: Hitmonchan
|move|p1a: Golduck|Psyshock|p2: Hitmonchan|[notarget]
|-fail|p1a: Golduck
|
|-weather|RainDance|[upkeep]
|-heal|p1a: Golduck|27/278|[from] item: Leftovers
|upkeep
|
|t:|1685412829
|switch|p2a: Politoed|Politoed, L86, M|70/295 slp
|turn|40
|
|t:|1685412834
|move|p1a: Golduck|Psyshock|p2a: Politoed
|-crit|p2a: Politoed
|-damage|p2a: Politoed|0 fnt
|faint|p2a: Politoed
|
|-weather|none
|-heal|p1a: Golduck|44/278|[from] item: Leftovers
|upkeep
|
|t:|1685412842
|switch|p2a: Porygon2|Porygon2, L82|178/274
|-ability|p2a: Porygon2|Download|boost
|-boost|p2a: Porygon2|atk|1
|turn|41
|
|t:|1685412863
|-start|p2a: Porygon2|Dynamax|
|-heal|p2a: Porygon2|356/548|[silent]
|move|p1a: Golduck|Psyshock|p2a: Porygon2
|-damage|p2a: Porygon2|316/548
|move|p2a: Porygon2|Max Lightning|p1a: Golduck
|-supereffective|p1a: Golduck
|-damage|p1a: Golduck|0 fnt
|-fieldstart|move: Electric Terrain
|faint|p1a: Golduck
|
|upkeep
|
|t:|1685412879
|switch|p1a: Lycanroc|Lycanroc-Midnight, L82, M|67/274
|turn|42
|
|t:|1685412886
|move|p1a: Lycanroc|Close Combat|p2a: Porygon2
|-supereffective|p2a: Porygon2
|-damage|p2a: Porygon2|120/548
|-unboost|p1a: Lycanroc|def|1
|-unboost|p1a: Lycanroc|spd|1
|move|p2a: Porygon2|Max Lightning|p1a: Lycanroc
|-damage|p1a: Lycanroc|0 fnt
|faint|p1a: Lycanroc
|
|upkeep
|
|t:|1685412901
|switch|p1a: Durant|Durant, L78, F|219/219
|turn|43
|
|t:|1685412907
|move|p1a: Durant|First Impression|p2a: Porygon2
|-damage|p2a: Porygon2|30/548
|move|p2a: Porygon2|Max Lightning|p1a: Durant
|-damage|p1a: Durant|13/219
|
|upkeep
|-end|p2a: Porygon2|Dynamax
|-heal|p2a: Porygon2|15/274|[silent]
|turn|44
|
|t:|1685412923
|switch|p1a: Weezing|Weezing-Galar, L86, F|252/252
|move|p2a: Porygon2|Recover|p2a: Porygon2
|-heal|p2a: Porygon2|152/274
|
|upkeep
|turn|45
|
|t:|1685412940
|move|p1a: Weezing|Sludge Bomb|p2a: Porygon2
|-damage|p2a: Porygon2|97/274
|move|p2a: Porygon2|Recover|p2a: Porygon2
|-heal|p2a: Porygon2|234/274
|
|-fieldend|move: Electric Terrain
|upkeep
|turn|46
|
|t:|1685412953
|move|p1a: Weezing|Sludge Bomb|p2a: Porygon2
|-damage|p2a: Porygon2|174/274
|-status|p2a: Porygon2|psn
|move|p2a: Porygon2|Discharge|p1a: Weezing
|-crit|p1a: Weezing
|-damage|p1a: Weezing|144/252
|-status|p1a: Weezing|par
|
|-heal|p1a: Weezing|159/252 par|[from] item: Black Sludge
|-damage|p2a: Porygon2|140/274 psn|[from] psn
|upkeep
|turn|47
|
|t:|1685412966
|move|p2a: Porygon2|Recover|p2a: Porygon2
|-heal|p2a: Porygon2|274/274 psn
|move|p1a: Weezing|Sludge Bomb|p2a: Porygon2
|-damage|p2a: Porygon2|214/274 psn
|
|-heal|p1a: Weezing|174/252 par|[from] item: Black Sludge
|-damage|p2a: Porygon2|180/274 psn|[from] psn
|upkeep
|turn|48
|
|t:|1685412979
|move|p2a: Porygon2|Recover|p2a: Porygon2
|-heal|p2a: Porygon2|274/274 psn
|cant|p1a: Weezing|par
|
|-heal|p1a: Weezing|189/252 par|[from] item: Black Sludge
|-damage|p2a: Porygon2|240/274 psn|[from] psn
|upkeep
|turn|49
|
|t:|1685412991
|move|p2a: Porygon2|Ice Beam|p1a: Weezing
|-damage|p1a: Weezing|114/252 par
|cant|p1a: Weezing|par
|
|-heal|p1a: Weezing|129/252 par|[from] item: Black Sludge
|-damage|p2a: Porygon2|206/274 psn|[from] psn
|upkeep
|turn|50
|
|t:|1685413000
|move|p2a: Porygon2|Ice Beam|p1a: Weezing
|-damage|p1a: Weezing|53/252 par
|cant|p1a: Weezing|par
|
|-heal|p1a: Weezing|68/252 par|[from] item: Black Sludge
|-damage|p2a: Porygon2|172/274 psn|[from] psn
|upkeep
|turn|51
|
|t:|1685413015
|move|p2a: Porygon2|Recover|p2a: Porygon2
|-heal|p2a: Porygon2|274/274 psn
|cant|p1a: Weezing|par
|
|-heal|p1a: Weezing|83/252 par|[from] item: Black Sludge
|-damage|p2a: Porygon2|240/274 psn|[from] psn
|upkeep
|turn|52
|
|t:|1685413026
|move|p2a: Porygon2|Ice Beam|p1a: Weezing
|-damage|p1a: Weezing|3/252 par
|move|p1a: Weezing|Pain Split|p2a: Porygon2
|-sethp|p2a: Porygon2|121/274 psn|[from] move: Pain Split|[silent]
|-sethp|p1a: Weezing|121/252 par|[from] move: Pain Split
|
|-heal|p1a: Weezing|136/252 par|[from] item: Black Sludge
|-damage|p2a: Porygon2|87/274 psn|[from] psn
|upkeep
|turn|53
|
|t:|1685413037
|move|p2a: Porygon2|Recover|p2a: Porygon2
|-heal|p2a: Porygon2|224/274 psn
|cant|p1a: Weezing|par
|
|-heal|p1a: Weezing|151/252 par|[from] item: Black Sludge
|-damage|p2a: Porygon2|190/274 psn|[from] psn
|upkeep
|turn|54
|
|t:|1685413046
|move|p2a: Porygon2|Ice Beam|p1a: Weezing
|-damage|p1a: Weezing|75/252 par
|move|p1a: Weezing|Pain Split|p2a: Porygon2
|-sethp|p2a: Porygon2|132/274 psn|[from] move: Pain Split|[silent]
|-sethp|p1a: Weezing|132/252 par|[from] move: Pain Split
|
|-heal|p1a: Weezing|147/252 par|[from] item: Black Sludge
|-damage|p2a: Porygon2|98/274 psn|[from] psn
|upkeep
|turn|55
|
|t:|1685413057
|move|p2a: Porygon2|Recover|p2a: Porygon2
|-heal|p2a: Porygon2|235/274 psn
|move|p1a: Weezing|Strange Steam|p2a: Porygon2
|-damage|p2a: Porygon2|178/274 psn
|
|-heal|p1a: Weezing|162/252 par|[from] item: Black Sludge
|-damage|p2a: Porygon2|144/274 psn|[from] psn
|upkeep
|turn|56
|
|t:|1685413081
|switch|p1a: Durant|Durant, L78, F|13/219
|move|p2a: Porygon2|Ice Beam|p1a: Durant
|-resisted|p1a: Durant
|-damage|p1a: Durant|0 fnt
|faint|p1a: Durant
|
|-damage|p2a: Porygon2|110/274 psn|[from] psn
|upkeep
|
|t:|1685413091
|switch|p1a: Rapidash|Rapidash, L84, F|72/246
|turn|57
|
|t:|1685413109
|move|p1a: Rapidash|Swords Dance|p1a: Rapidash
|-boost|p1a: Rapidash|atk|2
|move|p2a: Porygon2|Recover|p2a: Porygon2
|-heal|p2a: Porygon2|247/274 psn
|
|-damage|p2a: Porygon2|213/274 psn|[from] psn
|upkeep
|turn|58
|
|t:|1685413119
|move|p1a: Rapidash|High Horsepower|p2a: Porygon2
|-damage|p2a: Porygon2|124/274 psn
|move|p2a: Porygon2|Discharge|p1a: Rapidash
|-damage|p1a: Rapidash|12/246
|
|-damage|p2a: Porygon2|90/274 psn|[from] psn
|upkeep
|turn|59
|
|t:|1685413129
|move|p1a: Rapidash|Flare Blitz|p2a: Porygon2
|-damage|p2a: Porygon2|0 fnt
|faint|p2a: Porygon2
|-damage|p1a: Rapidash|0 fnt|[from] Recoil
|faint|p1a: Rapidash
|
|win|Marionette_playzYT
