|j|☆ProRedGamer37
|j|☆Registry
|t:|1683799759
|gametype|singles
|player|p1|ProRedGamer37|101|1090
|player|p2|Registry|gentleman-gen4|1050
|teamsize|p1|6
|teamsize|p2|6
|gen|8
|tier|[Gen 8] Random Battle
|rated|
|rule|Species Clause: Limit one of each Pokémon
|rule|HP Percentage Mod: HP is shown in percentages
|rule|Sleep Clause Mod: Limit one foe put to sleep
|
|t:|1683799759
|start
|switch|p1a: Omastar|Omastar, L82, M|249/249
|switch|p2a: Unfezant|Unfezant, L84, F|271/271
|turn|1
|
|t:|1683799774
|move|p2a: Unfezant|U-turn|p1a: Omastar
|-damage|p1a: Omastar|207/249
|
|t:|1683799784
|switch|p2a: Espeon|Espeon, L82, M|241/241|[from] U-turn
|move|p1a: Omastar|Ice Beam|p2a: Espeon
|-damage|p2a: Espeon|172/241
|
|-heal|p2a: Espeon|187/241|[from] item: Leftovers
|upkeep
|turn|2
|
|t:|1683799803
|move|p2a: Espeon|Dazzling Gleam|p1a: Omastar
|-damage|p1a: Omastar|127/249
|move|p1a: Omastar|Hydro Pump|p2a: Espeon|[miss]
|-miss|p1a: Omastar|p2a: Espeon
|
|-heal|p2a: Espeon|202/241|[from] item: Leftovers
|upkeep
|turn|3
|
|t:|1683799820
|move|p2a: Espeon|Psychic|p1a: Omastar
|-damage|p1a: Omastar|0 fnt
|faint|p1a: Omastar
|
|-heal|p2a: Espeon|217/241|[from] item: Leftovers
|upkeep
|
|t:|1683799828
|switch|p1a: Golurk|Golurk, L82|280/280
|turn|4
|
|t:|1683799838
|move|p2a: Espeon|Psychic|p1a: Golurk
|-damage|p1a: Golurk|160/280
|move|p1a: Golurk|Poltergeist|p2a: Espeon
|-activate|p2a: Espeon|move: Poltergeist|Leftovers
|-supereffective|p2a: Espeon
|-damage|p2a: Espeon|0 fnt
|faint|p2a: Espeon
|-damage|p1a: Golurk|132/280|[from] item: Life Orb
|
|upkeep
|
|t:|1683799849
|switch|p2a: Tauros|Tauros, L82, M|257/257
|turn|5
|
|t:|1683799857
|move|p2a: Tauros|Throat Chop|p1a: Golurk
|-supereffective|p1a: Golurk
|-damage|p1a: Golurk|0 fnt
|faint|p1a: Golurk
|
|upkeep
|
|t:|1683799874
|switch|p1a: Mr. Mime|Mr. Mime-Galar, L86, F|226/226
|turn|6
|
|t:|1683799881
|move|p2a: Tauros|Throat Chop|p1a: Mr. Mime
|-supereffective|p1a: Mr. Mime
|-damage|p1a: Mr. Mime|73/226
|move|p1a: Mr. Mime|Focus Blast|p2a: Tauros|[miss]
|-miss|p1a: Mr. Mime|p2a: Tauros
|
|upkeep
|turn|7
|
|t:|1683799890
|switch|p1a: Goodra|Goodra, L82, M|282/282
|move|p2a: Tauros|Throat Chop|p1a: Goodra
|-damage|p1a: Goodra|175/282
|
|upkeep
|turn|8
|
|t:|1683799902
|move|p2a: Tauros|Zen Headbutt|p1a: Goodra
|-damage|p1a: Goodra|68/282
|move|p1a: Goodra|Draco Meteor|p2a: Tauros
|-damage|p2a: Tauros|89/257
|-unboost|p1a: Goodra|spa|2
|
|upkeep
|turn|9
|
|t:|1683799913
|switch|p1a: Raichu|Raichu-Alola, L84, M|238/238
|move|p2a: Tauros|Throat Chop|p1a: Raichu
|-supereffective|p1a: Raichu
|-damage|p1a: Raichu|0 fnt
|faint|p1a: Raichu
|
|upkeep
|
|t:|1683799919
|switch|p1a: Lycanroc|Lycanroc-Midnight, L82, F|274/274
|turn|10
|
|t:|1683799927
|move|p2a: Tauros|Throat Chop|p1a: Lycanroc
|-damage|p1a: Lycanroc|166/274
|move|p1a: Lycanroc|Close Combat|p2a: Tauros
|-supereffective|p2a: Tauros
|-damage|p2a: Tauros|0 fnt
|-unboost|p1a: Lycanroc|def|1
|-unboost|p1a: Lycanroc|spd|1
|faint|p2a: Tauros
|-damage|p1a: Lycanroc|139/274|[from] item: Life Orb
|
|upkeep
|
|t:|1683799941
|switch|p2a: Tentacruel|Tentacruel, L84, M|272/272
|turn|11
|
|t:|1683799956
|move|p2a: Tentacruel|Scald|p1a: Lycanroc
|-supereffective|p1a: Lycanroc
|-damage|p1a: Lycanroc|0 fnt
|faint|p1a: Lycanroc
|
|upkeep
|
|t:|1683799962
|switch|p1a: Mr. Mime|Mr. Mime-Galar, L86, F|73/226
|turn|12
|
|t:|1683799969
|-start|p1a: Mr. Mime|Dynamax|
|-heal|p1a: Mr. Mime|146/452|[silent]
|move|p1a: Mr. Mime|Max Mindstorm|p2a: Tentacruel
|-supereffective|p2a: Tentacruel
|-damage|p2a: Tentacruel|62/272
|-fieldstart|move: Psychic Terrain
|move|p2a: Tentacruel|Knock Off|p1a: Mr. Mime
|-supereffective|p1a: Mr. Mime
|-damage|p1a: Mr. Mime|52/452
|-enditem|p1a: Mr. Mime|Eviolite|[from] move: Knock Off|[of] p2a: Tentacruel
|
|-heal|p2a: Tentacruel|79/272|[from] item: Black Sludge
|upkeep
|turn|13
|
|t:|1683799983
|move|p1a: Mr. Mime|Max Mindstorm|p2a: Tentacruel
|-supereffective|p2a: Tentacruel
|-damage|p2a: Tentacruel|0 fnt
|faint|p2a: Tentacruel
|
|upkeep
|
|t:|1683799993
|switch|p2a: Unfezant|Unfezant, L84, F|271/271
|turn|14
|
|t:|1683799999
|move|p1a: Mr. Mime|Max Hailstorm|p2a: Unfezant
|-supereffective|p2a: Unfezant
|-damage|p2a: Unfezant|0 fnt
|-weather|Hail
|faint|p2a: Unfezant
|
|-weather|Hail|[upkeep]
|upkeep
|
|t:|1683800006
|switch|p2a: Comfey|Comfey, L86, M|228/228
|-end|p1a: Mr. Mime|Dynamax
|-heal|p1a: Mr. Mime|26/226|[silent]
|turn|15
|
|t:|1683800015
|move|p2a: Comfey|Giga Drain|p1a: Mr. Mime
|-activate|p1a: Mr. Mime|move: Psychic Terrain
|move|p1a: Mr. Mime|Freeze-Dry|p2a: Comfey
|-damage|p2a: Comfey|171/228
|
|-weather|Hail|[upkeep]
|-damage|p2a: Comfey|157/228|[from] Hail
|upkeep
|turn|16
|
|t:|1683800025
|move|p2a: Comfey|Draining Kiss|p1a: Mr. Mime
|-activate|p1a: Mr. Mime|move: Psychic Terrain
|move|p1a: Mr. Mime|Psychic|p2a: Comfey
|-damage|p2a: Comfey|55/228
|
|-weather|Hail|[upkeep]
|-damage|p2a: Comfey|41/228|[from] Hail
|-fieldend|move: Psychic Terrain
|upkeep
|turn|17
|
|t:|1683800033
|move|p1a: Mr. Mime|Psychic|p2a: Comfey
|-damage|p2a: Comfey|0 fnt
|faint|p2a: Comfey
|
|-weather|Hail|[upkeep]
|upkeep
|
|t:|1683800038
|switch|p2a: Hawlucha|Hawlucha, L80, F|256/256
|turn|18
|
|t:|1683800046
|move|p2a: Hawlucha|Brave Bird|p1a: Mr. Mime
|-damage|p1a: Mr. Mime|0 fnt
|faint|p1a: Mr. Mime
|-damage|p2a: Hawlucha|247/256|[from] Recoil
|
|-weather|none
|upkeep
|
|t:|1683800052
|switch|p1a: Goodra|Goodra, L82, M|68/282
|turn|19
|
|t:|1683800061
|move|p2a: Hawlucha|Brave Bird|p1a: Goodra
|-damage|p1a: Goodra|0 fnt
|faint|p1a: Goodra
|-damage|p2a: Hawlucha|225/256|[from] Recoil
|
|win|Registry
|raw|ProRedGamer37's rating: 1090 &rarr; <strong>1064</strong><br />(-26 for losing)
|raw|Registry's rating: 1050 &rarr; <strong>1086</strong><br />(+36 for winning)
