|j|☆Applezapp
|j|☆gareeb adani
|t:|1685109709
|gametype|singles
|player|p1|Applezapp|102|1423
|player|p2|gareeb adani|101|1496
|teamsize|p1|6
|teamsize|p2|6
|gen|8
|tier|[Gen 8] Random Battle
|rated|
|rule|Species Clause: Limit one of each Pokémon
|rule|HP Percentage Mod: HP is shown in percentages
|rule|Sleep Clause Mod: Limit one foe put to sleep
|
|t:|1685109709
|start
|switch|p1a: Torkoal|Torkoal, L86, F|261/261
|switch|p2a: Pelipper|Pelipper, L86, F|243/243
|-weather|RainDance|[from] ability: Drizzle|[of] p2a: Pelipper
|-weather|SunnyDay|[from] ability: Drought|[of] p1a: Torkoal
|turn|1
|inactive|Battle timer is ON: inactive players will automatically lose when time's up. (requested by gareeb adani)
|inactive|Applezapp also wants the timer to be on.
|
|t:|1685109718
|move|p2a: Pelipper|Scald|p1a: Torkoal
|-supereffective|p1a: Torkoal
|-damage|p1a: Torkoal|157/261
|move|p1a: Torkoal|Stealth Rock|p2a: Pelipper
|-sidestart|p2: gareeb adani|move: Stealth Rock
|
|-weather|SunnyDay|[upkeep]
|upkeep
|turn|2
|
|t:|1685109731
|switch|p1a: Victini|Victini, L78|283/283
|move|p2a: Pelipper|Scald|p1a: Victini
|-supereffective|p1a: Victini
|-damage|p1a: Victini|227/283
|
|-weather|SunnyDay|[upkeep]
|upkeep
|turn|3
|
|t:|1685109741
|switch|p2a: Mudsdale|Mudsdale, L82, M|298/298
|-damage|p2a: Mudsdale|280/298|[from] Stealth Rock
|move|p1a: Victini|Bolt Strike|p2a: Mudsdale
|-immune|p2a: Mudsdale
|
|-weather|SunnyDay|[upkeep]
|-heal|p2a: Mudsdale|298/298|[from] item: Leftovers
|upkeep
|turn|4
|
|t:|1685109755
|-start|p1a: Victini|Dynamax|
|-heal|p1a: Victini|454/566|[silent]
|move|p1a: Victini|Max Overgrowth|p2a: Mudsdale
|-supereffective|p2a: Mudsdale
|-damage|p2a: Mudsdale|132/298
|-fieldstart|move: Grassy Terrain
|-ability|p2a: Mudsdale|Stamina|boost
|-boost|p2a: Mudsdale|def|1
|move|p2a: Mudsdale|Earthquake|p1a: Victini
|-supereffective|p1a: Victini
|-damage|p1a: Victini|332/566
|
|-weather|SunnyDay|[upkeep]
|-heal|p1a: Victini|349/566|[from] Grassy Terrain
|-heal|p2a: Mudsdale|150/298|[from] Grassy Terrain
|-heal|p2a: Mudsdale|168/298|[from] item: Leftovers
|upkeep
|turn|5
|
|t:|1685109766
|switch|p2a: Pelipper|Pelipper, L86, F|243/243
|-weather|RainDance|[from] ability: Drizzle|[of] p2a: Pelipper
|move|p1a: Victini|Max Overgrowth|p2a: Pelipper
|-damage|p2a: Pelipper|128/243
|
|-weather|RainDance|[upkeep]
|-heal|p1a: Victini|366/566|[from] Grassy Terrain
|upkeep
|turn|6
|
|t:|1685109779
|switch|p2a: Mudsdale|Mudsdale, L82, M|168/298
|-damage|p2a: Mudsdale|150/298|[from] Stealth Rock
|move|p1a: Victini|Max Flare|p2a: Mudsdale
|-crit|p2a: Mudsdale
|-damage|p2a: Mudsdale|59/298
|-weather|SunnyDay
|-ability|p2a: Mudsdale|Stamina|boost
|-boost|p2a: Mudsdale|def|1
|
|-weather|SunnyDay|[upkeep]
|-heal|p1a: Victini|383/566|[from] Grassy Terrain
|-heal|p2a: Mudsdale|77/298|[from] Grassy Terrain
|-heal|p2a: Mudsdale|95/298|[from] item: Leftovers
|upkeep
|-end|p1a: Victini|Dynamax
|-heal|p1a: Victini|192/283|[silent]
|turn|7
|
|t:|1685109789
|move|p1a: Victini|Energy Ball|p2a: Mudsdale
|-supereffective|p2a: Mudsdale
|-damage|p2a: Mudsdale|0 fnt
|faint|p2a: Mudsdale
|
|-weather|SunnyDay|[upkeep]
|-heal|p1a: Victini|209/283|[from] Grassy Terrain
|upkeep
|
|t:|1685109806
|switch|p2a: Entei|Entei, L78|307/307
|-damage|p2a: Entei|231/307|[from] Stealth Rock
|turn|8
|
|t:|1685109823
|switch|p1a: Hippowdon|Hippowdon, L80, M|304/304
|-weather|Sandstorm|[from] ability: Sand Stream|[of] p1a: Hippowdon
|move|p2a: Entei|Stomping Tantrum|p1a: Hippowdon
|-damage|p1a: Hippowdon|239/304
|
|-weather|Sandstorm|[upkeep]
|-damage|p2a: Entei|212/307|[from] Sandstorm
|-heal|p2a: Entei|231/307|[from] Grassy Terrain
|-heal|p1a: Hippowdon|258/304|[from] Grassy Terrain
|-heal|p1a: Hippowdon|277/304|[from] item: Leftovers
|-fieldend|move: Grassy Terrain
|upkeep
|turn|9
|
|t:|1685109833
|switch|p2a: Pelipper|Pelipper, L86, F|128/243
|-weather|RainDance|[from] ability: Drizzle|[of] p2a: Pelipper
|move|p1a: Hippowdon|Stone Edge|p2a: Pelipper
|-supereffective|p2a: Pelipper
|-damage|p2a: Pelipper|6/243
|
|-weather|RainDance|[upkeep]
|-heal|p1a: Hippowdon|296/304|[from] item: Leftovers
|upkeep
|turn|10
|
|t:|1685109849
|switch|p1a: Torkoal|Torkoal, L86, F|157/261
|-weather|SunnyDay|[from] ability: Drought|[of] p1a: Torkoal
|move|p2a: Pelipper|Scald|p1a: Torkoal
|-supereffective|p1a: Torkoal
|-damage|p1a: Torkoal|53/261
|
|-weather|SunnyDay|[upkeep]
|upkeep
|turn|11
|
|t:|1685109857
|move|p2a: Pelipper|Defog|p1a: Torkoal
|-unboost|p1a: Torkoal|evasion|1
|-sideend|p2: gareeb adani|Stealth Rock|[from] move: Defog|[of] p2a: Pelipper
|move|p1a: Torkoal|Rapid Spin|p2a: Pelipper
|-damage|p2a: Pelipper|0 fnt
|-boost|p1a: Torkoal|spe|1
|faint|p2a: Pelipper
|
|-weather|SunnyDay|[upkeep]
|upkeep
|
|t:|1685109867
|switch|p2a: Lapras|Lapras, L86, F|363/363
|turn|12
|
|t:|1685109872
|move|p2a: Lapras|Sparkling Aria|p1a: Torkoal
|-supereffective|p1a: Torkoal
|-damage|p1a: Torkoal|0 fnt
|faint|p1a: Torkoal
|
|-weather|SunnyDay|[upkeep]
|upkeep
|
|t:|1685109877
|switch|p1a: Victini|Victini, L78|209/283
|turn|13
|
|t:|1685109888
|-start|p2a: Lapras|Dynamax|Gmax
|-heal|p2a: Lapras|726/726|[silent]
|move|p1a: Victini|V-create|p2a: Lapras
|-damage|p2a: Lapras|480/726
|-unboost|p1a: Victini|spe|1
|-unboost|p1a: Victini|def|1
|-unboost|p1a: Victini|spd|1
|move|p2a: Lapras|Max Geyser|p1a: Victini
|-supereffective|p1a: Victini
|-damage|p1a: Victini|93/283
|-weather|RainDance
|
|-weather|RainDance|[upkeep]
|-heal|p2a: Lapras|502/726|[from] item: Leftovers
|upkeep
|turn|14
|
|t:|1685109913
|move|p2a: Lapras|G-Max Resonance|p1a: Victini
|-resisted|p1a: Victini
|-damage|p1a: Victini|33/283
|-sidestart|p2: gareeb adani|move: Aurora Veil
|move|p1a: Victini|Bolt Strike|p2a: Lapras
|-supereffective|p2a: Lapras
|-damage|p2a: Lapras|408/726
|
|-weather|RainDance|[upkeep]
|-heal|p2a: Lapras|430/726|[from] item: Leftovers
|upkeep
|turn|15
|
|t:|1685109920
|move|p2a: Lapras|Max Geyser|p1a: Victini
|-supereffective|p1a: Victini
|-damage|p1a: Victini|0 fnt
|faint|p1a: Victini
|
|-weather|RainDance|[upkeep]
|-heal|p2a: Lapras|452/726|[from] item: Leftovers
|upkeep
|
|t:|1685109922
|switch|p1a: Xerneas|Xerneas, L67|280/280
|-ability|p1a: Xerneas|Fairy Aura
|-end|p2a: Lapras|Dynamax
|-heal|p2a: Lapras|226/363|[silent]
|turn|16
|
|t:|1685109926
|move|p1a: Xerneas|Geomancy||[still]
|-prepare|p1a: Xerneas|Geomancy
|-enditem|p1a: Xerneas|Power Herb
|-anim|p1a: Xerneas|Geomancy|p1a: Xerneas
|-boost|p1a: Xerneas|spa|2
|-boost|p1a: Xerneas|spd|2
|-boost|p1a: Xerneas|spe|2
|move|p2a: Lapras|Toxic|p1a: Xerneas
|-status|p1a: Xerneas|tox
|
|-weather|RainDance|[upkeep]
|-heal|p2a: Lapras|248/363|[from] item: Leftovers
|-damage|p1a: Xerneas|263/280 tox|[from] psn
|upkeep
|turn|17
|
|t:|1685109933
|move|p1a: Xerneas|Thunderbolt|p2a: Lapras
|-supereffective|p2a: Lapras
|-damage|p2a: Lapras|157/363
|move|p2a: Lapras|Sparkling Aria|p1a: Xerneas
|-damage|p1a: Xerneas|191/280 tox
|
|-weather|none
|-heal|p2a: Lapras|179/363|[from] item: Leftovers
|-damage|p1a: Xerneas|157/280 tox|[from] psn
|upkeep
|turn|18
|
|t:|1685109944
|move|p2a: Lapras|Protect|p2a: Lapras
|-singleturn|p2a: Lapras|Protect
|move|p1a: Xerneas|Thunderbolt|p2a: Lapras
|-activate|p2a: Lapras|move: Protect
|
|-heal|p2a: Lapras|201/363|[from] item: Leftovers
|-damage|p1a: Xerneas|106/280 tox|[from] psn
|-sideend|p2: gareeb adani|move: Aurora Veil
|upkeep
|turn|19
|-message|Applezapp forfeited.
|
|win|gareeb adani
|raw|Applezapp's rating: 1423 &rarr; <strong>1407</strong><br />(-16 for losing)
|raw|gareeb adani's rating: 1496 &rarr; <strong>1512</strong><br />(+16 for winning)
|l|☆Applezapp
