|j|☆lauda Mera
|j|☆Volcano111
|t:|1683834685
|gametype|singles
|player|p1|lauda Mera|hilbert-wonderlauncher|1419
|player|p2|Volcano111|265|1331
|teamsize|p1|6
|teamsize|p2|6
|gen|8
|tier|[Gen 8] Random Battle
|rated|
|rule|Species Clause: Limit one of each Pokémon
|rule|HP Percentage Mod: HP is shown in percentages
|rule|Sleep Clause Mod: Limit one foe put to sleep
|
|t:|1683834685
|start
|switch|p1a: Tapu Fini|Tapu Fini, L78|237/237
|switch|p2a: Dragonite|Dragonite, L75, F|260/260
|-fieldstart|move: Misty Terrain|[from] ability: Misty Surge|[of] p1a: Tapu Fini
|turn|1
|inactive|Battle timer is ON: inactive players will automatically lose when time's up. (requested by lauda Mera)
|
|t:|1683834700
|switch|p2a: Scizor|Scizor, L80, M|243/243
|move|p1a: Tapu Fini|Moonblast|p2a: Scizor
|-resisted|p2a: Scizor
|-damage|p2a: Scizor|192/243
|
|upkeep
|turn|2
|
|t:|1683834714
|switch|p1a: Arcanine|Arcanine, L82, M|282/282
|move|p2a: Scizor|Swords Dance|p2a: Scizor
|-boost|p2a: Scizor|atk|2
|
|upkeep
|turn|3
|
|t:|1683834741
|switch|p2a: Kabutops|Kabutops, L82, F|233/233
|move|p1a: Arcanine|Flare Blitz|p2a: Kabutops
|-resisted|p2a: Kabutops
|-damage|p2a: Kabutops|206/233
|-damage|p1a: Arcanine|273/282|[from] Recoil
|
|upkeep
|turn|4
|
|t:|1683834751
|move|p1a: Arcanine|Close Combat|p2a: Kabutops
|-supereffective|p2a: Kabutops
|-damage|p2a: Kabutops|52/233
|-unboost|p1a: Arcanine|def|1
|-unboost|p1a: Arcanine|spd|1
|move|p2a: Kabutops|Swords Dance|p2a: Kabutops
|-boost|p2a: Kabutops|atk|2
|
|upkeep
|turn|5
|
|t:|1683834765
|move|p1a: Arcanine|Close Combat|p2a: Kabutops
|-supereffective|p2a: Kabutops
|-damage|p2a: Kabutops|0 fnt
|-unboost|p1a: Arcanine|def|1
|-unboost|p1a: Arcanine|spd|1
|faint|p2a: Kabutops
|
|-fieldend|Misty Terrain
|upkeep
|
|t:|1683834771
|switch|p2a: Dragonite|Dragonite, L75, F|260/260
|turn|6
|inactive|lauda Mera has 120 seconds left.
|
|t:|1683834809
|switch|p2a: Scizor|Scizor, L80, M|192/243
|move|p1a: Arcanine|Will-O-Wisp|p2a: Scizor
|-status|p2a: Scizor|brn
|
|-damage|p2a: Scizor|177/243 brn|[from] brn
|upkeep
|turn|7
|
|t:|1683834817
|move|p1a: Arcanine|Flare Blitz|p2a: Scizor
|-supereffective|p2a: Scizor
|-damage|p2a: Scizor|0 fnt
|faint|p2a: Scizor
|-damage|p1a: Arcanine|215/282|[from] Recoil
|
|upkeep
|inactive|Volcano111 has 120 seconds left.
|
|t:|1683834845
|switch|p2a: Flygon|Flygon, L80, M|259/259
|turn|8
|inactive|lauda Mera has 120 seconds left.
|
|t:|1683834867
|switch|p1a: Tapu Fini|Tapu Fini, L78|237/237
|-fieldstart|move: Misty Terrain|[from] ability: Misty Surge|[of] p1a: Tapu Fini
|move|p2a: Flygon|Earthquake|p1a: Tapu Fini
|-damage|p1a: Tapu Fini|149/237
|
|-heal|p1a: Tapu Fini|163/237|[from] item: Leftovers
|upkeep
|turn|9
|
|t:|1683834874
|move|p2a: Flygon|U-turn|p1a: Tapu Fini
|-resisted|p1a: Tapu Fini
|-damage|p1a: Tapu Fini|141/237
|
|t:|1683834883
|switch|p2a: Lapras|Lapras, L86, F|363/363|[from] U-turn
|move|p1a: Tapu Fini|Moonblast|p2a: Lapras
|-damage|p2a: Lapras|284/363
|
|-heal|p1a: Tapu Fini|155/237|[from] item: Leftovers
|upkeep
|turn|10
|inactive|lauda Mera has 120 seconds left.
|
|t:|1683834915
|switch|p1a: Scrafty|Scrafty, L82, F|241/241
|-ability|p1a: Scrafty|Intimidate|boost
|-unboost|p2a: Lapras|atk|1
|move|p2a: Lapras|Thunderbolt|p1a: Scrafty
|-damage|p1a: Scrafty|167/241
|
|upkeep
|turn|11
|
|t:|1683834929
|switch|p2a: Dragonite|Dragonite, L75, F|260/260
|move|p1a: Scrafty|Dragon Dance|p1a: Scrafty
|-boost|p1a: Scrafty|atk|1
|-boost|p1a: Scrafty|spe|1
|
|upkeep
|turn|12
|
|t:|1683834942
|move|p1a: Scrafty|Knock Off|p2a: Dragonite
|-damage|p2a: Dragonite|194/260
|-enditem|p2a: Dragonite|Heavy-Duty Boots|[from] move: Knock Off|[of] p1a: Scrafty
|move|p2a: Dragonite|Dual Wingbeat|p1a: Scrafty
|-supereffective|p1a: Scrafty
|-damage|p1a: Scrafty|99/241
|-supereffective|p1a: Scrafty
|-damage|p1a: Scrafty|31/241
|-hitcount|p1a: Scrafty|2
|
|-fieldend|Misty Terrain
|upkeep
|turn|13
|
|t:|1683834954
|move|p1a: Scrafty|Ice Punch|p2a: Dragonite
|-supereffective|p2a: Dragonite
|-damage|p2a: Dragonite|0 fnt
|faint|p2a: Dragonite
|
|upkeep
|
|t:|1683834963
|switch|p2a: Darmanitan|Darmanitan-Galar, L78, F|292/292
|turn|14
|
|t:|1683834969
|move|p1a: Scrafty|Close Combat|p2a: Darmanitan
|-supereffective|p2a: Darmanitan
|-damage|p2a: Darmanitan|0 fnt
|-unboost|p1a: Scrafty|def|1
|-unboost|p1a: Scrafty|spd|1
|faint|p2a: Darmanitan
|
|upkeep
|
|t:|1683834971
|switch|p2a: Flygon|Flygon, L80, M|259/259
|turn|15
|
|t:|1683834976
|move|p1a: Scrafty|Ice Punch|p2a: Flygon
|-supereffective|p2a: Flygon
|-damage|p2a: Flygon|0 fnt
|faint|p2a: Flygon
|
|upkeep
|
|t:|1683834978
|switch|p2a: Lapras|Lapras, L86, F|284/363
|turn|16
|
|t:|1683834989
|move|p1a: Scrafty|Close Combat|p2a: Lapras
|-supereffective|p2a: Lapras
|-damage|p2a: Lapras|0 fnt
|-unboost|p1a: Scrafty|def|1
|-unboost|p1a: Scrafty|spd|1
|faint|p2a: Lapras
|
|win|lauda Mera
|raw|lauda Mera's rating: 1400 &rarr; <strong>1416</strong><br />(+16 for winning)
|raw|Volcano111's rating: 1331 &rarr; <strong>1315</strong><br />(-16 for losing)
|l|☆Volcano111
