|j|☆waxicompleia
|j|☆santboi
|t:|1684276130
|gametype|singles
|player|p1|waxicompleia|backpackerf|
|player|p2|santboi|guitarist-gen4|
|teamsize|p1|6
|teamsize|p2|6
|gen|8
|tier|[Gen 8] Random Battle
|rule|Species Clause: Limit one of each Pokémon
|rule|HP Percentage Mod: HP is shown in percentages
|rule|Sleep Clause Mod: Limit one foe put to sleep
|
|t:|1684276130
|start
|switch|p1a: Shiinotic|Shiinotic, L86, F|243/243
|switch|p2a: Sigilyph|Sigilyph, L83, F|255/255
|turn|1
|inactive|Battle timer is ON: inactive players will automatically lose when time's up. (requested by santboi)
|
|t:|1684276145
|switch|p1a: Skuntank|Skuntank, L85, F|314/314
|move|p2a: Sigilyph|Heat Wave|p1a: Skuntank
|-damage|p1a: Skuntank|169/314
|
|upkeep
|turn|2
|
|t:|1684276153
|move|p2a: Sigilyph|Heat Wave|p1a: Skuntank
|-damage|p1a: Skuntank|43/314
|move|p1a: Skuntank|Crunch|p2a: Sigilyph
|-supereffective|p2a: Sigilyph
|-damage|p2a: Sigilyph|0 fnt
|faint|p2a: Sigilyph
|-damage|p1a: Skuntank|12/314|[from] item: Life Orb
|
|upkeep
|
|t:|1684276170
|switch|p2a: Haxorus|Haxorus, L77, F|244/244
|-ability|p2a: Haxorus|Mold Breaker
|turn|3
|
|t:|1684276185
|move|p2a: Haxorus|Poison Jab|p1a: Skuntank
|-resisted|p1a: Skuntank
|-damage|p1a: Skuntank|0 fnt
|-damage|p2a: Haxorus|183/244|[from] ability: Aftermath|[of] p1a: Skuntank
|faint|p1a: Skuntank
|-damage|p2a: Haxorus|159/244|[from] item: Life Orb
|
|upkeep
|
|t:|1684276196
|switch|p1a: Shiinotic|Shiinotic, L86, F|243/243
|turn|4
|
|t:|1684276204
|move|p2a: Haxorus|Poison Jab|p1a: Shiinotic
|-supereffective|p1a: Shiinotic
|-damage|p1a: Shiinotic|0 fnt
|faint|p1a: Shiinotic
|-damage|p2a: Haxorus|135/244|[from] item: Life Orb
|
|upkeep
|
|t:|1684276213
|switch|p1a: Ferrothorn|Ferrothorn, L78, F|244/244
|turn|5
|
|t:|1684276218
|move|p2a: Haxorus|Close Combat|p1a: Ferrothorn
|-supereffective|p1a: Ferrothorn
|-damage|p1a: Ferrothorn|52/244
|-unboost|p2a: Haxorus|def|1
|-unboost|p2a: Haxorus|spd|1
|-damage|p2a: Haxorus|105/244|[from] ability: Iron Barbs|[of] p1a: Ferrothorn
|-damage|p2a: Haxorus|81/244|[from] item: Life Orb
|move|p1a: Ferrothorn|Leech Seed|p2a: Haxorus
|-start|p2a: Haxorus|move: Leech Seed
|
|-heal|p1a: Ferrothorn|67/244|[from] item: Leftovers
|-damage|p2a: Haxorus|51/244|[from] Leech Seed|[of] p1a: Ferrothorn
|-heal|p1a: Ferrothorn|97/244|[silent]
|upkeep
|turn|6
|
|t:|1684276229
|move|p1a: Ferrothorn|Protect|p1a: Ferrothorn
|-singleturn|p1a: Ferrothorn|Protect
|move|p2a: Haxorus|Close Combat|p1a: Ferrothorn
|-activate|p1a: Ferrothorn|move: Protect
|
|-heal|p1a: Ferrothorn|112/244|[from] item: Leftovers
|-damage|p2a: Haxorus|21/244|[from] Leech Seed|[of] p1a: Ferrothorn
|-heal|p1a: Ferrothorn|142/244|[silent]
|upkeep
|turn|7
|
|t:|1684276248
|switch|p1a: Garbodor|Garbodor, L87, M|281/281
|move|p2a: Haxorus|Close Combat|p1a: Garbodor
|-resisted|p1a: Garbodor
|-crit|p1a: Garbodor
|-damage|p1a: Garbodor|186/281
|-unboost|p2a: Haxorus|def|1
|-unboost|p2a: Haxorus|spd|1
|-damage|p2a: Haxorus|0 fnt|[from] item: Life Orb
|faint|p2a: Haxorus
|
|-heal|p1a: Garbodor|203/281|[from] item: Black Sludge
|upkeep
|
|t:|1684276272
|switch|p2a: Palossand|Palossand, L86, F|286/286
|turn|8
|
|t:|1684276280
|move|p1a: Garbodor|Toxic Spikes|p2a: Palossand
|-sidestart|p2: santboi|move: Toxic Spikes
|move|p2a: Palossand|Earth Power|p1a: Garbodor
|-supereffective|p1a: Garbodor
|-crit|p1a: Garbodor
|-damage|p1a: Garbodor|0 fnt
|faint|p1a: Garbodor
|
|upkeep
|
|t:|1684276287
|switch|p1a: Milotic|Milotic, L82, F|290/290
|turn|9
|
|t:|1684276293
|move|p1a: Milotic|Scald|p2a: Palossand
|-supereffective|p2a: Palossand
|-damage|p2a: Palossand|118/286
|-status|p2a: Palossand|brn
|-ability|p2a: Palossand|Water Compaction|boost
|-boost|p2a: Palossand|def|2
|move|p2a: Palossand|Toxic|p1a: Milotic
|-status|p1a: Milotic|tox
|
|-heal|p2a: Palossand|135/286 brn|[from] item: Leftovers
|-damage|p1a: Milotic|272/290 tox|[from] psn
|-damage|p2a: Palossand|118/286 brn|[from] brn
|upkeep
|turn|10
|
|t:|1684276316
|move|p1a: Milotic|Scald|p2a: Palossand
|-supereffective|p2a: Palossand
|-damage|p2a: Palossand|0 fnt
|faint|p2a: Palossand
|
|-heal|p1a: Milotic|290/290 tox|[from] item: Leftovers
|-damage|p1a: Milotic|254/290 tox|[from] psn
|upkeep
|inactive|santboi has 270 seconds left.
|
|t:|1684276349
|switch|p2a: Hitmonlee|Hitmonlee, L84, M|221/221
|-status|p2a: Hitmonlee|psn
|turn|11
|
|t:|1684276360
|move|p2a: Hitmonlee|Knock Off|p1a: Milotic
|-damage|p1a: Milotic|165/290 tox
|-enditem|p1a: Milotic|Leftovers|[from] move: Knock Off|[of] p2a: Hitmonlee
|move|p1a: Milotic|Scald|p2a: Hitmonlee
|-damage|p2a: Hitmonlee|154/221 psn
|
|-damage|p2a: Hitmonlee|127/221 psn|[from] psn
|-damage|p1a: Milotic|111/290 tox|[from] psn
|upkeep
|turn|12
|
|t:|1684276377
|switch|p1a: Kommo-o|Kommo-o, L80, M|251/251
|-start|p2a: Hitmonlee|Dynamax|
|-heal|p2a: Hitmonlee|254/442 psn|[silent]
|move|p2a: Hitmonlee|Max Darkness|p1a: Kommo-o
|-resisted|p1a: Kommo-o
|-damage|p1a: Kommo-o|209/251
|-unboost|p1a: Kommo-o|spd|1
|
|-damage|p2a: Hitmonlee|227/442 psn|[from] psn
|upkeep
|turn|13
|inactive|santboi has 240 seconds left.
|
|t:|1684276403
|move|p2a: Hitmonlee|Max Knuckle|p1a: Kommo-o
|-damage|p1a: Kommo-o|122/251
|-boost|p2a: Hitmonlee|atk|1
|move|p1a: Kommo-o|Clanging Scales|p2a: Hitmonlee
|-damage|p2a: Hitmonlee|136/442 psn
|-unboost|p1a: Kommo-o|def|1
|-enditem|p1a: Kommo-o|Throat Spray
|-boost|p1a: Kommo-o|spa|1|[from] item: Throat Spray
|
|-damage|p2a: Hitmonlee|109/442 psn|[from] psn
|upkeep
|turn|14
|inactive|santboi has 240 seconds left.
|
|t:|1684276426
|-start|p1a: Kommo-o|Dynamax|
|-heal|p1a: Kommo-o|244/502|[silent]
|move|p1a: Kommo-o|Max Guard|p1a: Kommo-o
|-singleturn|p1a: Kommo-o|Max Guard
|move|p2a: Hitmonlee|Max Knuckle|p1a: Kommo-o
|-activate|p1a: Kommo-o|move: Max Guard
|
|-damage|p2a: Hitmonlee|82/442 psn|[from] psn
|upkeep
|-end|p2a: Hitmonlee|Dynamax
|-heal|p2a: Hitmonlee|41/221 psn|[silent]
|turn|15
|inactive|santboi has 240 seconds left.
|
|t:|1684276439
|move|p2a: Hitmonlee|Knock Off|p1a: Kommo-o
|-resisted|p1a: Kommo-o
|-damage|p1a: Kommo-o|172/502
|move|p1a: Kommo-o|Max Knuckle|p2a: Hitmonlee
|-crit|p2a: Hitmonlee
|-damage|p2a: Hitmonlee|0 fnt
|-boost|p1a: Kommo-o|atk|1
|faint|p2a: Hitmonlee
|
|upkeep
|
|t:|1684276457
|switch|p2a: Mamoswine|Mamoswine, L80, M|307/307
|-status|p2a: Mamoswine|psn
|turn|16
|
|t:|1684276466
|move|p2a: Mamoswine|Earthquake|p1a: Kommo-o
|-damage|p1a: Kommo-o|15/502
|move|p1a: Kommo-o|Max Knuckle|p2a: Mamoswine
|-supereffective|p2a: Mamoswine
|-damage|p2a: Mamoswine|0 fnt
|-boost|p1a: Kommo-o|atk|1
|faint|p2a: Mamoswine
|
|upkeep
|
|t:|1684276475
|switch|p2a: Lunala|Lunala, L72|316/316
|-status|p2a: Lunala|psn
|-end|p1a: Kommo-o|Dynamax
|-heal|p1a: Kommo-o|8/251|[silent]
|turn|17
|
|t:|1684276486
|move|p1a: Kommo-o|Clanging Scales|p2a: Lunala
|-damage|p2a: Lunala|232/316 psn
|-unboost|p1a: Kommo-o|def|1
|move|p2a: Lunala|Moonblast|p1a: Kommo-o
|-supereffective|p1a: Kommo-o
|-damage|p1a: Kommo-o|0 fnt
|faint|p1a: Kommo-o
|
|-heal|p2a: Lunala|251/316 psn|[from] item: Leftovers
|-damage|p2a: Lunala|212/316 psn|[from] psn
|upkeep
|
|t:|1684276495
|switch|p1a: Ferrothorn|Ferrothorn, L78, F|142/244
|turn|18
|
|t:|1684276501
|move|p2a: Lunala|Moonblast|p1a: Ferrothorn
|-resisted|p1a: Ferrothorn
|-damage|p1a: Ferrothorn|112/244
|move|p1a: Ferrothorn|Leech Seed|p2a: Lunala
|-start|p2a: Lunala|move: Leech Seed
|
|-heal|p2a: Lunala|231/316 psn|[from] item: Leftovers
|-heal|p1a: Ferrothorn|127/244|[from] item: Leftovers
|-damage|p2a: Lunala|192/316 psn|[from] Leech Seed|[of] p1a: Ferrothorn
|-heal|p1a: Ferrothorn|166/244|[silent]
|-damage|p2a: Lunala|153/316 psn|[from] psn
|upkeep
|turn|19
|-message|santboi forfeited.
|
|win|waxicompleia
|l|☆santboi
