|j|☆flyingworkshop
|j|☆UnaCasper
|t:|1685140790
|gametype|singles
|player|p1|flyingworkshop|169|1000
|player|p2|UnaCasper|giovanni|1040
|teamsize|p1|6
|teamsize|p2|6
|gen|8
|tier|[Gen 8] Random Battle
|rated|
|rule|Species Clause: Limit one of each Pokémon
|rule|HP Percentage Mod: HP is shown in percentages
|rule|Sleep Clause Mod: Limit one foe put to sleep
|
|t:|1685140790
|start
|switch|p1a: Incineroar|Incineroar, L80, F|283/283
|switch|p2a: Falinks|Falinks, L84|246/246
|-ability|p1a: Incineroar|Intimidate|boost
|-unboost|p2a: Falinks|atk|1
|-ability|p2a: Falinks|Defiant|boost
|-boost|p2a: Falinks|atk|2
|turn|1
|inactive|Battle timer is ON: inactive players will automatically lose when time's up. (requested by UnaCasper)
|
|t:|1685140815
|move|p1a: Incineroar|U-turn|p2a: Falinks
|-resisted|p2a: Falinks
|-damage|p2a: Falinks|222/246
|
|t:|1685140822
|switch|p1a: Exeggutor|Exeggutor, L86, F|304/304|[from] U-turn
|move|p2a: Falinks|No Retreat|p2a: Falinks
|-boost|p2a: Falinks|atk|1
|-boost|p2a: Falinks|def|1
|-boost|p2a: Falinks|spa|1
|-boost|p2a: Falinks|spd|1
|-boost|p2a: Falinks|spe|1
|-start|p2a: Falinks|move: No Retreat
|
|upkeep
|turn|2
|
|t:|1685140834
|-start|p2a: Falinks|Dynamax|
|-heal|p2a: Falinks|444/492|[silent]
|move|p2a: Falinks|Max Ooze|p1a: Exeggutor
|-supereffective|p1a: Exeggutor
|-damage|p1a: Exeggutor|0 fnt
|-boost|p2a: Falinks|spa|1
|faint|p1a: Exeggutor
|-damage|p2a: Falinks|420/492|[from] item: Life Orb
|
|upkeep
|
|t:|1685140853
|switch|p1a: Dugtrio|Dugtrio-Alola, L82, F|192/192
|turn|3
|
|t:|1685140859
|move|p2a: Falinks|Max Knuckle|p1a: Dugtrio
|-supereffective|p1a: Dugtrio
|-damage|p1a: Dugtrio|0 fnt
|-boost|p2a: Falinks|atk|1
|faint|p1a: Dugtrio
|-damage|p2a: Falinks|396/492|[from] item: Life Orb
|
|upkeep
|
|t:|1685140868
|switch|p1a: Tentacruel|Tentacruel, L84, F|272/272
|turn|4
|
|t:|1685140876
|move|p2a: Falinks|Max Darkness|p1a: Tentacruel
|-damage|p1a: Tentacruel|0 fnt
|faint|p1a: Tentacruel
|-damage|p2a: Falinks|372/492|[from] item: Life Orb
|
|upkeep
|
|t:|1685140883
|switch|p1a: Incineroar|Incineroar, L80, F|283/283
|-ability|p1a: Incineroar|Intimidate|boost
|-unboost|p2a: Falinks|atk|1
|-ability|p2a: Falinks|Defiant|boost
|-boost|p2a: Falinks|atk|2
|-end|p2a: Falinks|Dynamax
|-heal|p2a: Falinks|186/246|[silent]
|turn|5
|c|☆UnaCasper|lol
|
|t:|1685140896
|move|p2a: Falinks|Close Combat|p1a: Incineroar
|-supereffective|p1a: Incineroar
|-damage|p1a: Incineroar|0 fnt
|-unboost|p2a: Falinks|def|1
|-unboost|p2a: Falinks|spd|1
|faint|p1a: Incineroar
|-damage|p2a: Falinks|162/246|[from] item: Life Orb
|
|upkeep
|
|t:|1685140898
|switch|p1a: Hitmontop|Hitmontop, L85, M|224/224
|-ability|p1a: Hitmontop|Intimidate|boost
|-unboost|p2a: Falinks|atk|1
|-ability|p2a: Falinks|Defiant|boost
|-boost|p2a: Falinks|atk|2
|turn|6
|
|t:|1685140911
|move|p1a: Hitmontop|Sucker Punch|p2a: Falinks
|-resisted|p2a: Falinks
|-damage|p2a: Falinks|139/246
|move|p2a: Falinks|Poison Jab|p1a: Hitmontop
|-damage|p1a: Hitmontop|0 fnt
|faint|p1a: Hitmontop
|-damage|p2a: Falinks|115/246|[from] item: Life Orb
|
|upkeep
|
|t:|1685140918
|switch|p1a: Keldeo|Keldeo-Resolute, L79|273/273
|turn|7
|
|t:|1685140933
|-start|p1a: Keldeo|Dynamax|
|-heal|p1a: Keldeo|546/546|[silent]
|move|p2a: Falinks|No Retreat||[still]
|-fail|p2a: Falinks
|move|p1a: Keldeo|Max Knuckle|p2a: Falinks
|-damage|p2a: Falinks|0 fnt
|-boost|p1a: Keldeo|atk|1
|faint|p2a: Falinks
|
|upkeep
|
|t:|1685140950
|switch|p2a: Necrozma|Necrozma-Dusk-Mane, L67|241/241
|turn|8
|
|t:|1685140970
|move|p1a: Keldeo|Max Airstream|p2a: Necrozma
|-resisted|p2a: Necrozma
|-damage|p2a: Necrozma|192/241
|-boost|p1a: Keldeo|spe|1
|move|p2a: Necrozma|Dragon Dance|p2a: Necrozma
|-boost|p2a: Necrozma|atk|1
|-boost|p2a: Necrozma|spe|1
|
|upkeep
|turn|9
|
|t:|1685140979
|move|p1a: Keldeo|Max Knuckle|p2a: Necrozma
|-damage|p2a: Necrozma|74/241
|-boost|p1a: Keldeo|atk|1
|move|p2a: Necrozma|Dragon Dance|p2a: Necrozma
|-boost|p2a: Necrozma|atk|1
|-boost|p2a: Necrozma|spe|1
|
|upkeep
|-end|p1a: Keldeo|Dynamax
|-heal|p1a: Keldeo|273/273|[silent]
|turn|10
|
|t:|1685140992
|move|p1a: Keldeo|Secret Sword|p2a: Necrozma
|-damage|p2a: Necrozma|0 fnt
|faint|p2a: Necrozma
|
|upkeep
|
|t:|1685140999
|switch|p2a: Marshadow|Marshadow, L70|242/242
|turn|11
|
|t:|1685141013
|move|p1a: Keldeo|Secret Sword|p2a: Marshadow
|-immune|p2a: Marshadow
|move|p2a: Marshadow|Bulk Up|p2a: Marshadow
|-boost|p2a: Marshadow|atk|1
|-boost|p2a: Marshadow|def|1
|
|upkeep
|turn|12
|
|t:|1685141021
|move|p1a: Keldeo|Secret Sword|p2a: Marshadow
|-immune|p2a: Marshadow
|move|p2a: Marshadow|Bulk Up|p2a: Marshadow
|-boost|p2a: Marshadow|atk|1
|-boost|p2a: Marshadow|def|1
|
|upkeep
|turn|13
|
|t:|1685141029
|move|p1a: Keldeo|Secret Sword|p2a: Marshadow
|-immune|p2a: Marshadow
|move|p2a: Marshadow|Spectral Thief||[still]
|-clearpositiveboost|p1a: Keldeo|p2a: Marshadow|move: Spectral Thief
|-boost|p2a: Marshadow|atk|2
|-boost|p2a: Marshadow|spe|1
|-anim|p2a: Marshadow|Spectral Thief|p1a: Keldeo
|-damage|p1a: Keldeo|0 fnt
|faint|p1a: Keldeo
|-damage|p2a: Marshadow|218/242|[from] item: Life Orb
|
|win|UnaCasper
|raw|flyingworkshop's rating: 1000 &rarr; <strong>1000</strong><br />(+0 for losing)
|raw|UnaCasper's rating: 1040 &rarr; <strong>1070</strong><br />(+30 for winning)
|c|☆UnaCasper|gg
|c|☆flyingworkshop|gg
