|j|☆muhikun
|j|☆gopqy
|t:|1685404202
|gametype|singles
|player|p1|muhikun|biker-gen4|1107
|player|p2|gopqy|selene|1000
|teamsize|p1|6
|teamsize|p2|6
|gen|8
|tier|[Gen 8] Random Battle
|rated|
|rule|Species Clause: Limit one of each Pokémon
|rule|HP Percentage Mod: HP is shown in percentages
|rule|Sleep Clause Mod: Limit one foe put to sleep
|
|t:|1685404202
|start
|switch|p1a: Dubwool|Dubwool, L86, M|264/264
|switch|p2a: Blacephalon|Blacephalon, L80|215/215
|turn|1
|inactive|Battle timer is ON: inactive players will automatically lose when time's up. (requested by muhikun)
|
|t:|1685404219
|move|p2a: Blacephalon|Calm Mind|p2a: Blacephalon
|-boost|p2a: Blacephalon|spa|1
|-boost|p2a: Blacephalon|spd|1
|move|p1a: Dubwool|Cotton Guard|p1a: Dubwool
|-boost|p1a: Dubwool|def|3
|
|upkeep
|turn|2
|
|t:|1685404238
|switch|p1a: Cloyster|Cloyster, L80, F|211/211
|move|p2a: Blacephalon|Calm Mind|p2a: Blacephalon
|-boost|p2a: Blacephalon|spa|1
|-boost|p2a: Blacephalon|spd|1
|
|upkeep
|turn|3
|
|t:|1685404254
|-start|p2a: Blacephalon|Dynamax|
|-heal|p2a: Blacephalon|430/430|[silent]
|move|p2a: Blacephalon|Max Flare|p1a: Cloyster
|-damage|p1a: Cloyster|0 fnt
|-weather|SunnyDay
|faint|p1a: Cloyster
|-ability|p2a: Blacephalon|Beast Boost|boost
|-boost|p2a: Blacephalon|spa|1
|
|-weather|SunnyDay|[upkeep]
|upkeep
|-message|muhikun forfeited.
|
|win|gopqy
|raw|muhikun's rating: 1107 &rarr; <strong>1075</strong><br />(-32 for losing)
|raw|gopqy's rating: 1000 &rarr; <strong>1052</strong><br />(+52 for winning)
|l|☆muhikun
