|j|☆tangytangerine
|j|☆pedro fernandes
|t:|1685539762
|gametype|singles
|player|p1|tangytangerine|fantina|1026
|player|p2|pedro fernandes|grimsley|1074
|teamsize|p1|6
|teamsize|p2|6
|gen|8
|tier|[Gen 8] Random Battle
|rated|
|rule|Species Clause: Limit one of each Pokémon
|rule|HP Percentage Mod: HP is shown in percentages
|rule|Sleep Clause Mod: Limit one foe put to sleep
|
|t:|1685539762
|start
|switch|p1a: Vanilluxe|Vanilluxe, L82, M|251/251
|switch|p2a: Drednaw|Drednaw, L84, F|288/288
|-weather|Hail|[from] ability: Snow Warning|[of] p1a: Vanilluxe
|turn|1
|
|t:|1685539787
|move|p1a: Vanilluxe|Blizzard|p2a: Drednaw
|-resisted|p2a: Drednaw
|-damage|p2a: Drednaw|216/288
|move|p2a: Drednaw|Swords Dance|p2a: Drednaw
|-boost|p2a: Drednaw|atk|2
|
|-weather|Hail|[upkeep]
|-damage|p2a: Drednaw|198/288|[from] Hail
|upkeep
|turn|2
|
|t:|1685539811
|move|p1a: Vanilluxe|Freeze-Dry|p2a: Drednaw
|-supereffective|p2a: Drednaw
|-damage|p2a: Drednaw|22/288
|move|p2a: Drednaw|Stone Edge|p1a: Vanilluxe
|-supereffective|p1a: Vanilluxe
|-damage|p1a: Vanilluxe|0 fnt
|faint|p1a: Vanilluxe
|-damage|p2a: Drednaw|0 fnt|[from] item: Life Orb
|faint|p2a: Drednaw
|
|-weather|Hail|[upkeep]
|upkeep
|
|t:|1685539825
|switch|p1a: Octillery|Octillery, L86, M|269/269
|switch|p2a: Sawk|Sawk, L86, M|269/269
|turn|3
|
|t:|1685539837
|move|p2a: Sawk|Poison Jab|p1a: Octillery
|-damage|p1a: Octillery|187/269
|move|p1a: Octillery|Gunk Shot|p2a: Sawk
|-damage|p2a: Sawk|171/269
|-status|p2a: Sawk|psn
|
|-weather|Hail|[upkeep]
|-damage|p2a: Sawk|155/269 psn|[from] Hail
|-damage|p1a: Octillery|171/269|[from] Hail
|-heal|p1a: Octillery|187/269|[from] item: Leftovers
|-damage|p2a: Sawk|122/269 psn|[from] psn
|-ability|p1a: Octillery|Moody|boost
|-boost|p1a: Octillery|spa|2
|-unboost|p1a: Octillery|atk|1
|upkeep
|turn|4
|
|t:|1685539853
|move|p1a: Octillery|Protect|p1a: Octillery
|-singleturn|p1a: Octillery|Protect
|move|p2a: Sawk|Poison Jab|p1a: Octillery
|-activate|p1a: Octillery|move: Protect
|
|-weather|Hail|[upkeep]
|-damage|p2a: Sawk|106/269 psn|[from] Hail
|-damage|p1a: Octillery|171/269|[from] Hail
|-heal|p1a: Octillery|187/269|[from] item: Leftovers
|-damage|p2a: Sawk|73/269 psn|[from] psn
|-ability|p1a: Octillery|Moody|boost
|-boost|p1a: Octillery|atk|2
|-unboost|p1a: Octillery|spa|1
|upkeep
|turn|5
|
|t:|1685539867
|move|p2a: Sawk|Poison Jab|p1a: Octillery
|-damage|p1a: Octillery|105/269
|move|p1a: Octillery|Fire Blast|p2a: Sawk
|-damage|p2a: Sawk|0 fnt
|faint|p2a: Sawk
|
|-weather|none
|-heal|p1a: Octillery|121/269|[from] item: Leftovers
|-ability|p1a: Octillery|Moody|boost
|-boost|p1a: Octillery|spe|2
|-unboost|p1a: Octillery|atk|1
|upkeep
|
|t:|1685539891
|switch|p2a: Thundurus|Thundurus-Therian, L80, M|258/258
|turn|6
|
|t:|1685539897
|move|p2a: Thundurus|Grass Knot|p1a: Octillery
|-supereffective|p1a: Octillery
|-damage|p1a: Octillery|11/269
|move|p1a: Octillery|Gunk Shot|p2a: Thundurus
|-damage|p2a: Thundurus|133/258
|
|-heal|p1a: Octillery|27/269|[from] item: Leftovers
|-ability|p1a: Octillery|Moody|boost
|-boost|p1a: Octillery|atk|2
|-unboost|p1a: Octillery|def|1
|upkeep
|turn|7
|
|t:|1685539909
|move|p1a: Octillery|Protect|p1a: Octillery
|-singleturn|p1a: Octillery|Protect
|move|p2a: Thundurus|Grass Knot|p1a: Octillery
|-activate|p1a: Octillery|move: Protect
|
|-heal|p1a: Octillery|43/269|[from] item: Leftovers
|-ability|p1a: Octillery|Moody|boost
|-boost|p1a: Octillery|atk|2
|-unboost|p1a: Octillery|spd|1
|upkeep
|turn|8
|
|t:|1685539920
|move|p2a: Thundurus|Grass Knot|p1a: Octillery
|-supereffective|p1a: Octillery
|-damage|p1a: Octillery|0 fnt
|faint|p1a: Octillery
|
|upkeep
|
|t:|1685539926
|switch|p1a: Shedinja|Shedinja, L88|1/1
|turn|9
|
|t:|1685539939
|switch|p2a: Kingler|Kingler, L84, M|230/230
|move|p1a: Shedinja|X-Scissor|p2a: Kingler
|-damage|p2a: Kingler|160/230
|
|upkeep
|turn|10
|
|t:|1685539954
|move|p2a: Kingler|Rock Slide|p1a: Shedinja
|-supereffective|p1a: Shedinja
|-damage|p1a: Shedinja|0 fnt
|faint|p1a: Shedinja
|
|upkeep
|
|t:|1685539960
|switch|p1a: Dragapult|Dragapult, L78, F|265/265
|turn|11
|
|t:|1685539968
|move|p1a: Dragapult|Thunderbolt|p2a: Kingler
|-supereffective|p2a: Kingler
|-damage|p2a: Kingler|0 fnt
|faint|p2a: Kingler
|
|upkeep
|
|t:|1685539973
|switch|p2a: Thundurus|Thundurus-Therian, L80, M|133/258
|turn|12
|
|t:|1685539985
|switch|p1a: Klinklang|Klinklang, L84|238/238
|move|p2a: Thundurus|Thunderbolt|p1a: Klinklang
|-damage|p1a: Klinklang|120/238
|
|-heal|p1a: Klinklang|134/238|[from] item: Leftovers
|upkeep
|turn|13
|
|t:|1685539999
|switch|p2a: Hippowdon|Hippowdon, L80, F|304/304
|-weather|Sandstorm|[from] ability: Sand Stream|[of] p2a: Hippowdon
|move|p1a: Klinklang|Gear Grind|p2a: Hippowdon
|-damage|p2a: Hippowdon|253/304
|-damage|p2a: Hippowdon|208/304
|-hitcount|p2a: Hippowdon|2
|
|-weather|Sandstorm|[upkeep]
|-heal|p1a: Klinklang|148/238|[from] item: Leftovers
|-heal|p2a: Hippowdon|227/304|[from] item: Leftovers
|upkeep
|turn|14
|
|t:|1685540013
|move|p1a: Klinklang|Wild Charge|p2a: Hippowdon
|-immune|p2a: Hippowdon
|move|p2a: Hippowdon|Earthquake|p1a: Klinklang
|-supereffective|p1a: Klinklang
|-damage|p1a: Klinklang|0 fnt
|faint|p1a: Klinklang
|
|-weather|Sandstorm|[upkeep]
|-heal|p2a: Hippowdon|246/304|[from] item: Leftovers
|upkeep
|c|☆pedro fernandes|lol
|
|t:|1685540023
|switch|p1a: Dragapult|Dragapult, L78, F|265/265
|turn|15
|
|t:|1685540029
|move|p1a: Dragapult|Draco Meteor|p2a: Hippowdon
|-damage|p2a: Hippowdon|29/304
|-unboost|p1a: Dragapult|spa|2
|move|p2a: Hippowdon|Toxic|p1a: Dragapult
|-status|p1a: Dragapult|tox
|
|-weather|Sandstorm|[upkeep]
|-damage|p1a: Dragapult|249/265 tox|[from] Sandstorm
|-heal|p2a: Hippowdon|48/304|[from] item: Leftovers
|-damage|p1a: Dragapult|233/265 tox|[from] psn
|upkeep
|turn|16
|
|t:|1685540042
|move|p1a: Dragapult|Draco Meteor|p2a: Hippowdon
|-damage|p2a: Hippowdon|0 fnt
|-unboost|p1a: Dragapult|spa|2
|faint|p2a: Hippowdon
|
|-weather|Sandstorm|[upkeep]
|-damage|p1a: Dragapult|217/265 tox|[from] Sandstorm
|-damage|p1a: Dragapult|185/265 tox|[from] psn
|upkeep
|
|t:|1685540047
|switch|p2a: Whimsicott|Whimsicott, L84, F|238/238
|turn|17
|
|t:|1685540072
|-start|p1a: Dragapult|Dynamax|
|-heal|p1a: Dragapult|370/530 tox|[silent]
|move|p1a: Dragapult|Max Flutterby|p2a: Whimsicott
|-damage|p2a: Whimsicott|141/238
|-unboost|p2a: Whimsicott|spa|1
|move|p2a: Whimsicott|Moonblast|p1a: Dragapult
|-supereffective|p1a: Dragapult
|-damage|p1a: Dragapult|236/530 tox
|
|-weather|none
|-heal|p2a: Whimsicott|155/238|[from] item: Leftovers
|-damage|p1a: Dragapult|188/530 tox|[from] psn
|upkeep
|turn|18
|
|t:|1685540104
|-start|p2a: Whimsicott|Dynamax|
|-heal|p2a: Whimsicott|310/476|[silent]
|move|p1a: Dragapult|Max Phantasm|p2a: Whimsicott
|-damage|p2a: Whimsicott|262/476
|-unboost|p2a: Whimsicott|def|1
|move|p2a: Whimsicott|Max Starfall|p1a: Dragapult
|-supereffective|p1a: Dragapult
|-damage|p1a: Dragapult|0 fnt
|-fieldstart|move: Misty Terrain
|faint|p1a: Dragapult
|
|-heal|p2a: Whimsicott|276/476|[from] item: Leftovers
|upkeep
|
|t:|1685540119
|switch|p1a: Gothitelle|Gothitelle, L86, M|261/261
|turn|19
|inactive|Battle timer is ON: inactive players will automatically lose when time's up. (requested by tangytangerine)
|
|t:|1685540160
|move|p2a: Whimsicott|Max Flutterby|p1a: Gothitelle
|-supereffective|p1a: Gothitelle
|-damage|p1a: Gothitelle|143/261
|-unboost|p1a: Gothitelle|spa|1
|move|p1a: Gothitelle|Psychic|p2a: Whimsicott
|-damage|p2a: Whimsicott|195/476
|
|-heal|p2a: Whimsicott|209/476|[from] item: Leftovers
|-heal|p1a: Gothitelle|159/261|[from] item: Leftovers
|upkeep
|turn|20
|
|t:|1685540172
|move|p2a: Whimsicott|Max Flutterby|p1a: Gothitelle
|-supereffective|p1a: Gothitelle
|-damage|p1a: Gothitelle|33/261
|-unboost|p1a: Gothitelle|spa|1
|move|p1a: Gothitelle|Thunderbolt|p2a: Whimsicott
|-resisted|p2a: Whimsicott
|-damage|p2a: Whimsicott|189/476
|
|-heal|p2a: Whimsicott|203/476|[from] item: Leftovers
|-heal|p1a: Gothitelle|49/261|[from] item: Leftovers
|upkeep
|-end|p2a: Whimsicott|Dynamax
|-heal|p2a: Whimsicott|102/238|[silent]
|turn|21
|c|☆pedro fernandes|faz o L filho da puta
|
|t:|1685540201
|move|p2a: Whimsicott|U-turn|p1a: Gothitelle
|-supereffective|p1a: Gothitelle
|-damage|p1a: Gothitelle|0 fnt
|faint|p1a: Gothitelle
|
|win|pedro fernandes
|raw|tangytangerine's rating: 1026 &rarr; <strong>1014</strong><br />(-12 for losing)
|raw|pedro fernandes's rating: 1074 &rarr; <strong>1099</strong><br />(+25 for winning)
