|j|☆5i5j5u585y5hy
|j|☆tfjfjfhkfhvh
|t:|1685394172
|gametype|singles
|player|p1|5i5j5u585y5hy|bea|1000
|player|p2|tfjfjfhkfhvh|101|1055
|teamsize|p1|6
|teamsize|p2|6
|gen|8
|tier|[Gen 8] Random Battle
|rated|
|rule|Species Clause: Limit one of each Pokémon
|rule|HP Percentage Mod: HP is shown in percentages
|rule|Sleep Clause Mod: Limit one foe put to sleep
|
|t:|1685394172
|start
|switch|p1a: Barbaracle|Barbaracle, L80, M|246/246
|switch|p2a: Golurk|Golurk, L82|280/280
|turn|1
|
|t:|1685394181
|switch|p2a: Keldeo|Keldeo-Resolute, L79|273/273
|move|p1a: Barbaracle|Shell Smash|p1a: Barbaracle
|-unboost|p1a: Barbaracle|def|1
|-unboost|p1a: Barbaracle|spd|1
|-boost|p1a: Barbaracle|atk|2
|-boost|p1a: Barbaracle|spa|2
|-boost|p1a: Barbaracle|spe|2
|-enditem|p1a: Barbaracle|White Herb
|-clearnegativeboost|p1a: Barbaracle|[silent]
|
|upkeep
|turn|2
|
|t:|1685394186
|move|p1a: Barbaracle|Stone Edge|p2a: Keldeo
|-resisted|p2a: Keldeo
|-damage|p2a: Keldeo|174/273
|move|p2a: Keldeo|Secret Sword|p1a: Barbaracle
|-supereffective|p1a: Barbaracle
|-damage|p1a: Barbaracle|4/246
|
|upkeep
|turn|3
|
|t:|1685394190
|move|p1a: Barbaracle|Liquidation|p2a: Keldeo
|-resisted|p2a: Keldeo
|-damage|p2a: Keldeo|50/273
|-unboost|p2a: Keldeo|def|1
|move|p2a: Keldeo|Secret Sword|p1a: Barbaracle
|-supereffective|p1a: Barbaracle
|-damage|p1a: Barbaracle|0 fnt
|faint|p1a: Barbaracle
|
|upkeep
|
|t:|1685394193
|switch|p1a: Shiinotic|Shiinotic, L86, F|243/243
|turn|4
|
|t:|1685394207
|switch|p2a: Entei|Entei, L78|307/307
|move|p1a: Shiinotic|Energy Ball|p2a: Entei
|-resisted|p2a: Entei
|-damage|p2a: Entei|249/307
|-unboost|p2a: Entei|spd|1
|
|upkeep
|turn|5
|
|t:|1685394211
|switch|p1a: Sudowoodo|Sudowoodo, L87, M|264/264
|move|p2a: Entei|Sacred Fire|p1a: Sudowoodo
|-resisted|p1a: Sudowoodo
|-damage|p1a: Sudowoodo|203/264
|-status|p1a: Sudowoodo|brn
|
|-heal|p1a: Sudowoodo|219/264 brn|[from] item: Leftovers
|-damage|p1a: Sudowoodo|203/264 brn|[from] brn
|upkeep
|turn|6
|
|t:|1685394220
|switch|p2a: Golurk|Golurk, L82|280/280
|move|p1a: Sudowoodo|Stealth Rock|p2a: Golurk
|-sidestart|p2: tfjfjfhkfhvh|move: Stealth Rock
|
|-heal|p1a: Sudowoodo|219/264 brn|[from] item: Leftovers
|-damage|p1a: Sudowoodo|203/264 brn|[from] brn
|upkeep
|turn|7
|
|t:|1685394228
|move|p1a: Sudowoodo|Sucker Punch|p2a: Golurk
|-supereffective|p2a: Golurk
|-damage|p2a: Golurk|219/280
|move|p2a: Golurk|Earthquake|p1a: Sudowoodo
|-supereffective|p1a: Sudowoodo
|-damage|p1a: Sudowoodo|0 fnt
|faint|p1a: Sudowoodo
|-damage|p2a: Golurk|191/280|[from] item: Life Orb
|
|upkeep
|
|t:|1685394235
|switch|p1a: Dugtrio|Dugtrio, L82, F|192/192
|turn|8
|
|t:|1685394242
|move|p1a: Dugtrio|Earthquake|p2a: Golurk
|-damage|p2a: Golurk|20/280
|move|p2a: Golurk|Poltergeist|p1a: Dugtrio
|-activate|p1a: Dugtrio|move: Poltergeist|Choice Band
|-damage|p1a: Dugtrio|0 fnt
|faint|p1a: Dugtrio
|-damage|p2a: Golurk|0 fnt|[from] item: Life Orb
|faint|p2a: Golurk
|
|upkeep
|
|t:|1685394251
|switch|p1a: Hitmonlee|Hitmonlee, L84, M|221/221
|switch|p2a: Entei|Entei, L78|249/307
|-damage|p2a: Entei|173/307|[from] Stealth Rock
|turn|9
|
|t:|1685394255
|move|p2a: Entei|Sacred Fire|p1a: Hitmonlee
|-damage|p1a: Hitmonlee|0 fnt
|faint|p1a: Hitmonlee
|
|upkeep
|-message|5i5j5u585y5hy forfeited.
|
|win|tfjfjfhkfhvh
|raw|5i5j5u585y5hy's rating: 1000 &rarr; <strong>1000</strong><br />(+0 for losing)
|raw|tfjfjfhkfhvh's rating: 1055 &rarr; <strong>1082</strong><br />(+27 for winning)
|l|☆5i5j5u585y5hy
