|j|☆darkell8
|j|☆kyuremwhite>blick
|t:|1683814687
|gametype|singles
|player|p1|darkell8|unknown|1324
|player|p2|kyuremwhite>blick|pokemonranger-gen4|1258
|teamsize|p1|6
|teamsize|p2|6
|gen|8
|tier|[Gen 8] Random Battle
|rated|
|rule|Species Clause: Limit one of each Pokémon
|rule|HP Percentage Mod: HP is shown in percentages
|rule|Sleep Clause Mod: Limit one foe put to sleep
|
|t:|1683814687
|start
|switch|p1a: Zapdos|Zapdos-Galar, L76|262/262
|switch|p2a: Wigglytuff|Wigglytuff, L90, F|398/398
|turn|1
|
|t:|1683814704
|switch|p1a: Salazzle|Salazzle, L82, F|246/246
|move|p2a: Wigglytuff|Light Screen|p2a: Wigglytuff
|-sidestart|p2: kyuremwhite>blick|move: Light Screen
|
|upkeep
|turn|2
|inactive|Battle timer is ON: inactive players will automatically lose when time's up. (requested by kyuremwhite>blick)
|
|t:|1683814730
|move|p1a: Salazzle|Substitute|p1a: Salazzle
|-start|p1a: Salazzle|Substitute
|-damage|p1a: Salazzle|185/246
|move|p2a: Wigglytuff|Reflect|p2a: Wigglytuff
|-sidestart|p2: kyuremwhite>blick|Reflect
|
|-heal|p1a: Salazzle|200/246|[from] item: Black Sludge
|upkeep
|turn|3
|
|t:|1683814739
|switch|p2a: Sandaconda|Sandaconda, L84, M|258/258
|move|p1a: Salazzle|Toxic|p2a: Sandaconda
|-status|p2a: Sandaconda|tox
|
|-heal|p1a: Salazzle|215/246|[from] item: Black Sludge
|-damage|p2a: Sandaconda|242/258 tox|[from] psn
|upkeep
|turn|4
|
|t:|1683814755
|move|p1a: Salazzle|Protect|p1a: Salazzle
|-singleturn|p1a: Salazzle|Protect
|move|p2a: Sandaconda|Earthquake|p1a: Salazzle
|-activate|p1a: Salazzle|move: Protect
|
|-heal|p1a: Salazzle|230/246|[from] item: Black Sludge
|-heal|p2a: Sandaconda|258/258 tox|[from] item: Leftovers
|-damage|p2a: Sandaconda|226/258 tox|[from] psn
|upkeep
|turn|5
|
|t:|1683814767
|move|p1a: Salazzle|Flamethrower|p2a: Sandaconda
|-damage|p2a: Sandaconda|162/258 tox
|move|p2a: Sandaconda|Earthquake|p1a: Salazzle
|-supereffective|p1a: Salazzle
|-end|p1a: Salazzle|Substitute
|
|-heal|p1a: Salazzle|245/246|[from] item: Black Sludge
|-heal|p2a: Sandaconda|178/258 tox|[from] item: Leftovers
|-damage|p2a: Sandaconda|130/258 tox|[from] psn
|upkeep
|turn|6
|
|t:|1683814777
|move|p1a: Salazzle|Protect|p1a: Salazzle
|-singleturn|p1a: Salazzle|Protect
|move|p2a: Sandaconda|Earthquake|p1a: Salazzle
|-activate|p1a: Salazzle|move: Protect
|
|-heal|p1a: Salazzle|246/246|[from] item: Black Sludge
|-heal|p2a: Sandaconda|146/258 tox|[from] item: Leftovers
|-damage|p2a: Sandaconda|82/258 tox|[from] psn
|upkeep
|turn|7
|
|t:|1683814787
|move|p1a: Salazzle|Substitute|p1a: Salazzle
|-start|p1a: Salazzle|Substitute
|-damage|p1a: Salazzle|185/246
|move|p2a: Sandaconda|Earthquake|p1a: Salazzle
|-supereffective|p1a: Salazzle
|-end|p1a: Salazzle|Substitute
|
|-heal|p1a: Salazzle|200/246|[from] item: Black Sludge
|-activate|p2a: Sandaconda|ability: Shed Skin
|-curestatus|p2a: Sandaconda|tox|[msg]
|-heal|p2a: Sandaconda|98/258|[from] item: Leftovers
|upkeep
|turn|8
|
|t:|1683814807
|move|p1a: Salazzle|Protect|p1a: Salazzle
|-singleturn|p1a: Salazzle|Protect
|move|p2a: Sandaconda|Glare|p1a: Salazzle
|-activate|p1a: Salazzle|move: Protect
|
|-heal|p1a: Salazzle|215/246|[from] item: Black Sludge
|-heal|p2a: Sandaconda|114/258|[from] item: Leftovers
|-sideend|p2: kyuremwhite>blick|move: Light Screen
|upkeep
|turn|9
|inactive|darkell8 has 120 seconds left.
|
|t:|1683814827
|move|p1a: Salazzle|Substitute|p1a: Salazzle
|-start|p1a: Salazzle|Substitute
|-damage|p1a: Salazzle|154/246
|move|p2a: Sandaconda|Earthquake|p1a: Salazzle
|-supereffective|p1a: Salazzle
|-end|p1a: Salazzle|Substitute
|
|-heal|p1a: Salazzle|169/246|[from] item: Black Sludge
|-heal|p2a: Sandaconda|130/258|[from] item: Leftovers
|-sideend|p2: kyuremwhite>blick|Reflect
|upkeep
|turn|10
|c|☆kyuremwhite>blick|bruh
|c|☆kyuremwhite>blick|same thing really
|
|t:|1683814839
|switch|p1a: Landorus|Landorus-Therian, L72, M|247/247
|-ability|p1a: Landorus|Intimidate|boost
|-unboost|p2a: Sandaconda|atk|1
|move|p2a: Sandaconda|Coil|p2a: Sandaconda
|-boost|p2a: Sandaconda|atk|1
|-boost|p2a: Sandaconda|def|1
|-boost|p2a: Sandaconda|accuracy|1
|
|-heal|p2a: Sandaconda|146/258|[from] item: Leftovers
|upkeep
|turn|11
|inactive|darkell8 has 120 seconds left.
|
|t:|1683814855
|move|p1a: Landorus|Swords Dance|p1a: Landorus
|-boost|p1a: Landorus|atk|2
|move|p2a: Sandaconda|Stone Edge|p1a: Landorus
|-damage|p1a: Landorus|167/247
|
|-heal|p2a: Sandaconda|162/258|[from] item: Leftovers
|upkeep
|turn|12
|
|t:|1683814863
|move|p1a: Landorus|Earthquake|p2a: Sandaconda
|-damage|p2a: Sandaconda|13/258
|-damage|p1a: Landorus|143/247|[from] item: Life Orb
|move|p2a: Sandaconda|Glare|p1a: Landorus
|-status|p1a: Landorus|par
|
|-heal|p2a: Sandaconda|29/258|[from] item: Leftovers
|upkeep
|turn|13
|
|t:|1683814872
|move|p2a: Sandaconda|Stone Edge|p1a: Landorus
|-damage|p1a: Landorus|51/247 par
|cant|p1a: Landorus|par
|
|-heal|p2a: Sandaconda|45/258|[from] item: Leftovers
|upkeep
|turn|14
|
|t:|1683814879
|move|p2a: Sandaconda|Stone Edge|p1a: Landorus
|-damage|p1a: Landorus|0 fnt
|faint|p1a: Landorus
|
|-heal|p2a: Sandaconda|61/258|[from] item: Leftovers
|upkeep
|
|t:|1683814882
|switch|p1a: Salazzle|Salazzle, L82, F|169/246
|turn|15
|
|t:|1683814887
|move|p1a: Salazzle|Flamethrower|p2a: Sandaconda
|-damage|p2a: Sandaconda|0 fnt
|faint|p2a: Sandaconda
|
|-heal|p1a: Salazzle|184/246|[from] item: Black Sludge
|upkeep
|
|t:|1683814894
|switch|p2a: Golisopod|Golisopod, L84, F|263/263
|turn|16
|
|t:|1683814900
|switch|p1a: Eternatus|Eternatus, L69|308/308
|-ability|p1a: Eternatus|Pressure
|move|p2a: Golisopod|Liquidation|p1a: Eternatus
|-resisted|p1a: Eternatus
|-damage|p1a: Eternatus|245/308
|-unboost|p1a: Eternatus|def|1
|
|upkeep
|turn|17
|
|t:|1683814918
|move|p1a: Eternatus|Sludge Wave|p2a: Golisopod
|-damage|p2a: Golisopod|173/263
|-status|p2a: Golisopod|psn
|move|p2a: Golisopod|Knock Off|p1a: Eternatus
|-damage|p1a: Eternatus|92/308
|-enditem|p1a: Eternatus|Metronome|[from] move: Knock Off|[of] p2a: Golisopod
|
|-damage|p2a: Golisopod|141/263 psn|[from] psn
|upkeep
|turn|18
|
|t:|1683814929
|move|p1a: Eternatus|Recover|p1a: Eternatus
|-heal|p1a: Eternatus|246/308
|move|p2a: Golisopod|Knock Off|p1a: Eternatus
|-damage|p1a: Eternatus|151/308
|
|-damage|p2a: Golisopod|109/263 psn|[from] psn
|upkeep
|-activate|p2a: Golisopod|ability: Emergency Exit
|inactive|kyuremwhite>blick has 120 seconds left.
|
|t:|1683814951
|switch|p2a: Bellossom|Bellossom, L82, F|257/257
|turn|19
|
|t:|1683814967
|switch|p1a: Clefable|Clefable, L82, F|290/290
|move|p2a: Bellossom|Quiver Dance|p2a: Bellossom
|-boost|p2a: Bellossom|spa|1
|-boost|p2a: Bellossom|spd|1
|-boost|p2a: Bellossom|spe|1
|
|upkeep
|turn|20
|inactive|kyuremwhite>blick has 120 seconds left.
|
|t:|1683814988
|move|p2a: Bellossom|Moonblast|p1a: Clefable
|-damage|p1a: Clefable|193/290
|move|p1a: Clefable|Fire Blast|p2a: Bellossom|[miss]
|-miss|p1a: Clefable|p2a: Bellossom
|
|upkeep
|turn|21
|inactive|kyuremwhite>blick has 120 seconds left.
|
|t:|1683815002
|move|p2a: Bellossom|Quiver Dance|p2a: Bellossom
|-boost|p2a: Bellossom|spa|1
|-boost|p2a: Bellossom|spd|1
|-boost|p2a: Bellossom|spe|1
|move|p1a: Clefable|Calm Mind|p1a: Clefable
|-boost|p1a: Clefable|spa|1
|-boost|p1a: Clefable|spd|1
|
|upkeep
|turn|22
|inactive|kyuremwhite>blick has 120 seconds left.
|
|t:|1683815013
|move|p2a: Bellossom|Giga Drain|p1a: Clefable
|-damage|p1a: Clefable|93/290
|move|p1a: Clefable|Fire Blast|p2a: Bellossom
|-supereffective|p2a: Bellossom
|-damage|p2a: Bellossom|130/257
|
|-heal|p2a: Bellossom|146/257|[from] item: Leftovers
|upkeep
|turn|23
|n|!kyuremwhite>blick|kyuremwhiteblick
|inactive|darkell8 has 120 seconds left.
|
|t:|1683815040
|move|p2a: Bellossom|Moonblast|p1a: Clefable
|-damage|p1a: Clefable|8/290
|-unboost|p1a: Clefable|spa|1
|move|p1a: Clefable|Soft-Boiled|p1a: Clefable
|-heal|p1a: Clefable|153/290
|
|-heal|p2a: Bellossom|162/257|[from] item: Leftovers
|upkeep
|turn|24
|
|t:|1683815049
|move|p2a: Bellossom|Giga Drain|p1a: Clefable
|-damage|p1a: Clefable|56/290
|-heal|p2a: Bellossom|211/257|[from] drain|[of] p1a: Clefable
|move|p1a: Clefable|Soft-Boiled|p1a: Clefable
|-heal|p1a: Clefable|201/290
|
|-heal|p2a: Bellossom|227/257|[from] item: Leftovers
|upkeep
|turn|25
|
|t:|1683815059
|move|p2a: Bellossom|Quiver Dance|p2a: Bellossom
|-boost|p2a: Bellossom|spa|1
|-boost|p2a: Bellossom|spd|1
|-boost|p2a: Bellossom|spe|1
|move|p1a: Clefable|Calm Mind|p1a: Clefable
|-boost|p1a: Clefable|spa|1
|-boost|p1a: Clefable|spd|1
|
|-heal|p2a: Bellossom|243/257|[from] item: Leftovers
|upkeep
|turn|26
|
|t:|1683815067
|move|p2a: Bellossom|Giga Drain|p1a: Clefable
|-damage|p1a: Clefable|107/290
|-heal|p2a: Bellossom|257/257|[from] drain|[of] p1a: Clefable
|move|p1a: Clefable|Calm Mind|p1a: Clefable
|-boost|p1a: Clefable|spa|1
|-boost|p1a: Clefable|spd|1
|
|upkeep
|turn|27
|
|t:|1683815076
|move|p2a: Bellossom|Giga Drain|p1a: Clefable
|-damage|p1a: Clefable|31/290
|move|p1a: Clefable|Soft-Boiled|p1a: Clefable
|-heal|p1a: Clefable|176/290
|
|upkeep
|turn|28
|
|t:|1683815086
|move|p2a: Bellossom|Quiver Dance|p2a: Bellossom
|-boost|p2a: Bellossom|spa|1
|-boost|p2a: Bellossom|spd|1
|-boost|p2a: Bellossom|spe|1
|move|p1a: Clefable|Calm Mind|p1a: Clefable
|-boost|p1a: Clefable|spa|1
|-boost|p1a: Clefable|spd|1
|
|upkeep
|turn|29
|
|t:|1683815097
|move|p2a: Bellossom|Giga Drain|p1a: Clefable
|-damage|p1a: Clefable|104/290
|move|p1a: Clefable|Soft-Boiled|p1a: Clefable
|-heal|p1a: Clefable|249/290
|
|upkeep
|turn|30
|
|t:|1683815103
|move|p2a: Bellossom|Quiver Dance|p2a: Bellossom
|-boost|p2a: Bellossom|spa|1
|-boost|p2a: Bellossom|spd|1
|-boost|p2a: Bellossom|spe|1
|move|p1a: Clefable|Calm Mind|p1a: Clefable
|-boost|p1a: Clefable|spa|1
|-boost|p1a: Clefable|spd|1
|
|upkeep
|turn|31
|
|t:|1683815112
|move|p2a: Bellossom|Quiver Dance|p2a: Bellossom
|-boost|p2a: Bellossom|spa|1
|-boost|p2a: Bellossom|spd|1
|-boost|p2a: Bellossom|spe|1
|move|p1a: Clefable|Calm Mind|p1a: Clefable
|-boost|p1a: Clefable|spa|1
|-boost|p1a: Clefable|spd|1
|
|upkeep
|turn|32
|
|t:|1683815122
|move|p2a: Bellossom|Giga Drain|p1a: Clefable
|-damage|p1a: Clefable|171/290
|move|p1a: Clefable|Moonblast|p2a: Bellossom
|-damage|p2a: Bellossom|166/257
|-unboost|p2a: Bellossom|spa|1
|
|-heal|p2a: Bellossom|182/257|[from] item: Leftovers
|upkeep
|turn|33
|
|t:|1683815130
|move|p2a: Bellossom|Giga Drain|p1a: Clefable
|-damage|p1a: Clefable|105/290
|-heal|p2a: Bellossom|215/257|[from] drain|[of] p1a: Clefable
|move|p1a: Clefable|Soft-Boiled|p1a: Clefable
|-heal|p1a: Clefable|250/290
|
|-heal|p2a: Bellossom|231/257|[from] item: Leftovers
|upkeep
|turn|34
|
|t:|1683815142
|move|p2a: Bellossom|Moonblast|p1a: Clefable
|-damage|p1a: Clefable|194/290
|move|p1a: Clefable|Fire Blast|p2a: Bellossom
|-supereffective|p2a: Bellossom
|-damage|p2a: Bellossom|80/257
|-status|p2a: Bellossom|brn
|
|-heal|p2a: Bellossom|96/257 brn|[from] item: Leftovers
|-damage|p2a: Bellossom|80/257 brn|[from] brn
|upkeep
|turn|35
|
|t:|1683815152
|move|p2a: Bellossom|Strength Sap|p1a: Clefable
|-unboost|p1a: Clefable|atk|1
|-heal|p2a: Bellossom|199/257 brn
|move|p1a: Clefable|Soft-Boiled|p1a: Clefable
|-heal|p1a: Clefable|290/290
|
|-heal|p2a: Bellossom|215/257 brn|[from] item: Leftovers
|-damage|p2a: Bellossom|199/257 brn|[from] brn
|upkeep
|turn|36
|
|t:|1683815161
|move|p2a: Bellossom|Strength Sap|p1a: Clefable
|-unboost|p1a: Clefable|atk|1
|-heal|p2a: Bellossom|257/257 brn
|move|p1a: Clefable|Calm Mind|p1a: Clefable
|-boost|p1a: Clefable|spa|1
|-boost|p1a: Clefable|spd|0
|
|-damage|p2a: Bellossom|241/257 brn|[from] brn
|upkeep
|turn|37
|
|t:|1683815170
|move|p2a: Bellossom|Giga Drain|p1a: Clefable
|-damage|p1a: Clefable|221/290
|-heal|p2a: Bellossom|257/257 brn|[from] drain|[of] p1a: Clefable
|move|p1a: Clefable|Moonblast|p2a: Bellossom
|-damage|p2a: Bellossom|136/257 brn
|
|-heal|p2a: Bellossom|152/257 brn|[from] item: Leftovers
|-damage|p2a: Bellossom|136/257 brn|[from] brn
|upkeep
|turn|38
|
|t:|1683815181
|move|p2a: Bellossom|Strength Sap|p1a: Clefable
|-unboost|p1a: Clefable|atk|1
|-heal|p2a: Bellossom|195/257 brn
|move|p1a: Clefable|Moonblast|p2a: Bellossom
|-damage|p2a: Bellossom|86/257 brn
|
|-heal|p2a: Bellossom|102/257 brn|[from] item: Leftovers
|-damage|p2a: Bellossom|86/257 brn|[from] brn
|upkeep
|turn|39
|
|t:|1683815191
|move|p2a: Bellossom|Strength Sap|p1a: Clefable
|-unboost|p1a: Clefable|atk|1
|-heal|p2a: Bellossom|133/257 brn
|move|p1a: Clefable|Fire Blast|p2a: Bellossom
|-supereffective|p2a: Bellossom
|-damage|p2a: Bellossom|0 fnt
|faint|p2a: Bellossom
|
|upkeep
|
|t:|1683815204
|switch|p2a: Golisopod|Golisopod, L84, F|109/263 psn
|turn|40
|
|t:|1683815224
|move|p1a: Clefable|Soft-Boiled|p1a: Clefable
|-heal|p1a: Clefable|290/290
|move|p2a: Golisopod|Liquidation|p1a: Clefable
|-damage|p1a: Clefable|172/290
|
|-damage|p2a: Golisopod|77/263 psn|[from] psn
|upkeep
|turn|41
|
|t:|1683815232
|move|p1a: Clefable|Moonblast|p2a: Golisopod
|-damage|p2a: Golisopod|0 fnt
|faint|p2a: Golisopod
|
|upkeep
|
|t:|1683815244
|switch|p2a: Tornadus|Tornadus-Therian, L78, M|251/251
|turn|42
|
|t:|1683815259
|move|p2a: Tornadus|Hurricane|p1a: Clefable
|-damage|p1a: Clefable|141/290
|move|p1a: Clefable|Soft-Boiled|p1a: Clefable
|-heal|p1a: Clefable|286/290
|
|upkeep
|turn|43
|
|t:|1683815267
|switch|p2a: Wigglytuff|Wigglytuff, L90, F|398/398
|move|p1a: Clefable|Moonblast|p2a: Wigglytuff
|-damage|p2a: Wigglytuff|0 fnt
|faint|p2a: Wigglytuff
|
|upkeep
|
|t:|1683815275
|switch|p2a: Moltres|Moltres, L80|275/275
|turn|44
|
|t:|1683815281
|move|p2a: Moltres|Air Slash|p1a: Clefable
|-damage|p1a: Clefable|262/290
|move|p1a: Clefable|Moonblast|p2a: Moltres
|-resisted|p2a: Moltres
|-damage|p2a: Moltres|5/275
|
|upkeep
|turn|45
|
|t:|1683815293
|move|p2a: Moltres|Air Slash|p1a: Clefable
|-damage|p1a: Clefable|238/290
|move|p1a: Clefable|Moonblast|p2a: Moltres
|-resisted|p2a: Moltres
|-damage|p2a: Moltres|0 fnt
|faint|p2a: Moltres
|
|upkeep
|-message|kyuremwhite>blick forfeited.
|
|win|darkell8
|raw|darkell8's rating: 1324 &rarr; <strong>1340</strong><br />(+16 for winning)
|raw|kyuremwhite&gt;blick's rating: 1258 &rarr; <strong>1238</strong><br />(-20 for losing)
|l|!kyuremwhite>blick
