|j|☆f ∞1ish
|j|☆Delta 2777
|t:|1603339931
|player|p1|f ∞1ish|101|2417
|player|p2|Delta 2777|265|2448
|teamsize|p1|6
|teamsize|p2|6
|gametype|singles
|gen|8
|tier|[Gen 8] Random Battle
|rated|
|rule|Species Clause: Limit one of each Pokémon
|rule|HP Percentage Mod: HP is shown in percentages
|rule|Sleep Clause Mod: Limit one foe put to sleep
|
|t:|1603339931
|start
|switch|p1a: Rapidash|Rapidash, L86, F|252/252
|switch|p2a: Marowak|Marowak, L88, F|249/249
|turn|1
|inactive|Battle timer is ON: inactive players will automatically lose when time's up. (requested by Delta 2777)
|
|t:|1603339944
|switch|p1a: Leafeon|Leafeon, L88, M|258/258
|switch|p2a: Turtonator|Turtonator, L86, M|243/243
|
|upkeep
|turn|2
|
|t:|1603339963
|switch|p1a: Drampa|Drampa, L86, M|274/274
|move|p2a: Turtonator|Fire Blast|p1a: Drampa
|-resisted|p1a: Drampa
|-damage|p1a: Drampa|217/274
|
|-heal|p1a: Drampa|234/274|[from] item: Leftovers
|upkeep
|turn|3
|j| YA BOIIIII GUZMA!!
|
|t:|1603339971
|move|p1a: Drampa|Draco Meteor|p2a: Turtonator|[miss]
|-miss|p1a: Drampa|p2a: Turtonator
|move|p2a: Turtonator|Draco Meteor|p1a: Drampa
|-supereffective|p1a: Drampa
|-damage|p1a: Drampa|0 fnt
|-unboost|p2a: Turtonator|spa|2
|faint|p1a: Drampa
|
|upkeep
|
|t:|1603339989
|switch|p1a: Rapidash|Rapidash, L86, F|252/252
|turn|4
|
|t:|1603339992
|move|p1a: Rapidash|Swords Dance|p1a: Rapidash
|-boost|p1a: Rapidash|atk|2
|move|p2a: Turtonator|Earthquake|p1a: Rapidash
|-supereffective|p1a: Rapidash
|-damage|p1a: Rapidash|110/252
|
|upkeep
|turn|5
|
|t:|1603339998
|move|p1a: Rapidash|High Horsepower|p2a: Turtonator|[miss]
|-miss|p1a: Rapidash|p2a: Turtonator
|move|p2a: Turtonator|Earthquake|p1a: Rapidash
|-supereffective|p1a: Rapidash
|-damage|p1a: Rapidash|0 fnt
|faint|p1a: Rapidash
|
|upkeep
|c|☆Delta 2777|sry
|c|☆f ∞1ish|no need its all part of the game :)
|inactive|f ∞1ish has 120 seconds left.
|j| Elxsa❀
|c|☆Delta 2777|yeppers
|inactive|f ∞1ish has 90 seconds left.
|inactive|f ∞1ish has 60 seconds left.
|
|t:|1603340093
|switch|p1a: Kommo-o|Kommo-o, L80, F|251/251
|turn|6
|inactive|Delta 2777 has 120 seconds left.
|
|t:|1603340125
|move|p1a: Kommo-o|Clangorous Soul|p1a: Kommo-o
|-boost|p1a: Kommo-o|atk|1
|-boost|p1a: Kommo-o|def|1
|-boost|p1a: Kommo-o|spa|1
|-boost|p1a: Kommo-o|spd|1
|-boost|p1a: Kommo-o|spe|1
|-damage|p1a: Kommo-o|169/251
|-enditem|p1a: Kommo-o|Throat Spray
|-boost|p1a: Kommo-o|spa|1|[from] item: Throat Spray
|move|p2a: Turtonator|Draco Meteor|p1a: Kommo-o
|-supereffective|p1a: Kommo-o
|-damage|p1a: Kommo-o|85/251
|-unboost|p2a: Turtonator|spa|2
|
|upkeep
|turn|7
|inactive|f ∞1ish has 60 seconds left.
|
|t:|1603340148
|switch|p2a: Ribombee|Ribombee, L86, F|243/243
|move|p1a: Kommo-o|Clanging Scales|p2a: Ribombee
|-immune|p2a: Ribombee
|
|upkeep
|turn|8
|inactive|Delta 2777 has 120 seconds left.
|
|t:|1603340183
|move|p1a: Kommo-o|Poison Jab|p2a: Ribombee
|-supereffective|p2a: Ribombee
|-damage|p2a: Ribombee|15/243
|-status|p2a: Ribombee|psn
|move|p2a: Ribombee|Moonblast|p1a: Kommo-o
|-supereffective|p1a: Kommo-o
|-damage|p1a: Kommo-o|0 fnt
|faint|p1a: Kommo-o
|
|-damage|p2a: Ribombee|0 fnt|[from] psn
|faint|p2a: Ribombee
|upkeep
|
|t:|1603340192
|switch|p2a: Scizor|Scizor, L82, M|249/249
|switch|p1a: Arctozolt|Arctozolt, L88|302/302
|turn|9
|inactive|Delta 2777 has 120 seconds left.
|
|t:|1603340211
|move|p2a: Scizor|U-turn|p1a: Arctozolt
|-damage|p1a: Arctozolt|215/302
|
|t:|1603340214
|switch|p2a: Turtonator|Turtonator, L86, M|243/243
|move|p1a: Arctozolt|Thunder Wave|p2a: Turtonator
|-status|p2a: Turtonator|par
|
|upkeep
|turn|10
|inactive|f ∞1ish has 90 seconds left.
|inactive|Delta 2777 has 120 seconds left.
|
|t:|1603340219
|move|p1a: Arctozolt|Icicle Crash|p2a: Turtonator
|-damage|p2a: Turtonator|170/243 par
|move|p2a: Turtonator|Earthquake|p1a: Arctozolt
|-supereffective|p1a: Arctozolt
|-damage|p1a: Arctozolt|105/302
|
|upkeep
|turn|11
|
|t:|1603340224
|move|p1a: Arctozolt|Icicle Crash|p2a: Turtonator
|-damage|p2a: Turtonator|92/243 par
|cant|p2a: Turtonator|flinch
|
|upkeep
|turn|12
|
|t:|1603340229
|move|p1a: Arctozolt|Icicle Crash|p2a: Turtonator
|-damage|p2a: Turtonator|14/243 par
|cant|p2a: Turtonator|par
|
|upkeep
|turn|13
|
|t:|1603340234
|move|p1a: Arctozolt|Icicle Crash|p2a: Turtonator
|-damage|p2a: Turtonator|0 fnt
|faint|p2a: Turtonator
|
|upkeep
|
|t:|1603340238
|switch|p2a: Absol|Absol, L86, F|252/252
|turn|14
|
|t:|1603340244
|move|p2a: Absol|Knock Off|p1a: Arctozolt
|-damage|p1a: Arctozolt|0 fnt
|-enditem|p1a: Arctozolt|Heavy-Duty Boots|[from] move: Knock Off|[of] p2a: Absol
|faint|p1a: Arctozolt
|
|upkeep
|inactive|f ∞1ish has 120 seconds left.
|
|t:|1603340259
|switch|p1a: Heracross|Heracross, L84, M|272/272
|turn|15
|
|t:|1603340274
|-start|p1a: Heracross|Dynamax
|-heal|p1a: Heracross|544/544|[silent]
|move|p1a: Heracross|Max Knuckle|p2a: Absol
|-supereffective|p2a: Absol
|-damage|p2a: Absol|0 fnt
|-boost|p1a: Heracross|atk|1
|-damage|p1a: Heracross|517/544|[from] item: Life Orb
|faint|p2a: Absol
|-ability|p1a: Heracross|Moxie|boost
|-boost|p1a: Heracross|atk|1
|
|upkeep
|j| TTTTTunder
|inactive|Delta 2777 has 120 seconds left.
|inactive|Delta 2777 has 90 seconds left.
|inactive|Delta 2777 has 60 seconds left.
|
|t:|1603340364
|switch|p2a: Marowak|Marowak, L88, F|249/249
|turn|16
|inactive|Delta 2777 has 60 seconds left.
|inactive|f ∞1ish has 120 seconds left.
|inactive|f ∞1ish has 90 seconds left.
|
|t:|1603340422
|-start|p2a: Marowak|Dynamax
|-heal|p2a: Marowak|498/498|[silent]
|move|p2a: Marowak|Max Guard|p2a: Marowak
|-singleturn|p2a: Marowak|Max Guard
|move|p1a: Heracross|Max Flutterby|p2a: Marowak
|-activate|p2a: Marowak|move: Max Guard
|
|upkeep
|turn|17
|inactive|f ∞1ish has 90 seconds left.
|inactive|Delta 2777 has 60 seconds left.
|j| Kackwii
|inactive|f ∞1ish has 60 seconds left.
|
|t:|1603340483
|move|p2a: Marowak|Max Guard|p2a: Marowak
|-singleturn|p2a: Marowak|Max Guard
|move|p1a: Heracross|Max Knuckle|p2a: Marowak
|-activate|p2a: Marowak|move: Max Guard
|
|-end|p1a: Heracross|Dynamax
|-heal|p1a: Heracross|259/272|[silent]
|upkeep
|turn|18
|
|t:|1603340503
|switch|p1a: Leafeon|Leafeon, L88, M|258/258
|move|p2a: Marowak|Max Rockfall|p1a: Leafeon
|-damage|p1a: Leafeon|141/258
|-weather|Sandstorm
|
|-weather|Sandstorm|[upkeep]
|-damage|p1a: Leafeon|125/258|[from] Sandstorm
|-end|p2a: Marowak|Dynamax
|-heal|p2a: Marowak|249/249|[silent]
|upkeep
|turn|19
|inactive|Delta 2777 has 60 seconds left.
|inactive|f ∞1ish has 30 seconds left.
|inactive|f ∞1ish has 20 seconds left.
|inactive|f ∞1ish has 15 seconds left.
|inactive|f ∞1ish has 10 seconds left.
|inactive|Delta 2777 has 30 seconds left.
|
|t:|1603340541
|switch|p1a: Heracross|Heracross, L84, M|259/272
|switch|p2a: Scizor|Scizor, L82, M|249/249
|
|-weather|Sandstorm|[upkeep]
|-damage|p1a: Heracross|242/272|[from] Sandstorm
|upkeep
|turn|20
|inactive|f ∞1ish has 20 seconds left this turn.
|
|t:|1603340550
|move|p1a: Heracross|Knock Off|p2a: Scizor
|-damage|p2a: Scizor|153/249
|-enditem|p2a: Scizor|Leftovers|[from] move: Knock Off|[of] p1a: Heracross
|-damage|p1a: Heracross|215/272|[from] item: Life Orb
|move|p2a: Scizor|Swords Dance|p2a: Scizor
|-boost|p2a: Scizor|atk|2
|
|-weather|Sandstorm|[upkeep]
|-damage|p1a: Heracross|198/272|[from] Sandstorm
|upkeep
|turn|21
|inactive|f ∞1ish has 30 seconds left this turn.
|
|t:|1603340553
|move|p2a: Scizor|Bullet Punch|p1a: Heracross
|-damage|p1a: Heracross|27/272
|move|p1a: Heracross|Close Combat|p2a: Scizor
|-damage|p2a: Scizor|0 fnt
|-unboost|p1a: Heracross|def|1
|-unboost|p1a: Heracross|spd|1
|-damage|p1a: Heracross|0 fnt|[from] item: Life Orb
|faint|p2a: Scizor
|faint|p1a: Heracross
|
|-weather|Sandstorm|[upkeep]
|upkeep
|
|t:|1603340572
|switch|p1a: Leafeon|Leafeon, L88, M|125/258
|switch|p2a: Marowak|Marowak, L88, F|249/249
|turn|22
|inactive|f ∞1ish has 30 seconds left.
|
|t:|1603340598
|move|p1a: Leafeon|Swords Dance|p1a: Leafeon
|-boost|p1a: Leafeon|atk|2
|move|p2a: Marowak|Knock Off|p1a: Leafeon
|-damage|p1a: Leafeon|32/258
|-enditem|p1a: Leafeon|Lum Berry|[from] move: Knock Off|[of] p2a: Marowak
|
|-weather|none
|upkeep
|turn|23
|
|t:|1603340605
|move|p1a: Leafeon|Synthesis|p1a: Leafeon
|-heal|p1a: Leafeon|161/258
|move|p2a: Marowak|Knock Off|p1a: Leafeon
|-damage|p1a: Leafeon|104/258
|
|upkeep
|turn|24
|c|☆Delta 2777|gg
|
|t:|1603340610
|move|p1a: Leafeon|Swords Dance|p1a: Leafeon
|-boost|p1a: Leafeon|atk|2
|move|p2a: Marowak|Stone Edge|p1a: Leafeon|[miss]
|-miss|p2a: Marowak|p1a: Leafeon
|
|upkeep
|turn|25
|
|t:|1603340613
|move|p1a: Leafeon|Synthesis|p1a: Leafeon
|-heal|p1a: Leafeon|233/258
|move|p2a: Marowak|Stone Edge|p1a: Leafeon
|-damage|p1a: Leafeon|133/258
|
|upkeep
|turn|26
|c|☆f ∞1ish|gg
|inactive|f ∞1ish has 60 seconds left.
|
|t:|1603340618
|move|p1a: Leafeon|Synthesis|p1a: Leafeon
|-heal|p1a: Leafeon|258/258
|move|p2a: Marowak|Stone Edge|p1a: Leafeon|[miss]
|-miss|p2a: Marowak|p1a: Leafeon
|
|upkeep
|turn|27
|
|t:|1603340622
|move|p1a: Leafeon|Swords Dance|p1a: Leafeon
|-boost|p1a: Leafeon|atk|2
|move|p2a: Marowak|Stone Edge|p1a: Leafeon
|-damage|p1a: Leafeon|161/258
|
|upkeep
|turn|28
|
|t:|1603340624
|move|p1a: Leafeon|Synthesis|p1a: Leafeon
|-heal|p1a: Leafeon|258/258
|move|p2a: Marowak|Stone Edge|p1a: Leafeon
|-damage|p1a: Leafeon|157/258
|
|upkeep
|turn|29
|
|t:|1603340626
|move|p1a: Leafeon|Synthesis|p1a: Leafeon
|-heal|p1a: Leafeon|258/258
|move|p2a: Marowak|Stone Edge|p1a: Leafeon
|-damage|p1a: Leafeon|162/258
|
|upkeep
|turn|30
|
|t:|1603340629
|move|p1a: Leafeon|Synthesis|p1a: Leafeon
|-heal|p1a: Leafeon|258/258
|move|p2a: Marowak|Knock Off|p1a: Leafeon
|-damage|p1a: Leafeon|201/258
|
|upkeep
|turn|31
|
|t:|1603340632
|move|p1a: Leafeon|Leaf Blade|p2a: Marowak
|-supereffective|p2a: Marowak
|-damage|p2a: Marowak|0 fnt
|faint|p2a: Marowak
|
|upkeep
|
|t:|1603340634
|switch|p2a: Dracovish|Dracovish, L76|262/262
|turn|32
|
|t:|1603340636
|move|p1a: Leafeon|Leaf Blade|p2a: Dracovish
|-damage|p2a: Dracovish|0 fnt
|faint|p2a: Dracovish
|
|win|f ∞1ish
|l|☆Delta 2777
|raw|f ∞1ish's rating: 2417 &rarr; <strong>2438</strong><br />(+21 for winning)
|raw|Delta 2777's rating: 2448 &rarr; <strong>2426</strong><br />(-22 for losing)
|l| Kackwii
|l| TTTTTunder
