|j|☆Prosaic
|j|☆JJ09LIE
|t:|1658031653
|gametype|singles
|player|p1|Prosaic|schoolkid-gen4dp|2426
|player|p2|JJ09LIE|2|2448
|teamsize|p1|6
|teamsize|p2|6
|gen|8
|tier|[Gen 8] Random Battle
|rated|
|rule|Species Clause: Limit one of each Pokémon
|rule|HP Percentage Mod: HP is shown in percentages
|rule|Sleep Clause Mod: Limit one foe put to sleep
|
|t:|1658031653
|start
|switch|p1a: Blacephalon|Blacephalon, L80|215/215
|switch|p2a: Arctozolt|Arctozolt, L86|295/295
|turn|1
|inactive|Battle timer is ON: inactive players will automatically lose when time's up. (requested by JJ09LIE)
|c|☆JJ09LIE|Gosh oh my match to no1
|j| Pika Sup
|inactive|JJ09LIE has 120 seconds left.
|c|☆Prosaic|gl :I
|
|t:|1658031704
|switch|p2a: Octillery|Octillery, L86, F|269/269
|move|p1a: Blacephalon|Fire Blast|p2a: Octillery
|-resisted|p2a: Octillery
|-damage|p2a: Octillery|179/269
|-status|p2a: Octillery|brn
|
|-heal|p2a: Octillery|195/269 brn|[from] item: Leftovers
|-damage|p2a: Octillery|179/269 brn|[from] brn
|-ability|p2a: Octillery|Moody|boost
|-boost|p2a: Octillery|spa|2
|-unboost|p2a: Octillery|spd|1
|upkeep
|turn|2
|
|t:|1658031729
|move|p2a: Octillery|Protect|p2a: Octillery
|-singleturn|p2a: Octillery|Protect
|move|p1a: Blacephalon|Calm Mind|p1a: Blacephalon
|-boost|p1a: Blacephalon|spa|1
|-boost|p1a: Blacephalon|spd|1
|
|-heal|p2a: Octillery|195/269 brn|[from] item: Leftovers
|-damage|p2a: Octillery|179/269 brn|[from] brn
|-ability|p2a: Octillery|Moody|boost
|-boost|p2a: Octillery|spe|2
|-unboost|p2a: Octillery|def|1
|upkeep
|turn|3
|
|t:|1658031737
|-start|p2a: Octillery|Dynamax|
|-heal|p2a: Octillery|358/538 brn|[silent]
|move|p2a: Octillery|Max Geyser|p1a: Blacephalon
|-supereffective|p1a: Blacephalon
|-enditem|p1a: Blacephalon|Focus Sash
|-damage|p1a: Blacephalon|1/215
|-weather|RainDance
|move|p1a: Blacephalon|Shadow Ball|p2a: Octillery
|-damage|p2a: Octillery|91/538 brn
|-unboost|p2a: Octillery|spd|1
|
|-weather|RainDance|[upkeep]
|-heal|p2a: Octillery|107/538 brn|[from] item: Leftovers
|-damage|p2a: Octillery|91/538 brn|[from] brn
|-ability|p2a: Octillery|Moody|boost
|-boost|p2a: Octillery|def|2
|-unboost|p2a: Octillery|spd|1
|upkeep
|turn|4
|
|t:|1658031755
|move|p2a: Octillery|Max Overgrowth|p1a: Blacephalon
|-resisted|p1a: Blacephalon
|-damage|p1a: Blacephalon|0 fnt
|-fieldstart|move: Grassy Terrain
|faint|p1a: Blacephalon
|
|-weather|RainDance|[upkeep]
|-heal|p2a: Octillery|107/538 brn|[from] Grassy Terrain
|-heal|p2a: Octillery|123/538 brn|[from] item: Leftovers
|-damage|p2a: Octillery|107/538 brn|[from] brn
|-ability|p2a: Octillery|Moody|boost
|-boost|p2a: Octillery|def|2
|-unboost|p2a: Octillery|atk|1
|upkeep
|
|t:|1658031768
|switch|p1a: Crobat|Crobat, L82, F|274/274
|turn|5
|
|t:|1658031780
|move|p1a: Crobat|U-turn|p2a: Octillery
|-damage|p2a: Octillery|86/538 brn
|
|t:|1658031782
|switch|p1a: Vaporeon|Vaporeon, L84, F|356/356
|move|p2a: Octillery|Max Geyser|p1a: Vaporeon
|-immune|p1a: Vaporeon|[from] ability: Water Absorb
|
|-weather|RainDance|[upkeep]
|-heal|p2a: Octillery|102/538 brn|[from] Grassy Terrain
|-heal|p2a: Octillery|118/538 brn|[from] item: Leftovers
|-damage|p2a: Octillery|102/538 brn|[from] brn
|-ability|p2a: Octillery|Moody|boost
|-boost|p2a: Octillery|spd|2
|-unboost|p2a: Octillery|spe|1
|upkeep
|-end|p2a: Octillery|Dynamax
|-heal|p2a: Octillery|51/269 brn|[silent]
|turn|6
|
|t:|1658031794
|switch|p1a: Crobat|Crobat, L82, F|274/274
|move|p2a: Octillery|Energy Ball|p1a: Crobat
|-resisted|p1a: Crobat
|-damage|p1a: Crobat|225/274
|
|-weather|RainDance|[upkeep]
|-heal|p2a: Octillery|67/269 brn|[from] Grassy Terrain
|-heal|p2a: Octillery|83/269 brn|[from] item: Leftovers
|-damage|p2a: Octillery|67/269 brn|[from] brn
|-ability|p2a: Octillery|Moody|boost
|-boost|p2a: Octillery|def|2
|-unboost|p2a: Octillery|atk|1
|upkeep
|turn|7
|c|☆JJ09LIE|damn annoying burn
|c|☆JJ09LIE|ngl
|inactive|Prosaic has 120 seconds left.
|
|t:|1658031822
|move|p1a: Crobat|Brave Bird|p2a: Octillery
|-damage|p2a: Octillery|30/269 brn
|-damage|p1a: Crobat|213/274|[from] Recoil
|move|p2a: Octillery|Hydro Pump|p1a: Crobat
|-damage|p1a: Crobat|0 fnt
|faint|p1a: Crobat
|
|-weather|none
|-heal|p2a: Octillery|46/269 brn|[from] Grassy Terrain
|-heal|p2a: Octillery|62/269 brn|[from] item: Leftovers
|-damage|p2a: Octillery|46/269 brn|[from] brn
|-ability|p2a: Octillery|Moody|boost
|-boost|p2a: Octillery|spa|2
|-unboost|p2a: Octillery|def|1
|upkeep
|
|t:|1658031832
|switch|p1a: Morpeko|Morpeko, L86, M|240/240
|turn|8
|
|t:|1658031837
|move|p2a: Octillery|Protect|p2a: Octillery
|-singleturn|p2a: Octillery|Protect
|move|p1a: Morpeko|Aura Wheel|p2a: Octillery
|-activate|p2a: Octillery|move: Protect
|
|-heal|p2a: Octillery|62/269 brn|[from] Grassy Terrain
|-heal|p2a: Octillery|78/269 brn|[from] item: Leftovers
|-damage|p2a: Octillery|62/269 brn|[from] brn
|-fieldend|move: Grassy Terrain
|-ability|p2a: Octillery|Moody|boost
|-boost|p2a: Octillery|atk|2
|-unboost|p2a: Octillery|def|1
|-formechange|p1a: Morpeko|Morpeko-Hangry||[from] ability: Hunger Switch
|upkeep
|turn|9
|j| I am CrazyClown
|inactive|Prosaic has 120 seconds left.
|
|t:|1658031854
|switch|p2a: Urshifu|Urshifu, L76, F|277/277
|move|p1a: Morpeko|Protect||[still]
|-fail|p1a: Morpeko
|
|-formechange|p1a: Morpeko|Morpeko||[from] ability: Hunger Switch
|upkeep
|turn|10
|inactive|Prosaic has 120 seconds left.
|
|t:|1658031862
|move|p1a: Morpeko|Parting Shot|p2a: Urshifu
|-unboost|p2a: Urshifu|atk|1
|-unboost|p2a: Urshifu|spa|1
|
|t:|1658031863
|switch|p1a: Vaporeon|Vaporeon, L84, F|356/356
|move|p2a: Urshifu|Bulk Up|p2a: Urshifu
|-boost|p2a: Urshifu|atk|1
|-boost|p2a: Urshifu|def|1
|
|upkeep
|turn|11
|
|t:|1658031873
|switch|p2a: Rotom|Rotom-Mow, L86|226/226
|move|p1a: Vaporeon|Scald|p2a: Rotom
|-resisted|p2a: Rotom
|-damage|p2a: Rotom|186/226
|-status|p2a: Rotom|brn
|
|-heal|p2a: Rotom|200/226 brn|[from] item: Leftovers
|-damage|p2a: Rotom|186/226 brn|[from] brn
|upkeep
|turn|12
|l| Pika Sup
|inactive|Prosaic has 120 seconds left.
|
|t:|1658031893
|switch|p1a: Bouffalant|Bouffalant, L84, M|297/297
|move|p2a: Rotom|Nasty Plot|p2a: Rotom
|-boost|p2a: Rotom|spa|2
|
|-heal|p2a: Rotom|200/226 brn|[from] item: Leftovers
|-damage|p2a: Rotom|186/226 brn|[from] brn
|upkeep
|turn|13
|
|t:|1658031898
|move|p2a: Rotom|Volt Switch|p1a: Bouffalant
|-damage|p1a: Bouffalant|146/297
|c| I am CrazyClown|octillery slick has good coverage wtf
|
|t:|1658031900
|switch|p2a: Octillery|Octillery, L86, F|62/269 brn
|move|p1a: Bouffalant|Megahorn|p2a: Octillery
|-damage|p2a: Octillery|0 fnt
|faint|p2a: Octillery
|
|-heal|p1a: Bouffalant|164/297|[from] item: Leftovers
|upkeep
|c| I am CrazyClown|flame eball
|
|t:|1658031905
|switch|p2a: Urshifu|Urshifu, L76, F|277/277
|turn|14
|
|t:|1658031927
|switch|p1a: Vaporeon|Vaporeon, L84, F|356/356
|move|p2a: Urshifu|Bulk Up|p2a: Urshifu
|-boost|p2a: Urshifu|atk|1
|-boost|p2a: Urshifu|def|1
|
|upkeep
|turn|15
|
|t:|1658031931
|move|p2a: Urshifu|Wicked Blow|p1a: Vaporeon
|-crit|p1a: Vaporeon
|-damage|p1a: Vaporeon|88/356
|move|p1a: Vaporeon|Toxic|p2a: Urshifu
|-status|p2a: Urshifu|tox
|
|-heal|p1a: Vaporeon|110/356|[from] item: Leftovers
|-damage|p2a: Urshifu|260/277 tox|[from] psn
|upkeep
|turn|16
|
|t:|1658031947
|switch|p1a: Bouffalant|Bouffalant, L84, M|164/297
|move|p2a: Urshifu|Drain Punch|p1a: Bouffalant
|-supereffective|p1a: Bouffalant
|-damage|p1a: Bouffalant|0 fnt
|-heal|p2a: Urshifu|277/277 tox|[from] drain|[of] p1a: Bouffalant
|faint|p1a: Bouffalant
|
|-damage|p2a: Urshifu|243/277 tox|[from] psn
|upkeep
|inactive|Prosaic has 120 seconds left.
|c|☆JJ09LIE|Istg a sweeper is at the back
|c|☆Prosaic|i wish
|c| I am CrazyClown|groudon primal incoming
|j| gghggcghcf
|c| I am CrazyClown|rayquaza mega!!
|c|☆JJ09LIE|reveals naganadel
|inactive|Prosaic has 90 seconds left.
|
|t:|1658032001
|switch|p1a: Morpeko|Morpeko, L86, M|240/240
|turn|17
|
|t:|1658032004
|move|p1a: Morpeko|Parting Shot|p2a: Urshifu
|-unboost|p2a: Urshifu|atk|1
|-unboost|p2a: Urshifu|spa|1
|
|t:|1658032005
|switch|p1a: Vaporeon|Vaporeon, L84, F|110/356
|move|p2a: Urshifu|Drain Punch|p1a: Vaporeon
|-damage|p1a: Vaporeon|10/356
|-heal|p2a: Urshifu|277/277 tox|[from] drain|[of] p1a: Vaporeon
|
|-heal|p1a: Vaporeon|32/356|[from] item: Leftovers
|-damage|p2a: Urshifu|226/277 tox|[from] psn
|upkeep
|turn|18
|
|t:|1658032019
|move|p2a: Urshifu|Drain Punch|p1a: Vaporeon
|-damage|p1a: Vaporeon|0 fnt
|-heal|p2a: Urshifu|242/277 tox|[from] drain|[of] p1a: Vaporeon
|faint|p1a: Vaporeon
|
|-heal|p2a: Urshifu|259/277 tox|[from] item: Leftovers
|-damage|p2a: Urshifu|191/277 tox|[from] psn
|upkeep
|c|☆JJ09LIE|Reveal it
|c| I am CrazyClown|reveal your own urshifu
|inactive|Prosaic has 90 seconds left.
|
|t:|1658032048
|switch|p1a: Duraludon|Duraludon, L84, F|255/255
|turn|19
|c|☆Prosaic|:(
|c| I am CrazyClown|gg...
|c| I am CrazyClown|:(
|inactive|Prosaic has 90 seconds left.
|
|t:|1658032058
|move|p1a: Duraludon|Draco Meteor|p2a: Urshifu
|-damage|p2a: Urshifu|0 fnt
|-unboost|p1a: Duraludon|spa|2
|faint|p2a: Urshifu
|-damage|p1a: Duraludon|230/255|[from] item: Life Orb
|
|upkeep
|c|☆JJ09LIE|hmm
|c| I am CrazyClown|wait that was a speedtie
|
|t:|1658032071
|switch|p2a: Carracosta|Carracosta, L84, M|262/262
|turn|20
|c|☆JJ09LIE|yes
|c| I am CrazyClown|damn
|c|☆JJ09LIE|if only I won the speedtie
|inactive|Prosaic has 90 seconds left.
|c| I am CrazyClown|u still win
|c|☆JJ09LIE|No
|
|t:|1658032095
|switch|p1a: Morpeko|Morpeko, L86, M|240/240
|move|p2a: Carracosta|Shell Smash|p2a: Carracosta
|-unboost|p2a: Carracosta|def|1
|-unboost|p2a: Carracosta|spd|1
|-boost|p2a: Carracosta|atk|2
|-boost|p2a: Carracosta|spa|2
|-boost|p2a: Carracosta|spe|2
|
|-formechange|p1a: Morpeko|Morpeko-Hangry||[from] ability: Hunger Switch
|upkeep
|turn|21
|c| I am CrazyClown|o
|inactive|Prosaic has 90 seconds left.
|
|t:|1658032119
|move|p1a: Morpeko|Aura Wheel|p2a: Carracosta
|-damage|p2a: Carracosta|136/262
|-boost|p1a: Morpeko|spe|1
|move|p2a: Carracosta|Hydro Pump|p1a: Morpeko|[miss]
|-miss|p2a: Carracosta|p1a: Morpeko
|
|-formechange|p1a: Morpeko|Morpeko||[from] ability: Hunger Switch
|upkeep
|turn|22
|j| take it easy dude
|c| I am CrazyClown|damn...
|c|☆JJ09LIE|fml
|c|☆Prosaic|i have plot armor
|
|t:|1658032136
|move|p2a: Carracosta|Aqua Jet|p1a: Morpeko
|-damage|p1a: Morpeko|120/240
|move|p1a: Morpeko|Foul Play|p2a: Carracosta
|-damage|p2a: Carracosta|0 fnt
|faint|p2a: Carracosta
|
|-heal|p1a: Morpeko|135/240|[from] item: Leftovers
|-formechange|p1a: Morpeko|Morpeko-Hangry||[from] ability: Hunger Switch
|upkeep
|c| I am CrazyClown|JJ09LIE u should of accounted for plot armor
|c|☆JJ09LIE|game doesn’t wanna give me no1
|c| I am CrazyClown|quick use talk no jutus
|c| I am CrazyClown|jutsu
|
|t:|1658032159
|switch|p2a: Rotom|Rotom-Mow, L86|186/226 brn
|turn|23
|
|t:|1658032172
|move|p1a: Morpeko|Aura Wheel|p2a: Rotom
|-damage|p2a: Rotom|87/226 brn
|-boost|p1a: Morpeko|spe|1
|move|p2a: Rotom|Leaf Storm|p1a: Morpeko|[miss]
|-miss|p2a: Rotom|p1a: Morpeko
|
|-heal|p1a: Morpeko|150/240|[from] item: Leftovers
|-heal|p2a: Rotom|101/226 brn|[from] item: Leftovers
|-damage|p2a: Rotom|87/226 brn|[from] brn
|-formechange|p1a: Morpeko|Morpeko||[from] ability: Hunger Switch
|upkeep
|turn|24
|c|☆JJ09LIE|Fuck me
|c| I am CrazyClown|holy shit u really do have plot armor LOL
|c|☆JJ09LIE|thx a lot
|
|t:|1658032191
|switch|p2a: Arctozolt|Arctozolt, L86|295/295
|move|p1a: Morpeko|Protect||[still]
|-fail|p1a: Morpeko
|
|-heal|p1a: Morpeko|165/240|[from] item: Leftovers
|-formechange|p1a: Morpeko|Morpeko-Hangry||[from] ability: Hunger Switch
|upkeep
|turn|25
|c|☆JJ09LIE|shit game smh
|inactive|Prosaic has 60 seconds left.
|
|t:|1658032222
|move|p1a: Morpeko|Foul Play|p2a: Arctozolt
|-crit|p2a: Arctozolt
|-damage|p2a: Arctozolt|124/295
|move|p2a: Arctozolt|Freeze-Dry|p1a: Morpeko
|-damage|p1a: Morpeko|75/240
|
|-heal|p1a: Morpeko|90/240|[from] item: Leftovers
|-formechange|p1a: Morpeko|Morpeko||[from] ability: Hunger Switch
|upkeep
|turn|26
|c|☆JJ09LIE|…
|c| I am CrazyClown|I think it was Benjamin Franklin who said, "Some pokemon games will be shit"
|
|t:|1658032230
|move|p1a: Morpeko|Protect|p1a: Morpeko
|-singleturn|p1a: Morpeko|Protect
|move|p2a: Arctozolt|Icicle Crash|p1a: Morpeko
|-activate|p1a: Morpeko|move: Protect
|
|-heal|p1a: Morpeko|105/240|[from] item: Leftovers
|-formechange|p1a: Morpeko|Morpeko-Hangry||[from] ability: Hunger Switch
|upkeep
|turn|27
|
|t:|1658032238
|move|p1a: Morpeko|Aura Wheel|p2a: Arctozolt
|-damage|p2a: Arctozolt|9/295
|-boost|p1a: Morpeko|spe|1
|move|p2a: Arctozolt|Icicle Crash|p1a: Morpeko
|-damage|p1a: Morpeko|0 fnt
|faint|p1a: Morpeko
|
|upkeep
|
|t:|1658032244
|switch|p1a: Duraludon|Duraludon, L84, F|230/255
|turn|28
|
|t:|1658032253
|switch|p2a: Giratina|Giratina-Origin, L74|344/344
|move|p1a: Duraludon|Body Press|p2a: Giratina
|-immune|p2a: Giratina
|
|upkeep
|turn|29
|
|t:|1658032266
|switch|p2a: Arctozolt|Arctozolt, L86|9/295
|-start|p1a: Duraludon|Dynamax|
|-heal|p1a: Duraludon|460/510|[silent]
|move|p1a: Duraludon|Max Wyrmwind|p2a: Arctozolt
|-damage|p2a: Arctozolt|0 fnt
|faint|p2a: Arctozolt
|-damage|p1a: Duraludon|435/510|[from] item: Life Orb
|
|upkeep
|c|☆JJ09LIE|this is how it goes
|c| I am CrazyClown|dynamax broke wtf
|c|☆JJ09LIE|if I landed any shit would have wom
|c|☆JJ09LIE|won
|inactive|JJ09LIE has 120 seconds left.
|c|☆JJ09LIE|well gg
|c|☆Prosaic|gg sorry for hax :(
|c| I am CrazyClown|:(
|
|t:|1658032307
|switch|p2a: Rotom|Rotom-Mow, L86|87/226 brn
|turn|30
|c|☆Prosaic|u can
|c|☆Prosaic|tbolt
|c|☆Prosaic|para
|c|☆Prosaic|me
|c|☆JJ09LIE|lol I’ll dream on
|inactive|JJ09LIE has 90 seconds left.
|
|t:|1658032334
|move|p2a: Rotom|Volt Switch|p1a: Duraludon
|-resisted|p1a: Duraludon
|-damage|p1a: Duraludon|371/510
|
|t:|1658032335
|switch|p2a: Giratina|Giratina-Origin, L74|344/344
|move|p1a: Duraludon|Max Wyrmwind|p2a: Giratina
|-supereffective|p2a: Giratina
|-damage|p2a: Giratina|0 fnt
|faint|p2a: Giratina
|-damage|p1a: Duraludon|346/510|[from] item: Life Orb
|
|upkeep
|
|t:|1658032336
|switch|p2a: Rotom|Rotom-Mow, L86|87/226 brn
|turn|31
|
|t:|1658032339
|move|p2a: Rotom|Thunderbolt|p1a: Duraludon
|-resisted|p1a: Duraludon
|-damage|p1a: Duraludon|270/510
|move|p1a: Duraludon|Max Wyrmwind|p2a: Rotom
|-damage|p2a: Rotom|0 fnt
|faint|p2a: Rotom
|-damage|p1a: Duraludon|245/510|[from] item: Life Orb
|
|win|Prosaic
|raw|Prosaic's rating: 2426 &rarr; <strong>2447</strong><br />(+21 for winning)
|raw|JJ09LIE's rating: 2448 &rarr; <strong>2427</strong><br />(-21 for losing)
|c| I am CrazyClown|gg
|l| I am CrazyClown
|l|☆JJ09LIE
|l|☆Prosaic
|l| take it easy dude
|l| gghggcghcf
|j|☆JJ09LIE
|player|p2|JJ09LIE|2
