|j|☆sharp_claw
|j|☆tomsucksatpiano
|t:|1685413846
|gametype|singles
|player|p1|sharp_claw|#teamvictini|
|player|p2|tomsucksatpiano|gamer-gen3|
|teamsize|p1|6
|teamsize|p2|6
|gen|8
|tier|[Gen 8] Random Battle
|rule|Species Clause: Limit one of each Pokémon
|rule|HP Percentage Mod: HP is shown in percentages
|rule|Sleep Clause Mod: Limit one foe put to sleep
|
|t:|1685413846
|start
|switch|p1a: Venusaur|Venusaur, L82, M|265/265
|switch|p2a: Quagsire|Quagsire, L84, F|297/297
|turn|1
|c|☆sharp_claw|hf :D
|c|☆tomsucksatpiano|u 2 :))
|inactive|Battle timer is ON: inactive players will automatically lose when time's up. (requested by sharp_claw)
|
|t:|1685413886
|switch|p2a: Glaceon|Glaceon, L88, F|258/258
|move|p1a: Venusaur|Substitute|p1a: Venusaur
|-start|p1a: Venusaur|Substitute
|-damage|p1a: Venusaur|199/265
|
|-heal|p1a: Venusaur|215/265|[from] item: Black Sludge
|upkeep
|turn|2
|
|t:|1685413910
|move|p1a: Venusaur|Sleep Powder|p2a: Glaceon
|-status|p2a: Glaceon|slp|[from] move: Sleep Powder
|cant|p2a: Glaceon|slp
|
|-heal|p1a: Venusaur|231/265|[from] item: Black Sludge
|upkeep
|turn|3
|
|t:|1685413924
|move|p1a: Venusaur|Sludge Bomb|p2a: Glaceon
|-damage|p2a: Glaceon|174/258 slp
|cant|p2a: Glaceon|slp
|
|-heal|p1a: Venusaur|247/265|[from] item: Black Sludge
|-heal|p2a: Glaceon|190/258 slp|[from] item: Leftovers
|upkeep
|turn|4
|inactive|tomsucksatpiano has 270 seconds left.
|inactive|tomsucksatpiano has 240 seconds left.
|
|t:|1685413977
|move|p1a: Venusaur|Sludge Bomb|p2a: Glaceon
|-damage|p2a: Glaceon|111/258 slp
|-curestatus|p2a: Glaceon|slp|[msg]
|move|p2a: Glaceon|Wish|p2a: Glaceon
|
|-heal|p1a: Venusaur|263/265|[from] item: Black Sludge
|-heal|p2a: Glaceon|127/258|[from] item: Leftovers
|upkeep
|turn|5
|inactive|tomsucksatpiano has 240 seconds left.
|
|t:|1685413992
|move|p2a: Glaceon|Protect|p2a: Glaceon
|-singleturn|p2a: Glaceon|Protect
|move|p1a: Venusaur|Sleep Powder|p2a: Glaceon
|-activate|p2a: Glaceon|move: Protect
|
|-heal|p2a: Glaceon|256/258|[from] move: Wish|[wisher] Glaceon
|-heal|p1a: Venusaur|265/265|[from] item: Black Sludge
|-heal|p2a: Glaceon|258/258|[from] item: Leftovers
|upkeep
|turn|6
|inactive|tomsucksatpiano has 240 seconds left.
|
|t:|1685414007
|move|p1a: Venusaur|Leech Seed|p2a: Glaceon
|-start|p2a: Glaceon|move: Leech Seed
|move|p2a: Glaceon|Wish|p2a: Glaceon
|
|-damage|p2a: Glaceon|226/258|[from] Leech Seed|[of] p1a: Venusaur
|upkeep
|turn|7
|inactive|tomsucksatpiano has 240 seconds left.
|
|t:|1685414033
|switch|p2a: Malamar|Malamar, L80, F|269/269
|move|p1a: Venusaur|Sleep Powder|p2a: Malamar
|-status|p2a: Malamar|slp|[from] move: Sleep Powder
|
|upkeep
|turn|8
|
|t:|1685414042
|switch|p2a: Mr. Rime|Mr. Rime, L86, F|278/278
|move|p1a: Venusaur|Leech Seed|p2a: Mr. Rime
|-start|p2a: Mr. Rime|move: Leech Seed
|
|-damage|p2a: Mr. Rime|244/278|[from] Leech Seed|[of] p1a: Venusaur
|upkeep
|turn|9
|
|t:|1685414053
|move|p1a: Venusaur|Sludge Bomb|p2a: Mr. Rime
|-damage|p2a: Mr. Rime|166/278
|-status|p2a: Mr. Rime|psn
|move|p2a: Mr. Rime|Rapid Spin|p1a: Venusaur
|-activate|p1a: Venusaur|move: Substitute|[damage]
|-end|p2a: Mr. Rime|Leech Seed|[from] move: Rapid Spin|[of] p2a: Mr. Rime
|-boost|p2a: Mr. Rime|spe|1
|
|-damage|p2a: Mr. Rime|132/278 psn|[from] psn
|upkeep
|turn|10
|
|t:|1685414060
|move|p2a: Mr. Rime|Psychic|p1a: Venusaur
|-supereffective|p1a: Venusaur
|-end|p1a: Venusaur|Substitute
|move|p1a: Venusaur|Sludge Bomb|p2a: Mr. Rime
|-damage|p2a: Mr. Rime|50/278 psn
|
|-damage|p2a: Mr. Rime|16/278 psn|[from] psn
|upkeep
|turn|11
|
|t:|1685414069
|switch|p1a: Solrock|Solrock, L88|302/302
|move|p2a: Mr. Rime|Psychic|p1a: Solrock
|-resisted|p1a: Solrock
|-damage|p1a: Solrock|240/302
|
|-heal|p1a: Solrock|258/302|[from] item: Leftovers
|-damage|p2a: Mr. Rime|0 fnt|[from] psn
|faint|p2a: Mr. Rime
|upkeep
|inactive|tomsucksatpiano has 210 seconds left.
|inactive|tomsucksatpiano has 180 seconds left.
|
|t:|1685414148
|switch|p2a: Turtonator|Turtonator, L84, F|238/238
|turn|12
|inactive|tomsucksatpiano has 150 seconds left.
|inactive|sharp_claw has 270 seconds left.
|
|t:|1685414185
|move|p1a: Solrock|Rock Slide|p2a: Turtonator|[miss]
|-miss|p1a: Solrock|p2a: Turtonator
|move|p2a: Turtonator|Shell Smash|p2a: Turtonator
|-unboost|p2a: Turtonator|def|1
|-unboost|p2a: Turtonator|spd|1
|-boost|p2a: Turtonator|atk|2
|-boost|p2a: Turtonator|spa|2
|-boost|p2a: Turtonator|spe|2
|-enditem|p2a: Turtonator|White Herb
|-clearnegativeboost|p2a: Turtonator|[silent]
|
|-heal|p1a: Solrock|276/302|[from] item: Leftovers
|upkeep
|turn|13
|c|☆sharp_claw|you hate to see it
|inactive|sharp_claw has 270 seconds left.
|inactive|tomsucksatpiano has 150 seconds left.
|
|t:|1685414200
|move|p2a: Turtonator|Draco Meteor|p1a: Solrock
|-damage|p1a: Solrock|0 fnt
|-unboost|p2a: Turtonator|spa|2
|faint|p1a: Solrock
|
|upkeep
|
|t:|1685414217
|switch|p1a: Suicune|Suicune, L80|291/291
|-ability|p1a: Suicune|Pressure
|turn|14
|inactive|tomsucksatpiano has 150 seconds left.
|
|t:|1685414240
|switch|p2a: Quagsire|Quagsire, L84, F|297/297
|move|p1a: Suicune|Calm Mind|p1a: Suicune
|-boost|p1a: Suicune|spa|1
|-boost|p1a: Suicune|spd|1
|
|upkeep
|turn|15
|inactive|tomsucksatpiano has 120 seconds left.
|
|t:|1685414274
|switch|p1a: Venusaur|Venusaur, L82, M|265/265
|switch|p2a: Turtonator|Turtonator, L84, F|238/238
|
|upkeep
|turn|16
|inactive|sharp_claw has 270 seconds left.
|inactive|tomsucksatpiano has 120 seconds left.
|
|t:|1685414285
|switch|p1a: Suicune|Suicune, L80|291/291
|-ability|p1a: Suicune|Pressure
|move|p2a: Turtonator|Fire Blast|p1a: Suicune
|-resisted|p1a: Suicune
|-damage|p1a: Suicune|240/291
|
|-heal|p1a: Suicune|258/291|[from] item: Leftovers
|upkeep
|turn|17
|inactive|tomsucksatpiano has 120 seconds left.
|
|t:|1685414317
|move|p1a: Suicune|Ice Beam|p2a: Turtonator
|-damage|p2a: Turtonator|185/238
|move|p2a: Turtonator|Fire Blast|p1a: Suicune
|-resisted|p1a: Suicune
|-damage|p1a: Suicune|210/291
|-status|p1a: Suicune|brn
|
|-heal|p1a: Suicune|228/291 brn|[from] item: Leftovers
|-damage|p1a: Suicune|210/291 brn|[from] brn
|upkeep
|turn|18
|inactive|sharp_claw has 270 seconds left.
|inactive|tomsucksatpiano has 90 seconds left.
|
|t:|1685414355
|switch|p2a: Quagsire|Quagsire, L84, F|297/297
|move|p1a: Suicune|Calm Mind|p1a: Suicune
|-boost|p1a: Suicune|spa|1
|-boost|p1a: Suicune|spd|1
|
|-heal|p1a: Suicune|228/291 brn|[from] item: Leftovers
|-damage|p1a: Suicune|210/291 brn|[from] brn
|upkeep
|turn|19
|
|t:|1685414368
|switch|p1a: Venusaur|Venusaur, L82, M|265/265
|move|p2a: Quagsire|Earthquake|p1a: Venusaur
|-damage|p1a: Venusaur|166/265
|
|-heal|p1a: Venusaur|182/265|[from] item: Black Sludge
|upkeep
|turn|20
|
|t:|1685414385
|move|p1a: Venusaur|Leech Seed|p2a: Quagsire
|-start|p2a: Quagsire|move: Leech Seed
|move|p2a: Quagsire|Earthquake|p1a: Venusaur
|-crit|p1a: Venusaur
|-damage|p1a: Venusaur|14/265
|
|-heal|p1a: Venusaur|30/265|[from] item: Black Sludge
|-damage|p2a: Quagsire|260/297|[from] Leech Seed|[of] p1a: Venusaur
|-heal|p1a: Venusaur|67/265|[silent]
|upkeep
|turn|21
|
|t:|1685414407
|move|p1a: Venusaur|Substitute|p1a: Venusaur
|-start|p1a: Venusaur|Substitute
|-damage|p1a: Venusaur|1/265
|move|p2a: Quagsire|Earthquake|p1a: Venusaur
|-end|p1a: Venusaur|Substitute
|
|-heal|p1a: Venusaur|17/265|[from] item: Black Sludge
|-heal|p2a: Quagsire|278/297|[from] item: Leftovers
|-damage|p2a: Quagsire|241/297|[from] Leech Seed|[of] p1a: Venusaur
|-heal|p1a: Venusaur|54/265|[silent]
|upkeep
|turn|22
|
|t:|1685414416
|move|p1a: Venusaur|Sludge Bomb|p2a: Quagsire
|-resisted|p2a: Quagsire
|-damage|p2a: Quagsire|183/297
|move|p2a: Quagsire|Earthquake|p1a: Venusaur
|-damage|p1a: Venusaur|0 fnt
|faint|p1a: Venusaur
|
|-heal|p2a: Quagsire|201/297|[from] item: Leftovers
|upkeep
|inactive|sharp_claw has 270 seconds left.
|
|t:|1685414441
|switch|p1a: Absol|Absol, L84, M|246/246
|turn|23
|inactive|tomsucksatpiano has 90 seconds left.
|
|t:|1685414461
|switch|p2a: Glaceon|Glaceon, L88, F|226/258
|move|p1a: Absol|Knock Off|p2a: Glaceon
|-damage|p2a: Glaceon|86/258
|-enditem|p2a: Glaceon|Leftovers|[from] move: Knock Off|[of] p1a: Absol
|-damage|p1a: Absol|222/246|[from] item: Life Orb
|
|upkeep
|turn|24
|inactive|sharp_claw has 270 seconds left.
|
|t:|1685414488
|move|p1a: Absol|Swords Dance|p1a: Absol
|-boost|p1a: Absol|atk|2
|move|p2a: Glaceon|Wish|p2a: Glaceon
|
|upkeep
|turn|25
|inactive|tomsucksatpiano has 60 seconds left.
|
|t:|1685414517
|move|p1a: Absol|Swords Dance|p1a: Absol
|-boost|p1a: Absol|atk|2
|move|p2a: Glaceon|Freeze-Dry|p1a: Absol
|-damage|p1a: Absol|93/246
|
|-heal|p2a: Glaceon|215/258|[from] move: Wish|[wisher] Glaceon
|upkeep
|turn|26
|
|t:|1685414527
|move|p1a: Absol|Knock Off|p2a: Glaceon
|-damage|p2a: Glaceon|0 fnt
|faint|p2a: Glaceon
|-damage|p1a: Absol|69/246|[from] item: Life Orb
|
|upkeep
|
|t:|1685414542
|switch|p2a: Quagsire|Quagsire, L84, F|201/297
|turn|27
|
|t:|1685414549
|move|p1a: Absol|Knock Off|p2a: Quagsire
|-crit|p2a: Quagsire
|-damage|p2a: Quagsire|0 fnt
|-enditem|p2a: Quagsire|Leftovers|[from] move: Knock Off|[of] p1a: Absol
|faint|p2a: Quagsire
|-damage|p1a: Absol|45/246|[from] item: Life Orb
|
|upkeep
|inactive|tomsucksatpiano has 30 seconds left.
|inactive|tomsucksatpiano has 20 seconds left.
|inactive|tomsucksatpiano has 15 seconds left.
|
|t:|1685414590
|switch|p2a: Malamar|Malamar, L80, F|269/269 slp
|turn|28
|inactive|tomsucksatpiano has 25 seconds left this turn.
|
|t:|1685414595
|move|p1a: Absol|Knock Off|p2a: Malamar
|-damage|p2a: Malamar|0 fnt
|-enditem|p2a: Malamar|Leftovers|[from] move: Knock Off|[of] p1a: Absol
|faint|p2a: Malamar
|-damage|p1a: Absol|21/246|[from] item: Life Orb
|
|upkeep
|inactive|tomsucksatpiano has 30 seconds left this turn.
|
|t:|1685414604
|switch|p2a: Turtonator|Turtonator, L84, F|185/238
|turn|29
|inactive|tomsucksatpiano has 30 seconds left.
|
|t:|1685414617
|move|p1a: Absol|Knock Off|p2a: Turtonator
|-damage|p2a: Turtonator|0 fnt
|faint|p2a: Turtonator
|-damage|p1a: Absol|0 fnt|[from] item: Life Orb
|faint|p1a: Absol
|
|upkeep
|inactive|tomsucksatpiano has 30 seconds left.
|
|t:|1685414636
|switch|p1a: Urshifu|Urshifu-Rapid-Strike, L78, F|284/284
|switch|p2a: Rhyperior|Rhyperior, L82, M|323/323
|turn|30
|inactive|tomsucksatpiano has 30 seconds left.
|inactive|tomsucksatpiano has 20 seconds left.
|inactive|tomsucksatpiano has 15 seconds left.
|inactive|tomsucksatpiano has 10 seconds left.
|inactive|tomsucksatpiano has 5 seconds left.
|c|☆sharp_claw|mr rime being the fastest thing on your team is rough
|
|t:|1685414675
|move|p1a: Urshifu|Drain Punch|p2a: Rhyperior
|-supereffective|p2a: Rhyperior
|-damage|p2a: Rhyperior|229/323
|-enditem|p2a: Rhyperior|Weakness Policy
|-boost|p2a: Rhyperior|atk|2|[from] item: Weakness Policy
|-boost|p2a: Rhyperior|spa|2|[from] item: Weakness Policy
|move|p2a: Rhyperior|Rock Polish|p2a: Rhyperior
|-boost|p2a: Rhyperior|spe|2
|
|upkeep
|turn|31
|inactive|tomsucksatpiano has 15 seconds left this turn.
|inactive|tomsucksatpiano has 10 seconds left.
|inactive|tomsucksatpiano has 5 seconds left.
|c|☆sharp_claw|and that
|inactive|sharp_claw has 270 seconds left.
|c|☆sharp_claw|was a great misclick
|c|☆sharp_claw|huh
|c|☆tomsucksatpiano|RIP
|
|t:|1685414695
|-start|p2a: Rhyperior|Dynamax|
|-heal|p2a: Rhyperior|458/646|[silent]
|-start|p1a: Urshifu|Dynamax|
|-heal|p1a: Urshifu|568/568|[silent]
|move|p2a: Rhyperior|Max Rockfall|p1a: Urshifu
|-resisted|p1a: Urshifu
|-damage|p1a: Urshifu|402/568
|-weather|Sandstorm
|move|p1a: Urshifu|Max Geyser|p2a: Rhyperior
|-supereffective|p2a: Rhyperior
|-damage|p2a: Rhyperior|113/646
|-weather|RainDance
|
|-weather|RainDance|[upkeep]
|-heal|p1a: Urshifu|419/568|[from] item: Leftovers
|upkeep
|turn|32
|inactive|tomsucksatpiano has 15 seconds left this turn.
|inactive|tomsucksatpiano has 10 seconds left.
|c|☆sharp_claw|but still ok lol
|inactive|tomsucksatpiano has 5 seconds left.
|c|☆sharp_claw|I meant to bulk up
|c|☆sharp_claw|but no matter
|-message|tomsucksatpiano lost due to inactivity.
|
|win|sharp_claw
|c|☆sharp_claw|gg
|c|☆tomsucksatpiano|GGWP
|c|☆tomsucksatpiano|caps
