|j|☆Marth bruh
|j|☆KyogreF4N
|t:|1668024761
|gametype|singles
|player|p1|Marth bruh|cynthia|2423
|player|p2|KyogreF4N|swimmer-gen4dp|2426
|teamsize|p1|6
|teamsize|p2|6
|gen|8
|tier|[Gen 8] Random Battle
|rated|
|rule|Species Clause: Limit one of each Pokémon
|rule|HP Percentage Mod: HP is shown in percentages
|rule|Sleep Clause Mod: Limit one foe put to sleep
|
|t:|1668024761
|start
|switch|p1a: Rhydon|Rhydon, L87, F|324/324
|switch|p2a: Accelgor|Accelgor, L86, M|278/278
|turn|1
|c|☆Marth bruh|hf
|inactive|Battle timer is ON: inactive players will automatically lose when time's up. (requested by KyogreF4N)
|
|t:|1668024774
|switch|p1a: Toxtricity|Toxtricity, L82, M|257/257
|move|p2a: Accelgor|Energy Ball|p1a: Toxtricity
|-resisted|p1a: Toxtricity
|-damage|p1a: Toxtricity|213/257
|
|upkeep
|turn|2
|c|☆KyogreF4N|Hf
|
|t:|1668024789
|move|p2a: Accelgor|Bug Buzz|p1a: Toxtricity
|-resisted|p1a: Toxtricity
|-damage|p1a: Toxtricity|182/257
|-unboost|p1a: Toxtricity|spd|1
|move|p1a: Toxtricity|Sludge Wave|p2a: Accelgor
|-crit|p2a: Accelgor
|-damage|p2a: Accelgor|76/278
|
|upkeep
|turn|3
|
|t:|1668024810
|move|p2a: Accelgor|Yawn|p1a: Toxtricity
|-start|p1a: Toxtricity|move: Yawn|[of] p2a: Accelgor
|move|p1a: Toxtricity|Shift Gear|p1a: Toxtricity
|-boost|p1a: Toxtricity|spe|2
|-boost|p1a: Toxtricity|atk|1
|
|upkeep
|turn|4
|
|t:|1668024818
|move|p1a: Toxtricity|Sludge Wave|p2a: Accelgor
|-damage|p2a: Accelgor|0 fnt
|faint|p2a: Accelgor
|
|-end|p1a: Toxtricity|move: Yawn|[silent]
|-status|p1a: Toxtricity|slp
|upkeep
|j| ds des chats
|inactive|KyogreF4N has 120 seconds left.
|
|t:|1668024840
|switch|p2a: Zygarde|Zygarde-10%, L82|223/223
|-ability|p2a: Zygarde|Aura Break
|turn|5
|
|t:|1668024847
|switch|p1a: Slowking|Slowking, L86, M|304/304
|move|p2a: Zygarde|Coil|p2a: Zygarde
|-boost|p2a: Zygarde|atk|1
|-boost|p2a: Zygarde|def|1
|-boost|p2a: Zygarde|accuracy|1
|
|upkeep
|turn|6
|
|t:|1668024855
|-start|p2a: Zygarde|Dynamax|
|-heal|p2a: Zygarde|446/446|[silent]
|move|p2a: Zygarde|Max Quake|p1a: Slowking
|-damage|p1a: Slowking|23/304
|-boost|p2a: Zygarde|spd|1
|-damage|p2a: Zygarde|424/446|[from] item: Life Orb
|move|p1a: Slowking|Teleport|p1a: Slowking
|j| Justhacker
|
|t:|1668024877
|switch|p1a: Rhydon|Rhydon, L87, F|324/324
|
|upkeep
|turn|7
|inactive|Marth bruh has 120 seconds left.
|
|t:|1668024902
|switch|p1a: Toxtricity|Toxtricity, L82, M|182/257 slp
|move|p2a: Zygarde|Max Steelspike|p1a: Toxtricity
|-resisted|p1a: Toxtricity
|-damage|p1a: Toxtricity|85/257 slp
|-boost|p2a: Zygarde|def|1
|-damage|p2a: Zygarde|402/446|[from] item: Life Orb
|
|upkeep
|turn|8
|
|t:|1668024909
|move|p2a: Zygarde|Max Steelspike|p1a: Toxtricity
|-resisted|p1a: Toxtricity
|-crit|p1a: Toxtricity
|-damage|p1a: Toxtricity|0 fnt
|-boost|p2a: Zygarde|def|1
|faint|p1a: Toxtricity
|-damage|p2a: Zygarde|380/446|[from] item: Life Orb
|
|upkeep
|inactive|Marth bruh has 120 seconds left.
|inactive|Marth bruh has 90 seconds left.
|inactive|Marth bruh has 60 seconds left.
|
|t:|1668024998
|switch|p1a: Falinks|Falinks, L84|246/246
|-end|p2a: Zygarde|Dynamax
|-heal|p2a: Zygarde|190/223|[silent]
|turn|9
|
|t:|1668025009
|move|p2a: Zygarde|Outrage|p1a: Falinks
|-damage|p1a: Falinks|19/246
|-damage|p2a: Zygarde|168/223|[from] item: Life Orb
|move|p1a: Falinks|No Retreat|p1a: Falinks
|-boost|p1a: Falinks|atk|1
|-boost|p1a: Falinks|def|1
|-boost|p1a: Falinks|spa|1
|-boost|p1a: Falinks|spd|1
|-boost|p1a: Falinks|spe|1
|-start|p1a: Falinks|move: No Retreat
|
|upkeep
|turn|10
|inactive|Marth bruh has 60 seconds left.
|
|t:|1668025024
|move|p1a: Falinks|Close Combat|p2a: Zygarde
|-damage|p2a: Zygarde|50/223
|-unboost|p1a: Falinks|def|1
|-unboost|p1a: Falinks|spd|1
|-damage|p1a: Falinks|0 fnt|[from] item: Life Orb
|faint|p1a: Falinks
|move|p2a: Zygarde|Outrage|p1: Falinks|[from]lockedmove|[notarget]
|-fail|p2a: Zygarde
|
|upkeep
|
|t:|1668025038
|switch|p1a: Rhydon|Rhydon, L87, F|324/324
|turn|11
|
|t:|1668025047
|move|p2a: Zygarde|Thousand Arrows|p1a: Rhydon
|-supereffective|p1a: Rhydon
|-damage|p1a: Rhydon|142/324
|-damage|p2a: Zygarde|28/223|[from] item: Life Orb
|move|p1a: Rhydon|Earthquake|p2a: Zygarde
|-damage|p2a: Zygarde|0 fnt
|faint|p2a: Zygarde
|
|upkeep
|j| niiiike
|c| niiiike|omg 2400!!
|
|t:|1668025066
|switch|p2a: Weavile|Weavile, L79, M|240/240
|turn|12
|
|t:|1668025071
|move|p2a: Weavile|Triple Axel|p1a: Rhydon
|-supereffective|p1a: Rhydon
|-damage|p1a: Rhydon|118/324
|-supereffective|p1a: Rhydon
|-damage|p1a: Rhydon|76/324
|-supereffective|p1a: Rhydon
|-damage|p1a: Rhydon|10/324
|-hitcount|p1a: Rhydon|3
|move|p1a: Rhydon|Stone Edge|p2a: Weavile
|-supereffective|p2a: Weavile
|-damage|p2a: Weavile|0 fnt
|faint|p2a: Weavile
|
|upkeep
|c|☆Marth bruh|I think shits inflated
|c|☆Marth bruh|idk
|
|t:|1668025081
|switch|p2a: Dragapult|Dragapult, L78, F|265/265
|turn|13
|c|☆Marth bruh|theres like 25 people >2400
|c|☆KyogreF4N|Wow
|
|t:|1668025088
|move|p2a: Dragapult|Shadow Ball|p1a: Rhydon
|-damage|p1a: Rhydon|0 fnt
|faint|p1a: Rhydon
|
|upkeep
|
|t:|1668025098
|switch|p1a: Slowking|Slowking, L86, M|124/304
|turn|14
|c|☆KyogreF4N|I didn't expect you to tank
|
|t:|1668025103
|switch|p1a: Tyranitar|Tyranitar, L78, M|284/284
|-weather|Sandstorm|[from] ability: Sand Stream|[of] p1a: Tyranitar
|move|p2a: Dragapult|Shadow Ball|p1a: Tyranitar
|-resisted|p1a: Tyranitar
|-damage|p1a: Tyranitar|250/284
|-unboost|p1a: Tyranitar|spd|1
|
|-weather|Sandstorm|[upkeep]
|-damage|p2a: Dragapult|249/265|[from] Sandstorm
|upkeep
|turn|15
|c|☆Marth bruh|did its job
|c|☆KyogreF4N|Yep
|
|t:|1668025126
|switch|p2a: Roserade|Roserade, L84, M|238/238
|switch|p1a: Sandslash|Sandslash, L86, F|269/269
|
|-weather|Sandstorm|[upkeep]
|-damage|p2a: Roserade|224/238|[from] Sandstorm
|-heal|p2a: Roserade|238/238|[from] item: Black Sludge
|upkeep
|turn|16
|
|t:|1668025133
|-start|p1a: Sandslash|Dynamax|
|-heal|p1a: Sandslash|538/538|[silent]
|move|p1a: Sandslash|Max Quake|p2a: Roserade
|-damage|p2a: Roserade|55/238
|-boost|p1a: Sandslash|spd|1
|move|p2a: Roserade|Leaf Storm|p1a: Sandslash
|-supereffective|p1a: Sandslash
|-damage|p1a: Sandslash|238/538
|-unboost|p2a: Roserade|spa|2
|
|-weather|Sandstorm|[upkeep]
|-damage|p2a: Roserade|41/238|[from] Sandstorm
|-heal|p1a: Sandslash|254/538|[from] item: Leftovers
|-heal|p2a: Roserade|55/238|[from] item: Black Sludge
|upkeep
|turn|17
|
|t:|1668025147
|switch|p2a: Braviary|Braviary, L82, M|298/298
|move|p1a: Sandslash|Max Quake|p2a: Braviary
|-immune|p2a: Braviary
|
|-weather|Sandstorm|[upkeep]
|-damage|p2a: Braviary|280/298|[from] Sandstorm
|-heal|p1a: Sandslash|270/538|[from] item: Leftovers
|upkeep
|turn|18
|inactive|Marth bruh has 90 seconds left.
|
|t:|1668025161
|switch|p2a: Dragapult|Dragapult, L78, F|249/265
|move|p1a: Sandslash|Max Quake|p2a: Dragapult
|-damage|p2a: Dragapult|86/265
|-boost|p1a: Sandslash|spd|1
|
|-weather|none
|-heal|p1a: Sandslash|286/538|[from] item: Leftovers
|upkeep
|-end|p1a: Sandslash|Dynamax
|-heal|p1a: Sandslash|143/269|[silent]
|turn|19
|inactive|Marth bruh has 90 seconds left.
|
|t:|1668025170
|move|p2a: Dragapult|U-turn|p1a: Sandslash
|-damage|p1a: Sandslash|97/269
|
|t:|1668025173
|switch|p2a: Braviary|Braviary, L82, M|280/298
|move|p1a: Sandslash|Swords Dance|p1a: Sandslash
|-boost|p1a: Sandslash|atk|2
|
|-heal|p1a: Sandslash|113/269|[from] item: Leftovers
|upkeep
|turn|20
|
|t:|1668025181
|move|p2a: Braviary|Brave Bird|p1a: Sandslash
|-damage|p1a: Sandslash|0 fnt
|faint|p1a: Sandslash
|-damage|p2a: Braviary|243/298|[from] Recoil
|
|upkeep
|
|t:|1668025185
|switch|p1a: Slowking|Slowking, L86, M|225/304
|turn|21
|
|t:|1668025196
|move|p2a: Braviary|Brave Bird|p1a: Slowking
|-damage|p1a: Slowking|84/304
|-damage|p2a: Braviary|196/298|[from] Recoil
|move|p1a: Slowking|Scald|p2a: Braviary
|-crit|p2a: Braviary
|-damage|p2a: Braviary|49/298
|
|-heal|p1a: Slowking|103/304|[from] item: Leftovers
|upkeep
|turn|22
|inactive|Marth bruh has 120 seconds left.
|l| ds des chats
|
|t:|1668025226
|switch|p1a: Tyranitar|Tyranitar, L78, M|250/284
|-weather|Sandstorm|[from] ability: Sand Stream|[of] p1a: Tyranitar
|move|p2a: Braviary|Roost|p2a: Braviary
|-heal|p2a: Braviary|198/298
|-singleturn|p2a: Braviary|move: Roost
|
|-weather|Sandstorm|[upkeep]
|-damage|p2a: Braviary|180/298|[from] Sandstorm
|upkeep
|turn|23
|
|t:|1668025233
|switch|p1a: Slowking|Slowking, L86, M|204/304
|move|p2a: Braviary|Close Combat|p1a: Slowking
|-resisted|p1a: Slowking
|-damage|p1a: Slowking|153/304
|-unboost|p2a: Braviary|def|1
|-unboost|p2a: Braviary|spd|1
|
|-weather|Sandstorm|[upkeep]
|-damage|p2a: Braviary|162/298|[from] Sandstorm
|-damage|p1a: Slowking|134/304|[from] Sandstorm
|-heal|p1a: Slowking|153/304|[from] item: Leftovers
|upkeep
|turn|24
|
|t:|1668025243
|switch|p2a: Dragapult|Dragapult, L78, F|86/265
|move|p1a: Slowking|Teleport|p1a: Slowking
|c| niiiike|ok i see you
|
|t:|1668025246
|switch|p1a: Tyranitar|Tyranitar, L78, M|250/284
|
|-weather|Sandstorm|[upkeep]
|-damage|p2a: Dragapult|70/265|[from] Sandstorm
|upkeep
|turn|25
|inactive|Marth bruh has 90 seconds left.
|j| mantecol
|
|t:|1668025280
|move|p2a: Dragapult|Draco Meteor|p1a: Tyranitar
|-damage|p1a: Tyranitar|121/284
|-unboost|p2a: Dragapult|spa|2
|move|p1a: Tyranitar|Dragon Dance|p1a: Tyranitar
|-boost|p1a: Tyranitar|atk|1
|-boost|p1a: Tyranitar|spe|1
|
|-weather|Sandstorm|[upkeep]
|-damage|p2a: Dragapult|54/265|[from] Sandstorm
|upkeep
|turn|26
|c|☆Marth bruh|gg
|
|t:|1668025291
|move|p2a: Dragapult|Draco Meteor|p1a: Tyranitar
|-damage|p1a: Tyranitar|66/284
|-unboost|p2a: Dragapult|spa|2
|move|p1a: Tyranitar|Dragon Dance|p1a: Tyranitar
|-boost|p1a: Tyranitar|atk|1
|-boost|p1a: Tyranitar|spe|1
|
|-weather|none
|upkeep
|turn|27
|
|t:|1668025296
|move|p1a: Tyranitar|Crunch|p2a: Dragapult
|-supereffective|p2a: Dragapult
|-damage|p2a: Dragapult|0 fnt
|faint|p2a: Dragapult
|
|upkeep
|c|☆KyogreF4N|Gg
|
|t:|1668025303
|switch|p2a: Braviary|Braviary, L82, M|162/298
|turn|28
|l| Justhacker
|
|t:|1668025311
|move|p1a: Tyranitar|Crunch|p2a: Braviary
|-damage|p2a: Braviary|0 fnt
|faint|p2a: Braviary
|
|upkeep
|
|t:|1668025313
|switch|p2a: Roserade|Roserade, L84, M|55/238
|turn|29
|j| ds des chats
|
|t:|1668025316
|move|p1a: Tyranitar|Crunch|p2a: Roserade
|-damage|p2a: Roserade|0 fnt
|faint|p2a: Roserade
|
|win|Marth bruh
|raw|Marth bruh's rating: 2423 &rarr; <strong>2443</strong><br />(+20 for winning)
|raw|KyogreF4N's rating: 2426 &rarr; <strong>2406</strong><br />(-20 for losing)
|j| Strange Journey
