|j|☆yqy
|j|☆Sabby60>!!>
|inactive|Battle timer is ON: inactive players will automatically lose when time's up.
|t:|1685283454
|gametype|singles
|player|p1|yqy|sightseerf|
|player|p2|Sabby60>!!>|hugh|
|teamsize|p1|3
|teamsize|p2|3
|gen|8
|tier|[Gen 8] Random Battle
|rated|Tournament battle
|rule|Species Clause: Limit one of each Pokémon
|rule|HP Percentage Mod: HP is shown in percentages
|rule|Sleep Clause Mod: Limit one foe put to sleep
|rule|Dynamax Clause: You cannot dynamax
|clearpoke
|poke|p1|Arctozolt, L88|
|poke|p1|Krookodile, L82, M|
|poke|p1|Spiritomb, L88, F|
|poke|p2|Musharna, L88, M|
|poke|p2|Thievul, L88, M|
|poke|p2|Zekrom, L74|
|teampreview|1
|j|%Dirain
|inactive|Sabby60>!!> has 120 seconds left.
|inactive|Sabby60>!!> has 90 seconds left.
|j| MrDrainPunch
|l| MrDrainPunch
|
|t:|1685283544
|start
|switch|p1a: Krookodile|Krookodile, L82, M|290/290
|switch|p2a: Zekrom|Zekrom, L74|270/270
|-ability|p1a: Krookodile|Intimidate|boost
|-unboost|p2a: Zekrom|atk|1
|-ability|p2a: Zekrom|Teravolt
|turn|1
|
|t:|1685283554
|move|p1a: Krookodile|Earthquake|p2a: Zekrom
|-supereffective|p2a: Zekrom
|-damage|p2a: Zekrom|2/270
|-damage|p1a: Krookodile|261/290|[from] item: Life Orb
|move|p2a: Zekrom|Dragon Dance|p2a: Zekrom
|-boost|p2a: Zekrom|atk|1
|-boost|p2a: Zekrom|spe|1
|
|upkeep
|turn|2
|
|t:|1685283565
|move|p2a: Zekrom|Outrage|p1a: Krookodile
|-damage|p1a: Krookodile|110/290
|move|p1a: Krookodile|Knock Off|p2a: Zekrom
|-damage|p2a: Zekrom|0 fnt
|-enditem|p2a: Zekrom|Lum Berry|[from] move: Knock Off|[of] p1a: Krookodile
|faint|p2a: Zekrom
|-damage|p1a: Krookodile|81/290|[from] item: Life Orb
|
|win|yqy
|n|☆yqy|yqy
|n|☆Sabby60>!!>|sabby60
|n|+Dirain|dirain
