|j|☆MeninoNery
|j|☆eateded
|t:|1685401841
|gametype|singles
|player|p1|MeninoNery|hooligans|1110
|player|p2|eateded|2|1036
|teamsize|p1|6
|teamsize|p2|6
|gen|8
|tier|[Gen 8] Random Battle
|rated|
|rule|Species Clause: Limit one of each Pokémon
|rule|HP Percentage Mod: HP is shown in percentages
|rule|Sleep Clause Mod: Limit one foe put to sleep
|
|t:|1685401841
|start
|switch|p1a: Shiinotic|Shiinotic, L86, F|243/243
|switch|p2a: Pelipper|Pelipper, L86, F|243/243
|-weather|RainDance|[from] ability: Drizzle|[of] p2a: Pelipper
|turn|1
|
|t:|1685401853
|move|p2a: Pelipper|U-turn|p1a: Shiinotic
|-damage|p1a: Shiinotic|205/243
|-status|p2a: Pelipper|slp|[from] ability: Effect Spore|[of] p1a: Shiinotic
|
|t:|1685401868
|switch|p2a: Hatterene|Hatterene, L86, F|238/238|[from] U-turn
|move|p1a: Shiinotic|Moonblast|p2a: Hatterene
|-damage|p2a: Hatterene|154/238
|
|-weather|RainDance|[upkeep]
|-heal|p1a: Shiinotic|220/243|[from] item: Leftovers
|upkeep
|turn|2
|
|t:|1685401879
|move|p1a: Shiinotic|Leech Seed|p2a: Hatterene
|move|p2a: Hatterene|Leech Seed|p1a: Shiinotic|[from]ability: Magic Bounce
|-immune|p1a: Shiinotic
|move|p2a: Hatterene|Mystical Fire|p1a: Shiinotic
|-supereffective|p1a: Shiinotic
|-damage|p1a: Shiinotic|142/243
|-unboost|p1a: Shiinotic|spa|1
|-damage|p2a: Hatterene|131/238|[from] item: Life Orb
|
|-weather|RainDance|[upkeep]
|-heal|p1a: Shiinotic|157/243|[from] item: Leftovers
|upkeep
|turn|3
|
|t:|1685401895
|move|p1a: Shiinotic|Energy Ball|p2a: Hatterene
|-damage|p2a: Hatterene|74/238
|move|p2a: Hatterene|Mystical Fire|p1a: Shiinotic
|-supereffective|p1a: Shiinotic
|-damage|p1a: Shiinotic|74/243
|-unboost|p1a: Shiinotic|spa|1
|-damage|p2a: Hatterene|51/238|[from] item: Life Orb
|
|-weather|RainDance|[upkeep]
|-heal|p1a: Shiinotic|89/243|[from] item: Leftovers
|upkeep
|turn|4
|
|t:|1685401907
|move|p1a: Shiinotic|Moonblast|p2a: Hatterene
|-damage|p2a: Hatterene|8/238
|move|p2a: Hatterene|Mystical Fire|p1a: Shiinotic
|-supereffective|p1a: Shiinotic
|-damage|p1a: Shiinotic|8/243
|-unboost|p1a: Shiinotic|spa|1
|-damage|p2a: Hatterene|0 fnt|[from] item: Life Orb
|faint|p2a: Hatterene
|
|-weather|RainDance|[upkeep]
|-heal|p1a: Shiinotic|23/243|[from] item: Leftovers
|upkeep
|
|t:|1685401920
|switch|p2a: Luxray|Luxray, L84, F|272/272
|turn|5
|
|t:|1685401931
|move|p2a: Luxray|Crunch|p1a: Shiinotic
|-resisted|p1a: Shiinotic
|-damage|p1a: Shiinotic|0 fnt
|-message|Sleep Clause Mod activated.
|-hint|Sleep Clause Mod prevents players from putting more than one of their opponent's Pokémon to sleep at a time
|faint|p1a: Shiinotic
|
|-weather|none
|-status|p2a: Luxray|brn|[from] item: Flame Orb
|upkeep
|
|t:|1685401938
|switch|p1a: Gastrodon|Gastrodon, L84, F|324/324
|turn|6
|
|t:|1685401946
|switch|p2a: Pelipper|Pelipper, L86, F|243/243 slp
|-weather|RainDance|[from] ability: Drizzle|[of] p2a: Pelipper
|move|p1a: Gastrodon|Earthquake|p2a: Pelipper
|-immune|p2a: Pelipper
|
|-weather|RainDance|[upkeep]
|upkeep
|turn|7
|
|t:|1685401971
|switch|p1a: Regieleki|Regieleki, L78|253/253
|cant|p2a: Pelipper|slp
|
|-weather|RainDance|[upkeep]
|upkeep
|turn|8
|
|t:|1685401980
|switch|p2a: Quagsire|Quagsire, L84, F|297/297
|move|p1a: Regieleki|Thunderbolt|p2a: Quagsire
|-immune|p2a: Quagsire
|
|-weather|RainDance|[upkeep]
|upkeep
|turn|9
|
|t:|1685401993
|switch|p1a: Carracosta|Carracosta, L84, F|262/262
|move|p2a: Quagsire|Toxic|p1a: Carracosta
|-status|p1a: Carracosta|tox
|
|-weather|RainDance|[upkeep]
|-damage|p1a: Carracosta|246/262 tox|[from] psn
|upkeep
|turn|10
|
|t:|1685402004
|move|p2a: Quagsire|Scald|p1a: Carracosta
|-damage|p1a: Carracosta|125/262 tox
|move|p1a: Carracosta|Shell Smash|p1a: Carracosta
|-unboost|p1a: Carracosta|def|1
|-unboost|p1a: Carracosta|spd|1
|-boost|p1a: Carracosta|atk|2
|-boost|p1a: Carracosta|spa|2
|-boost|p1a: Carracosta|spe|2
|
|-weather|none
|-damage|p1a: Carracosta|93/262 tox|[from] psn
|upkeep
|turn|11
|
|t:|1685402014
|move|p1a: Carracosta|Hydro Pump|p2a: Quagsire
|-damage|p2a: Quagsire|164/297
|move|p2a: Quagsire|Scald|p1a: Carracosta
|-damage|p1a: Carracosta|18/262 tox
|
|-heal|p2a: Quagsire|182/297|[from] item: Leftovers
|-damage|p1a: Carracosta|0 fnt|[from] psn
|faint|p1a: Carracosta
|upkeep
|
|t:|1685402028
|switch|p1a: Wigglytuff|Wigglytuff, L90, M|398/398
|-item|p2a: Quagsire|Leftovers|[from] ability: Frisk|[of] p1a: Wigglytuff|[identify]
|turn|12
|
|t:|1685402034
|move|p1a: Wigglytuff|Dazzling Gleam|p2a: Quagsire
|-damage|p2a: Quagsire|61/297
|move|p2a: Quagsire|Toxic|p1a: Wigglytuff
|-status|p1a: Wigglytuff|tox
|
|-heal|p2a: Quagsire|79/297|[from] item: Leftovers
|-damage|p1a: Wigglytuff|374/398 tox|[from] psn
|upkeep
|turn|13
|
|t:|1685402047
|switch|p2a: Spectrier|Spectrier, L74|270/270
|move|p1a: Wigglytuff|Dazzling Gleam|p2a: Spectrier
|-damage|p2a: Spectrier|168/270
|
|-heal|p2a: Spectrier|184/270|[from] item: Leftovers
|-damage|p1a: Wigglytuff|326/398 tox|[from] psn
|upkeep
|turn|14
|
|t:|1685402060
|move|p2a: Spectrier|Shadow Ball|p1a: Wigglytuff
|-immune|p1a: Wigglytuff
|move|p1a: Wigglytuff|Dazzling Gleam|p2a: Spectrier
|-damage|p2a: Spectrier|72/270
|
|-heal|p2a: Spectrier|88/270|[from] item: Leftovers
|-damage|p1a: Wigglytuff|254/398 tox|[from] psn
|upkeep
|turn|15
|
|t:|1685402072
|switch|p2a: Luxray|Luxray, L84, F|272/272 brn
|move|p1a: Wigglytuff|Dazzling Gleam|p2a: Luxray
|-damage|p2a: Luxray|178/272 brn
|
|-damage|p1a: Wigglytuff|158/398 tox|[from] psn
|-damage|p2a: Luxray|161/272 brn|[from] brn
|upkeep
|turn|16
|
|t:|1685402084
|move|p2a: Luxray|Facade|p1a: Wigglytuff
|-damage|p1a: Wigglytuff|0 fnt
|faint|p1a: Wigglytuff
|
|-damage|p2a: Luxray|144/272 brn|[from] brn
|upkeep
|
|t:|1685402093
|switch|p1a: Gastrodon|Gastrodon, L84, F|324/324
|turn|17
|
|t:|1685402097
|move|p2a: Luxray|Facade|p1a: Gastrodon
|-damage|p1a: Gastrodon|126/324
|move|p1a: Gastrodon|Earthquake|p2a: Luxray
|-supereffective|p2a: Luxray
|-damage|p2a: Luxray|0 fnt
|faint|p2a: Luxray
|
|-heal|p1a: Gastrodon|146/324|[from] item: Leftovers
|upkeep
|
|t:|1685402110
|switch|p2a: Spectrier|Spectrier, L74|88/270
|turn|18
|
|t:|1685402115
|move|p2a: Spectrier|Shadow Ball|p1a: Gastrodon
|-damage|p1a: Gastrodon|55/324
|move|p1a: Gastrodon|Scald|p2a: Spectrier
|-damage|p2a: Spectrier|0 fnt
|faint|p2a: Spectrier
|
|-heal|p1a: Gastrodon|75/324|[from] item: Leftovers
|upkeep
|
|t:|1685402126
|switch|p2a: Machamp|Machamp, L82, M|282/282
|turn|19
|
|t:|1685402141
|move|p2a: Machamp|Facade|p1a: Gastrodon
|-damage|p1a: Gastrodon|7/324
|move|p1a: Gastrodon|Toxic|p2a: Machamp
|-status|p2a: Machamp|tox
|
|-heal|p1a: Gastrodon|27/324|[from] item: Leftovers
|-damage|p2a: Machamp|265/282 tox|[from] psn
|upkeep
|turn|20
|
|t:|1685402152
|move|p2a: Machamp|Facade|p1a: Gastrodon
|-damage|p1a: Gastrodon|0 fnt
|faint|p1a: Gastrodon
|
|-damage|p2a: Machamp|231/282 tox|[from] psn
|upkeep
|
|t:|1685402156
|switch|p1a: Malamar|Malamar, L80, M|269/269
|turn|21
|
|t:|1685402163
|move|p1a: Malamar|Knock Off|p2a: Machamp
|-resisted|p2a: Machamp
|-damage|p2a: Machamp|180/282 tox
|-enditem|p2a: Machamp|Flame Orb|[from] move: Knock Off|[of] p1a: Malamar
|move|p2a: Machamp|Knock Off|p1a: Malamar
|-damage|p1a: Malamar|140/269
|-enditem|p1a: Malamar|Leftovers|[from] move: Knock Off|[of] p2a: Machamp
|
|-damage|p2a: Machamp|129/282 tox|[from] psn
|upkeep
|turn|22
|
|t:|1685402174
|move|p1a: Malamar|Knock Off|p2a: Machamp
|-resisted|p2a: Machamp
|-damage|p2a: Machamp|99/282 tox
|move|p2a: Machamp|Facade|p1a: Malamar
|-damage|p1a: Malamar|0 fnt
|faint|p1a: Malamar
|
|-damage|p2a: Machamp|31/282 tox|[from] psn
|upkeep
|
|t:|1685402182
|switch|p1a: Regieleki|Regieleki, L78|253/253
|turn|23
|
|t:|1685402188
|move|p1a: Regieleki|Substitute|p1a: Regieleki
|-start|p1a: Regieleki|Substitute
|-damage|p1a: Regieleki|190/253
|move|p2a: Machamp|Facade|p1a: Regieleki
|-end|p1a: Regieleki|Substitute
|
|-damage|p2a: Machamp|0 fnt|[from] psn
|faint|p2a: Machamp
|upkeep
|
|t:|1685402196
|switch|p2a: Quagsire|Quagsire, L84, F|79/297
|turn|24
|
|t:|1685402204
|-start|p1a: Regieleki|Dynamax|
|-heal|p1a: Regieleki|380/506|[silent]
|move|p1a: Regieleki|Max Strike|p2a: Quagsire
|-crit|p2a: Quagsire
|-damage|p2a: Quagsire|0 fnt
|faint|p2a: Quagsire
|
|upkeep
|
|t:|1685402211
|switch|p2a: Pelipper|Pelipper, L86, F|243/243 slp
|-weather|RainDance|[from] ability: Drizzle|[of] p2a: Pelipper
|turn|25
|
|t:|1685402218
|-start|p2a: Pelipper|Dynamax|
|-heal|p2a: Pelipper|486/486 slp|[silent]
|cant|p2a: Pelipper|slp
|move|p1a: Regieleki|Max Lightning|p2a: Pelipper
|-supereffective|p2a: Pelipper
|-crit|p2a: Pelipper
|-damage|p2a: Pelipper|0 fnt
|-fieldstart|move: Electric Terrain
|faint|p2a: Pelipper
|
|win|MeninoNery
|raw|MeninoNery's rating: 1110 &rarr; <strong>1130</strong><br />(+20 for winning)
|raw|eateded's rating: 1036 &rarr; <strong>1024</strong><br />(-12 for losing)
