|j|☆legendary42
|j|☆sushi8899
|player|p1|legendary42|scientist-gen4dp|2383
|player|p2|sushi8899|170|2431
|teamsize|p1|6
|teamsize|p2|6
|gametype|singles
|gen|8
|tier|[Gen 8] Random Battle
|rated|
|rule|Species Clause: Limit one of each Pokémon
|rule|HP Percentage Mod: HP is shown in percentages
|rule|Sleep Clause Mod: Limit one foe put to sleep
|
|start
|switch|p1a: Incineroar|Incineroar, L82, F|290/290
|switch|p2a: Vaporeon|Vaporeon, L84, M|356/356
|-ability|p1a: Incineroar|Intimidate|boost
|-unboost|p2a: Vaporeon|atk|1
|turn|1
|j| Seel Team Seven
|inactive|Battle timer is ON: inactive players will automatically lose when time's up. (requested by sushi8899)
|l| Seel Team Seven
|
|switch|p1a: Rotom|Rotom-Mow, L84|221/221
|move|p2a: Vaporeon|Toxic|p1a: Rotom
|-status|p1a: Rotom|tox
|
|-damage|p1a: Rotom|208/221 tox|[from] psn
|upkeep
|turn|2
|j| yrsmelji
|
|switch|p2a: Jirachi|Jirachi, L80|291/291
|move|p1a: Rotom|Volt Switch|p2a: Jirachi
|-damage|p2a: Jirachi|196/291
|-damage|p1a: Rotom|186/221 tox|[from] item: Life Orb
|
|switch|p1a: Incineroar|Incineroar, L82, F|290/290
|-ability|p1a: Incineroar|Intimidate|boost
|-unboost|p2a: Jirachi|atk|1
|
|-heal|p2a: Jirachi|214/291|[from] item: Leftovers
|upkeep
|turn|3
|
|switch|p2a: Vaporeon|Vaporeon, L84, M|356/356
|move|p1a: Incineroar|Knock Off|p2a: Vaporeon
|-damage|p2a: Vaporeon|212/356
|-enditem|p2a: Vaporeon|Leftovers|[from] move: Knock Off|[of] p1a: Incineroar
|
|upkeep
|turn|4
|
|switch|p1a: Gourgeist|Gourgeist-Large, L88, M|275/275
|move|p2a: Vaporeon|Wish|p2a: Vaporeon
|
|upkeep
|turn|5
|
|switch|p2a: Beheeyem|Beheeyem, L88, F|275/275
|move|p1a: Gourgeist|Substitute|p1a: Gourgeist
|-start|p1a: Gourgeist|Substitute
|-damage|p1a: Gourgeist|207/275
|
|-heal|p1a: Gourgeist|224/275|[from] item: Leftovers
|upkeep
|turn|6
|
|move|p1a: Gourgeist|Power Whip|p2a: Beheeyem
|-damage|p2a: Beheeyem|125/275
|move|p2a: Beheeyem|Psychic|p1a: Gourgeist
|-end|p1a: Gourgeist|Substitute
|
|-heal|p1a: Gourgeist|241/275|[from] item: Leftovers
|upkeep
|turn|7
|
|switch|p2a: Klinklang|Klinklang, L86|243/243
|move|p1a: Gourgeist|Power Whip|p2a: Klinklang
|-resisted|p2a: Klinklang
|-damage|p2a: Klinklang|192/243
|
|-heal|p2a: Klinklang|207/243|[from] item: Leftovers
|-heal|p1a: Gourgeist|258/275|[from] item: Leftovers
|upkeep
|turn|8
|j| Luca Goers
|
|switch|p1a: Incineroar|Incineroar, L82, F|290/290
|-ability|p1a: Incineroar|Intimidate|boost
|-fail|p2a: Klinklang|unboost|[from] ability: Clear Body|[of] p2a: Klinklang
|move|p2a: Klinklang|Substitute|p2a: Klinklang
|-start|p2a: Klinklang|Substitute
|-damage|p2a: Klinklang|147/243
|
|-heal|p2a: Klinklang|162/243|[from] item: Leftovers
|upkeep
|turn|9
|
|move|p2a: Klinklang|Wild Charge|p1a: Incineroar
|-damage|p1a: Incineroar|216/290
|-damage|p2a: Klinklang|143/243|[from] Recoil
|move|p1a: Incineroar|Knock Off|p2a: Klinklang
|-end|p2a: Klinklang|Substitute
|
|-heal|p2a: Klinklang|158/243|[from] item: Leftovers
|upkeep
|turn|10
|
|switch|p2a: Vaporeon|Vaporeon, L84, M|212/356
|move|p1a: Incineroar|Parting Shot|p2a: Vaporeon
|-unboost|p2a: Vaporeon|atk|1
|-unboost|p2a: Vaporeon|spa|1
|
|switch|p1a: Gourgeist|Gourgeist-Large, L88, M|258/275
|
|-heal|p1a: Gourgeist|275/275|[from] item: Leftovers
|upkeep
|turn|11
|
|switch|p2a: Jirachi|Jirachi, L80|214/291
|move|p1a: Gourgeist|Substitute|p1a: Gourgeist
|-start|p1a: Gourgeist|Substitute
|-damage|p1a: Gourgeist|207/275
|
|-heal|p2a: Jirachi|232/291|[from] item: Leftovers
|-heal|p1a: Gourgeist|224/275|[from] item: Leftovers
|upkeep
|turn|12
|
|move|p2a: Jirachi|Fire Punch|p1a: Gourgeist
|-supereffective|p1a: Gourgeist
|-crit|p1a: Gourgeist
|-end|p1a: Gourgeist|Substitute
|move|p1a: Gourgeist|Will-O-Wisp|p2a: Jirachi
|-status|p2a: Jirachi|brn
|
|-heal|p2a: Jirachi|250/291 brn|[from] item: Leftovers
|-heal|p1a: Gourgeist|241/275|[from] item: Leftovers
|-damage|p2a: Jirachi|232/291 brn|[from] brn
|upkeep
|turn|13
|
|switch|p1a: Incineroar|Incineroar, L82, F|216/290
|-ability|p1a: Incineroar|Intimidate|boost
|-unboost|p2a: Jirachi|atk|1
|move|p2a: Jirachi|Stealth Rock|p1a: Incineroar
|-sidestart|p1: legendary42|move: Stealth Rock
|
|-heal|p2a: Jirachi|250/291 brn|[from] item: Leftovers
|-damage|p2a: Jirachi|232/291 brn|[from] brn
|upkeep
|turn|14
|
|switch|p2a: Vaporeon|Vaporeon, L84, M|212/356
|move|p1a: Incineroar|Knock Off|p2a: Vaporeon
|-damage|p2a: Vaporeon|109/356
|
|upkeep
|turn|15
|l| yrsmelji
|j| nkl0ser
|
|move|p2a: Vaporeon|Toxic|p1a: Incineroar
|-status|p1a: Incineroar|tox
|move|p1a: Incineroar|Parting Shot|p2a: Vaporeon
|-unboost|p2a: Vaporeon|atk|1
|-unboost|p2a: Vaporeon|spa|1
|
|switch|p1a: Gourgeist|Gourgeist-Large, L88, M|241/275
|-damage|p1a: Gourgeist|207/275|[from] Stealth Rock
|
|-heal|p1a: Gourgeist|224/275|[from] item: Leftovers
|upkeep
|turn|16
|
|move|p1a: Gourgeist|Substitute|p1a: Gourgeist
|-start|p1a: Gourgeist|Substitute
|-damage|p1a: Gourgeist|156/275
|move|p2a: Vaporeon|Wish|p2a: Vaporeon
|
|-heal|p1a: Gourgeist|173/275|[from] item: Leftovers
|upkeep
|turn|17
|
|move|p2a: Vaporeon|Protect|p2a: Vaporeon
|-singleturn|p2a: Vaporeon|Protect
|move|p1a: Gourgeist|Power Whip|p2a: Vaporeon
|-activate|p2a: Vaporeon|move: Protect
|
|-heal|p2a: Vaporeon|287/356|[from] move: Wish|[wisher] Vaporeon
|-heal|p1a: Gourgeist|190/275|[from] item: Leftovers
|upkeep
|turn|18
|
|switch|p2a: Jirachi|Jirachi, L80|232/291 brn
|move|p1a: Gourgeist|Power Whip|p2a: Jirachi
|-resisted|p2a: Jirachi
|-damage|p2a: Jirachi|161/291 brn
|
|-heal|p2a: Jirachi|179/291 brn|[from] item: Leftovers
|-heal|p1a: Gourgeist|207/275|[from] item: Leftovers
|-damage|p2a: Jirachi|161/291 brn|[from] brn
|upkeep
|turn|19
|
|move|p1a: Gourgeist|Shadow Sneak|p2a: Jirachi
|-supereffective|p2a: Jirachi
|-damage|p2a: Jirachi|71/291 brn
|move|p2a: Jirachi|Fire Punch|p1a: Gourgeist
|-supereffective|p1a: Gourgeist
|-activate|p1a: Gourgeist|move: Substitute|[damage]
|
|-heal|p2a: Jirachi|89/291 brn|[from] item: Leftovers
|-heal|p1a: Gourgeist|224/275|[from] item: Leftovers
|-damage|p2a: Jirachi|71/291 brn|[from] brn
|upkeep
|turn|20
|
|move|p1a: Gourgeist|Shadow Sneak|p2a: Jirachi
|-supereffective|p2a: Jirachi
|-damage|p2a: Jirachi|0 fnt
|faint|p2a: Jirachi
|
|-heal|p1a: Gourgeist|241/275|[from] item: Leftovers
|upkeep
|
|switch|p2a: Kyurem|Kyurem-Black, L72|299/299
|-ability|p2a: Kyurem|Teravolt
|turn|21
|
|move|p2a: Kyurem|Icicle Spear|p1a: Gourgeist
|-supereffective|p1a: Gourgeist
|-end|p1a: Gourgeist|Substitute
|-supereffective|p1a: Gourgeist
|-crit|p1a: Gourgeist
|-damage|p1a: Gourgeist|173/275
|-hitcount|p1a: Gourgeist|2
|move|p1a: Gourgeist|Will-O-Wisp|p2a: Kyurem|[miss]
|-miss|p1a: Gourgeist|p2a: Kyurem
|
|-heal|p1a: Gourgeist|190/275|[from] item: Leftovers
|upkeep
|turn|22
|
|switch|p1a: Incineroar|Incineroar, L82, F|216/290 tox
|-ability|p1a: Incineroar|Intimidate|boost
|-unboost|p2a: Kyurem|atk|1
|move|p2a: Kyurem|Icicle Spear|p1a: Incineroar
|-resisted|p1a: Incineroar
|-damage|p1a: Incineroar|204/290 tox
|-resisted|p1a: Incineroar
|-damage|p1a: Incineroar|194/290 tox
|-hitcount|p1a: Incineroar|2
|
|-damage|p1a: Incineroar|176/290 tox|[from] psn
|upkeep
|turn|23
|
|switch|p2a: Vaporeon|Vaporeon, L84, M|287/356
|move|p1a: Incineroar|Parting Shot|p2a: Vaporeon
|-unboost|p2a: Vaporeon|atk|1
|-unboost|p2a: Vaporeon|spa|1
|
|switch|p1a: Gourgeist|Gourgeist-Large, L88, M|190/275
|-damage|p1a: Gourgeist|156/275|[from] Stealth Rock
|
|-heal|p1a: Gourgeist|173/275|[from] item: Leftovers
|upkeep
|turn|24
|
|switch|p2a: Kyurem|Kyurem-Black, L72|299/299
|-ability|p2a: Kyurem|Teravolt
|move|p1a: Gourgeist|Power Whip|p2a: Kyurem
|-resisted|p2a: Kyurem
|-crit|p2a: Kyurem
|-damage|p2a: Kyurem|195/299
|
|-heal|p1a: Gourgeist|190/275|[from] item: Leftovers
|upkeep
|turn|25
|
|switch|p1a: Incineroar|Incineroar, L82, F|176/290 tox
|-ability|p1a: Incineroar|Intimidate|boost
|-unboost|p2a: Kyurem|atk|1
|move|p2a: Kyurem|Icicle Spear|p1a: Incineroar
|-resisted|p1a: Incineroar
|-damage|p1a: Incineroar|165/290 tox
|-resisted|p1a: Incineroar
|-damage|p1a: Incineroar|156/290 tox
|-hitcount|p1a: Incineroar|2
|
|-damage|p1a: Incineroar|138/290 tox|[from] psn
|upkeep
|turn|26
|
|move|p2a: Kyurem|Dragon Dance|p2a: Kyurem
|-boost|p2a: Kyurem|atk|1
|-boost|p2a: Kyurem|spe|1
|move|p1a: Incineroar|Parting Shot|p2a: Kyurem
|-unboost|p2a: Kyurem|atk|1
|-unboost|p2a: Kyurem|spa|1
|
|switch|p1a: Falinks|Falinks, L88|258/258
|-damage|p1a: Falinks|242/258|[from] Stealth Rock
|
|upkeep
|turn|27
|
|switch|p2a: Vaporeon|Vaporeon, L84, M|287/356
|move|p1a: Falinks|No Retreat|p1a: Falinks
|-boost|p1a: Falinks|atk|1
|-boost|p1a: Falinks|def|1
|-boost|p1a: Falinks|spa|1
|-boost|p1a: Falinks|spd|1
|-boost|p1a: Falinks|spe|1
|-start|p1a: Falinks|move: No Retreat
|
|upkeep
|turn|28
|
|move|p1a: Falinks|Close Combat|p2a: Vaporeon
|-damage|p2a: Vaporeon|0 fnt
|-unboost|p1a: Falinks|def|1
|-unboost|p1a: Falinks|spd|1
|-damage|p1a: Falinks|217/258|[from] item: Life Orb
|faint|p2a: Vaporeon
|
|upkeep
|-message|sushi8899 forfeited.
|
|win|legendary42
|l|☆sushi8899
|raw|legendary42's rating: 2383 &rarr; <strong>2406</strong><br />(+23 for winning)
|raw|sushi8899's rating: 2432 &rarr; <strong>2409</strong><br />(-23 for losing)
|l| nkl0ser
