|j|☆Junaed_Senpai
|j|☆MeherabHB
|t:|1685449260
|gametype|singles
|player|p1|Junaed_Senpai|blackbelt-gen4|
|player|p2|MeherabHB|benga|
|teamsize|p1|6
|teamsize|p2|6
|gen|8
|tier|[Gen 8] Random Battle
|rule|Species Clause: Limit one of each Pokémon
|rule|HP Percentage Mod: HP is shown in percentages
|rule|Sleep Clause Mod: Limit one foe put to sleep
|
|t:|1685449260
|start
|switch|p1a: Nidoqueen|Nidoqueen, L84, F|288/288
|switch|p2a: Talonflame|Talonflame, L81, F|259/259
|turn|1
|inactive|Battle timer is ON: inactive players will automatically lose when time's up. (requested by MeherabHB)
|
|t:|1685449283
|switch|p2a: Hippowdon|Hippowdon, L80, F|304/304
|-weather|Sandstorm|[from] ability: Sand Stream|[of] p2a: Hippowdon
|move|p1a: Nidoqueen|Earth Power|p2a: Hippowdon
|-damage|p2a: Hippowdon|156/304
|
|-weather|Sandstorm|[upkeep]
|-heal|p2a: Hippowdon|175/304|[from] item: Leftovers
|upkeep
|turn|2
|
|t:|1685449297
|move|p1a: Nidoqueen|Stealth Rock|p2a: Hippowdon
|-sidestart|p2: MeherabHB|move: Stealth Rock
|move|p2a: Hippowdon|Earthquake|p1a: Nidoqueen
|-supereffective|p1a: Nidoqueen
|-damage|p1a: Nidoqueen|82/288
|
|-weather|Sandstorm|[upkeep]
|-heal|p2a: Hippowdon|194/304|[from] item: Leftovers
|upkeep
|turn|3
|
|t:|1685449311
|move|p1a: Nidoqueen|Ice Beam|p2a: Hippowdon
|-supereffective|p2a: Hippowdon
|-damage|p2a: Hippowdon|0 fnt
|faint|p2a: Hippowdon
|
|-weather|Sandstorm|[upkeep]
|upkeep
|
|t:|1685449332
|switch|p2a: Wailord|Wailord, L90, F|452/452
|-damage|p2a: Wailord|396/452|[from] Stealth Rock
|turn|4
|
|t:|1685449352
|move|p1a: Nidoqueen|Ice Beam|p2a: Wailord
|-resisted|p2a: Wailord
|-damage|p2a: Wailord|332/452
|move|p2a: Wailord|Ice Beam|p1a: Nidoqueen
|-supereffective|p1a: Nidoqueen
|-damage|p1a: Nidoqueen|0 fnt
|faint|p1a: Nidoqueen
|
|-weather|Sandstorm|[upkeep]
|-damage|p2a: Wailord|304/452|[from] Sandstorm
|upkeep
|
|t:|1685449365
|switch|p1a: Zeraora|Zeraora, L76|259/259
|turn|5
|
|t:|1685449378
|switch|p2a: Corsola|Corsola-Galar, L84, M|238/238
|-damage|p2a: Corsola|209/238|[from] Stealth Rock
|move|p1a: Zeraora|Grass Knot|p2a: Corsola
|-damage|p2a: Corsola|201/238
|
|-weather|none
|upkeep
|turn|6
|inactive|Junaed_Senpai has 270 seconds left.
|
|t:|1685449394
|move|p1a: Zeraora|Play Rough|p2a: Corsola
|-damage|p2a: Corsola|166/238
|move|p2a: Corsola|Stealth Rock|p1a: Zeraora
|-sidestart|p1: Junaed_Senpai|move: Stealth Rock
|
|upkeep
|turn|7
|
|t:|1685449406
|move|p1a: Zeraora|Blaze Kick|p2a: Corsola
|-damage|p2a: Corsola|129/238
|move|p2a: Corsola|Strength Sap|p1a: Zeraora
|-unboost|p1a: Zeraora|atk|1
|-heal|p2a: Corsola|238/238
|
|upkeep
|turn|8
|inactive|Junaed_Senpai has 270 seconds left.
|
|t:|1685449437
|move|p1a: Zeraora|Plasma Fists|p2a: Corsola
|-damage|p2a: Corsola|193/238
|-fieldactivate|move: Ion Deluge
|-hint|Normal-type moves become Electric-type after using Plasma Fists.
|-start|p1a: Zeraora|Disable|Plasma Fists|[from] ability: Cursed Body|[of] p2a: Corsola
|move|p2a: Corsola|Will-O-Wisp|p1a: Zeraora
|-status|p1a: Zeraora|brn
|
|-damage|p1a: Zeraora|243/259 brn|[from] brn
|upkeep
|turn|9
|
|t:|1685449456
|move|p1a: Zeraora|Blaze Kick|p2a: Corsola
|-damage|p2a: Corsola|182/238
|move|p2a: Corsola|Night Shade|p1a: Zeraora
|-damage|p1a: Zeraora|159/259 brn
|
|-damage|p1a: Zeraora|143/259 brn|[from] brn
|upkeep
|turn|10
|
|t:|1685449466
|move|p1a: Zeraora|Grass Knot|p2a: Corsola
|-damage|p2a: Corsola|174/238
|move|p2a: Corsola|Strength Sap|p1a: Zeraora
|-unboost|p1a: Zeraora|atk|1
|-heal|p2a: Corsola|238/238
|
|-damage|p1a: Zeraora|127/259 brn|[from] brn
|upkeep
|turn|11
|
|t:|1685449482
|switch|p1a: Leafeon|Leafeon, L86, M|252/252
|-damage|p1a: Leafeon|221/252|[from] Stealth Rock
|move|p2a: Corsola|Night Shade|p1a: Leafeon
|-damage|p1a: Leafeon|137/252
|
|upkeep
|turn|12
|
|t:|1685449504
|switch|p2a: Talonflame|Talonflame, L81, F|259/259
|move|p1a: Leafeon|Synthesis|p1a: Leafeon
|-heal|p1a: Leafeon|252/252
|
|upkeep
|turn|13
|
|t:|1685449520
|switch|p1a: Lycanroc|Lycanroc-Midnight, L82, F|274/274
|-damage|p1a: Lycanroc|240/274|[from] Stealth Rock
|move|p2a: Talonflame|Flare Blitz|p1a: Lycanroc
|-resisted|p1a: Lycanroc
|-damage|p1a: Lycanroc|177/274
|-damage|p2a: Talonflame|238/259|[from] Recoil
|
|upkeep
|turn|14
|inactive|Junaed_Senpai has 240 seconds left.
|
|t:|1685449536
|switch|p2a: Wailord|Wailord, L90, F|304/452
|-damage|p2a: Wailord|248/452|[from] Stealth Rock
|move|p1a: Lycanroc|Swords Dance|p1a: Lycanroc
|-boost|p1a: Lycanroc|atk|2
|
|upkeep
|turn|15
|inactive|Junaed_Senpai has 240 seconds left.
|
|t:|1685449556
|move|p1a: Lycanroc|Stone Edge|p2a: Wailord
|-damage|p2a: Wailord|0 fnt
|faint|p2a: Wailord
|-damage|p1a: Lycanroc|150/274|[from] item: Life Orb
|
|upkeep
|
|t:|1685449575
|switch|p2a: Corsola|Corsola-Galar, L84, M|238/238
|-damage|p2a: Corsola|209/238|[from] Stealth Rock
|turn|16
|inactive|Junaed_Senpai has 240 seconds left.
|
|t:|1685449596
|move|p1a: Lycanroc|Iron Tail|p2a: Corsola
|-damage|p2a: Corsola|99/238
|-damage|p1a: Lycanroc|123/274|[from] item: Life Orb
|move|p2a: Corsola|Strength Sap|p1a: Lycanroc
|-unboost|p1a: Lycanroc|atk|1
|-heal|p2a: Corsola|238/238
|
|upkeep
|turn|17
|
|t:|1685449606
|move|p1a: Lycanroc|Swords Dance|p1a: Lycanroc
|-boost|p1a: Lycanroc|atk|2
|move|p2a: Corsola|Night Shade|p1a: Lycanroc
|-damage|p1a: Lycanroc|39/274
|
|upkeep
|turn|18
|
|t:|1685449613
|move|p1a: Lycanroc|Stone Edge|p2a: Corsola
|-damage|p2a: Corsola|27/238
|-damage|p1a: Lycanroc|12/274|[from] item: Life Orb
|move|p2a: Corsola|Night Shade|p1a: Lycanroc
|-damage|p1a: Lycanroc|0 fnt
|faint|p1a: Lycanroc
|
|upkeep
|inactive|Junaed_Senpai has 210 seconds left.
|inactive|Junaed_Senpai has 180 seconds left.
|
|t:|1685449688
|switch|p1a: Zeraora|Zeraora, L76|127/259 brn
|-damage|p1a: Zeraora|95/259 brn|[from] Stealth Rock
|turn|19
|
|t:|1685449702
|move|p1a: Zeraora|Plasma Fists|p2a: Corsola
|-damage|p2a: Corsola|0 fnt
|-fieldactivate|move: Ion Deluge
|-hint|Normal-type moves become Electric-type after using Plasma Fists.
|faint|p2a: Corsola
|
|-damage|p1a: Zeraora|79/259 brn|[from] brn
|upkeep
|
|t:|1685449713
|switch|p2a: Talonflame|Talonflame, L81, F|238/259
|turn|20
|inactive|Junaed_Senpai has 180 seconds left.
|
|t:|1685449721
|move|p1a: Zeraora|Plasma Fists|p2a: Talonflame
|-supereffective|p2a: Talonflame
|-damage|p2a: Talonflame|120/259
|-fieldactivate|move: Ion Deluge
|-hint|Normal-type moves become Electric-type after using Plasma Fists.
|move|p2a: Talonflame|Flare Blitz|p1a: Zeraora
|-damage|p1a: Zeraora|0 fnt
|faint|p1a: Zeraora
|-damage|p2a: Talonflame|94/259|[from] Recoil
|
|upkeep
|inactive|Junaed_Senpai has 180 seconds left.
|
|t:|1685449729
|switch|p1a: Leafeon|Leafeon, L86, M|252/252
|-damage|p1a: Leafeon|221/252|[from] Stealth Rock
|turn|21
|
|t:|1685449739
|switch|p1a: Marshadow|Marshadow, L70|242/242
|-damage|p1a: Marshadow|227/242|[from] Stealth Rock
|move|p2a: Talonflame|Flare Blitz|p1a: Marshadow
|-damage|p1a: Marshadow|106/242
|-damage|p2a: Talonflame|54/259|[from] Recoil
|
|upkeep
|turn|22
|
|t:|1685449753
|move|p2a: Talonflame|Brave Bird|p1a: Marshadow
|-supereffective|p1a: Marshadow
|-damage|p1a: Marshadow|0 fnt
|faint|p1a: Marshadow
|-damage|p2a: Talonflame|19/259|[from] Recoil
|
|upkeep
|
|t:|1685449758
|switch|p1a: Kommo-o|Kommo-o, L80, M|251/251
|-damage|p1a: Kommo-o|236/251|[from] Stealth Rock
|turn|23
|
|t:|1685449785
|move|p2a: Talonflame|Brave Bird|p1a: Kommo-o
|-supereffective|p1a: Kommo-o
|-damage|p1a: Kommo-o|60/251
|-damage|p2a: Talonflame|0 fnt|[from] Recoil
|faint|p2a: Talonflame
|move|p1a: Kommo-o|Clangorous Soul||[still]
|-fail|p1a: Kommo-o
|
|upkeep
|
|t:|1685449794
|switch|p2a: Primarina|Primarina, L82, M|265/265
|-damage|p2a: Primarina|232/265|[from] Stealth Rock
|turn|24
|
|t:|1685449811
|move|p2a: Primarina|Moonblast|p1a: Kommo-o
|-supereffective|p1a: Kommo-o
|-damage|p1a: Kommo-o|0 fnt
|faint|p1a: Kommo-o
|
|upkeep
|
|t:|1685449814
|switch|p1a: Leafeon|Leafeon, L86, M|221/252
|-damage|p1a: Leafeon|190/252|[from] Stealth Rock
|turn|25
|
|t:|1685449820
|switch|p2a: Centiskorch|Centiskorch, L84, M|305/305
|move|p1a: Leafeon|Leaf Blade|p2a: Centiskorch
|-resisted|p2a: Centiskorch
|-damage|p2a: Centiskorch|262/305
|-damage|p1a: Leafeon|165/252|[from] item: Life Orb
|
|upkeep
|turn|26
|
|t:|1685449835
|-start|p2a: Centiskorch|Dynamax|
|-heal|p2a: Centiskorch|524/610|[silent]
|move|p1a: Leafeon|Knock Off|p2a: Centiskorch
|-damage|p2a: Centiskorch|390/610
|-enditem|p2a: Centiskorch|Heavy-Duty Boots|[from] move: Knock Off|[of] p1a: Leafeon
|-damage|p1a: Leafeon|140/252|[from] item: Life Orb
|move|p2a: Centiskorch|Max Flutterby|p1a: Leafeon
|-supereffective|p1a: Leafeon
|-damage|p1a: Leafeon|0 fnt
|faint|p1a: Leafeon
|
|win|MeherabHB
|l|☆MeherabHB
|j|☆MeherabHB
|player|p2|MeherabHB|benga
