|j|☆Darkrai1717
|j|☆Drak4y
|t:|1685298243
|gametype|singles
|player|p1|Darkrai1717|265|
|player|p2|Drak4y|scientistf|
|teamsize|p1|6
|teamsize|p2|6
|gen|8
|tier|[Gen 8] Random Battle
|rule|Species Clause: Limit one of each Pokémon
|rule|HP Percentage Mod: HP is shown in percentages
|rule|Sleep Clause Mod: Limit one foe put to sleep
|
|t:|1685298243
|start
|switch|p1a: Weezing|Weezing-Galar, L86, F|252/252
|switch|p2a: Dragapult|Dragapult, L78, M|265/265
|-ability|p1a: Weezing|Neutralizing Gas
|turn|1
|j| Iamsleep
|c| Iamsleep|Good luck
|c|☆Darkrai1717|GL HF
|j| 5attab
|c|☆Drak4y|Welcome to the last round
|c|☆Drak4y|Drak vs Dark
|c|☆Drak4y|Totally different names
|
|t:|1685298327
|switch|p2a: Terrakion|Terrakion, L78|270/270
|move|p1a: Weezing|Will-O-Wisp|p2a: Terrakion
|-status|p2a: Terrakion|brn
|
|-damage|p2a: Terrakion|254/270 brn|[from] brn
|upkeep
|turn|2
|
|t:|1685298364
|-end|p1a: Weezing|ability: Neutralizing Gas
|switch|p1a: Gourgeist|Gourgeist, L84, F|246/246
|-item|p2a: Terrakion|Life Orb|[from] ability: Frisk|[of] p1a: Gourgeist|[identify]
|move|p2a: Terrakion|Earthquake|p1a: Gourgeist
|-resisted|p1a: Gourgeist
|-damage|p1a: Gourgeist|228/246
|-damage|p2a: Terrakion|227/270 brn|[from] item: Life Orb
|
|-heal|p1a: Gourgeist|243/246|[from] item: Leftovers
|-damage|p2a: Terrakion|211/270 brn|[from] brn
|upkeep
|turn|3
|
|t:|1685298411
|move|p2a: Terrakion|Stone Edge|p1a: Gourgeist
|-damage|p1a: Gourgeist|179/246
|-damage|p2a: Terrakion|184/270 brn|[from] item: Life Orb
|move|p1a: Gourgeist|Poltergeist|p2a: Terrakion
|-activate|p2a: Terrakion|move: Poltergeist|Life Orb
|-damage|p2a: Terrakion|67/270 brn
|
|-heal|p1a: Gourgeist|194/246|[from] item: Leftovers
|-damage|p2a: Terrakion|51/270 brn|[from] brn
|upkeep
|turn|4
|
|t:|1685298447
|move|p2a: Terrakion|Stone Edge|p1a: Gourgeist
|-damage|p1a: Gourgeist|133/246
|-damage|p2a: Terrakion|24/270 brn|[from] item: Life Orb
|move|p1a: Gourgeist|Synthesis|p1a: Gourgeist
|-heal|p1a: Gourgeist|246/246
|
|-damage|p2a: Terrakion|8/270 brn|[from] brn
|upkeep
|turn|5
|
|t:|1685298471
|move|p2a: Terrakion|Stone Edge|p1a: Gourgeist
|-damage|p1a: Gourgeist|188/246
|-damage|p2a: Terrakion|0 fnt|[from] item: Life Orb
|faint|p2a: Terrakion
|move|p1a: Gourgeist|Synthesis|p1a: Gourgeist
|-heal|p1a: Gourgeist|246/246
|
|upkeep
|
|t:|1685298479
|switch|p2a: Noctowl|Noctowl, L88, F|319/319
|turn|6
|
|t:|1685298496
|switch|p1a: Wailord|Wailord, L90, F|452/452
|move|p2a: Noctowl|Heat Wave|p1a: Wailord
|-resisted|p1a: Wailord
|-damage|p1a: Wailord|358/452
|
|upkeep
|turn|7
|
|t:|1685298508
|move|p2a: Noctowl|Hurricane|p1a: Wailord
|-damage|p1a: Wailord|195/452
|move|p1a: Wailord|Ice Beam|p2a: Noctowl
|-supereffective|p2a: Noctowl
|-damage|p2a: Noctowl|127/319
|
|upkeep
|turn|8
|
|t:|1685298517
|move|p2a: Noctowl|Hurricane|p1a: Wailord|[miss]
|-miss|p2a: Noctowl|p1a: Wailord
|move|p1a: Wailord|Ice Beam|p2a: Noctowl
|-supereffective|p2a: Noctowl
|-damage|p2a: Noctowl|0 fnt
|faint|p2a: Noctowl
|
|upkeep
|c|☆Drak4y|Noo missed
|c|☆Darkrai1717|F
|
|t:|1685298534
|switch|p2a: Politoed|Politoed, L86, F|295/295
|-weather|RainDance|[from] ability: Drizzle|[of] p2a: Politoed
|turn|9
|
|t:|1685298566
|switch|p1a: Ferrothorn|Ferrothorn, L78, M|244/244
|move|p2a: Politoed|Scald|p1a: Ferrothorn
|-resisted|p1a: Ferrothorn
|-damage|p1a: Ferrothorn|188/244
|
|-weather|RainDance|[upkeep]
|-heal|p1a: Ferrothorn|203/244|[from] item: Leftovers
|upkeep
|turn|10
|
|t:|1685298589
|switch|p2a: Marowak|Marowak, L86, M|243/243
|move|p1a: Ferrothorn|Spikes|p2a: Marowak
|-sidestart|p2: Drak4y|Spikes
|
|-weather|RainDance|[upkeep]
|-heal|p1a: Ferrothorn|218/244|[from] item: Leftovers
|upkeep
|turn|11
|
|t:|1685298616
|move|p2a: Marowak|Earthquake|p1a: Ferrothorn
|-damage|p1a: Ferrothorn|64/244
|move|p1a: Ferrothorn|Spikes|p2a: Marowak
|-sidestart|p2: Drak4y|Spikes
|
|-weather|RainDance|[upkeep]
|-heal|p1a: Ferrothorn|79/244|[from] item: Leftovers
|upkeep
|turn|12
|
|t:|1685298626
|switch|p1a: Gourgeist|Gourgeist, L84, F|246/246
|-item|p2a: Marowak|Thick Club|[from] ability: Frisk|[of] p1a: Gourgeist|[identify]
|move|p2a: Marowak|Earthquake|p1a: Gourgeist
|-resisted|p1a: Gourgeist
|-damage|p1a: Gourgeist|171/246
|
|-weather|RainDance|[upkeep]
|-heal|p1a: Gourgeist|186/246|[from] item: Leftovers
|upkeep
|turn|13
|
|t:|1685298639
|move|p1a: Gourgeist|Power Whip|p2a: Marowak
|-supereffective|p2a: Marowak
|-damage|p2a: Marowak|33/243
|move|p2a: Marowak|Stone Edge|p1a: Gourgeist
|-damage|p1a: Gourgeist|89/246
|
|-weather|none
|-heal|p1a: Gourgeist|104/246|[from] item: Leftovers
|upkeep
|turn|14
|
|t:|1685298657
|move|p1a: Gourgeist|Synthesis|p1a: Gourgeist
|-heal|p1a: Gourgeist|227/246
|move|p2a: Marowak|Stone Edge|p1a: Gourgeist
|-damage|p1a: Gourgeist|121/246
|
|-heal|p1a: Gourgeist|136/246|[from] item: Leftovers
|upkeep
|turn|15
|
|t:|1685298670
|move|p1a: Gourgeist|Poltergeist|p2a: Marowak
|-activate|p2a: Marowak|move: Poltergeist|Thick Club
|-damage|p2a: Marowak|0 fnt
|faint|p2a: Marowak
|
|-heal|p1a: Gourgeist|151/246|[from] item: Leftovers
|upkeep
|
|t:|1685298680
|switch|p2a: Dragapult|Dragapult, L78, M|265/265
|-damage|p2a: Dragapult|221/265|[from] Spikes
|turn|16
|
|t:|1685298706
|switch|p1a: Weezing|Weezing-Galar, L86, F|252/252
|-ability|p1a: Weezing|Neutralizing Gas
|move|p2a: Dragapult|Fire Blast|p1a: Weezing
|-damage|p1a: Weezing|142/252
|-status|p1a: Weezing|brn
|
|-heal|p1a: Weezing|157/252 brn|[from] item: Black Sludge
|-damage|p1a: Weezing|142/252 brn|[from] brn
|upkeep
|turn|17
|
|t:|1685298729
|switch|p2a: Politoed|Politoed, L86, F|295/295
|-damage|p2a: Politoed|246/295|[from] Spikes
|move|p1a: Weezing|Strange Steam|p2a: Politoed
|-damage|p2a: Politoed|167/295
|
|-heal|p1a: Weezing|157/252 brn|[from] item: Black Sludge
|-damage|p1a: Weezing|142/252 brn|[from] brn
|upkeep
|turn|18
|c|☆Drak4y|My team is shit
|
|t:|1685298760
|-end|p1a: Weezing|ability: Neutralizing Gas
|-weather|RainDance|[from] ability: Drizzle|[of] p2a: Politoed
|switch|p1a: Ferrothorn|Ferrothorn, L78, M|79/244
|move|p2a: Politoed|Ice Beam|p1a: Ferrothorn
|-damage|p1a: Ferrothorn|22/244
|
|-weather|RainDance|[upkeep]
|-heal|p1a: Ferrothorn|37/244|[from] item: Leftovers
|upkeep
|turn|19
|
|t:|1685298800
|switch|p1a: Snorlax|Snorlax, L82, M|397/397
|move|p2a: Politoed|Ice Beam|p1a: Snorlax
|-damage|p1a: Snorlax|370/397
|
|-weather|RainDance|[upkeep]
|upkeep
|turn|20
|
|t:|1685298817
|move|p2a: Politoed|Scald|p1a: Snorlax
|-damage|p1a: Snorlax|252/397
|move|p1a: Snorlax|Earthquake|p2a: Politoed
|-damage|p2a: Politoed|45/295
|
|-weather|RainDance|[upkeep]
|upkeep
|turn|21
|
|t:|1685298827
|move|p2a: Politoed|Rest|p2a: Politoed
|-status|p2a: Politoed|slp|[from] move: Rest
|-heal|p2a: Politoed|295/295 slp|[silent]
|-enditem|p2a: Politoed|Chesto Berry|[eat]
|-curestatus|p2a: Politoed|slp|[msg]
|move|p1a: Snorlax|Earthquake|p2a: Politoed
|-crit|p2a: Politoed
|-damage|p2a: Politoed|107/295
|
|-weather|RainDance|[upkeep]
|upkeep
|turn|22
|c|☆Darkrai1717|oh nice crit
|
|t:|1685298843
|move|p2a: Politoed|Scald|p1a: Snorlax
|-damage|p1a: Snorlax|152/397
|-status|p1a: Snorlax|brn
|move|p1a: Snorlax|Earthquake|p2a: Politoed
|-damage|p2a: Politoed|49/295
|
|-weather|none
|-damage|p1a: Snorlax|128/397 brn|[from] brn
|upkeep
|turn|23
|
|t:|1685298855
|move|p2a: Politoed|Rest|p2a: Politoed
|-status|p2a: Politoed|slp|[from] move: Rest
|-heal|p2a: Politoed|295/295 slp|[silent]
|move|p1a: Snorlax|Earthquake|p2a: Politoed
|-damage|p2a: Politoed|232/295 slp
|
|-damage|p1a: Snorlax|104/397 brn|[from] brn
|upkeep
|turn|24
|
|t:|1685298870
|switch|p1a: Ferrothorn|Ferrothorn, L78, M|37/244
|cant|p2a: Politoed|slp
|
|-heal|p1a: Ferrothorn|52/244|[from] item: Leftovers
|upkeep
|turn|25
|
|t:|1685298884
|cant|p2a: Politoed|slp
|move|p1a: Ferrothorn|Power Whip|p2a: Politoed
|-supereffective|p2a: Politoed
|-damage|p2a: Politoed|0 fnt
|faint|p2a: Politoed
|
|-heal|p1a: Ferrothorn|67/244|[from] item: Leftovers
|upkeep
|
|t:|1685298895
|switch|p2a: Dragapult|Dragapult, L78, M|221/265
|-damage|p2a: Dragapult|177/265|[from] Spikes
|turn|26
|
|t:|1685298911
|switch|p1a: Wailord|Wailord, L90, F|195/452
|move|p2a: Dragapult|Fire Blast|p1a: Wailord
|-resisted|p1a: Wailord
|-damage|p1a: Wailord|112/452
|
|upkeep
|turn|27
|
|t:|1685298920
|move|p2a: Dragapult|Fire Blast|p1a: Wailord
|-resisted|p1a: Wailord
|-damage|p1a: Wailord|37/452
|move|p1a: Wailord|Ice Beam|p2a: Dragapult
|-supereffective|p2a: Dragapult
|-damage|p2a: Dragapult|0 fnt
|faint|p2a: Dragapult
|
|upkeep
|
|t:|1685298929
|switch|p2a: Dracovish|Dracovish, L80|275/275
|-damage|p2a: Dracovish|230/275|[from] Spikes
|turn|28
|c| 5attab|fishious rend sweep?
|c|☆Drak4y|All my team was weak
|c| Iamsleep|depends, is it scarfed
|
|t:|1685298968
|switch|p1a: Gourgeist|Gourgeist, L84, F|151/246
|-item|p2a: Dracovish|Choice Band|[from] ability: Frisk|[of] p1a: Gourgeist|[identify]
|move|p2a: Dracovish|Ice Fang|p1a: Gourgeist
|-supereffective|p1a: Gourgeist
|-damage|p1a: Gourgeist|0 fnt
|faint|p1a: Gourgeist
|
|upkeep
|c|☆Darkrai1717|oh ho?
|
|t:|1685298985
|switch|p1a: Weezing|Weezing-Galar, L86, F|142/252 brn
|-ability|p1a: Weezing|Neutralizing Gas
|turn|29
|c| 5attab|ayo
|c|☆Darkrai1717|you're stuck on ice fang now nice
|
|t:|1685298998
|move|p2a: Dracovish|Ice Fang|p1a: Weezing
|-damage|p1a: Weezing|93/252 brn
|move|p1a: Weezing|Will-O-Wisp|p2a: Dracovish|[miss]
|-miss|p1a: Weezing|p2a: Dracovish
|
|-heal|p1a: Weezing|108/252 brn|[from] item: Black Sludge
|-damage|p1a: Weezing|93/252 brn|[from] brn
|upkeep
|turn|30
|c|☆Drak4y|You already had a fairy poke
|
|t:|1685299012
|move|p2a: Dracovish|Ice Fang|p1a: Weezing
|-damage|p1a: Weezing|43/252 brn
|cant|p1a: Weezing|flinch
|
|-heal|p1a: Weezing|58/252 brn|[from] item: Black Sludge
|-damage|p1a: Weezing|43/252 brn|[from] brn
|upkeep
|turn|31
|c| Iamsleep|oh ?
|
|t:|1685299022
|move|p2a: Dracovish|Ice Fang|p1a: Weezing
|-damage|p1a: Weezing|0 fnt
|faint|p1a: Weezing
|-end|p1a: Weezing|ability: Neutralizing Gas
|
|upkeep
|
|t:|1685299034
|switch|p1a: Wailord|Wailord, L90, F|37/452
|turn|32
|c| 5attab|the dracovish strat
|
|t:|1685299041
|move|p2a: Dracovish|Ice Fang|p1a: Wailord
|-resisted|p1a: Wailord
|-damage|p1a: Wailord|0 fnt
|faint|p1a: Wailord
|
|upkeep
|
|t:|1685299048
|switch|p1a: Mewtwo|Mewtwo, L72|272/272
|-ability|p1a: Mewtwo|Unnerve
|turn|33
|c| Iamsleep|ah
|c|☆Drak4y|Omg she is buffed
|
|t:|1685299070
|move|p1a: Mewtwo|Psystrike|p2a: Dracovish
|-damage|p2a: Dracovish|119/275
|move|p2a: Dracovish|Ice Fang|p1a: Mewtwo
|-damage|p1a: Mewtwo|177/272
|
|-heal|p1a: Mewtwo|194/272|[from] item: Leftovers
|upkeep
|turn|34
|
|t:|1685299080
|move|p1a: Mewtwo|Shadow Ball|p2a: Dracovish
|-damage|p2a: Dracovish|53/275
|move|p2a: Dracovish|Ice Fang|p1a: Mewtwo
|-damage|p1a: Mewtwo|96/272
|
|-heal|p1a: Mewtwo|113/272|[from] item: Leftovers
|upkeep
|turn|35
|
|t:|1685299089
|move|p1a: Mewtwo|Psystrike|p2a: Dracovish
|-damage|p2a: Dracovish|0 fnt
|faint|p2a: Dracovish
|
|win|Darkrai1717
|c|☆Darkrai1717|GG
|c| Iamsleep|gg
|c| 5attab|gg tough match
|c|☆Drak4y|Why you didn't send the grass poke?
|c|☆Drak4y|Like dracovish is water
|c|☆Darkrai1717|slower
