|j|☆fg76ty7i6uyoy67f
|j|☆sbanks456
|t:|1685538529
|gametype|singles
|player|p1|fg76ty7i6uyoy67f|265|1313
|player|p2|sbanks456|170|1181
|teamsize|p1|6
|teamsize|p2|6
|gen|8
|tier|[Gen 8] Random Battle
|rated|
|rule|Species Clause: Limit one of each Pokémon
|rule|HP Percentage Mod: HP is shown in percentages
|rule|Sleep Clause Mod: Limit one foe put to sleep
|
|t:|1685538529
|start
|switch|p1a: Torkoal|Torkoal, L86, M|261/261
|switch|p2a: Accelgor|Accelgor, L86, M|278/278
|-weather|SunnyDay|[from] ability: Drought|[of] p1a: Torkoal
|turn|1
|inactive|Battle timer is ON: inactive players will automatically lose when time's up. (requested by sbanks456)
|inactive|fg76ty7i6uyoy67f also wants the timer to be on.
|inactive|sbanks456 has 120 seconds left.
|
|t:|1685538564
|move|p2a: Accelgor|Toxic|p1a: Torkoal
|-status|p1a: Torkoal|tox
|move|p1a: Torkoal|Rapid Spin|p2a: Accelgor
|-damage|p2a: Accelgor|221/278
|-boost|p1a: Torkoal|spe|1
|
|-weather|SunnyDay|[upkeep]
|-damage|p1a: Torkoal|245/261 tox|[from] psn
|upkeep
|turn|2
|
|t:|1685538577
|move|p2a: Accelgor|Bug Buzz|p1a: Torkoal
|-resisted|p1a: Torkoal
|-damage|p1a: Torkoal|183/261 tox
|move|p1a: Torkoal|Rapid Spin|p2a: Accelgor
|-damage|p2a: Accelgor|167/278
|-boost|p1a: Torkoal|spe|1
|
|-weather|SunnyDay|[upkeep]
|-damage|p1a: Torkoal|151/261 tox|[from] psn
|upkeep
|turn|3
|
|t:|1685538586
|move|p2a: Accelgor|Sludge Bomb|p1a: Torkoal
|-damage|p1a: Torkoal|74/261 tox
|move|p1a: Torkoal|Lava Plume|p2a: Accelgor
|-supereffective|p2a: Accelgor
|-damage|p2a: Accelgor|0 fnt
|faint|p2a: Accelgor
|
|-weather|SunnyDay|[upkeep]
|-damage|p1a: Torkoal|26/261 tox|[from] psn
|upkeep
|
|t:|1685538599
|switch|p2a: Golisopod|Golisopod, L84, F|263/263
|turn|4
|
|t:|1685538622
|switch|p1a: Toxapex|Toxapex, L82, F|216/216
|move|p2a: Golisopod|First Impression|p1a: Toxapex
|-resisted|p1a: Toxapex
|-damage|p1a: Toxapex|179/216
|
|-weather|SunnyDay|[upkeep]
|-heal|p1a: Toxapex|192/216|[from] item: Black Sludge
|upkeep
|turn|5
|
|t:|1685538645
|move|p2a: Golisopod|Spikes|p1a: Toxapex
|-sidestart|p1: fg76ty7i6uyoy67f|Spikes
|move|p1a: Toxapex|Toxic|p2a: Golisopod
|-status|p2a: Golisopod|tox
|
|-weather|none
|-heal|p1a: Toxapex|205/216|[from] item: Black Sludge
|-damage|p2a: Golisopod|247/263 tox|[from] psn
|upkeep
|turn|6
|inactive|fg76ty7i6uyoy67f has 120 seconds left.
|
|t:|1685538677
|switch|p1a: Persian|Persian-Alola, L82, F|241/241
|-damage|p1a: Persian|211/241|[from] Spikes
|move|p2a: Golisopod|Spikes|p1a: Persian
|-sidestart|p1: fg76ty7i6uyoy67f|Spikes
|
|-heal|p1a: Persian|226/241|[from] item: Leftovers
|-damage|p2a: Golisopod|215/263 tox|[from] psn
|upkeep
|turn|7
|inactive|fg76ty7i6uyoy67f has 120 seconds left.
|
|t:|1685538701
|move|p1a: Persian|Thunderbolt|p2a: Golisopod
|-supereffective|p2a: Golisopod
|-damage|p2a: Golisopod|119/263 tox
|-activate|p2a: Golisopod|ability: Emergency Exit
|inactive|sbanks456 has 120 seconds left.
|
|t:|1685538719
|switch|p2a: Garchomp|Garchomp, L74, F|282/282
|
|-heal|p1a: Persian|241/241|[from] item: Leftovers
|upkeep
|turn|8
|inactive|fg76ty7i6uyoy67f has 120 seconds left.
|
|t:|1685538730
|move|p1a: Persian|Hypnosis|p2a: Garchomp
|-status|p2a: Garchomp|slp|[from] move: Hypnosis
|-enditem|p2a: Garchomp|Lum Berry|[eat]
|-curestatus|p2a: Garchomp|slp|[msg]
|move|p2a: Garchomp|Swords Dance|p2a: Garchomp
|-boost|p2a: Garchomp|atk|2
|
|upkeep
|turn|9
|
|t:|1685538742
|move|p1a: Persian|Hypnosis|p2a: Garchomp
|-status|p2a: Garchomp|slp|[from] move: Hypnosis
|cant|p2a: Garchomp|slp
|
|upkeep
|turn|10
|
|t:|1685538754
|move|p1a: Persian|Nasty Plot|p1a: Persian
|-boost|p1a: Persian|spa|2
|cant|p2a: Garchomp|slp
|
|upkeep
|turn|11
|
|t:|1685538763
|switch|p2a: Golisopod|Golisopod, L84, F|119/263 tox
|move|p1a: Persian|Nasty Plot|p1a: Persian
|-boost|p1a: Persian|spa|2
|
|-damage|p2a: Golisopod|103/263 tox|[from] psn
|upkeep
|turn|12
|
|t:|1685538772
|move|p2a: Golisopod|First Impression|p1a: Persian
|-supereffective|p1a: Persian
|-damage|p1a: Persian|91/241
|move|p1a: Persian|Nasty Plot|p1a: Persian
|-boost|p1a: Persian|spa|2
|
|-heal|p1a: Persian|106/241|[from] item: Leftovers
|-damage|p2a: Golisopod|71/263 tox|[from] psn
|upkeep
|turn|13
|
|t:|1685538783
|move|p1a: Persian|Dark Pulse|p2a: Golisopod
|-damage|p2a: Golisopod|0 fnt
|faint|p2a: Golisopod
|
|-heal|p1a: Persian|121/241|[from] item: Leftovers
|upkeep
|
|t:|1685538803
|switch|p2a: Aggron|Aggron, L85, M|258/258
|-item|p2a: Aggron|Air Balloon
|turn|14
|inactive|fg76ty7i6uyoy67f has 120 seconds left.
|
|t:|1685538840
|move|p1a: Persian|Dark Pulse|p2a: Aggron
|-damage|p2a: Aggron|0 fnt
|-enditem|p2a: Aggron|Air Balloon
|faint|p2a: Aggron
|
|-heal|p1a: Persian|136/241|[from] item: Leftovers
|upkeep
|inactive|sbanks456 has 120 seconds left.
|
|t:|1685538851
|switch|p2a: Quagsire|Quagsire, L84, F|297/297
|turn|15
|c|☆fg76ty7i6uyoy67f|i wanna apologise for landing back to back hypnosis
|c|☆sbanks456|haha
|inactive|fg76ty7i6uyoy67f has 120 seconds left.
|
|t:|1685538868
|move|p1a: Persian|Hypnosis|p2a: Quagsire
|-message|Sleep Clause Mod activated.
|-hint|Sleep Clause Mod prevents players from putting more than one of their opponent's Pokémon to sleep at a time
|move|p2a: Quagsire|Toxic|p1a: Persian|[miss]
|-miss|p2a: Quagsire|p1a: Persian
|
|-heal|p1a: Persian|151/241|[from] item: Leftovers
|upkeep
|turn|16
|c|☆sbanks456|yeah idk how that happened but it is what it is
|inactive|fg76ty7i6uyoy67f has 120 seconds left.
|c|☆fg76ty7i6uyoy67f|damn forgot about that clause
|c|☆fg76ty7i6uyoy67f|wouldve been 3 lmao
|
|t:|1685538888
|move|p1a: Persian|Dark Pulse|p2a: Quagsire
|-damage|p2a: Quagsire|216/297
|move|p2a: Quagsire|Toxic|p1a: Persian
|-status|p1a: Persian|tox
|
|-heal|p1a: Persian|166/241 tox|[from] item: Leftovers
|-heal|p2a: Quagsire|234/297|[from] item: Leftovers
|-damage|p1a: Persian|151/241 tox|[from] psn
|upkeep
|turn|17
|c|☆sbanks456|why was that dark pulse so weak
|inactive|sbanks456 has 120 seconds left.
|c|☆fg76ty7i6uyoy67f|unaware ability
|
|t:|1685538914
|move|p1a: Persian|Dark Pulse|p2a: Quagsire
|-damage|p2a: Quagsire|147/297
|cant|p2a: Quagsire|flinch
|
|-heal|p1a: Persian|166/241 tox|[from] item: Leftovers
|-heal|p2a: Quagsire|165/297|[from] item: Leftovers
|-damage|p1a: Persian|136/241 tox|[from] psn
|upkeep
|turn|18
|c|☆fg76ty7i6uyoy67f|ignores stat changes
|inactive|sbanks456 has 120 seconds left.
|c|☆sbanks456|ohh
|c|☆fg76ty7i6uyoy67f|makes quagsire not so shit
|c|☆sbanks456|not played the actual game in a few years haha
|inactive|sbanks456 has 90 seconds left.
|
|t:|1685538954
|move|p1a: Persian|Dark Pulse|p2a: Quagsire
|-damage|p2a: Quagsire|83/297
|move|p2a: Quagsire|Scald|p1a: Persian
|-damage|p1a: Persian|61/241 tox
|
|-heal|p1a: Persian|76/241 tox|[from] item: Leftovers
|-heal|p2a: Quagsire|101/297|[from] item: Leftovers
|-damage|p1a: Persian|31/241 tox|[from] psn
|upkeep
|turn|19
|c|☆fg76ty7i6uyoy67f|haha yeah fair i only just got back into it
|inactive|fg76ty7i6uyoy67f has 120 seconds left.
|inactive|sbanks456 has 90 seconds left.
|
|t:|1685538964
|move|p1a: Persian|Dark Pulse|p2a: Quagsire
|-crit|p2a: Quagsire
|-damage|p2a: Quagsire|0 fnt
|faint|p2a: Quagsire
|
|-heal|p1a: Persian|46/241 tox|[from] item: Leftovers
|-damage|p1a: Persian|0 fnt|[from] psn
|faint|p1a: Persian
|upkeep
|inactive|fg76ty7i6uyoy67f has 120 seconds left.
|c|☆sbanks456|the crittt
|inactive|sbanks456 has 90 seconds left.
|c|☆fg76ty7i6uyoy67f|very lucky this game
|
|t:|1685538982
|switch|p1a: Toxapex|Toxapex, L82, F|216/216
|switch|p2a: Garchomp|Garchomp, L74, F|282/282 slp
|-damage|p1a: Toxapex|180/216|[from] Spikes
|turn|20
|c|☆sbanks456|i was gonna recover hahaha
|inactive|sbanks456 has 90 seconds left.
|
|t:|1685538993
|-curestatus|p2a: Garchomp|slp|[msg]
|move|p2a: Garchomp|Earthquake|p1a: Toxapex
|-supereffective|p1a: Toxapex
|-damage|p1a: Toxapex|46/216
|move|p1a: Toxapex|Scald|p2a: Garchomp
|-damage|p2a: Garchomp|225/282
|
|-heal|p1a: Toxapex|59/216|[from] item: Black Sludge
|upkeep
|turn|21
|inactive|fg76ty7i6uyoy67f has 120 seconds left.
|
|t:|1685539008
|switch|p1a: Lunatone|Lunatone, L86|295/295
|move|p2a: Garchomp|Swords Dance|p2a: Garchomp
|-boost|p2a: Garchomp|atk|2
|
|upkeep
|turn|22
|inactive|fg76ty7i6uyoy67f has 120 seconds left.
|
|t:|1685539018
|move|p2a: Garchomp|Swords Dance|p2a: Garchomp
|-boost|p2a: Garchomp|atk|2
|move|p1a: Lunatone|Moonblast|p2a: Garchomp
|-supereffective|p2a: Garchomp
|-crit|p2a: Garchomp
|-damage|p2a: Garchomp|0 fnt
|faint|p2a: Garchomp
|-damage|p1a: Lunatone|266/295|[from] item: Life Orb
|
|upkeep
|c|☆sbanks456|ah shit yea
|c|☆fg76ty7i6uyoy67f|omg another crit
|inactive|sbanks456 has 90 seconds left.
|c|☆sbanks456|oversight
|
|t:|1685539031
|switch|p2a: Metagross|Metagross, L79|256/256
|turn|23
|
|t:|1685539045
|switch|p1a: Slowbro|Slowbro, L84, F|297/297
|-damage|p1a: Slowbro|248/297|[from] Spikes
|move|p2a: Metagross|Agility|p2a: Metagross
|-boost|p2a: Metagross|spe|2
|
|-heal|p1a: Slowbro|266/297|[from] item: Leftovers
|upkeep
|turn|24
|
|t:|1685539062
|move|p2a: Metagross|Thunder Punch|p1a: Slowbro
|-supereffective|p1a: Slowbro
|-damage|p1a: Slowbro|152/297
|move|p1a: Slowbro|Slack Off|p1a: Slowbro
|-heal|p1a: Slowbro|297/297
|
|upkeep
|turn|25
|
|t:|1685539075
|-start|p2a: Metagross|Dynamax|
|-heal|p2a: Metagross|512/512|[silent]
|move|p2a: Metagross|Max Lightning|p1a: Slowbro
|-supereffective|p1a: Slowbro
|-damage|p1a: Slowbro|113/297
|-fieldstart|move: Electric Terrain
|move|p1a: Slowbro|Scald|p2a: Metagross
|-damage|p2a: Metagross|424/512
|
|-heal|p1a: Slowbro|131/297|[from] item: Leftovers
|upkeep
|turn|26
|
|t:|1685539087
|switch|p1a: Palossand|Palossand, L86, F|286/286
|-damage|p1a: Palossand|239/286|[from] Spikes
|move|p2a: Metagross|Max Lightning|p1a: Palossand
|-immune|p1a: Palossand
|
|-heal|p1a: Palossand|256/286|[from] item: Leftovers
|upkeep
|turn|27
|inactive|sbanks456 has 90 seconds left.
|
|t:|1685539105
|switch|p1a: Slowbro|Slowbro, L84, F|230/297
|-damage|p1a: Slowbro|181/297|[from] Spikes
|move|p2a: Metagross|Max Quake|p1a: Slowbro
|-damage|p1a: Slowbro|87/297
|-boost|p2a: Metagross|spd|1
|
|-heal|p1a: Slowbro|105/297|[from] item: Leftovers
|upkeep
|-end|p2a: Metagross|Dynamax
|-heal|p2a: Metagross|212/256|[silent]
|turn|28
|inactive|sbanks456 has 90 seconds left.
|
|t:|1685539120
|switch|p1a: Torkoal|Torkoal, L86, M|26/261 tox
|-weather|SunnyDay|[from] ability: Drought|[of] p1a: Torkoal
|move|p2a: Metagross|Meteor Mash|p1a: Torkoal
|-resisted|p1a: Torkoal
|-damage|p1a: Torkoal|0 fnt
|faint|p1a: Torkoal
|
|-weather|SunnyDay|[upkeep]
|upkeep
|inactive|fg76ty7i6uyoy67f has 120 seconds left.
|
|t:|1685539136
|switch|p1a: Toxapex|Toxapex, L82, F|131/216
|-damage|p1a: Toxapex|95/216|[from] Spikes
|turn|29
|
|t:|1685539147
|switch|p1a: Palossand|Palossand, L86, F|256/286
|-damage|p1a: Palossand|209/286|[from] Spikes
|move|p2a: Metagross|Meteor Mash|p1a: Palossand
|-damage|p1a: Palossand|122/286
|-boost|p2a: Metagross|atk|1
|
|-weather|SunnyDay|[upkeep]
|-heal|p1a: Palossand|139/286|[from] item: Leftovers
|-fieldend|move: Electric Terrain
|upkeep
|turn|30
|inactive|fg76ty7i6uyoy67f has 120 seconds left.
|
|t:|1685539164
|move|p2a: Metagross|Meteor Mash|p1a: Palossand
|-damage|p1a: Palossand|6/286
|-boost|p2a: Metagross|atk|1
|move|p1a: Palossand|Earth Power|p2a: Metagross
|-supereffective|p2a: Metagross
|-damage|p2a: Metagross|66/256
|-enditem|p2a: Metagross|Weakness Policy
|-boost|p2a: Metagross|atk|2|[from] item: Weakness Policy
|-boost|p2a: Metagross|spa|2|[from] item: Weakness Policy
|
|-weather|SunnyDay|[upkeep]
|-heal|p1a: Palossand|23/286|[from] item: Leftovers
|upkeep
|turn|31
|inactive|fg76ty7i6uyoy67f has 120 seconds left.
|c|☆fg76ty7i6uyoy67f|oh my god
|
|t:|1685539182
|move|p2a: Metagross|Meteor Mash|p1a: Palossand
|-damage|p1a: Palossand|0 fnt
|faint|p1a: Palossand
|
|-weather|SunnyDay|[upkeep]
|upkeep
|c|☆sbanks456|gonna be close
|c|☆sbanks456|think you might take it
|
|t:|1685539199
|switch|p1a: Toxapex|Toxapex, L82, F|167/216
|-damage|p1a: Toxapex|131/216|[from] Spikes
|turn|32
|c|☆fg76ty7i6uyoy67f|this is scary
|
|t:|1685539220
|switch|p1a: Lunatone|Lunatone, L86|266/295
|move|p2a: Metagross|Earthquake|p1a: Lunatone
|-immune|p1a: Lunatone|[from] ability: Levitate
|
|-weather|none
|upkeep
|turn|33
|c|☆sbanks456|fuck
|c|☆sbanks456|i knew it
|
|t:|1685539230
|move|p2a: Metagross|Meteor Mash|p1a: Lunatone
|-supereffective|p1a: Lunatone
|-damage|p1a: Lunatone|0 fnt
|faint|p1a: Lunatone
|
|upkeep
|
|t:|1685539236
|switch|p1a: Toxapex|Toxapex, L82, F|203/216
|-damage|p1a: Toxapex|167/216|[from] Spikes
|turn|34
|c|☆sbanks456|cmon
|c|☆sbanks456|regenerator crew
|c|☆fg76ty7i6uyoy67f|think ive lost
|
|t:|1685539246
|move|p2a: Metagross|Earthquake|p1a: Toxapex
|-supereffective|p1a: Toxapex
|-damage|p1a: Toxapex|0 fnt
|faint|p1a: Toxapex
|
|upkeep
|c|☆fg76ty7i6uyoy67f|fuck yeah gg
|inactive|fg76ty7i6uyoy67f has 120 seconds left.
|c|☆fg76ty7i6uyoy67f|needed to hit a haze
|c|☆sbanks456|ggs bro
|
|t:|1685539254
|switch|p1a: Slowbro|Slowbro, L84, F|204/297
|-damage|p1a: Slowbro|155/297|[from] Spikes
|turn|35
|
|t:|1685539259
|move|p2a: Metagross|Thunder Punch|p1a: Slowbro
|-supereffective|p1a: Slowbro
|-damage|p1a: Slowbro|0 fnt
|faint|p1a: Slowbro
|
|win|sbanks456
|raw|fg76ty7i6uyoy67f's rating: 1313 &rarr; <strong>1286</strong><br />(-27 for losing)
|raw|sbanks456's rating: 1181 &rarr; <strong>1215</strong><br />(+34 for winning)
|l|☆fg76ty7i6uyoy67f
