|j|☆Aquaza
|j|☆BinaryIllusion
|t:|1601994043
|player|p1|Aquaza|cress|2533
|player|p2|BinaryIllusion|giovanni|2450
|teamsize|p1|6
|teamsize|p2|6
|gametype|singles
|gen|8
|tier|[Gen 8] Random Battle
|rated|
|rule|Species Clause: Limit one of each Pokémon
|rule|HP Percentage Mod: HP is shown in percentages
|rule|Sleep Clause Mod: Limit one foe put to sleep
|
|t:|1601994043
|start
|switch|p1a: Jellicent|Jellicent, L86, M|312/312
|switch|p2a: Arcanine|Arcanine, L84, M|288/288
|-ability|p2a: Arcanine|Intimidate|boost
|-unboost|p1a: Jellicent|atk|1
|turn|1
|inactive|Battle timer is ON: inactive players will automatically lose when time's up. (requested by BinaryIllusion)
|inactive|Aquaza has 120 seconds left.
|inactive|BinaryIllusion has 120 seconds left.
|inactive|Aquaza has 90 seconds left.
|
|t:|1601994112
|switch|p2a: Manectric|Manectric, L88, F|266/266
|switch|p1a: Stunfisk|Stunfisk, L88, M|335/335
|
|upkeep
|turn|2
|
|t:|1601994122
|switch|p2a: Hatterene|Hatterene, L80, F|222/222
|move|p1a: Stunfisk|Earth Power|p2a: Hatterene
|-damage|p2a: Hatterene|131/222
|
|upkeep
|turn|3
|
|t:|1601994136
|switch|p2a: Hippowdon|Hippowdon, L80, M|304/304
|-weather|Sandstorm|[from] ability: Sand Stream|[of] p2a: Hippowdon
|move|p1a: Stunfisk|Earth Power|p2a: Hippowdon
|-damage|p2a: Hippowdon|202/304
|
|-weather|Sandstorm|[upkeep]
|-heal|p2a: Hippowdon|221/304|[from] item: Leftovers
|upkeep
|turn|4
|
|t:|1601994146
|switch|p1a: Exeggutor|Exeggutor-Alola, L86, F|304/304
|-item|p2a: Hippowdon|Leftovers|[from] ability: Frisk|[of] p1a: Exeggutor|[identify]
|move|p2a: Hippowdon|Toxic|p1a: Exeggutor
|-status|p1a: Exeggutor|tox
|
|-weather|Sandstorm|[upkeep]
|-damage|p1a: Exeggutor|285/304 tox|[from] Sandstorm
|-heal|p2a: Hippowdon|240/304|[from] item: Leftovers
|-damage|p1a: Exeggutor|266/304 tox|[from] psn
|upkeep
|turn|5
|
|t:|1601994163
|switch|p2a: Manectric|Manectric, L88, F|266/266
|move|p1a: Exeggutor|Giga Drain|p2a: Manectric
|-damage|p2a: Manectric|91/266
|-heal|p1a: Exeggutor|304/304 tox|[from] drain|[of] p2a: Manectric
|-damage|p1a: Exeggutor|274/304 tox|[from] item: Life Orb
|
|-weather|Sandstorm|[upkeep]
|-damage|p2a: Manectric|75/266|[from] Sandstorm
|-damage|p1a: Exeggutor|255/304 tox|[from] Sandstorm
|-damage|p1a: Exeggutor|217/304 tox|[from] psn
|upkeep
|turn|6
|
|t:|1601994171
|switch|p1a: Stunfisk|Stunfisk, L88, M|335/335
|move|p2a: Manectric|Switcheroo|p1a: Stunfisk
|-activate|p2a: Manectric|move: Trick|[of] p1a: Stunfisk
|-item|p1a: Stunfisk|Choice Scarf|[from] move: Switcheroo
|-item|p2a: Manectric|Leftovers|[from] move: Switcheroo
|
|-weather|Sandstorm|[upkeep]
|-damage|p2a: Manectric|59/266|[from] Sandstorm
|-heal|p2a: Manectric|75/266|[from] item: Leftovers
|upkeep
|turn|7
|
|t:|1601994185
|switch|p2a: Hippowdon|Hippowdon, L80, M|240/304
|move|p1a: Stunfisk|Earth Power|p2a: Hippowdon
|-damage|p2a: Hippowdon|128/304
|
|-weather|none
|-heal|p2a: Hippowdon|147/304|[from] item: Leftovers
|upkeep
|turn|8
|
|t:|1601994192
|switch|p1a: Exeggutor|Exeggutor-Alola, L86, F|217/304 tox
|-item|p2a: Hippowdon|Leftovers|[from] ability: Frisk|[of] p1a: Exeggutor|[identify]
|move|p2a: Hippowdon|Slack Off|p2a: Hippowdon
|-heal|p2a: Hippowdon|299/304
|
|-heal|p2a: Hippowdon|304/304|[from] item: Leftovers
|-damage|p1a: Exeggutor|198/304 tox|[from] psn
|upkeep
|turn|9
|
|t:|1601994201
|switch|p2a: Arcanine|Arcanine, L84, M|288/288
|-ability|p2a: Arcanine|Intimidate|boost
|-unboost|p1a: Exeggutor|atk|1
|move|p1a: Exeggutor|Giga Drain|p2a: Arcanine
|-resisted|p2a: Arcanine
|-damage|p2a: Arcanine|215/288
|-heal|p1a: Exeggutor|235/304 tox|[from] drain|[of] p2a: Arcanine
|-damage|p1a: Exeggutor|205/304 tox|[from] item: Life Orb
|
|-damage|p1a: Exeggutor|167/304 tox|[from] psn
|upkeep
|turn|10
|
|t:|1601994218
|switch|p1a: Jellicent|Jellicent, L86, M|312/312
|move|p2a: Arcanine|Flare Blitz|p1a: Jellicent
|-resisted|p1a: Jellicent
|-damage|p1a: Jellicent|228/312
|-damage|p2a: Arcanine|187/288|[from] Recoil
|
|-heal|p1a: Jellicent|247/312|[from] item: Leftovers
|upkeep
|turn|11
|
|t:|1601994224
|move|p2a: Arcanine|Toxic|p1a: Jellicent
|-status|p1a: Jellicent|tox
|move|p1a: Jellicent|Scald|p2a: Arcanine
|-supereffective|p2a: Arcanine
|-damage|p2a: Arcanine|11/288
|
|-heal|p1a: Jellicent|266/312 tox|[from] item: Leftovers
|-damage|p1a: Jellicent|247/312 tox|[from] psn
|upkeep
|turn|12
|
|t:|1601994234
|move|p2a: Arcanine|Flare Blitz|p1a: Jellicent
|-resisted|p1a: Jellicent
|-damage|p1a: Jellicent|169/312 tox
|-damage|p2a: Arcanine|0 fnt|[from] Recoil
|faint|p2a: Arcanine
|move|p1a: Jellicent|Shadow Ball|p2: Arcanine|[notarget]
|-fail|p1a: Jellicent
|
|-heal|p1a: Jellicent|188/312 tox|[from] item: Leftovers
|-damage|p1a: Jellicent|150/312 tox|[from] psn
|upkeep
|
|t:|1601994238
|switch|p2a: Krookodile|Krookodile, L82, F|290/290
|-ability|p2a: Krookodile|Intimidate|boost
|-unboost|p1a: Jellicent|atk|1
|turn|13
|
|t:|1601994259
|move|p2a: Krookodile|Earthquake|p1a: Jellicent
|-damage|p1a: Jellicent|0 fnt
|-damage|p2a: Krookodile|261/290|[from] item: Life Orb
|faint|p1a: Jellicent
|
|upkeep
|
|t:|1601994266
|switch|p1a: Exeggutor|Exeggutor-Alola, L86, F|167/304 tox
|-item|p2a: Krookodile|Life Orb|[from] ability: Frisk|[of] p1a: Exeggutor|[identify]
|turn|14
|
|t:|1601994274
|switch|p2a: Manectric|Manectric, L88, F|75/266
|move|p1a: Exeggutor|Giga Drain|p2a: Manectric
|-damage|p2a: Manectric|0 fnt
|-heal|p1a: Exeggutor|205/304 tox|[from] drain|[of] p2a: Manectric
|-damage|p1a: Exeggutor|175/304 tox|[from] item: Life Orb
|faint|p2a: Manectric
|
|-damage|p1a: Exeggutor|156/304 tox|[from] psn
|upkeep
|
|t:|1601994276
|switch|p2a: Froslass|Froslass, L86, F|261/261
|turn|15
|j| ryanarnold22
|
|t:|1601994281
|switch|p1a: Melmetal|Melmetal, L76|330/330
|move|p2a: Froslass|Triple Axel|p1a: Melmetal
|-resisted|p1a: Melmetal
|-damage|p1a: Melmetal|322/330
|-resisted|p1a: Melmetal
|-damage|p1a: Melmetal|307/330
|-resisted|p1a: Melmetal
|-damage|p1a: Melmetal|287/330
|-hitcount|p1a: Melmetal|3
|
|-heal|p1a: Melmetal|307/330|[from] item: Leftovers
|upkeep
|turn|16
|
|t:|1601994303
|switch|p2a: Hippowdon|Hippowdon, L80, M|304/304
|-weather|Sandstorm|[from] ability: Sand Stream|[of] p2a: Hippowdon
|move|p1a: Melmetal|Double Iron Bash|p2a: Hippowdon
|-damage|p2a: Hippowdon|225/304
|-damage|p2a: Hippowdon|156/304
|-hitcount|p2a: Hippowdon|2
|
|-weather|Sandstorm|[upkeep]
|-heal|p2a: Hippowdon|175/304|[from] item: Leftovers
|-heal|p1a: Melmetal|327/330|[from] item: Leftovers
|upkeep
|turn|17
|inactive|Aquaza has 120 seconds left.
|
|t:|1601994333
|switch|p1a: Garbodor|Garbodor, L86, M|278/278
|move|p2a: Hippowdon|Earthquake|p1a: Garbodor
|-supereffective|p1a: Garbodor
|-damage|p1a: Garbodor|32/278
|
|-weather|Sandstorm|[upkeep]
|-damage|p1a: Garbodor|15/278|[from] Sandstorm
|-heal|p1a: Garbodor|32/278|[from] item: Black Sludge
|-heal|p2a: Hippowdon|194/304|[from] item: Leftovers
|upkeep
|turn|18
|
|t:|1601994347
|switch|p2a: Hatterene|Hatterene, L80, F|131/222
|move|p1a: Garbodor|Gunk Shot|p2a: Hatterene
|-supereffective|p2a: Hatterene
|-damage|p2a: Hatterene|0 fnt
|faint|p2a: Hatterene
|
|-weather|Sandstorm|[upkeep]
|-damage|p1a: Garbodor|15/278|[from] Sandstorm
|-heal|p1a: Garbodor|32/278|[from] item: Black Sludge
|upkeep
|
|t:|1601994355
|switch|p2a: Froslass|Froslass, L86, F|261/261
|turn|19
|inactive|Aquaza has 120 seconds left.
|
|t:|1601994365
|move|p2a: Froslass|Spikes|p1a: Garbodor
|-sidestart|p1: Aquaza|Spikes
|move|p1a: Garbodor|Pain Split|p2a: Froslass
|-sethp|p2a: Froslass|146/261|[from] move: Pain Split|[silent]
|-sethp|p1a: Garbodor|146/278|[from] move: Pain Split
|
|-weather|Sandstorm|[upkeep]
|-damage|p2a: Froslass|130/261|[from] Sandstorm
|-damage|p1a: Garbodor|129/278|[from] Sandstorm
|-heal|p1a: Garbodor|146/278|[from] item: Black Sludge
|upkeep
|turn|20
|
|t:|1601994375
|move|p2a: Froslass|Triple Axel|p1a: Garbodor
|-damage|p1a: Garbodor|127/278
|-damage|p1a: Garbodor|85/278
|-damage|p1a: Garbodor|24/278
|-hitcount|p1a: Garbodor|3
|move|p1a: Garbodor|Spikes|p2a: Froslass
|-sidestart|p2: BinaryIllusion|Spikes
|
|-weather|none
|-heal|p1a: Garbodor|41/278|[from] item: Black Sludge
|upkeep
|turn|21
|
|t:|1601994383
|move|p2a: Froslass|Spikes|p1a: Garbodor
|-sidestart|p1: Aquaza|Spikes
|move|p1a: Garbodor|Spikes|p2a: Froslass
|-sidestart|p2: BinaryIllusion|Spikes
|
|-heal|p1a: Garbodor|58/278|[from] item: Black Sludge
|upkeep
|turn|22
|
|t:|1601994386
|move|p2a: Froslass|Taunt|p1a: Garbodor
|-start|p1a: Garbodor|move: Taunt
|cant|p1a: Garbodor|move: Taunt|Spikes
|
|-heal|p1a: Garbodor|75/278|[from] item: Black Sludge
|upkeep
|turn|23
|
|t:|1601994390
|move|p2a: Froslass|Spikes|p1a: Garbodor
|-sidestart|p1: Aquaza|Spikes
|move|p1a: Garbodor|Gunk Shot|p2a: Froslass
|-resisted|p2a: Froslass
|-damage|p2a: Froslass|55/261
|-status|p2a: Froslass|psn
|
|-heal|p1a: Garbodor|92/278|[from] item: Black Sludge
|-damage|p2a: Froslass|23/261 psn|[from] psn
|upkeep
|turn|24
|
|t:|1601994405
|move|p2a: Froslass|Poltergeist|p1a: Garbodor
|-activate|p1a: Garbodor|move: Poltergeist|Black Sludge
|-damage|p1a: Garbodor|0 fnt
|faint|p1a: Garbodor
|
|-damage|p2a: Froslass|0 fnt|[from] psn
|faint|p2a: Froslass
|upkeep
|
|t:|1601994430
|switch|p2a: Hippowdon|Hippowdon, L80, M|194/304
|switch|p1a: Stunfisk|Stunfisk, L88, M|335/335
|-damage|p1a: Stunfisk|252/335|[from] Spikes
|-damage|p2a: Hippowdon|144/304|[from] Spikes
|-weather|Sandstorm|[from] ability: Sand Stream|[of] p2a: Hippowdon
|turn|25
|
|t:|1601994438
|move|p1a: Stunfisk|Earth Power|p2a: Hippowdon
|-damage|p2a: Hippowdon|41/304
|move|p2a: Hippowdon|Slack Off|p2a: Hippowdon
|-heal|p2a: Hippowdon|193/304
|
|-weather|Sandstorm|[upkeep]
|-heal|p2a: Hippowdon|212/304|[from] item: Leftovers
|upkeep
|turn|26
|
|t:|1601994447
|move|p1a: Stunfisk|Earth Power|p2a: Hippowdon
|-crit|p2a: Hippowdon
|-damage|p2a: Hippowdon|31/304
|move|p2a: Hippowdon|Slack Off|p2a: Hippowdon
|-heal|p2a: Hippowdon|183/304
|
|-weather|Sandstorm|[upkeep]
|-heal|p2a: Hippowdon|202/304|[from] item: Leftovers
|upkeep
|turn|27
|
|t:|1601994455
|move|p1a: Stunfisk|Earth Power|p2a: Hippowdon
|-damage|p2a: Hippowdon|96/304
|move|p2a: Hippowdon|Slack Off|p2a: Hippowdon
|-heal|p2a: Hippowdon|248/304
|
|-weather|Sandstorm|[upkeep]
|-heal|p2a: Hippowdon|267/304|[from] item: Leftovers
|upkeep
|turn|28
|
|t:|1601994463
|move|p1a: Stunfisk|Earth Power|p2a: Hippowdon
|-crit|p2a: Hippowdon
|-damage|p2a: Hippowdon|96/304
|move|p2a: Hippowdon|Earthquake|p1a: Stunfisk
|-supereffective|p1a: Stunfisk
|-damage|p1a: Stunfisk|52/335
|
|-weather|Sandstorm|[upkeep]
|-heal|p2a: Hippowdon|115/304|[from] item: Leftovers
|upkeep
|turn|29
|
|t:|1601994469
|move|p1a: Stunfisk|Earth Power|p2a: Hippowdon
|-damage|p2a: Hippowdon|13/304
|move|p2a: Hippowdon|Slack Off|p2a: Hippowdon
|-heal|p2a: Hippowdon|165/304
|
|-weather|none
|-heal|p2a: Hippowdon|184/304|[from] item: Leftovers
|upkeep
|turn|30
|
|t:|1601994474
|move|p1a: Stunfisk|Earth Power|p2a: Hippowdon
|-damage|p2a: Hippowdon|70/304
|move|p2a: Hippowdon|Slack Off|p2a: Hippowdon
|-heal|p2a: Hippowdon|222/304
|
|-heal|p2a: Hippowdon|241/304|[from] item: Leftovers
|upkeep
|turn|31
|
|t:|1601994478
|move|p1a: Stunfisk|Earth Power|p2a: Hippowdon
|-damage|p2a: Hippowdon|127/304
|move|p2a: Hippowdon|Slack Off|p2a: Hippowdon
|-heal|p2a: Hippowdon|279/304
|
|-heal|p2a: Hippowdon|298/304|[from] item: Leftovers
|upkeep
|turn|32
|
|t:|1601994483
|move|p1a: Stunfisk|Earth Power|p2a: Hippowdon
|-crit|p2a: Hippowdon
|-damage|p2a: Hippowdon|136/304
|move|p2a: Hippowdon|Slack Off|p2a: Hippowdon
|-heal|p2a: Hippowdon|288/304
|
|-heal|p2a: Hippowdon|304/304|[from] item: Leftovers
|upkeep
|turn|33
|
|t:|1601994489
|move|p1a: Stunfisk|Earth Power|p2a: Hippowdon
|-damage|p2a: Hippowdon|190/304
|move|p2a: Hippowdon|Slack Off|p2a: Hippowdon
|-heal|p2a: Hippowdon|304/304
|
|upkeep
|turn|34
|
|t:|1601994492
|switch|p1a: Gothitelle|Gothitelle, L88, F|266/266
|-damage|p1a: Gothitelle|200/266|[from] Spikes
|move|p2a: Hippowdon|Slack Off||[still]
|-fail|p2a: Hippowdon|heal
|
|-heal|p1a: Gothitelle|216/266|[from] item: Leftovers
|upkeep
|turn|35
|
|t:|1601994497
|move|p1a: Gothitelle|Nasty Plot|p1a: Gothitelle
|-boost|p1a: Gothitelle|spa|2
|move|p2a: Hippowdon|Whirlwind|p1a: Gothitelle
|drag|p1a: Melmetal|Melmetal, L76|327/330
|-damage|p1a: Melmetal|245/330|[from] Spikes
|
|-heal|p1a: Melmetal|265/330|[from] item: Leftovers
|upkeep
|turn|36
|l| ryanarnold22
|
|t:|1601994510
|switch|p1a: Stunfisk|Stunfisk, L88, M|52/335
|-damage|p1a: Stunfisk|0 fnt|[from] Spikes
|faint|p1a: Stunfisk
|move|p2a: Hippowdon|Earthquake|p1: Stunfisk|[notarget]
|-fail|p2a: Hippowdon
|
|upkeep
|
|t:|1601994517
|switch|p1a: Exeggutor|Exeggutor-Alola, L86, F|156/304 tox
|-damage|p1a: Exeggutor|80/304 tox|[from] Spikes
|-item|p2a: Hippowdon|Leftovers|[from] ability: Frisk|[of] p1a: Exeggutor|[identify]
|turn|37
|
|t:|1601994526
|-start|p2a: Hippowdon|Dynamax
|-heal|p2a: Hippowdon|608/608|[silent]
|move|p2a: Hippowdon|Max Guard|p2a: Hippowdon
|-singleturn|p2a: Hippowdon|Max Guard
|move|p1a: Exeggutor|Trick Room|p1a: Exeggutor
|-fieldstart|move: Trick Room|[of] p1a: Exeggutor
|
|-damage|p1a: Exeggutor|61/304 tox|[from] psn
|upkeep
|turn|38
|
|t:|1601994532
|move|p1a: Exeggutor|Giga Drain|p2a: Hippowdon
|-supereffective|p2a: Hippowdon
|-damage|p2a: Hippowdon|280/608
|-heal|p1a: Exeggutor|225/304 tox|[from] drain|[of] p2a: Hippowdon
|-damage|p1a: Exeggutor|195/304 tox|[from] item: Life Orb
|move|p2a: Hippowdon|Max Quake|p1a: Exeggutor
|-resisted|p1a: Exeggutor
|-damage|p1a: Exeggutor|128/304 tox
|-boost|p2a: Hippowdon|spd|1
|
|-heal|p2a: Hippowdon|299/608|[from] item: Leftovers
|-damage|p1a: Exeggutor|90/304 tox|[from] psn
|upkeep
|turn|39
|
|t:|1601994545
|-start|p1a: Exeggutor|Dynamax
|-heal|p1a: Exeggutor|180/608 tox|[silent]
|move|p1a: Exeggutor|Max Overgrowth|p2a: Hippowdon
|-supereffective|p2a: Hippowdon
|-damage|p2a: Hippowdon|0 fnt
|-fieldstart|move: Grassy Terrain
|-damage|p1a: Exeggutor|150/608 tox|[from] item: Life Orb
|faint|p2a: Hippowdon
|
|-heal|p1a: Exeggutor|169/608 tox|[from] Grassy Terrain
|-damage|p1a: Exeggutor|112/608 tox|[from] psn
|upkeep
|-message|BinaryIllusion forfeited.
|
|win|Aquaza
|l|☆BinaryIllusion
|raw|Aquaza's rating: 2533 &rarr; <strong>2549</strong><br />(+16 for winning)
|raw|BinaryIllusion's rating: 2451 &rarr; <strong>2436</strong><br />(-15 for losing)
