|j|☆KJ.nyc
|j|☆woojin2133
|t:|1683815545
|gametype|singles
|player|p1|KJ.nyc|hilbert|1467
|player|p2|woojin2133|266|1317
|teamsize|p1|6
|teamsize|p2|6
|gen|8
|tier|[Gen 8] Random Battle
|rated|
|rule|Species Clause: Limit one of each Pokémon
|rule|HP Percentage Mod: HP is shown in percentages
|rule|Sleep Clause Mod: Limit one foe put to sleep
|
|t:|1683815545
|start
|switch|p1a: Appletun|Appletun, L90, M|344/344
|switch|p2a: Weezing|Weezing-Galar, L86, M|252/252
|-ability|p2a: Weezing|Neutralizing Gas
|turn|1
|inactive|Battle timer is ON: inactive players will automatically lose when time's up. (requested by woojin2133)
|c|☆KJ.nyc|glhf
|
|t:|1683815562
|switch|p1a: Sandslash|Sandslash, L86, F|269/269
|move|p2a: Weezing|Toxic Spikes|p1a: Sandslash
|-sidestart|p1: KJ.nyc|move: Toxic Spikes
|
|upkeep
|turn|2
|inactive|woojin2133 has 120 seconds left.
|
|t:|1683815593
|-end|p2a: Weezing|ability: Neutralizing Gas
|switch|p2a: Tornadus|Tornadus-Therian, L78, M|251/251
|move|p1a: Sandslash|Earthquake|p2a: Tornadus
|-immune|p2a: Tornadus
|
|upkeep
|turn|3
|inactive|woojin2133 has 120 seconds left.
|
|t:|1683815611
|move|p2a: Tornadus|Hurricane|p1a: Sandslash
|-damage|p1a: Sandslash|112/269
|-start|p1a: Sandslash|confusion
|-activate|p1a: Sandslash|confusion
|move|p1a: Sandslash|Stone Edge|p2a: Tornadus
|-supereffective|p2a: Tornadus
|-damage|p2a: Tornadus|35/251
|-damage|p1a: Sandslash|86/269|[from] item: Life Orb
|
|upkeep
|turn|4
|inactive|woojin2133 has 120 seconds left.
|
|t:|1683815635
|move|p2a: Tornadus|Hurricane|p1a: Sandslash|[miss]
|-miss|p2a: Tornadus|p1a: Sandslash
|-activate|p1a: Sandslash|confusion
|move|p1a: Sandslash|Knock Off|p2a: Tornadus
|-damage|p2a: Tornadus|0 fnt
|-enditem|p2a: Tornadus|Heavy-Duty Boots|[from] move: Knock Off|[of] p1a: Sandslash
|faint|p2a: Tornadus
|-damage|p1a: Sandslash|60/269|[from] item: Life Orb
|
|upkeep
|
|t:|1683815657
|switch|p2a: Scrafty|Scrafty, L82, M|241/241
|-ability|p2a: Scrafty|Intimidate|boost
|-unboost|p1a: Sandslash|atk|1
|turn|5
|inactive|KJ.nyc has 120 seconds left.
|
|t:|1683815685
|-activate|p1a: Sandslash|confusion
|move|p1a: Sandslash|Knock Off|p2a: Scrafty
|-resisted|p2a: Scrafty
|-damage|p2a: Scrafty|227/241
|-enditem|p2a: Scrafty|Lum Berry|[from] move: Knock Off|[of] p1a: Sandslash
|-damage|p1a: Sandslash|34/269|[from] item: Life Orb
|move|p2a: Scrafty|Dragon Dance|p2a: Scrafty
|-boost|p2a: Scrafty|atk|1
|-boost|p2a: Scrafty|spe|1
|
|upkeep
|turn|6
|inactive|woojin2133 has 90 seconds left.
|
|t:|1683815711
|move|p2a: Scrafty|Dragon Dance|p2a: Scrafty
|-boost|p2a: Scrafty|atk|1
|-boost|p2a: Scrafty|spe|1
|-activate|p1a: Sandslash|confusion
|move|p1a: Sandslash|Earthquake|p2a: Scrafty
|-damage|p2a: Scrafty|149/241
|-damage|p1a: Sandslash|8/269|[from] item: Life Orb
|
|upkeep
|turn|7
|inactive|woojin2133 has 90 seconds left.
|
|t:|1683815723
|move|p2a: Scrafty|Poison Jab|p1a: Sandslash
|-resisted|p1a: Sandslash
|-damage|p1a: Sandslash|0 fnt
|faint|p1a: Sandslash
|
|upkeep
|
|t:|1683815731
|switch|p1a: Heracross|Heracross, L82, F|265/265
|-status|p1a: Heracross|psn
|turn|8
|inactive|woojin2133 has 90 seconds left.
|
|t:|1683815755
|-start|p1a: Heracross|Dynamax|
|-heal|p1a: Heracross|530/530 psn|[silent]
|move|p2a: Scrafty|Poison Jab|p1a: Heracross
|-crit|p1a: Heracross
|-damage|p1a: Heracross|364/530 psn
|move|p1a: Heracross|Max Knuckle|p2a: Scrafty
|-supereffective|p2a: Scrafty
|-damage|p2a: Scrafty|0 fnt
|-boost|p1a: Heracross|atk|1
|faint|p2a: Scrafty
|
|-damage|p1a: Heracross|331/530 psn|[from] psn
|upkeep
|
|t:|1683815781
|switch|p2a: Copperajah|Copperajah, L84, F|342/342
|turn|9
|
|t:|1683815786
|switch|p2a: Weezing|Weezing-Galar, L86, M|252/252
|-ability|p2a: Weezing|Neutralizing Gas
|move|p1a: Heracross|Max Knuckle|p2a: Weezing
|-resisted|p2a: Weezing
|-damage|p2a: Weezing|220/252
|-boost|p1a: Heracross|atk|1
|
|-heal|p2a: Weezing|235/252|[from] item: Black Sludge
|-damage|p1a: Heracross|298/530 psn|[from] psn
|upkeep
|turn|10
|
|t:|1683815812
|move|p1a: Heracross|Max Strike|p2a: Weezing
|-damage|p2a: Weezing|73/252
|-unboost|p2a: Weezing|spe|1
|move|p2a: Weezing|Sludge Bomb|p1a: Heracross
|-damage|p1a: Heracross|217/530 psn
|
|-heal|p2a: Weezing|88/252|[from] item: Black Sludge
|-damage|p1a: Heracross|184/530 psn|[from] psn
|upkeep
|-end|p1a: Heracross|Dynamax
|-heal|p1a: Heracross|92/265 psn|[silent]
|turn|11
|inactive|woojin2133 has 60 seconds left.
|
|t:|1683815837
|move|p1a: Heracross|Facade|p2a: Weezing
|-damage|p2a: Weezing|0 fnt
|faint|p2a: Weezing
|-end|p2a: Weezing|ability: Neutralizing Gas
|
|-damage|p1a: Heracross|59/265 psn|[from] psn
|upkeep
|
|t:|1683815846
|switch|p2a: Arctovish|Arctovish, L86|295/295
|turn|12
|inactive|woojin2133 has 60 seconds left.
|
|t:|1683815864
|-start|p2a: Arctovish|Dynamax|
|-heal|p2a: Arctovish|590/590|[silent]
|move|p1a: Heracross|Close Combat|p2a: Arctovish
|-supereffective|p2a: Arctovish
|-damage|p2a: Arctovish|0 fnt
|-unboost|p1a: Heracross|def|1
|-unboost|p1a: Heracross|spd|1
|faint|p2a: Arctovish
|
|-damage|p1a: Heracross|26/265 psn|[from] psn
|upkeep
|inactive|woojin2133 has 60 seconds left.
|-message|woojin2133 forfeited.
|
|win|KJ.nyc
|raw|KJ.nyc's rating: 1467 &rarr; <strong>1479</strong><br />(+12 for winning)
|raw|woojin2133's rating: 1317 &rarr; <strong>1305</strong><br />(-12 for losing)
|l|☆woojin2133
