|j|☆YouSlakingBro
|j|☆Sir GrandMaster
|inactive|Battle timer is ON: inactive players will automatically lose when time's up.
|t:|1685376788
|gametype|singles
|player|p1|YouSlakingBro|169|
|player|p2|Sir GrandMaster|ghetsis|
|teamsize|p1|3
|teamsize|p2|3
|gen|8
|tier|[Gen 8] Random Battle
|rated|Tournament battle
|rule|Species Clause: Limit one of each Pokémon
|rule|HP Percentage Mod: HP is shown in percentages
|rule|Sleep Clause Mod: Limit one foe put to sleep
|clearpoke
|poke|p1|Chandelure, L82, F|
|poke|p1|Eternatus, L69|
|poke|p1|Carbink, L86|
|poke|p2|Cresselia, L80, F|
|poke|p2|Bellossom, L82, F|
|poke|p2|Zapdos, L78|
|teampreview|1
|j|*Lady Monita
|inactive|YouSlakingBro also wants the timer to be on.
|
|t:|1685376819
|start
|switch|p1a: Chandelure|Chandelure, L82, F|233/233
|switch|p2a: Zapdos|Zapdos, L78|268/268
|turn|1
|
|t:|1685376828
|-start|p2a: Zapdos|Dynamax|
|-heal|p2a: Zapdos|536/536|[silent]
|move|p2a: Zapdos|Max Lightning|p1a: Chandelure
|-damage|p1a: Chandelure|80/233
|-fieldstart|move: Electric Terrain
|move|p1a: Chandelure|Calm Mind|p1a: Chandelure
|-boost|p1a: Chandelure|spa|1
|-boost|p1a: Chandelure|spd|1
|
|upkeep
|turn|2
|
|t:|1685376836
|-start|p1a: Chandelure|Dynamax|
|-heal|p1a: Chandelure|160/466|[silent]
|move|p1a: Chandelure|Max Guard|p1a: Chandelure
|-singleturn|p1a: Chandelure|Max Guard
|move|p2a: Zapdos|Max Lightning|p1a: Chandelure
|-activate|p1a: Chandelure|move: Max Guard
|
|upkeep
|turn|3
|
|t:|1685376851
|move|p2a: Zapdos|Max Lightning|p1a: Chandelure
|-damage|p1a: Chandelure|61/466
|move|p1a: Chandelure|Max Overgrowth|p2a: Zapdos
|-resisted|p2a: Zapdos
|-damage|p2a: Zapdos|447/536
|-fieldstart|move: Grassy Terrain
|
|-heal|p1a: Chandelure|75/466|[from] Grassy Terrain
|upkeep
|-end|p2a: Zapdos|Dynamax
|-heal|p2a: Zapdos|224/268|[silent]
|turn|4
|
|t:|1685376874
|move|p2a: Zapdos|Discharge|p1a: Chandelure
|-damage|p1a: Chandelure|14/466
|move|p1a: Chandelure|Max Flare|p2a: Zapdos
|-damage|p2a: Zapdos|0 fnt
|-weather|SunnyDay
|faint|p2a: Zapdos
|
|win|YouSlakingBro
|n|☆YouSlakingBro|youslakingbro
|n|☆Sir GrandMaster|sirgrandmaster
|n|*Lady Monita|ladymonita
