|j|☆ZXD_9876
|j|☆youngelove
|t:|1683802516
|gametype|singles
|player|p1|ZXD_9876|101|
|player|p2|youngelove|102|
|teamsize|p1|6
|teamsize|p2|6
|gen|8
|tier|[Gen 8] Random Battle
|rule|Species Clause: Limit one of each Pokémon
|rule|HP Percentage Mod: HP is shown in percentages
|rule|Sleep Clause Mod: Limit one foe put to sleep
|
|t:|1683802516
|start
|switch|p1a: Miltank|Miltank, L84, F|297/297
|switch|p2a: Orbeetle|Orbeetle, L86, F|243/243
|-item|p1a: Miltank|Leftovers|[from] ability: Frisk|[of] p2a: Orbeetle|[identify]
|turn|1
|inactive|Battle timer is ON: inactive players will automatically lose when time's up. (requested by ZXD_9876)
|
|t:|1683802543
|switch|p2a: Mudsdale|Mudsdale, L82, M|298/298
|move|p1a: Miltank|Stealth Rock|p2a: Mudsdale
|-sidestart|p2: youngelove|move: Stealth Rock
|
|upkeep
|turn|2
|
|t:|1683802561
|switch|p1a: Azumarill|Azumarill, L84, F|305/305
|move|p2a: Mudsdale|Stealth Rock|p1a: Azumarill
|-sidestart|p1: ZXD_9876|move: Stealth Rock
|
|upkeep
|turn|3
|c|☆ZXD_9876|하아 스락까지
|
|t:|1683802582
|move|p1a: Azumarill|Liquidation|p2a: Mudsdale
|-supereffective|p2a: Mudsdale
|-damage|p2a: Mudsdale|0 fnt
|faint|p2a: Mudsdale
|
|upkeep
|c|☆ZXD_9876|양심도 없네
|inactive|youngelove has 270 seconds left.
|
|t:|1683802599
|switch|p2a: Drampa|Drampa, L86, F|274/274
|-damage|p2a: Drampa|240/274|[from] Stealth Rock
|turn|4
|
|t:|1683802606
|switch|p1a: Miltank|Miltank, L84, F|297/297
|-damage|p1a: Miltank|260/297|[from] Stealth Rock
|move|p2a: Drampa|Glare|p1a: Miltank
|-status|p1a: Miltank|par
|
|-heal|p2a: Drampa|257/274|[from] item: Leftovers
|-heal|p1a: Miltank|278/297 par|[from] item: Leftovers
|upkeep
|turn|5
|
|t:|1683802621
|move|p2a: Drampa|Hyper Voice|p1a: Miltank
|-damage|p1a: Miltank|125/297 par
|move|p1a: Miltank|Body Slam|p2a: Drampa
|-damage|p2a: Drampa|181/274
|
|-heal|p2a: Drampa|198/274|[from] item: Leftovers
|-heal|p1a: Miltank|143/297 par|[from] item: Leftovers
|upkeep
|turn|6
|
|t:|1683802632
|move|p2a: Drampa|Hyper Voice|p1a: Miltank
|-damage|p1a: Miltank|1/297 par
|cant|p1a: Miltank|par
|
|-heal|p2a: Drampa|215/274|[from] item: Leftovers
|-heal|p1a: Miltank|19/297 par|[from] item: Leftovers
|upkeep
|turn|7
|c|☆ZXD_9876|하
|
|t:|1683802641
|move|p2a: Drampa|Hyper Voice|p1a: Miltank
|-damage|p1a: Miltank|0 fnt
|faint|p1a: Miltank
|
|-heal|p2a: Drampa|232/274|[from] item: Leftovers
|upkeep
|
|t:|1683802650
|switch|p1a: Azumarill|Azumarill, L84, F|305/305
|-damage|p1a: Azumarill|267/305|[from] Stealth Rock
|turn|8
|
|t:|1683802655
|switch|p2a: Klefki|Klefki, L82, M|228/228
|-damage|p2a: Klefki|214/228|[from] Stealth Rock
|move|p1a: Azumarill|Play Rough|p2a: Klefki|[miss]
|-miss|p1a: Azumarill|p2a: Klefki
|
|-heal|p2a: Klefki|228/228|[from] item: Leftovers
|upkeep
|turn|9
|
|t:|1683802673
|switch|p1a: Rhydon|Rhydon, L87, M|324/324
|-damage|p1a: Rhydon|304/324|[from] Stealth Rock
|move|p2a: Klefki|Spikes|p1a: Rhydon
|-sidestart|p1: ZXD_9876|Spikes
|
|upkeep
|turn|10
|
|t:|1683802684
|move|p2a: Klefki|Magnet Rise|p2a: Klefki
|-start|p2a: Klefki|Magnet Rise
|move|p1a: Rhydon|Earthquake|p2a: Klefki
|-immune|p2a: Klefki
|
|upkeep
|turn|11
|
|t:|1683802692
|move|p2a: Klefki|Spikes|p1a: Rhydon
|-sidestart|p1: ZXD_9876|Spikes
|move|p1a: Rhydon|Stone Edge|p2a: Klefki
|-resisted|p2a: Klefki
|-damage|p2a: Klefki|163/228
|
|-heal|p2a: Klefki|177/228|[from] item: Leftovers
|upkeep
|turn|12
|
|t:|1683802700
|move|p2a: Klefki|Spikes|p1a: Rhydon
|-sidestart|p1: ZXD_9876|Spikes
|move|p1a: Rhydon|Stone Edge|p2a: Klefki
|-resisted|p2a: Klefki
|-damage|p2a: Klefki|107/228
|
|-heal|p2a: Klefki|121/228|[from] item: Leftovers
|upkeep
|turn|13
|
|t:|1683802709
|move|p2a: Klefki|Play Rough|p1a: Rhydon
|-damage|p1a: Rhydon|262/324
|move|p1a: Rhydon|Stone Edge|p2a: Klefki
|-resisted|p2a: Klefki
|-damage|p2a: Klefki|52/228
|
|-heal|p2a: Klefki|66/228|[from] item: Leftovers
|upkeep
|turn|14
|
|t:|1683802723
|move|p2a: Klefki|Play Rough|p1a: Rhydon|[miss]
|-miss|p2a: Klefki|p1a: Rhydon
|move|p1a: Rhydon|Stone Edge|p2a: Klefki
|-resisted|p2a: Klefki
|-crit|p2a: Klefki
|-damage|p2a: Klefki|0 fnt
|faint|p2a: Klefki
|
|upkeep
|c|☆youngelove|?
|c|☆ZXD_9876|하
|c|☆ZXD_9876|압정
|c|☆ZXD_9876|제거할 기술도
|
|t:|1683802740
|switch|p2a: Drampa|Drampa, L86, F|232/274
|-damage|p2a: Drampa|198/274|[from] Stealth Rock
|turn|15
|c|☆ZXD_9876|없는데
|
|t:|1683802750
|move|p1a: Rhydon|Earthquake|p2a: Drampa
|-crit|p2a: Drampa
|-damage|p2a: Drampa|0 fnt
|faint|p2a: Drampa
|
|upkeep
|c|☆youngelove|?
|c|☆youngelove|하;
|c|☆ZXD_9876|하
|inactive|youngelove has 270 seconds left.
|c|☆ZXD_9876|지진 급소
|
|t:|1683802767
|switch|p2a: Cresselia|Cresselia, L80, F|323/323
|-damage|p2a: Cresselia|283/323|[from] Stealth Rock
|turn|16
|c|☆ZXD_9876|뭔데
|
|t:|1683802774
|move|p2a: Cresselia|Calm Mind|p2a: Cresselia
|-boost|p2a: Cresselia|spa|1
|-boost|p2a: Cresselia|spd|1
|move|p1a: Rhydon|Toxic|p2a: Cresselia
|-status|p2a: Cresselia|tox
|
|-heal|p2a: Cresselia|303/323 tox|[from] item: Leftovers
|-damage|p2a: Cresselia|283/323 tox|[from] psn
|upkeep
|turn|17
|
|t:|1683802787
|move|p2a: Cresselia|Moonblast|p1a: Rhydon
|-damage|p1a: Rhydon|180/324
|-unboost|p1a: Rhydon|spa|1
|move|p1a: Rhydon|Megahorn|p2a: Cresselia|[miss]
|-miss|p1a: Rhydon|p2a: Cresselia
|
|-heal|p2a: Cresselia|303/323 tox|[from] item: Leftovers
|-damage|p2a: Cresselia|263/323 tox|[from] psn
|upkeep
|turn|18
|c|☆ZXD_9876|하 특공떨
|
|t:|1683802799
|move|p2a: Cresselia|Moonblast|p1a: Rhydon
|-damage|p1a: Rhydon|108/324
|move|p1a: Rhydon|Megahorn|p2a: Cresselia
|-supereffective|p2a: Cresselia
|-damage|p2a: Cresselia|69/323 tox
|
|-heal|p2a: Cresselia|89/323 tox|[from] item: Leftovers
|-damage|p2a: Cresselia|29/323 tox|[from] psn
|upkeep
|turn|19
|
|t:|1683802809
|move|p2a: Cresselia|Moonblast|p1a: Rhydon
|-damage|p1a: Rhydon|33/324
|move|p1a: Rhydon|Megahorn|p2a: Cresselia
|-supereffective|p2a: Cresselia
|-damage|p2a: Cresselia|0 fnt
|faint|p2a: Cresselia
|
|upkeep
|
|t:|1683802820
|switch|p2a: Galvantula|Galvantula, L82, F|249/249
|turn|20
|
|t:|1683802825
|move|p2a: Galvantula|Giga Drain|p1a: Rhydon
|-supereffective|p1a: Rhydon
|-damage|p1a: Rhydon|0 fnt
|faint|p1a: Rhydon
|
|upkeep
|c|☆youngelove|아가리
|
|t:|1683802836
|switch|p1a: Mienshao|Mienshao, L82, M|241/241
|-damage|p1a: Mienshao|226/241|[from] Stealth Rock
|-damage|p1a: Mienshao|166/241|[from] Spikes
|turn|21
|
|t:|1683802855
|-start|p2a: Galvantula|Dynamax|
|-heal|p2a: Galvantula|498/498|[silent]
|move|p1a: Mienshao|Stone Edge|p2a: Galvantula
|-supereffective|p2a: Galvantula
|-crit|p2a: Galvantula
|-damage|p2a: Galvantula|176/498
|move|p2a: Galvantula|Max Lightning|p1a: Mienshao
|-damage|p1a: Mienshao|0 fnt
|-fieldstart|move: Electric Terrain
|faint|p1a: Mienshao
|
|upkeep
|c|☆youngelove|?
|c|☆youngelove|하 좀;
|inactive|ZXD_9876 has 270 seconds left.
|
|t:|1683802883
|switch|p1a: Azumarill|Azumarill, L84, F|267/305
|-damage|p1a: Azumarill|229/305|[from] Stealth Rock
|-damage|p1a: Azumarill|153/305|[from] Spikes
|turn|22
|inactive|ZXD_9876 has 270 seconds left.
|
|t:|1683802889
|move|p1a: Azumarill|Aqua Jet|p2a: Galvantula
|-damage|p2a: Galvantula|71/498
|move|p2a: Galvantula|Max Overgrowth|p1a: Azumarill
|-supereffective|p1a: Azumarill
|-damage|p1a: Azumarill|0 fnt
|-fieldstart|move: Grassy Terrain
|faint|p1a: Azumarill
|
|-heal|p2a: Galvantula|86/498|[from] Grassy Terrain
|upkeep
|inactive|ZXD_9876 has 270 seconds left.
|
|t:|1683802901
|switch|p1a: Lugia|Lugia, L74|279/279
|turn|23
|
|t:|1683802906
|-start|p1a: Lugia|Dynamax|
|-heal|p1a: Lugia|558/558|[silent]
|move|p1a: Lugia|Max Guard|p1a: Lugia
|-singleturn|p1a: Lugia|Max Guard
|move|p2a: Galvantula|Max Lightning|p1a: Lugia
|-activate|p1a: Lugia|move: Max Guard
|
|-heal|p2a: Galvantula|101/498|[from] Grassy Terrain
|upkeep
|-end|p2a: Galvantula|Dynamax
|-heal|p2a: Galvantula|51/249|[silent]
|turn|24
|
|t:|1683802919
|move|p2a: Galvantula|Thunder|p1a: Lugia
|-supereffective|p1a: Lugia
|-damage|p1a: Lugia|480/558
|-status|p1a: Lugia|par
|move|p1a: Lugia|Max Airstream|p2a: Galvantula
|-damage|p2a: Galvantula|0 fnt
|-boost|p1a: Lugia|spe|1
|faint|p2a: Galvantula
|
|upkeep
|
|t:|1683802925
|switch|p2a: Orbeetle|Orbeetle, L86, F|243/243
|-item|p1a: Lugia|Heavy-Duty Boots|[from] ability: Frisk|[of] p2a: Orbeetle|[identify]
|turn|25
|
|t:|1683802933
|move|p2a: Orbeetle|Calm Mind|p2a: Orbeetle
|-boost|p2a: Orbeetle|spa|1
|-boost|p2a: Orbeetle|spd|1
|cant|p1a: Lugia|par
|
|upkeep
|-end|p1a: Lugia|Dynamax
|-heal|p1a: Lugia|240/279 par|[silent]
|turn|26
|
|t:|1683802943
|move|p2a: Orbeetle|Calm Mind|p2a: Orbeetle
|-boost|p2a: Orbeetle|spa|1
|-boost|p2a: Orbeetle|spd|1
|move|p1a: Lugia|Toxic|p2a: Orbeetle
|-status|p2a: Orbeetle|tox
|
|-damage|p2a: Orbeetle|228/243 tox|[from] psn
|-fieldend|move: Grassy Terrain
|upkeep
|turn|27
|
|t:|1683802952
|move|p2a: Orbeetle|Bug Buzz|p1a: Lugia
|-damage|p1a: Lugia|117/279 par
|move|p1a: Lugia|Roost|p1a: Lugia
|-heal|p1a: Lugia|257/279 par
|-singleturn|p1a: Lugia|move: Roost
|
|-damage|p2a: Orbeetle|198/243 tox|[from] psn
|upkeep
|turn|28
|
|t:|1683802962
|move|p2a: Orbeetle|Bug Buzz|p1a: Lugia
|-damage|p1a: Lugia|133/279 par
|cant|p1a: Lugia|par
|
|-damage|p2a: Orbeetle|153/243 tox|[from] psn
|upkeep
|turn|29
|
|t:|1683802970
|move|p2a: Orbeetle|Bug Buzz|p1a: Lugia
|-damage|p1a: Lugia|0 fnt
|faint|p1a: Lugia
|
|-damage|p2a: Orbeetle|93/243 tox|[from] psn
|upkeep
|
|t:|1683802976
|switch|p1a: Volcanion|Volcanion, L80|259/259
|-damage|p1a: Volcanion|195/259|[from] Stealth Rock
|-damage|p1a: Volcanion|131/259|[from] Spikes
|turn|30
|
|t:|1683802983
|move|p1a: Volcanion|Flamethrower|p2a: Orbeetle
|-supereffective|p2a: Orbeetle
|-damage|p2a: Orbeetle|7/243 tox
|move|p2a: Orbeetle|Psychic|p1a: Volcanion
|-damage|p1a: Volcanion|0 fnt
|faint|p1a: Volcanion
|
|win|youngelove
|c|☆youngelove|진짜
|c|☆youngelove|인간승리다
|c|☆youngelove|이건
|l|☆ZXD_9876
