|j|☆La.hellhound
|j|☆sipcysoupman
|t:|1685403860
|gametype|singles
|player|p1|La.hellhound|bruno|1443
|player|p2|sipcysoupman|cynthia|1389
|teamsize|p1|6
|teamsize|p2|6
|gen|8
|tier|[Gen 8] Random Battle
|rated|
|rule|Species Clause: Limit one of each Pokémon
|rule|HP Percentage Mod: HP is shown in percentages
|rule|Sleep Clause Mod: Limit one foe put to sleep
|
|t:|1685403860
|start
|switch|p1a: Marowak|Marowak, L86, F|243/243
|switch|p2a: Rapidash|Rapidash-Galar, L84, M|246/246
|turn|1
|inactive|Battle timer is ON: inactive players will automatically lose when time's up. (requested by sipcysoupman)
|inactive|sipcysoupman has 120 seconds left.
|
|t:|1685403893
|switch|p2a: Politoed|Politoed, L86, M|295/295
|-weather|RainDance|[from] ability: Drizzle|[of] p2a: Politoed
|move|p1a: Marowak|Earthquake|p2a: Politoed
|-damage|p2a: Politoed|72/295
|
|-weather|RainDance|[upkeep]
|upkeep
|turn|2
|
|t:|1685403904
|switch|p1a: Azumarill|Azumarill, L84, F|305/305
|move|p2a: Politoed|Rest|p2a: Politoed
|-status|p2a: Politoed|slp|[from] move: Rest
|-heal|p2a: Politoed|295/295 slp|[silent]
|-enditem|p2a: Politoed|Chesto Berry|[eat]
|-curestatus|p2a: Politoed|slp|[msg]
|
|-weather|RainDance|[upkeep]
|upkeep
|turn|3
|
|t:|1685403913
|move|p2a: Politoed|Toxic|p1a: Azumarill
|-status|p1a: Azumarill|tox
|move|p1a: Azumarill|Play Rough|p2a: Politoed
|-damage|p2a: Politoed|105/295
|
|-weather|RainDance|[upkeep]
|-damage|p1a: Azumarill|286/305 tox|[from] psn
|upkeep
|turn|4
|
|t:|1685403921
|switch|p2a: Magearna|Magearna-Original, L76|247/247
|move|p1a: Azumarill|Play Rough|p2a: Magearna
|-resisted|p2a: Magearna
|-damage|p2a: Magearna|170/247
|
|-weather|RainDance|[upkeep]
|-heal|p2a: Magearna|185/247|[from] item: Leftovers
|-damage|p1a: Azumarill|248/305 tox|[from] psn
|upkeep
|turn|5
|
|t:|1685403930
|switch|p1a: Solgaleo|Solgaleo, L72|316/316
|move|p2a: Magearna|Calm Mind|p2a: Magearna
|-boost|p2a: Magearna|spa|1
|-boost|p2a: Magearna|spd|1
|
|-weather|none
|-heal|p2a: Magearna|200/247|[from] item: Leftovers
|upkeep
|turn|6
|
|t:|1685403944
|switch|p2a: Thievul|Thievul, L86, F|261/261
|move|p1a: Solgaleo|Sunsteel Strike|p2a: Thievul
|-damage|p2a: Thievul|128/261
|
|upkeep
|turn|7
|
|t:|1685403950
|move|p1a: Solgaleo|Sunsteel Strike|p2a: Thievul
|-damage|p2a: Thievul|0 fnt
|faint|p2a: Thievul
|
|upkeep
|
|t:|1685403957
|switch|p2a: Marshadow|Marshadow, L70|242/242
|turn|8
|inactive|La.hellhound has 120 seconds left.
|
|t:|1685403996
|switch|p1a: Kangaskhan|Kangaskhan, L84, F|314/314
|move|p2a: Marshadow|Bulk Up|p2a: Marshadow
|-boost|p2a: Marshadow|atk|1
|-boost|p2a: Marshadow|def|1
|
|upkeep
|turn|9
|inactive|La.hellhound has 120 seconds left.
|
|t:|1685404005
|move|p1a: Kangaskhan|Fake Out|p2a: Marshadow
|-damage|p2a: Marshadow|203/242
|cant|p2a: Marshadow|flinch
|
|upkeep
|turn|10
|inactive|La.hellhound has 120 seconds left.
|
|t:|1685404018
|switch|p1a: Gourgeist|Gourgeist-Super, L84, M|280/280
|-item|p2a: Marshadow|Life Orb|[from] ability: Frisk|[of] p1a: Gourgeist|[identify]
|move|p2a: Marshadow|Close Combat|p1a: Gourgeist
|-immune|p1a: Gourgeist
|
|upkeep
|turn|11
|
|t:|1685404027
|switch|p1a: Kangaskhan|Kangaskhan, L84, F|314/314
|move|p2a: Marshadow|Spectral Thief|p1a: Kangaskhan
|-immune|p1a: Kangaskhan
|
|upkeep
|turn|12
|
|t:|1685404041
|move|p1a: Kangaskhan|Fake Out|p2a: Marshadow
|-damage|p2a: Marshadow|164/242
|cant|p2a: Marshadow|flinch
|
|upkeep
|turn|13
|
|t:|1685404052
|switch|p1a: Azumarill|Azumarill, L84, F|248/305 tox
|move|p2a: Marshadow|Close Combat|p1a: Azumarill
|-resisted|p1a: Azumarill
|-damage|p1a: Azumarill|138/305 tox
|-unboost|p2a: Marshadow|def|1
|-unboost|p2a: Marshadow|spd|1
|-damage|p2a: Marshadow|140/242|[from] item: Life Orb
|
|-damage|p1a: Azumarill|119/305 tox|[from] psn
|upkeep
|turn|14
|
|t:|1685404066
|move|p1a: Azumarill|Aqua Jet|p2a: Marshadow
|-damage|p2a: Marshadow|40/242
|move|p2a: Marshadow|Spectral Thief|p1a: Azumarill
|-crit|p1a: Azumarill
|-damage|p1a: Azumarill|0 fnt
|faint|p1a: Azumarill
|-damage|p2a: Marshadow|16/242|[from] item: Life Orb
|
|upkeep
|inactive|La.hellhound has 120 seconds left.
|
|t:|1685404077
|switch|p1a: Kangaskhan|Kangaskhan, L84, F|314/314
|turn|15
|
|t:|1685404084
|switch|p2a: Stonjourner|Stonjourner, L88, M|319/319
|move|p1a: Kangaskhan|Fake Out|p2a: Stonjourner
|-resisted|p2a: Stonjourner
|-damage|p2a: Stonjourner|304/319
|
|upkeep
|turn|16
|
|t:|1685404091
|move|p1a: Kangaskhan|Earthquake|p2a: Stonjourner
|-supereffective|p2a: Stonjourner
|-damage|p2a: Stonjourner|206/319
|move|p2a: Stonjourner|Earthquake|p1a: Kangaskhan
|-crit|p1a: Kangaskhan
|-damage|p1a: Kangaskhan|107/314
|-damage|p2a: Stonjourner|175/319|[from] item: Life Orb
|
|upkeep
|turn|17
|
|t:|1685404098
|switch|p1a: Gourgeist|Gourgeist-Super, L84, M|280/280
|-item|p2a: Stonjourner|Life Orb|[from] ability: Frisk|[of] p1a: Gourgeist|[identify]
|move|p2a: Stonjourner|Earthquake|p1a: Gourgeist
|-resisted|p1a: Gourgeist
|-damage|p1a: Gourgeist|231/280
|-damage|p2a: Stonjourner|144/319|[from] item: Life Orb
|
|upkeep
|turn|18
|
|t:|1685404117
|move|p2a: Stonjourner|Heat Crash|p1a: Gourgeist
|-supereffective|p1a: Gourgeist
|-damage|p1a: Gourgeist|7/280
|-damage|p2a: Stonjourner|113/319|[from] item: Life Orb
|move|p1a: Gourgeist|Trick Room|p1a: Gourgeist
|-fieldstart|move: Trick Room|[of] p1a: Gourgeist
|
|upkeep
|turn|19
|
|t:|1685404125
|switch|p2a: Rapidash|Rapidash-Galar, L84, M|246/246
|move|p1a: Gourgeist|Power Whip|p2a: Rapidash
|-damage|p2a: Rapidash|34/246
|-damage|p1a: Gourgeist|0 fnt|[from] item: Life Orb
|faint|p1a: Gourgeist
|
|upkeep
|c|☆La.hellhound|I LOVE IT
|
|t:|1685404145
|switch|p1a: Hatterene|Hatterene, L86, F|238/238
|turn|20
|
|t:|1685404149
|move|p1a: Hatterene|Dazzling Gleam|p2a: Rapidash
|-damage|p2a: Rapidash|0 fnt
|faint|p2a: Rapidash
|
|upkeep
|
|t:|1685404158
|switch|p2a: Magearna|Magearna-Original, L76|200/247
|turn|21
|
|t:|1685404163
|-start|p1a: Hatterene|Dynamax|Gmax
|-heal|p1a: Hatterene|476/476|[silent]
|move|p1a: Hatterene|Max Flare|p2a: Magearna
|-supereffective|p2a: Magearna
|-damage|p2a: Magearna|0 fnt
|-weather|SunnyDay
|faint|p2a: Magearna
|
|-weather|SunnyDay|[upkeep]
|upkeep
|
|t:|1685404168
|switch|p2a: Politoed|Politoed, L86, M|105/295
|-weather|RainDance|[from] ability: Drizzle|[of] p2a: Politoed
|turn|22
|
|t:|1685404177
|move|p1a: Hatterene|G-Max Smite|p2a: Politoed
|-damage|p2a: Politoed|0 fnt
|faint|p2a: Politoed
|
|-weather|RainDance|[upkeep]
|-fieldend|move: Trick Room
|upkeep
|
|t:|1685404179
|switch|p2a: Marshadow|Marshadow, L70|16/242
|turn|23
|
|t:|1685404187
|-start|p2a: Marshadow|Dynamax|
|-heal|p2a: Marshadow|32/484|[silent]
|move|p2a: Marshadow|Max Guard|p2a: Marshadow
|-singleturn|p2a: Marshadow|Max Guard
|move|p1a: Hatterene|G-Max Smite|p2a: Marshadow
|-activate|p2a: Marshadow|move: Max Guard
|
|-weather|RainDance|[upkeep]
|upkeep
|-end|p1a: Hatterene|Dynamax
|-heal|p1a: Hatterene|238/238|[silent]
|turn|24
|
|t:|1685404201
|move|p2a: Marshadow|Max Phantasm|p1a: Hatterene
|-supereffective|p1a: Hatterene
|-crit|p1a: Hatterene
|-damage|p1a: Hatterene|0 fnt
|faint|p1a: Hatterene
|-damage|p2a: Marshadow|8/484|[from] item: Life Orb
|
|-weather|RainDance|[upkeep]
|upkeep
|
|t:|1685404212
|switch|p1a: Solgaleo|Solgaleo, L72|316/316
|turn|25
|c|☆La.hellhound|wp
|
|t:|1685404234
|move|p1a: Solgaleo|Sunsteel Strike|p2a: Marshadow
|-damage|p2a: Marshadow|0 fnt
|faint|p2a: Marshadow
|
|-weather|RainDance|[upkeep]
|upkeep
|
|t:|1685404239
|switch|p2a: Stonjourner|Stonjourner, L88, M|113/319
|turn|26
|
|t:|1685404242
|move|p1a: Solgaleo|Sunsteel Strike|p2a: Stonjourner
|-supereffective|p2a: Stonjourner
|-damage|p2a: Stonjourner|0 fnt
|faint|p2a: Stonjourner
|
|win|La.hellhound
|raw|La.hellhound's rating: 1443 &rarr; <strong>1460</strong><br />(+17 for winning)
|raw|sipcysoupman's rating: 1389 &rarr; <strong>1372</strong><br />(-17 for losing)
|l|☆sipcysoupman
