|j|☆theironpikachu
|j|☆blueczarr
|inactive|Battle timer is ON: inactive players will automatically lose when time's up.
|t:|1685259314
|gametype|singles
|player|p1|theironpikachu|may-masters|
|player|p2|blueczarr|medium|
|teamsize|p1|24
|teamsize|p2|24
|gen|8
|tier|[Gen 8] Random Battle
|rated|Tournament battle
|rule|Species Clause: Limit one of each Pokémon
|rule|HP Percentage Mod: HP is shown in percentages
|rule|Sleep Clause Mod: Limit one foe put to sleep
|rule|Dynamax Clause: You cannot dynamax
|clearpoke
|poke|p1|Qwilfish, L88, F|
|poke|p1|Musharna, L88, F|
|poke|p1|Blaziken, L81, M|
|poke|p1|Dusknoir, L88, F|
|poke|p1|Shedinja, L92|
|poke|p1|Sandaconda, L88, M|
|poke|p1|Mr. Mime-Galar, L88, F|
|poke|p1|Zygarde, L76|
|poke|p1|Genesect, L76|
|poke|p1|Cramorant, L88, M|
|poke|p1|Groudon, L76|
|poke|p1|Golduck, L88, F|
|poke|p1|Arctozolt, L88|
|poke|p1|Regidrago, L85|
|poke|p1|Dedenne, L88, M|
|poke|p1|Xerneas-*, L70|
|poke|p1|Froslass, L88, F|
|poke|p1|Cherrim, L88, M|
|poke|p1|Raichu, L88, F|
|poke|p1|Sylveon, L86, M|
|poke|p1|Morpeko, L88, M|
|poke|p1|Exeggutor-Alola, L87, F|
|poke|p1|Lopunny, L88, F|
|poke|p1|Weezing-Galar, L84, M|
|poke|p2|Regirock, L88|
|poke|p2|Slurpuff, L84, F|
|poke|p2|Keldeo-Resolute, L82|
|poke|p2|Heatran, L80, M|
|poke|p2|Glaceon, L88, F|
|poke|p2|Froslass, L88, F|
|poke|p2|Wigglytuff, L88, F|
|poke|p2|Dracozolt, L81|
|poke|p2|Abomasnow, L88, F|
|poke|p2|Ninetales, L88, F|
|poke|p2|Hitmontop, L86, M|
|poke|p2|Passimian, L86, F|
|poke|p2|Amoonguss, L82, F|
|poke|p2|Regigigas, L88|
|poke|p2|Celebi, L84|
|poke|p2|Drampa, L87, F|
|poke|p2|Sawk, L88, M|
|poke|p2|Throh, L88, M|
|poke|p2|Nidoqueen, L84, F|
|poke|p2|Eternatus, L73|
|poke|p2|Lickilicky, L88, F|
|poke|p2|Lurantis, L88, M|
|poke|p2|Venusaur, L82, F|
|poke|p2|Sandslash, L88, F|
|teampreview|6
|j|*Lady Monita
|inactive|theironpikachu also wants the timer to be on.
|c|☆blueczarr|glhf
|c|☆theironpikachu|glhf
|inactive|theironpikachu has 120 seconds left.
|inactive|blueczarr has 120 seconds left.
|c|☆theironpikachu|rip im sorry
|c|☆blueczarr|im being punished for using shedinja last game
|inactive|theironpikachu has 90 seconds left.
|inactive|blueczarr has 90 seconds left.
|j| Hiusi guy
|c| Hiusi guy|zamn
|l| Hiusi guy
|inactive|theironpikachu has 60 seconds left.
|inactive|blueczarr has 60 seconds left.
|inactive|theironpikachu has 30 seconds left.
|inactive|blueczarr has 30 seconds left.
|inactive|theironpikachu has 20 seconds left.
|inactive|blueczarr has 20 seconds left.
|inactive|blueczarr has 15 seconds left.
|inactive|blueczarr has 10 seconds left.
|inactive|blueczarr has 5 seconds left.
|
|t:|1685259462
|start
|switch|p1a: Genesect|Genesect, L76|277/277
|switch|p2a: Heatran|Heatran, L80, M|307/307
|turn|1
|
|t:|1685259480
|move|p2a: Heatran|Flamethrower|p1a: Genesect
|-supereffective|p1a: Genesect
|-damage|p1a: Genesect|0 fnt
|faint|p1a: Genesect
|
|win|blueczarr
|n|☆theironpikachu|theironpikachu
|n|☆blueczarr|blueczarr
|n|*Lady Monita|ladymonita
