|j|☆DatCasualPlayer
|j|☆Estebanthe1
|t:|1684360888
|gametype|singles
|player|p1|DatCasualPlayer|skyla|1518
|player|p2|Estebanthe1|2|1509
|teamsize|p1|6
|teamsize|p2|6
|gen|8
|tier|[Gen 8] Random Battle
|rated|
|rule|Species Clause: Limit one of each Pokémon
|rule|HP Percentage Mod: HP is shown in percentages
|rule|Sleep Clause Mod: Limit one foe put to sleep
|
|t:|1684360888
|start
|switch|p1a: Farfetch’d|Farfetch’d, L90, M|239/239
|switch|p2a: Farfetch’d|Farfetch’d, L90, F|239/239
|turn|1
|c|☆DatCasualPlayer|Lmao
|c|☆DatCasualPlayer|awkward
|c|☆Estebanthe1|lol
|c|☆Estebanthe1|this isnt the first time this happens to me tbh
|
|t:|1684360920
|move|p2a: Farfetch’d|Knock Off|p1a: Farfetch’d
|-crit|p1a: Farfetch’d
|-damage|p1a: Farfetch’d|90/239
|-enditem|p1a: Farfetch’d|Leek|[from] move: Knock Off|[of] p2a: Farfetch’d
|move|p1a: Farfetch’d|Swords Dance|p1a: Farfetch’d
|-boost|p1a: Farfetch’d|atk|2
|
|upkeep
|turn|2
|c|☆Estebanthe1|its been a few times already
|
|t:|1684360928
|move|p1a: Farfetch’d|Knock Off|p2a: Farfetch’d
|-damage|p2a: Farfetch’d|43/239
|-enditem|p2a: Farfetch’d|Leek|[from] move: Knock Off|[of] p1a: Farfetch’d
|move|p2a: Farfetch’d|Brave Bird|p1a: Farfetch’d
|-damage|p1a: Farfetch’d|0 fnt
|faint|p1a: Farfetch’d
|-damage|p2a: Farfetch’d|13/239|[from] Recoil
|
|upkeep
|inactive|Battle timer is ON: inactive players will automatically lose when time's up. (requested by Estebanthe1)
|
|t:|1684360967
|switch|p1a: Golisopod|Golisopod, L84, M|263/263
|turn|3
|
|t:|1684360977
|move|p1a: Golisopod|First Impression|p2a: Farfetch’d
|-resisted|p2a: Farfetch’d
|-damage|p2a: Farfetch’d|0 fnt
|faint|p2a: Farfetch’d
|
|upkeep
|
|t:|1684360985
|switch|p2a: Garbodor|Garbodor, L87, M|281/281
|turn|4
|l|☆DatCasualPlayer
|inactive|DatCasualPlayer disconnected and has a minute to reconnect!
|player|p1|
|c|☆Estebanthe1|why?
|j|☆DatCasualPlayer
|inactive|DatCasualPlayer reconnected and has 130 seconds left.
|player|p1|DatCasualPlayer|skyla
|inactive|DatCasualPlayer has 120 seconds left.
|c|☆Estebanthe1|why u time stall and now leave and come back
|c|☆Estebanthe1|are you trying to troll?
|l|☆DatCasualPlayer
|inactive|DatCasualPlayer disconnected and has a minute to reconnect!
|player|p1|
|c|☆Estebanthe1|ima report you
|j|☆DatCasualPlayer
|inactive|DatCasualPlayer reconnected and has 95 seconds left.
|player|p1|DatCasualPlayer|skyla
|inactive|DatCasualPlayer has 90 seconds left.
|c|☆Estebanthe1|for waisting time on purpose
|l|☆DatCasualPlayer
|inactive|DatCasualPlayer disconnected and has a minute to reconnect!
|player|p1|
|inactive|DatCasualPlayer has 30 seconds to reconnect!
|inactive|DatCasualPlayer has 20 seconds to reconnect!
|inactive|DatCasualPlayer has 15 seconds to reconnect!
|inactive|DatCasualPlayer has 10 seconds to reconnect!
|inactive|DatCasualPlayer has 5 seconds to reconnect!
|-message|DatCasualPlayer lost due to inactivity.
|
|win|Estebanthe1
|raw|DatCasualPlayer's rating: 1518 &rarr; <strong>1497</strong><br />(-21 for losing)
|raw|Estebanthe1's rating: 1509 &rarr; <strong>1530</strong><br />(+21 for winning)
