|j|☆C_Gamer_YT
|j|☆chonkduck
|t:|1683816212
|gametype|singles
|player|p1|C_Gamer_YT|unknown|1133
|player|p2|chonkduck|benga|1075
|teamsize|p1|6
|teamsize|p2|6
|gen|8
|tier|[Gen 8] Random Battle
|rated|
|rule|Species Clause: Limit one of each Pokémon
|rule|HP Percentage Mod: HP is shown in percentages
|rule|Sleep Clause Mod: Limit one foe put to sleep
|
|t:|1683816212
|start
|switch|p1a: Pikachu|Pikachu-Alola, L92, M|214/214
|switch|p2a: Eldegoss|Eldegoss, L90, M|254/254
|turn|1
|inactive|Battle timer is ON: inactive players will automatically lose when time's up. (requested by C_Gamer_YT)
|
|t:|1683816228
|move|p1a: Pikachu|Knock Off|p2a: Eldegoss
|-damage|p2a: Eldegoss|162/254
|-enditem|p2a: Eldegoss|Leftovers|[from] move: Knock Off|[of] p1a: Pikachu
|move|p2a: Eldegoss|Pollen Puff|p1a: Pikachu
|-damage|p1a: Pikachu|133/214
|
|upkeep
|turn|2
|
|t:|1683816244
|move|p1a: Pikachu|Volt Switch|p2a: Eldegoss
|-resisted|p2a: Eldegoss
|-damage|p2a: Eldegoss|122/254
|
|t:|1683816249
|switch|p1a: Persian|Persian-Alola, L82, M|241/241|[from] Volt Switch
|move|p2a: Eldegoss|Energy Ball|p1a: Persian
|-damage|p1a: Persian|121/241
|
|-heal|p1a: Persian|136/241|[from] item: Leftovers
|upkeep
|turn|3
|
|t:|1683816264
|switch|p2a: Mamoswine|Mamoswine, L80, M|307/307
|move|p1a: Persian|Dark Pulse|p2a: Mamoswine
|-damage|p2a: Mamoswine|210/307
|
|-heal|p1a: Persian|151/241|[from] item: Leftovers
|upkeep
|turn|4
|
|t:|1683816275
|move|p1a: Persian|Hypnosis|p2a: Mamoswine|[miss]
|-miss|p1a: Persian|p2a: Mamoswine
|move|p2a: Mamoswine|Knock Off|p1a: Persian
|-resisted|p1a: Persian
|-damage|p1a: Persian|114/241
|-enditem|p1a: Persian|Leftovers|[from] move: Knock Off|[of] p2a: Mamoswine
|
|upkeep
|turn|5
|
|t:|1683816283
|switch|p2a: Noctowl|Noctowl, L88, F|319/319
|move|p1a: Persian|Hypnosis|p2a: Noctowl
|-status|p2a: Noctowl|slp|[from] move: Hypnosis
|
|upkeep
|turn|6
|
|t:|1683816294
|-start|p2a: Noctowl|Dynamax|
|-heal|p2a: Noctowl|638/638 slp|[silent]
|move|p1a: Persian|Thunderbolt|p2a: Noctowl
|-supereffective|p2a: Noctowl
|-damage|p2a: Noctowl|544/638 slp
|cant|p2a: Noctowl|slp
|
|upkeep
|turn|7
|
|t:|1683816310
|move|p1a: Persian|Thunderbolt|p2a: Noctowl
|-supereffective|p2a: Noctowl
|-damage|p2a: Noctowl|458/638 slp
|cant|p2a: Noctowl|slp
|
|upkeep
|turn|8
|
|t:|1683816316
|move|p1a: Persian|Nasty Plot|p1a: Persian
|-boost|p1a: Persian|spa|2
|-curestatus|p2a: Noctowl|slp|[msg]
|move|p2a: Noctowl|Max Flare|p1a: Persian
|-damage|p1a: Persian|0 fnt
|-weather|SunnyDay
|faint|p1a: Persian
|
|-weather|SunnyDay|[upkeep]
|upkeep
|
|t:|1683816321
|switch|p1a: Lycanroc|Lycanroc, L80, M|251/251
|-end|p2a: Noctowl|Dynamax
|-heal|p2a: Noctowl|229/319|[silent]
|turn|9
|
|t:|1683816332
|move|p1a: Lycanroc|Stone Edge|p2a: Noctowl
|-supereffective|p2a: Noctowl
|-damage|p2a: Noctowl|0 fnt
|faint|p2a: Noctowl
|
|-weather|SunnyDay|[upkeep]
|upkeep
|
|t:|1683816338
|switch|p2a: Virizion|Virizion, L82|283/283
|turn|10
|
|t:|1683816346
|switch|p1a: Indeedee|Indeedee-F, L85, F|258/258
|-fieldstart|move: Psychic Terrain|[from] ability: Psychic Surge|[of] p1a: Indeedee
|move|p2a: Virizion|Stone Edge|p1a: Indeedee
|-crit|p1a: Indeedee
|-damage|p1a: Indeedee|138/258
|
|-weather|SunnyDay|[upkeep]
|upkeep
|turn|11
|
|t:|1683816364
|move|p2a: Virizion|Leaf Blade|p1a: Indeedee
|-crit|p1a: Indeedee
|-damage|p1a: Indeedee|0 fnt
|faint|p1a: Indeedee
|
|-weather|SunnyDay|[upkeep]
|upkeep
|
|t:|1683816368
|switch|p1a: Pikachu|Pikachu-Alola, L92, M|133/214
|turn|12
|
|t:|1683816374
|move|p2a: Virizion|Stone Edge|p1a: Pikachu|[miss]
|-miss|p2a: Virizion|p1a: Pikachu
|move|p1a: Pikachu|Knock Off|p2a: Virizion
|-resisted|p2a: Virizion
|-damage|p2a: Virizion|217/283
|-ability|p2a: Virizion|Justified|boost
|-boost|p2a: Virizion|atk|1
|-enditem|p2a: Virizion|Lum Berry|[from] move: Knock Off|[of] p1a: Pikachu
|
|-weather|none
|upkeep
|turn|13
|
|t:|1683816385
|move|p2a: Virizion|Leaf Blade|p1a: Pikachu
|-damage|p1a: Pikachu|0 fnt
|faint|p1a: Pikachu
|
|upkeep
|
|t:|1683816390
|switch|p1a: Latias|Latias, L80, F|259/259
|turn|14
|
|t:|1683816400
|move|p2a: Virizion|Close Combat|p1a: Latias
|-resisted|p1a: Latias
|-damage|p1a: Latias|167/259
|-unboost|p2a: Virizion|def|1
|-unboost|p2a: Virizion|spd|1
|move|p1a: Latias|Psychic|p2a: Virizion
|-supereffective|p2a: Virizion
|-damage|p2a: Virizion|0 fnt
|faint|p2a: Virizion
|
|-heal|p1a: Latias|183/259|[from] item: Leftovers
|-fieldend|move: Psychic Terrain
|upkeep
|
|t:|1683816414
|switch|p2a: Ninetales|Ninetales, L82, F|254/254
|-weather|SunnyDay|[from] ability: Drought|[of] p2a: Ninetales
|turn|15
|
|t:|1683816435
|move|p1a: Latias|Calm Mind|p1a: Latias
|-boost|p1a: Latias|spa|1
|-boost|p1a: Latias|spd|1
|move|p2a: Ninetales|Nasty Plot|p2a: Ninetales
|-boost|p2a: Ninetales|spa|2
|
|-weather|SunnyDay|[upkeep]
|-heal|p1a: Latias|199/259|[from] item: Leftovers
|upkeep
|turn|16
|
|t:|1683816445
|move|p1a: Latias|Calm Mind|p1a: Latias
|-boost|p1a: Latias|spa|1
|-boost|p1a: Latias|spd|1
|move|p2a: Ninetales|Solar Beam||[still]
|-prepare|p2a: Ninetales|Solar Beam
|-anim|p2a: Ninetales|Solar Beam|p1a: Latias
|-resisted|p1a: Latias
|-damage|p1a: Latias|172/259
|
|-weather|SunnyDay|[upkeep]
|-heal|p1a: Latias|188/259|[from] item: Leftovers
|upkeep
|turn|17
|
|t:|1683816457
|move|p1a: Latias|Psychic|p2a: Ninetales
|-damage|p2a: Ninetales|82/254
|move|p2a: Ninetales|Fire Blast|p1a: Latias
|-resisted|p1a: Latias
|-damage|p1a: Latias|127/259
|
|-weather|SunnyDay|[upkeep]
|-heal|p1a: Latias|143/259|[from] item: Leftovers
|upkeep
|turn|18
|
|t:|1683816467
|switch|p2a: Kyurem|Kyurem-White, L74|307/307
|-ability|p2a: Kyurem|Turboblaze
|move|p1a: Latias|Psychic|p2a: Kyurem
|-damage|p2a: Kyurem|123/307
|
|-weather|SunnyDay|[upkeep]
|-heal|p1a: Latias|159/259|[from] item: Leftovers
|upkeep
|turn|19
|
|t:|1683816480
|move|p1a: Latias|Psychic|p2a: Kyurem
|-damage|p2a: Kyurem|0 fnt
|faint|p2a: Kyurem
|
|-weather|none
|-heal|p1a: Latias|175/259|[from] item: Leftovers
|upkeep
|
|t:|1683816488
|switch|p2a: Mamoswine|Mamoswine, L80, M|210/307
|turn|20
|
|t:|1683816498
|move|p1a: Latias|Psychic|p2a: Mamoswine
|-damage|p2a: Mamoswine|0 fnt
|faint|p2a: Mamoswine
|
|-heal|p1a: Latias|191/259|[from] item: Leftovers
|upkeep
|
|t:|1683816506
|switch|p2a: Eldegoss|Eldegoss, L90, M|206/254
|turn|21
|
|t:|1683816517
|move|p1a: Latias|Calm Mind|p1a: Latias
|-boost|p1a: Latias|spa|1
|-boost|p1a: Latias|spd|1
|move|p2a: Eldegoss|Pollen Puff|p1a: Latias
|-supereffective|p1a: Latias
|-damage|p1a: Latias|149/259
|
|-heal|p1a: Latias|165/259|[from] item: Leftovers
|upkeep
|turn|22
|
|t:|1683816528
|move|p1a: Latias|Calm Mind|p1a: Latias
|-boost|p1a: Latias|spa|1
|-boost|p1a: Latias|spd|1
|move|p2a: Eldegoss|Energy Ball|p1a: Latias
|-resisted|p1a: Latias
|-damage|p1a: Latias|153/259
|-unboost|p1a: Latias|spd|1
|
|-heal|p1a: Latias|169/259|[from] item: Leftovers
|upkeep
|turn|23
|
|t:|1683816538
|move|p1a: Latias|Psychic|p2a: Eldegoss
|-damage|p2a: Eldegoss|0 fnt
|faint|p2a: Eldegoss
|
|-heal|p1a: Latias|185/259|[from] item: Leftovers
|upkeep
|
|t:|1683816544
|switch|p2a: Ninetales|Ninetales, L82, F|82/254
|-weather|SunnyDay|[from] ability: Drought|[of] p2a: Ninetales
|turn|24
|
|t:|1683816555
|move|p1a: Latias|Psychic|p2a: Ninetales
|-damage|p2a: Ninetales|0 fnt
|faint|p2a: Ninetales
|
|win|C_Gamer_YT
|raw|C_Gamer_YT's rating: 1133 &rarr; <strong>1154</strong><br />(+21 for winning)
|raw|chonkduck's rating: 1075 &rarr; <strong>1057</strong><br />(-18 for losing)
|l|☆chonkduck
