|j|☆BoRida
|j|☆pokeblade☆101
|t:|1614313805
|player|p1|BoRida|swimmer|2464
|player|p2|pokeblade☆101|yellow|2412
|teamsize|p1|6
|teamsize|p2|6
|gametype|singles
|gen|8
|tier|[Gen 8] Random Battle
|rated|
|rule|Species Clause: Limit one of each Pokémon
|rule|HP Percentage Mod: HP is shown in percentages
|rule|Sleep Clause Mod: Limit one foe put to sleep
|
|t:|1614313805
|start
|switch|p1a: Conkeldurr|Conkeldurr, L80, F|299/299
|switch|p2a: Gallade|Gallade, L82, M|246/246
|turn|1
|c|☆pokeblade☆101|lol
|c|☆pokeblade☆101|i need to check if u are searching more
|c|☆BoRida|yeah u do
|j| perseo88
|
|t:|1614313861
|move|p2a: Gallade|Knock Off|p1a: Conkeldurr
|-resisted|p1a: Conkeldurr
|-damage|p1a: Conkeldurr|260/299
|-enditem|p1a: Conkeldurr|Flame Orb|[from] move: Knock Off|[of] p2a: Gallade
|move|p1a: Conkeldurr|Close Combat|p2a: Gallade
|-resisted|p2a: Gallade
|-damage|p2a: Gallade|147/246
|-unboost|p1a: Conkeldurr|def|1
|-unboost|p1a: Conkeldurr|spd|1
|
|upkeep
|turn|2
|
|t:|1614313873
|switch|p1a: Mr. Mime|Mr. Mime, L86, F|209/209
|move|p2a: Gallade|Zen Headbutt|p1a: Mr. Mime
|-resisted|p1a: Mr. Mime
|-damage|p1a: Mr. Mime|152/209
|
|upkeep
|turn|3
|
|t:|1614313905
|switch|p2a: Reshiram|Reshiram, L74|270/270
|-ability|p2a: Reshiram|Turboblaze
|move|p1a: Mr. Mime|Dazzling Gleam|p2a: Reshiram
|-damage|p2a: Reshiram|185/270
|
|upkeep
|turn|4
|
|t:|1614313912
|switch|p1a: Lycanroc|Lycanroc-Midnight, L82, F, shiny|274/274
|move|p2a: Reshiram|Roost|p2a: Reshiram
|-heal|p2a: Reshiram|270/270
|-singleturn|p2a: Reshiram|move: Roost
|
|upkeep
|turn|5
|
|t:|1614313927
|switch|p2a: Gallade|Gallade, L82, M|147/246
|move|p1a: Lycanroc|Stealth Rock|p2a: Gallade
|-sidestart|p2: pokeblade☆101|move: Stealth Rock
|
|upkeep
|turn|6
|
|t:|1614313948
|switch|p1a: Mr. Mime|Mr. Mime, L86, F|152/209
|move|p2a: Gallade|Close Combat|p1a: Mr. Mime
|-resisted|p1a: Mr. Mime
|-damage|p1a: Mr. Mime|109/209
|-unboost|p2a: Gallade|def|1
|-unboost|p2a: Gallade|spd|1
|
|upkeep
|turn|7
|
|t:|1614313965
|switch|p2a: Reshiram|Reshiram, L74|270/270
|-ability|p2a: Reshiram|Turboblaze
|move|p1a: Mr. Mime|Psychic|p2a: Reshiram
|-damage|p2a: Reshiram|185/270
|
|upkeep
|turn|8
|c|☆BoRida|same damage as dazzling gleam
|c|☆BoRida|nani
|
|t:|1614313978
|switch|p1a: Kangaskhan|Kangaskhan, L84, F|314/314
|move|p2a: Reshiram|Defog|p1a: Kangaskhan
|-unboost|p1a: Kangaskhan|evasion|1
|-sideend|p2: pokeblade☆101|Stealth Rock|[from] move: Defog|[of] p2a: Reshiram
|
|upkeep
|turn|9
|
|t:|1614313992
|switch|p2a: Weezing|Weezing, L86, M|252/252
|move|p1a: Kangaskhan|Double-Edge|p2a: Weezing
|-damage|p2a: Weezing|155/252
|-damage|p1a: Kangaskhan|282/314|[from] Recoil
|
|-heal|p2a: Weezing|170/252|[from] item: Black Sludge
|upkeep
|turn|10
|
|t:|1614313999
|switch|p1a: Lycanroc|Lycanroc-Midnight, L82, F, shiny|274/274
|move|p2a: Weezing|Sludge Bomb|p1a: Lycanroc
|-resisted|p1a: Lycanroc
|-damage|p1a: Lycanroc|220/274
|
|-heal|p2a: Weezing|185/252|[from] item: Black Sludge
|upkeep
|turn|11
|
|t:|1614314005
|move|p1a: Lycanroc|Stone Edge|p2a: Weezing
|-damage|p2a: Weezing|67/252
|-damage|p1a: Lycanroc|193/274|[from] item: Life Orb
|move|p2a: Weezing|Will-O-Wisp|p1a: Lycanroc
|-status|p1a: Lycanroc|brn
|
|-heal|p2a: Weezing|82/252|[from] item: Black Sludge
|-damage|p1a: Lycanroc|176/274 brn|[from] brn
|upkeep
|turn|12
|
|t:|1614314010
|move|p1a: Lycanroc|Stealth Rock|p2a: Weezing
|-sidestart|p2: pokeblade☆101|move: Stealth Rock
|move|p2a: Weezing|Pain Split|p1a: Lycanroc
|-sethp|p1a: Lycanroc|129/274 brn|[from] move: Pain Split|[silent]
|-sethp|p2a: Weezing|129/252|[from] move: Pain Split
|
|-heal|p2a: Weezing|144/252|[from] item: Black Sludge
|-damage|p1a: Lycanroc|112/274 brn|[from] brn
|upkeep
|turn|13
|
|t:|1614314018
|switch|p2a: Gallade|Gallade, L82, M|147/246
|-damage|p2a: Gallade|132/246|[from] Stealth Rock
|move|p1a: Lycanroc|Stone Edge|p2a: Gallade
|-resisted|p2a: Gallade
|-damage|p2a: Gallade|85/246
|-damage|p1a: Lycanroc|85/274 brn|[from] item: Life Orb
|
|-damage|p1a: Lycanroc|68/274 brn|[from] brn
|upkeep
|turn|14
|
|t:|1614314025
|move|p1a: Lycanroc|Iron Tail|p2a: Gallade
|-damage|p2a: Gallade|24/246
|-damage|p1a: Lycanroc|41/274 brn|[from] item: Life Orb
|move|p2a: Gallade|Knock Off|p1a: Lycanroc
|-damage|p1a: Lycanroc|0 fnt
|-enditem|p1a: Lycanroc|Life Orb|[from] move: Knock Off|[of] p2a: Gallade
|faint|p1a: Lycanroc
|
|upkeep
|
|t:|1614314048
|switch|p1a: Duraludon|Duraludon, L84, F|255/255
|turn|15
|
|t:|1614314053
|move|p1a: Duraludon|Flash Cannon|p2a: Gallade
|-damage|p2a: Gallade|0 fnt
|faint|p2a: Gallade
|
|upkeep
|j| gjccc
|
|t:|1614314058
|switch|p2a: Sigilyph|Sigilyph, L82, M|251/251
|-damage|p2a: Sigilyph|189/251|[from] Stealth Rock
|turn|16
|
|t:|1614314089
|switch|p1a: Mr. Mime|Mr. Mime, L86, F|109/209
|move|p2a: Sigilyph|Psychic|p1a: Mr. Mime
|-resisted|p1a: Mr. Mime
|-damage|p1a: Mr. Mime|9/209
|-unboost|p1a: Mr. Mime|spd|1
|
|upkeep
|turn|17
|
|t:|1614314106
|switch|p2a: Reshiram|Reshiram, L74|185/270
|-ability|p2a: Reshiram|Turboblaze
|move|p1a: Mr. Mime|Healing Wish|p1a: Mr. Mime
|faint|p1a: Mr. Mime
|
|upkeep
|j| theobserver21
|
|t:|1614314112
|switch|p1a: Duraludon|Duraludon, L84, F|255/255
|turn|18
|
|t:|1614314124
|switch|p2a: Chandelure|Chandelure, L82, M|233/233
|-damage|p2a: Chandelure|175/233|[from] Stealth Rock
|move|p1a: Duraludon|Flash Cannon|p2a: Chandelure
|-resisted|p2a: Chandelure
|-damage|p2a: Chandelure|125/233
|
|-heal|p2a: Chandelure|139/233|[from] item: Leftovers
|upkeep
|turn|19
|
|t:|1614314132
|switch|p1a: Kangaskhan|Kangaskhan, L84, F|282/314
|-heal|p1a: Kangaskhan|314/314|[from] move: Healing Wish
|move|p2a: Chandelure|Fire Blast|p1a: Kangaskhan
|-damage|p1a: Kangaskhan|208/314
|
|-heal|p2a: Chandelure|153/233|[from] item: Leftovers
|upkeep
|turn|20
|
|t:|1614314146
|move|p1a: Kangaskhan|Double-Edge|p2a: Chandelure
|-damage|p2a: Chandelure|27/233
|-damage|p1a: Kangaskhan|166/314|[from] Recoil
|move|p2a: Chandelure|Fire Blast|p1a: Kangaskhan
|-damage|p1a: Kangaskhan|52/314
|
|-heal|p2a: Chandelure|41/233|[from] item: Leftovers
|upkeep
|turn|21
|c|☆BoRida|wait that was my healing wish
|
|t:|1614314153
|move|p1a: Kangaskhan|Double-Edge|p2a: Chandelure
|-damage|p2a: Chandelure|0 fnt
|-damage|p1a: Kangaskhan|38/314|[from] Recoil
|faint|p2a: Chandelure
|
|upkeep
|c|☆BoRida|lmao
|c|☆BoRida|fuck
|c|☆pokeblade☆101|nice work
|
|t:|1614314161
|switch|p2a: Reshiram|Reshiram, L74|185/270
|-ability|p2a: Reshiram|Turboblaze
|turn|22
|
|t:|1614314186
|move|p1a: Kangaskhan|Earthquake|p2a: Reshiram
|-supereffective|p2a: Reshiram
|-damage|p2a: Reshiram|39/270
|move|p2a: Reshiram|Defog|p1a: Kangaskhan
|-unboost|p1a: Kangaskhan|evasion|1
|-sideend|p2: pokeblade☆101|Stealth Rock|[from] move: Defog|[of] p2a: Reshiram
|
|upkeep
|turn|23
|
|t:|1614314192
|switch|p2a: Weezing|Weezing, L86, M|144/252
|move|p1a: Kangaskhan|Double-Edge|p2a: Weezing
|-damage|p2a: Weezing|47/252
|-damage|p1a: Kangaskhan|6/314|[from] Recoil
|
|-heal|p2a: Weezing|62/252|[from] item: Black Sludge
|upkeep
|turn|24
|
|t:|1614314203
|move|p1a: Kangaskhan|Double-Edge|p2a: Weezing
|-damage|p2a: Weezing|0 fnt
|-damage|p1a: Kangaskhan|0 fnt|[from] Recoil
|faint|p2a: Weezing
|faint|p1a: Kangaskhan
|
|upkeep
|
|t:|1614314242
|switch|p1a: Rhyperior|Rhyperior, L82, M|323/323
|switch|p2a: Sigilyph|Sigilyph, L82, M|189/251
|turn|25
|
|t:|1614314255
|switch|p1a: Conkeldurr|Conkeldurr, L80, F|260/299
|move|p2a: Sigilyph|Energy Ball|p1a: Conkeldurr
|-damage|p1a: Conkeldurr|131/299
|
|upkeep
|turn|26
|
|t:|1614314263
|switch|p2a: Reshiram|Reshiram, L74|39/270
|-ability|p2a: Reshiram|Turboblaze
|move|p1a: Conkeldurr|Knock Off|p2a: Reshiram
|-damage|p2a: Reshiram|0 fnt
|-enditem|p2a: Reshiram|Heavy-Duty Boots|[from] move: Knock Off|[of] p1a: Conkeldurr
|faint|p2a: Reshiram
|
|upkeep
|
|t:|1614314275
|switch|p2a: Sigilyph|Sigilyph, L82, M|189/251
|turn|27
|
|t:|1614314281
|move|p1a: Conkeldurr|Mach Punch|p2a: Sigilyph
|-resisted|p2a: Sigilyph
|-damage|p2a: Sigilyph|174/251
|move|p2a: Sigilyph|Psychic|p1a: Conkeldurr
|-supereffective|p1a: Conkeldurr
|-damage|p1a: Conkeldurr|0 fnt
|faint|p1a: Conkeldurr
|
|upkeep
|
|t:|1614314296
|switch|p1a: Rhyperior|Rhyperior, L82, M|323/323
|turn|28
|
|t:|1614314311
|-start|p1a: Rhyperior|Dynamax
|-heal|p1a: Rhyperior|646/646|[silent]
|move|p2a: Sigilyph|Psychic|p1a: Rhyperior
|-damage|p1a: Rhyperior|456/646
|move|p1a: Rhyperior|Max Rockfall|p2a: Sigilyph
|-supereffective|p2a: Sigilyph
|-damage|p2a: Sigilyph|0 fnt
|-weather|Sandstorm
|faint|p2a: Sigilyph
|
|-weather|Sandstorm|[upkeep]
|upkeep
|
|t:|1614314321
|switch|p2a: Armaldo|Armaldo, L86, M|269/269
|turn|29
|j| Jelly cookie
|c|☆pokeblade☆101|hm
|
|t:|1614314347
|-start|p2a: Armaldo|Dynamax
|-heal|p2a: Armaldo|538/538|[silent]
|move|p2a: Armaldo|Max Guard|p2a: Armaldo
|-singleturn|p2a: Armaldo|Max Guard
|move|p1a: Rhyperior|Max Rockfall|p2a: Armaldo
|-activate|p2a: Armaldo|move: Max Guard
|
|-weather|Sandstorm|[upkeep]
|upkeep
|turn|30
|
|t:|1614314353
|move|p2a: Armaldo|Max Guard|p2a: Armaldo
|-singleturn|p2a: Armaldo|Max Guard
|move|p1a: Rhyperior|Max Rockfall|p2a: Armaldo
|-activate|p2a: Armaldo|move: Max Guard
|
|-weather|Sandstorm|[upkeep]
|-end|p1a: Rhyperior|Dynamax
|-heal|p1a: Rhyperior|228/323|[silent]
|upkeep
|turn|31
|c| theobserver21|nani
|
|t:|1614314368
|move|p2a: Armaldo|Max Geyser|p1a: Rhyperior
|-supereffective|p1a: Rhyperior
|-damage|p1a: Rhyperior|0 fnt
|-weather|RainDance
|faint|p1a: Rhyperior
|
|-weather|RainDance|[upkeep]
|-end|p2a: Armaldo|Dynamax
|-heal|p2a: Armaldo|269/269|[silent]
|upkeep
|
|t:|1614314371
|switch|p1a: Duraludon|Duraludon, L84, F|255/255
|turn|32
|
|t:|1614314377
|move|p2a: Armaldo|Earthquake|p1a: Duraludon
|-supereffective|p1a: Duraludon
|-damage|p1a: Duraludon|107/255
|move|p1a: Duraludon|Flash Cannon|p2a: Armaldo
|-supereffective|p2a: Armaldo
|-damage|p2a: Armaldo|57/269
|
|-weather|RainDance|[upkeep]
|upkeep
|turn|33
|
|t:|1614314381
|move|p2a: Armaldo|Earthquake|p1a: Duraludon
|-supereffective|p1a: Duraludon
|-crit|p1a: Duraludon
|-damage|p1a: Duraludon|0 fnt
|faint|p1a: Duraludon
|
|win|pokeblade☆101
|c|☆BoRida|gg
|l|☆BoRida
|c|☆pokeblade☆101|whew
|raw|BoRida's rating: 2464 &rarr; <strong>2441</strong><br />(-23 for losing)
|raw|pokeblade☆101's rating: 2413 &rarr; <strong>2436</strong><br />(+23 for winning)
|c|☆pokeblade☆101|gg
