|j|☆brofrfr
|j|☆Ignis7476
|t:|1685148821
|gametype|singles
|player|p1|brofrfr|n|1205
|player|p2|Ignis7476|silver|1156
|teamsize|p1|6
|teamsize|p2|6
|gen|8
|tier|[Gen 8] Random Battle
|rated|
|rule|Species Clause: Limit one of each Pokémon
|rule|HP Percentage Mod: HP is shown in percentages
|rule|Sleep Clause Mod: Limit one foe put to sleep
|
|t:|1685148821
|start
|switch|p1a: Stunfisk|Stunfisk, L84, M|320/320
|switch|p2a: Turtonator|Turtonator, L84, F|238/238
|turn|1
|inactive|Battle timer is ON: inactive players will automatically lose when time's up. (requested by brofrfr)
|
|t:|1685148837
|move|p2a: Turtonator|Shell Smash|p2a: Turtonator
|-unboost|p2a: Turtonator|def|1
|-unboost|p2a: Turtonator|spd|1
|-boost|p2a: Turtonator|atk|2
|-boost|p2a: Turtonator|spa|2
|-boost|p2a: Turtonator|spe|2
|-enditem|p2a: Turtonator|White Herb
|-clearnegativeboost|p2a: Turtonator|[silent]
|move|p1a: Stunfisk|Earth Power|p2a: Turtonator
|-supereffective|p2a: Turtonator
|-damage|p2a: Turtonator|56/238
|
|upkeep
|turn|2
|
|t:|1685148848
|move|p2a: Turtonator|Draco Meteor|p1a: Stunfisk
|-damage|p1a: Stunfisk|79/320
|-unboost|p2a: Turtonator|spa|2
|move|p1a: Stunfisk|Stealth Rock|p2a: Turtonator
|-sidestart|p2: Ignis7476|move: Stealth Rock
|
|-heal|p1a: Stunfisk|99/320|[from] item: Leftovers
|upkeep
|turn|3
|
|t:|1685148864
|switch|p1a: Mimikyu|Mimikyu, L76, F|209/209
|move|p2a: Turtonator|Draco Meteor|p1a: Mimikyu
|-immune|p1a: Mimikyu
|
|upkeep
|turn|4
|
|t:|1685148876
|move|p2a: Turtonator|Earthquake|p1a: Mimikyu
|-activate|p1a: Mimikyu|ability: Disguise
|-damage|p1a: Mimikyu|209/209
|detailschange|p1a: Mimikyu|Mimikyu-Busted, L76, F
|-damage|p1a: Mimikyu|183/209|[from] pokemon: Mimikyu-Busted
|move|p1a: Mimikyu|Play Rough|p2a: Turtonator
|-damage|p2a: Turtonator|0 fnt
|faint|p2a: Turtonator
|-damage|p1a: Mimikyu|163/209|[from] item: Life Orb
|
|upkeep
|
|t:|1685148906
|switch|p2a: Terrakion|Terrakion, L78|270/270
|-damage|p2a: Terrakion|254/270|[from] Stealth Rock
|turn|5
|inactive|brofrfr has 120 seconds left.
|
|t:|1685148938
|move|p2a: Terrakion|Earthquake|p1a: Mimikyu
|-damage|p1a: Mimikyu|38/209
|-damage|p2a: Terrakion|227/270|[from] item: Life Orb
|move|p1a: Mimikyu|Swords Dance|p1a: Mimikyu
|-boost|p1a: Mimikyu|atk|2
|
|upkeep
|turn|6
|inactive|brofrfr has 120 seconds left.
|
|t:|1685148958
|move|p2a: Terrakion|Earthquake|p1a: Mimikyu
|-damage|p1a: Mimikyu|0 fnt
|faint|p1a: Mimikyu
|-damage|p2a: Terrakion|200/270|[from] item: Life Orb
|
|upkeep
|
|t:|1685148964
|switch|p1a: Stunfisk|Stunfisk, L84, M|99/320
|turn|7
|
|t:|1685148970
|move|p2a: Terrakion|Earthquake|p1a: Stunfisk
|-supereffective|p1a: Stunfisk
|-damage|p1a: Stunfisk|0 fnt
|faint|p1a: Stunfisk
|-damage|p2a: Terrakion|173/270|[from] item: Life Orb
|
|upkeep
|
|t:|1685148977
|switch|p1a: Jynx|Jynx, L86, F|252/252
|turn|8
|
|t:|1685148988
|move|p2a: Terrakion|Close Combat|p1a: Jynx
|-damage|p1a: Jynx|0 fnt
|-unboost|p2a: Terrakion|def|1
|-unboost|p2a: Terrakion|spd|1
|faint|p1a: Jynx
|-damage|p2a: Terrakion|146/270|[from] item: Life Orb
|
|upkeep
|
|t:|1685148994
|switch|p1a: Indeedee|Indeedee, L83, M|235/235
|-fieldstart|move: Psychic Terrain|[from] ability: Psychic Surge|[of] p1a: Indeedee
|turn|9
|
|t:|1685149000
|move|p1a: Indeedee|Expanding Force|p2a: Terrakion
|-supereffective|p2a: Terrakion
|-damage|p2a: Terrakion|0 fnt
|faint|p2a: Terrakion
|
|upkeep
|
|t:|1685149020
|switch|p2a: Cherrim|Cherrim, L93, F|281/281
|-damage|p2a: Cherrim|246/281|[from] Stealth Rock
|turn|10
|
|t:|1685149027
|move|p2a: Cherrim|Pollen Puff|p1a: Indeedee
|-supereffective|p1a: Indeedee
|-damage|p1a: Indeedee|91/235
|move|p1a: Indeedee|Expanding Force|p2a: Cherrim
|-damage|p2a: Cherrim|71/281
|
|upkeep
|turn|11
|
|t:|1685149038
|move|p2a: Cherrim|Pollen Puff|p1a: Indeedee
|-supereffective|p1a: Indeedee
|-damage|p1a: Indeedee|0 fnt
|faint|p1a: Indeedee
|
|upkeep
|
|t:|1685149041
|switch|p1a: Armaldo|Armaldo, L86, F|269/269
|turn|12
|
|t:|1685149054
|move|p2a: Cherrim|Pollen Puff|p1a: Armaldo
|-damage|p1a: Armaldo|192/269
|move|p1a: Armaldo|Stone Edge|p2a: Cherrim
|-crit|p2a: Cherrim
|-damage|p2a: Cherrim|0 fnt
|faint|p2a: Cherrim
|
|upkeep
|
|t:|1685149059
|switch|p2a: Tapu Bulu|Tapu Bulu, L82|249/249
|-damage|p2a: Tapu Bulu|218/249|[from] Stealth Rock
|-fieldstart|move: Grassy Terrain|[from] ability: Grassy Surge|[of] p2a: Tapu Bulu
|turn|13
|
|t:|1685149072
|switch|p1a: Dragalge|Dragalge, L86, F|252/252
|move|p2a: Tapu Bulu|Wood Hammer|p1a: Dragalge
|-resisted|p1a: Dragalge
|-crit|p1a: Dragalge
|-damage|p1a: Dragalge|180/252
|-damage|p2a: Tapu Bulu|194/249|[from] Recoil
|
|-heal|p2a: Tapu Bulu|209/249|[from] Grassy Terrain
|-heal|p1a: Dragalge|195/252|[from] Grassy Terrain
|-heal|p1a: Dragalge|210/252|[from] item: Black Sludge
|upkeep
|turn|14
|
|t:|1685149090
|switch|p2a: Lycanroc|Lycanroc, L80, F|251/251
|-damage|p2a: Lycanroc|220/251|[from] Stealth Rock
|move|p1a: Dragalge|Sludge Wave|p2a: Lycanroc
|-resisted|p2a: Lycanroc
|-damage|p2a: Lycanroc|121/251
|
|-heal|p2a: Lycanroc|136/251|[from] Grassy Terrain
|-heal|p1a: Dragalge|225/252|[from] Grassy Terrain
|-heal|p1a: Dragalge|240/252|[from] item: Black Sludge
|upkeep
|turn|15
|
|t:|1685149097
|move|p2a: Lycanroc|Accelerock|p1a: Dragalge
|-damage|p1a: Dragalge|185/252
|-damage|p2a: Lycanroc|111/251|[from] item: Life Orb
|move|p1a: Dragalge|Focus Blast|p2a: Lycanroc
|-supereffective|p2a: Lycanroc
|-damage|p2a: Lycanroc|0 fnt
|faint|p2a: Lycanroc
|
|-heal|p1a: Dragalge|200/252|[from] Grassy Terrain
|-heal|p1a: Dragalge|215/252|[from] item: Black Sludge
|upkeep
|
|t:|1685149120
|switch|p2a: Alakazam|Alakazam, L78, F|214/214
|turn|16
|
|t:|1685149131
|switch|p1a: Armaldo|Armaldo, L86, F|192/269
|-start|p2a: Alakazam|Dynamax|
|-heal|p2a: Alakazam|428/428|[silent]
|move|p2a: Alakazam|Max Mindstorm|p1a: Armaldo
|-damage|p1a: Armaldo|32/269
|-fieldstart|move: Psychic Terrain
|
|upkeep
|turn|17
|
|t:|1685149141
|move|p2a: Alakazam|Max Knuckle|p1a: Armaldo
|-damage|p1a: Armaldo|14/269
|-boost|p2a: Alakazam|atk|1
|move|p1a: Armaldo|Earthquake|p2a: Alakazam
|-damage|p2a: Alakazam|280/428
|
|upkeep
|turn|18
|
|t:|1685149148
|move|p2a: Alakazam|Max Knuckle|p1a: Armaldo
|-damage|p1a: Armaldo|0 fnt
|-boost|p2a: Alakazam|atk|1
|faint|p1a: Armaldo
|
|upkeep
|
|t:|1685149157
|switch|p1a: Dragalge|Dragalge, L86, F|215/252
|-end|p2a: Alakazam|Dynamax
|-heal|p2a: Alakazam|140/214|[silent]
|turn|19
|
|t:|1685149165
|-start|p1a: Dragalge|Dynamax|
|-heal|p1a: Dragalge|430/504|[silent]
|move|p1a: Dragalge|Max Knuckle|p2a: Alakazam
|-resisted|p2a: Alakazam
|-damage|p2a: Alakazam|105/214
|-boost|p1a: Dragalge|atk|1
|move|p2a: Alakazam|Counter||[still]
|-fail|p2a: Alakazam
|
|-heal|p1a: Dragalge|445/504|[from] item: Black Sludge
|upkeep
|turn|20
|
|t:|1685149176
|move|p2a: Alakazam|Psychic|p1a: Dragalge
|-supereffective|p1a: Dragalge
|-damage|p1a: Dragalge|221/504
|move|p1a: Dragalge|Max Wyrmwind|p2a: Alakazam
|-damage|p2a: Alakazam|0 fnt
|faint|p2a: Alakazam
|
|-heal|p1a: Dragalge|236/504|[from] item: Black Sludge
|-fieldend|move: Psychic Terrain
|upkeep
|
|t:|1685149180
|switch|p2a: Tapu Bulu|Tapu Bulu, L82|209/249
|-damage|p2a: Tapu Bulu|178/249|[from] Stealth Rock
|-fieldstart|move: Grassy Terrain|[from] ability: Grassy Surge|[of] p2a: Tapu Bulu
|turn|21
|c|☆brofrfr|Who won?
|
|t:|1685149193
|move|p2a: Tapu Bulu|Swords Dance|p2a: Tapu Bulu
|-boost|p2a: Tapu Bulu|atk|2
|move|p1a: Dragalge|Max Ooze|p2a: Tapu Bulu
|-supereffective|p2a: Tapu Bulu
|-damage|p2a: Tapu Bulu|0 fnt
|-boost|p1a: Dragalge|spa|1
|faint|p2a: Tapu Bulu
|
|win|brofrfr
|raw|brofrfr's rating: 1205 &rarr; <strong>1226</strong><br />(+21 for winning)
|raw|Ignis7476's rating: 1156 &rarr; <strong>1135</strong><br />(-21 for losing)
