|j|☆Hilda2021
|j|☆lui 2022
|t:|1683815925
|gametype|singles
|player|p1|Hilda2021|hilda|
|player|p2|lui 2022|265|
|teamsize|p1|6
|teamsize|p2|6
|gen|8
|tier|[Gen 8] Random Battle
|rule|Species Clause: Limit one of each Pokémon
|rule|HP Percentage Mod: HP is shown in percentages
|rule|Sleep Clause Mod: Limit one foe put to sleep
|
|t:|1683815925
|start
|switch|p1a: Lunatone|Lunatone, L86|295/295
|switch|p2a: Relicanth|Relicanth, L86, M|312/312
|turn|1
|
|t:|1683815994
|-start|p2a: Relicanth|Dynamax|
|-heal|p2a: Relicanth|624/624|[silent]
|move|p1a: Lunatone|Nasty Plot|p1a: Lunatone
|-boost|p1a: Lunatone|spa|2
|move|p2a: Relicanth|Max Geyser|p1a: Lunatone
|-supereffective|p1a: Lunatone
|-damage|p1a: Lunatone|0 fnt
|-weather|RainDance
|faint|p1a: Lunatone
|
|-weather|RainDance|[upkeep]
|upkeep
|
|t:|1683816019
|switch|p1a: Celebi|Celebi, L82|298/298
|turn|2
|
|t:|1683816038
|move|p1a: Celebi|Giga Drain|p2a: Relicanth
|-supereffective|p2a: Relicanth
|-damage|p2a: Relicanth|260/624
|move|p2a: Relicanth|Max Rockfall|p1a: Celebi
|-damage|p1a: Celebi|163/298
|-weather|Sandstorm
|
|-weather|Sandstorm|[upkeep]
|-damage|p1a: Celebi|145/298|[from] Sandstorm
|-heal|p1a: Celebi|163/298|[from] item: Leftovers
|-heal|p2a: Relicanth|279/624|[from] item: Leftovers
|upkeep
|turn|3
|
|t:|1683816062
|-end|p2a: Relicanth|Dynamax
|-heal|p2a: Relicanth|140/312|[silent]
|switch|p2a: Malamar|Malamar, L80, M|269/269
|move|p1a: Celebi|Giga Drain|p2a: Malamar
|-damage|p2a: Malamar|182/269
|-heal|p1a: Celebi|207/298|[from] drain|[of] p2a: Malamar
|
|-weather|Sandstorm|[upkeep]
|-damage|p1a: Celebi|189/298|[from] Sandstorm
|-damage|p2a: Malamar|166/269|[from] Sandstorm
|-heal|p1a: Celebi|207/298|[from] item: Leftovers
|-heal|p2a: Malamar|182/269|[from] item: Leftovers
|upkeep
|turn|4
|
|t:|1683816101
|switch|p1a: Turtonator|Turtonator, L84, F|238/238
|move|p2a: Malamar|Knock Off|p1a: Turtonator
|-damage|p1a: Turtonator|171/238
|-enditem|p1a: Turtonator|White Herb|[from] move: Knock Off|[of] p2a: Malamar
|
|-weather|Sandstorm|[upkeep]
|-damage|p2a: Malamar|166/269|[from] Sandstorm
|-damage|p1a: Turtonator|157/238|[from] Sandstorm
|-heal|p2a: Malamar|182/269|[from] item: Leftovers
|upkeep
|turn|5
|
|t:|1683816182
|switch|p2a: Seismitoad|Seismitoad, L84, F|314/314
|move|p1a: Turtonator|Will-O-Wisp|p2a: Seismitoad
|-status|p2a: Seismitoad|brn
|
|-weather|Sandstorm|[upkeep]
|-damage|p1a: Turtonator|143/238|[from] Sandstorm
|-damage|p2a: Seismitoad|295/314 brn|[from] brn
|upkeep
|turn|6
|
|t:|1683816216
|switch|p1a: Celebi|Celebi, L82|207/298
|move|p2a: Seismitoad|Sludge Bomb|p1a: Celebi
|-supereffective|p1a: Celebi
|-damage|p1a: Celebi|74/298
|-damage|p2a: Seismitoad|264/314 brn|[from] item: Life Orb
|
|-weather|none
|-heal|p1a: Celebi|92/298|[from] item: Leftovers
|-damage|p2a: Seismitoad|245/314 brn|[from] brn
|upkeep
|turn|7
|
|t:|1683816241
|switch|p2a: Ho-Oh|Ho-Oh, L72|272/272
|move|p1a: Celebi|Giga Drain|p2a: Ho-Oh
|-resisted|p2a: Ho-Oh
|-damage|p2a: Ho-Oh|259/272
|-heal|p1a: Celebi|99/298|[from] drain|[of] p2a: Ho-Oh
|
|-heal|p1a: Celebi|117/298|[from] item: Leftovers
|upkeep
|turn|8
|
|t:|1683816255
|switch|p1a: Turtonator|Turtonator, L84, F|143/238
|move|p2a: Ho-Oh|Sacred Fire|p1a: Turtonator
|-resisted|p1a: Turtonator
|-damage|p1a: Turtonator|125/238
|
|upkeep
|turn|9
|
|t:|1683816264
|move|p2a: Ho-Oh|Toxic|p1a: Turtonator
|-status|p1a: Turtonator|tox
|move|p1a: Turtonator|Shell Smash|p1a: Turtonator
|-unboost|p1a: Turtonator|def|1
|-unboost|p1a: Turtonator|spd|1
|-boost|p1a: Turtonator|atk|2
|-boost|p1a: Turtonator|spa|2
|-boost|p1a: Turtonator|spe|2
|
|-damage|p1a: Turtonator|111/238 tox|[from] psn
|upkeep
|turn|10
|
|t:|1683816275
|move|p1a: Turtonator|Draco Meteor|p2a: Ho-Oh
|-damage|p2a: Ho-Oh|49/272
|-unboost|p1a: Turtonator|spa|2
|move|p2a: Ho-Oh|Brave Bird|p1a: Turtonator
|-damage|p1a: Turtonator|0 fnt
|faint|p1a: Turtonator
|-damage|p2a: Ho-Oh|12/272|[from] Recoil
|
|upkeep
|
|t:|1683816308
|switch|p1a: Celebi|Celebi, L82|117/298
|turn|11
|
|t:|1683816321
|move|p1a: Celebi|Psychic|p2a: Ho-Oh
|-damage|p2a: Ho-Oh|0 fnt
|faint|p2a: Ho-Oh
|
|-heal|p1a: Celebi|135/298|[from] item: Leftovers
|upkeep
|
|t:|1683816342
|switch|p2a: Malamar|Malamar, L80, M|182/269
|turn|12
|
|t:|1683816360
|move|p1a: Celebi|Giga Drain|p2a: Malamar
|-damage|p2a: Malamar|89/269
|-heal|p1a: Celebi|182/298|[from] drain|[of] p2a: Malamar
|move|p2a: Malamar|Superpower|p1a: Celebi
|-resisted|p1a: Celebi
|-damage|p1a: Celebi|148/298
|-boost|p2a: Malamar|atk|1
|-boost|p2a: Malamar|def|1
|
|-heal|p1a: Celebi|166/298|[from] item: Leftovers
|-heal|p2a: Malamar|105/269|[from] item: Leftovers
|upkeep
|turn|13
|
|t:|1683816380
|switch|p2a: Aromatisse|Aromatisse, L88, F|321/321
|move|p1a: Celebi|Giga Drain|p2a: Aromatisse
|-damage|p2a: Aromatisse|246/321
|-heal|p1a: Celebi|204/298|[from] drain|[of] p2a: Aromatisse
|
|-heal|p1a: Celebi|222/298|[from] item: Leftovers
|-heal|p2a: Aromatisse|266/321|[from] item: Leftovers
|upkeep
|turn|14
|
|t:|1683816392
|move|p1a: Celebi|Nasty Plot|p1a: Celebi
|-boost|p1a: Celebi|spa|2
|move|p2a: Aromatisse|Toxic|p1a: Celebi|[miss]
|-miss|p2a: Aromatisse|p1a: Celebi
|
|-heal|p1a: Celebi|240/298|[from] item: Leftovers
|-heal|p2a: Aromatisse|286/321|[from] item: Leftovers
|upkeep
|turn|15
|
|t:|1683816403
|move|p1a: Celebi|Psychic|p2a: Aromatisse
|-damage|p2a: Aromatisse|108/321
|move|p2a: Aromatisse|Toxic|p1a: Celebi
|-status|p1a: Celebi|tox
|
|-heal|p1a: Celebi|258/298 tox|[from] item: Leftovers
|-heal|p2a: Aromatisse|128/321|[from] item: Leftovers
|-damage|p1a: Celebi|240/298 tox|[from] psn
|upkeep
|turn|16
|
|t:|1683816414
|move|p2a: Aromatisse|Protect|p2a: Aromatisse
|-singleturn|p2a: Aromatisse|Protect
|move|p1a: Celebi|Giga Drain|p2a: Aromatisse
|-activate|p2a: Aromatisse|move: Protect
|
|-heal|p1a: Celebi|258/298 tox|[from] item: Leftovers
|-heal|p2a: Aromatisse|148/321|[from] item: Leftovers
|-damage|p1a: Celebi|222/298 tox|[from] psn
|upkeep
|turn|17
|
|t:|1683816425
|move|p2a: Aromatisse|Protect|p2a: Aromatisse
|-singleturn|p2a: Aromatisse|Protect
|move|p1a: Celebi|Giga Drain|p2a: Aromatisse
|-activate|p2a: Aromatisse|move: Protect
|
|-heal|p1a: Celebi|240/298 tox|[from] item: Leftovers
|-heal|p2a: Aromatisse|168/321|[from] item: Leftovers
|-damage|p1a: Celebi|186/298 tox|[from] psn
|upkeep
|turn|18
|
|t:|1683816442
|move|p2a: Aromatisse|Protect||[still]
|-fail|p2a: Aromatisse
|move|p1a: Celebi|Psychic|p2a: Aromatisse
|-damage|p2a: Aromatisse|0 fnt
|faint|p2a: Aromatisse
|
|-heal|p1a: Celebi|204/298 tox|[from] item: Leftovers
|-damage|p1a: Celebi|132/298 tox|[from] psn
|upkeep
|
|t:|1683816459
|switch|p2a: Cobalion|Cobalion, L78|270/270
|turn|19
|
|t:|1683816467
|-curestatus|p1a: Celebi|tox|[from] ability: Natural Cure
|switch|p1a: Sirfetch’d|Sirfetch’d, L82, F|236/236
|move|p2a: Cobalion|Close Combat|p1a: Sirfetch’d
|-damage|p1a: Sirfetch’d|142/236
|-unboost|p2a: Cobalion|def|1
|-unboost|p2a: Cobalion|spd|1
|
|upkeep
|turn|20
|
|t:|1683816492
|move|p2a: Cobalion|Close Combat|p1a: Sirfetch’d
|-damage|p1a: Sirfetch’d|34/236
|-unboost|p2a: Cobalion|def|1
|-unboost|p2a: Cobalion|spd|1
|move|p1a: Sirfetch’d|Close Combat|p2a: Cobalion
|-supereffective|p2a: Cobalion
|-damage|p2a: Cobalion|0 fnt
|-unboost|p1a: Sirfetch’d|def|1
|-unboost|p1a: Sirfetch’d|spd|1
|faint|p2a: Cobalion
|-damage|p1a: Sirfetch’d|11/236|[from] item: Life Orb
|
|upkeep
|
|t:|1683816509
|switch|p2a: Malamar|Malamar, L80, M|105/269
|turn|21
|
|t:|1683816518
|move|p2a: Malamar|Knock Off|p1a: Sirfetch’d
|-resisted|p1a: Sirfetch’d
|-damage|p1a: Sirfetch’d|0 fnt
|-enditem|p1a: Sirfetch’d|Life Orb|[from] move: Knock Off|[of] p2a: Malamar
|faint|p1a: Sirfetch’d
|
|-heal|p2a: Malamar|121/269|[from] item: Leftovers
|upkeep
|
|t:|1683816549
|switch|p1a: Gyarados|Gyarados, L76, M|269/269
|turn|22
|
|t:|1683816559
|-start|p1a: Gyarados|Dynamax|
|-heal|p1a: Gyarados|538/538|[silent]
|move|p1a: Gyarados|Max Geyser|p2a: Malamar
|-damage|p2a: Malamar|0 fnt
|-weather|RainDance
|faint|p2a: Malamar
|-ability|p1a: Gyarados|Moxie|boost
|-boost|p1a: Gyarados|atk|1
|
|-weather|RainDance|[upkeep]
|upkeep
|
|t:|1683816572
|switch|p2a: Relicanth|Relicanth, L86, M|140/312
|turn|23
|
|t:|1683816582
|move|p1a: Gyarados|Max Quake|p2a: Relicanth
|-supereffective|p2a: Relicanth
|-damage|p2a: Relicanth|0 fnt
|-boost|p1a: Gyarados|spd|1
|faint|p2a: Relicanth
|-ability|p1a: Gyarados|Moxie|boost
|-boost|p1a: Gyarados|atk|1
|
|-weather|RainDance|[upkeep]
|upkeep
|
|t:|1683816593
|switch|p2a: Seismitoad|Seismitoad, L84, F|245/314 brn
|turn|24
|
|t:|1683816599
|move|p2a: Seismitoad|Sludge Bomb|p1a: Gyarados
|-damage|p1a: Gyarados|485/538
|-status|p1a: Gyarados|psn
|-damage|p2a: Seismitoad|214/314 brn|[from] item: Life Orb
|move|p1a: Gyarados|Max Overgrowth|p2a: Seismitoad
|-supereffective|p2a: Seismitoad
|-damage|p2a: Seismitoad|0 fnt
|-fieldstart|move: Grassy Terrain
|faint|p2a: Seismitoad
|
|win|Hilda2021
