|j|☆Doomful
|j|☆Quoise
|t:|1685496015
|gametype|singles
|player|p1|Doomful|n-masters|
|player|p2|Quoise|bugcatcher-gen4dp|
|teamsize|p1|6
|teamsize|p2|6
|gen|8
|tier|[Gen 8] Random Battle
|rule|Species Clause: Limit one of each Pokémon
|rule|HP Percentage Mod: HP is shown in percentages
|rule|Sleep Clause Mod: Limit one foe put to sleep
|
|t:|1685496015
|start
|switch|p1a: Hitmontop|Hitmontop, L85, M|224/224
|switch|p2a: Zygarde|Zygarde, L70|267/267
|-ability|p1a: Hitmontop|Intimidate|boost
|-unboost|p2a: Zygarde|atk|1
|turn|1
|inactive|Battle timer is ON: inactive players will automatically lose when time's up. (requested by Quoise)
|inactive|Doomful also wants the timer to be on.
|c|☆Quoise|gl
|c|☆Doomful|u2
|
|t:|1685496044
|switch|p2a: Slowbro|Slowbro-Galar, L86, F|304/304
|move|p1a: Hitmontop|Close Combat|p2a: Slowbro
|-resisted|p2a: Slowbro
|-damage|p2a: Slowbro|273/304
|-unboost|p1a: Hitmontop|def|1
|-unboost|p1a: Hitmontop|spd|1
|
|upkeep
|turn|2
|
|t:|1685496062
|switch|p1a: Goodra|Goodra, L82, F|282/282
|move|p2a: Slowbro|Psychic|p1a: Goodra
|-damage|p1a: Goodra|183/282
|
|upkeep
|turn|3
|inactive|Quoise has 270 seconds left.
|
|t:|1685496104
|switch|p2a: Zarude|Zarude-Dada, L78|292/292
|move|p1a: Goodra|Draco Meteor|p2a: Zarude
|-damage|p2a: Zarude|157/292
|-unboost|p1a: Goodra|spa|2
|
|-heal|p2a: Zarude|175/292|[from] item: Leftovers
|upkeep
|turn|4
|
|t:|1685496118
|switch|p1a: Tangrowth|Tangrowth, L84, M|305/305
|move|p2a: Zarude|Power Whip|p1a: Tangrowth
|-resisted|p1a: Tangrowth
|-damage|p1a: Tangrowth|256/305
|-damage|p2a: Zarude|127/292|[from] item: Rocky Helmet|[of] p1a: Tangrowth
|
|-heal|p2a: Zarude|145/292|[from] item: Leftovers
|upkeep
|turn|5
|inactive|Quoise has 270 seconds left.
|
|t:|1685496130
|switch|p2a: Liepard|Liepard, L86, F|250/250
|move|p1a: Tangrowth|Knock Off|p2a: Liepard
|-resisted|p2a: Liepard
|-damage|p2a: Liepard|203/250
|-enditem|p2a: Liepard|Leftovers|[from] move: Knock Off|[of] p1a: Tangrowth
|
|upkeep
|turn|6
|inactive|Quoise has 270 seconds left.
|
|t:|1685496150
|move|p2a: Liepard|Knock Off|p1a: Tangrowth
|-damage|p1a: Tangrowth|181/305
|-damage|p2a: Liepard|162/250|[from] item: Rocky Helmet|[of] p1a: Tangrowth
|-enditem|p1a: Tangrowth|Rocky Helmet|[from] move: Knock Off|[of] p2a: Liepard
|move|p1a: Tangrowth|Leech Seed|p2a: Liepard
|-start|p2a: Liepard|move: Leech Seed
|
|-damage|p2a: Liepard|131/250|[from] Leech Seed|[of] p1a: Tangrowth
|-heal|p1a: Tangrowth|212/305|[silent]
|upkeep
|turn|7
|
|t:|1685496157
|switch|p2a: Slowbro|Slowbro-Galar, L86, F|304/304
|move|p1a: Tangrowth|Knock Off|p2a: Slowbro
|-supereffective|p2a: Slowbro
|-damage|p2a: Slowbro|178/304
|-enditem|p2a: Slowbro|Choice Specs|[from] move: Knock Off|[of] p1a: Tangrowth
|
|upkeep
|turn|8
|
|t:|1685496172
|switch|p1a: Regirock|Regirock, L85|275/275
|move|p2a: Slowbro|Shell Side Arm|p1a: Regirock|[anim] Shell Side Arm Special
|-resisted|p1a: Regirock
|-damage|p1a: Regirock|231/275
|-hint|Special Shell Side Arm
|
|upkeep
|turn|9
|
|t:|1685496184
|move|p1a: Regirock|Curse|p1a: Regirock
|-unboost|p1a: Regirock|spe|1
|-boost|p1a: Regirock|atk|1
|-boost|p1a: Regirock|def|1
|move|p2a: Slowbro|Trick|p1a: Regirock
|-activate|p2a: Slowbro|move: Trick|[of] p1a: Regirock
|-enditem|p1a: Regirock|Chesto Berry|[silent]|[from] move: Trick
|-item|p2a: Slowbro|Chesto Berry|[from] move: Trick
|
|upkeep
|turn|10
|
|t:|1685496194
|move|p2a: Slowbro|Psychic|p1a: Regirock
|-damage|p1a: Regirock|132/275
|move|p1a: Regirock|Rock Slide|p2a: Slowbro
|-damage|p2a: Slowbro|54/304
|
|upkeep
|turn|11
|
|t:|1685496202
|switch|p2a: Zygarde|Zygarde, L70|267/267
|move|p1a: Regirock|Rock Slide|p2a: Zygarde
|-resisted|p2a: Zygarde
|-damage|p2a: Zygarde|203/267
|
|-heal|p2a: Zygarde|219/267|[from] item: Leftovers
|upkeep
|turn|12
|
|t:|1685496207
|move|p2a: Zygarde|Dragon Dance|p2a: Zygarde
|-boost|p2a: Zygarde|atk|1
|-boost|p2a: Zygarde|spe|1
|move|p1a: Regirock|Curse|p1a: Regirock
|-unboost|p1a: Regirock|spe|1
|-boost|p1a: Regirock|atk|1
|-boost|p1a: Regirock|def|1
|
|-heal|p2a: Zygarde|235/267|[from] item: Leftovers
|upkeep
|turn|13
|
|t:|1685496212
|move|p2a: Zygarde|Thousand Arrows|p1a: Regirock
|-supereffective|p1a: Regirock
|-crit|p1a: Regirock
|-damage|p1a: Regirock|0 fnt
|faint|p1a: Regirock
|
|-heal|p2a: Zygarde|251/267|[from] item: Leftovers
|upkeep
|
|t:|1685496216
|switch|p1a: Whimsicott|Whimsicott, L84, M|238/238
|turn|14
|
|t:|1685496224
|switch|p2a: Slowbro|Slowbro-Galar, L86, F|155/304
|move|p1a: Whimsicott|Moonblast|p2a: Slowbro
|-resisted|p2a: Slowbro
|-damage|p2a: Slowbro|107/304
|
|upkeep
|turn|15
|
|t:|1685496234
|switch|p1a: Goodra|Goodra, L82, F|183/282
|move|p2a: Slowbro|Trick|p1a: Goodra
|-activate|p2a: Slowbro|move: Trick|[of] p1a: Goodra
|-item|p1a: Goodra|Chesto Berry|[from] move: Trick
|-item|p2a: Slowbro|Choice Scarf|[from] move: Trick
|
|upkeep
|turn|16
|
|t:|1685496248
|switch|p2a: Zarude|Zarude-Dada, L78|145/292
|move|p1a: Goodra|Draco Meteor|p2a: Zarude
|-damage|p2a: Zarude|7/292
|-unboost|p1a: Goodra|spa|2
|
|-heal|p2a: Zarude|25/292|[from] item: Leftovers
|upkeep
|turn|17
|
|t:|1685496254
|move|p2a: Zarude|Darkest Lariat|p1a: Goodra
|-damage|p1a: Goodra|60/282
|move|p1a: Goodra|Sludge Bomb|p2a: Zarude
|-supereffective|p2a: Zarude
|-damage|p2a: Zarude|0 fnt
|faint|p2a: Zarude
|
|upkeep
|
|t:|1685496262
|switch|p2a: Liepard|Liepard, L86, F|131/250
|turn|18
|
|t:|1685496266
|switch|p1a: Tangrowth|Tangrowth, L84, M|305/305
|move|p2a: Liepard|Play Rough|p1a: Tangrowth
|-damage|p1a: Tangrowth|257/305
|
|upkeep
|turn|19
|
|t:|1685496272
|move|p2a: Liepard|Copycat|p2a: Liepard
|move|p2a: Liepard|Play Rough|p1a: Tangrowth|[from]move: Copycat|[miss]
|-miss|p2a: Liepard|p1a: Tangrowth
|move|p1a: Tangrowth|Knock Off|p2a: Liepard
|-resisted|p2a: Liepard
|-damage|p2a: Liepard|97/250
|
|upkeep
|turn|20
|
|t:|1685496282
|move|p2a: Liepard|Encore|p1a: Tangrowth
|-start|p1a: Tangrowth|Encore
|move|p1a: Tangrowth|Knock Off|p2a: Liepard
|-resisted|p2a: Liepard
|-damage|p2a: Liepard|63/250
|
|upkeep
|turn|21
|
|t:|1685496285
|switch|p2a: Slowbro|Slowbro-Galar, L86, F|208/304
|move|p1a: Tangrowth|Knock Off|p2a: Slowbro
|-supereffective|p2a: Slowbro
|-damage|p2a: Slowbro|72/304
|-enditem|p2a: Slowbro|Choice Scarf|[from] move: Knock Off|[of] p1a: Tangrowth
|
|upkeep
|turn|22
|
|t:|1685496298
|switch|p2a: Liepard|Liepard, L86, F|63/250
|move|p1a: Tangrowth|Knock Off|p2a: Liepard
|-resisted|p2a: Liepard
|-damage|p2a: Liepard|28/250
|
|-end|p1a: Tangrowth|Encore
|upkeep
|turn|23
|
|t:|1685496305
|move|p2a: Liepard|Play Rough|p1a: Tangrowth
|-damage|p1a: Tangrowth|210/305
|move|p1a: Tangrowth|Giga Drain|p2a: Liepard
|-damage|p2a: Liepard|0 fnt
|-heal|p1a: Tangrowth|224/305|[from] drain|[of] p2a: Liepard
|faint|p2a: Liepard
|
|upkeep
|
|t:|1685496310
|switch|p2a: Glastrier|Glastrier, L82|298/298
|turn|24
|
|t:|1685496315
|move|p1a: Tangrowth|Leech Seed|p2a: Glastrier
|-start|p2a: Glastrier|move: Leech Seed
|move|p2a: Glastrier|Icicle Crash|p1a: Tangrowth|[miss]
|-miss|p2a: Glastrier|p1a: Tangrowth
|
|-damage|p2a: Glastrier|261/298|[from] Leech Seed|[of] p1a: Tangrowth
|-heal|p1a: Tangrowth|261/305|[silent]
|upkeep
|turn|25
|
|t:|1685496324
|switch|p1a: Hitmontop|Hitmontop, L85, M|224/224
|-ability|p1a: Hitmontop|Intimidate|boost
|-unboost|p2a: Glastrier|atk|1
|move|p2a: Glastrier|Icicle Crash|p1a: Hitmontop|[miss]
|-miss|p2a: Glastrier|p1a: Hitmontop
|
|-damage|p2a: Glastrier|224/298|[from] Leech Seed|[of] p1a: Hitmontop
|upkeep
|turn|26
|c|☆Doomful|mb
|
|t:|1685496331
|switch|p2a: Slowbro|Slowbro-Galar, L86, F|173/304
|move|p1a: Hitmontop|Earthquake|p2a: Slowbro
|-supereffective|p2a: Slowbro
|-damage|p2a: Slowbro|33/304
|
|upkeep
|turn|27
|
|t:|1685496346
|switch|p2a: Groudon|Groudon, L73|266/266
|-weather|SunnyDay|[from] ability: Drought|[of] p2a: Groudon
|move|p1a: Hitmontop|Earthquake|p2a: Groudon
|-damage|p2a: Groudon|212/266
|
|-weather|SunnyDay|[upkeep]
|-heal|p2a: Groudon|228/266|[from] item: Leftovers
|upkeep
|turn|28
|
|t:|1685496375
|switch|p1a: Goodra|Goodra, L82, F|60/282
|move|p2a: Groudon|Swords Dance|p2a: Groudon
|-boost|p2a: Groudon|atk|2
|
|-weather|SunnyDay|[upkeep]
|-heal|p2a: Groudon|244/266|[from] item: Leftovers
|upkeep
|turn|29
|
|t:|1685496383
|move|p1a: Goodra|Draco Meteor|p2a: Groudon
|-damage|p2a: Groudon|91/266
|-unboost|p1a: Goodra|spa|2
|move|p2a: Groudon|Heavy Slam|p1a: Goodra
|-damage|p1a: Goodra|0 fnt
|faint|p1a: Goodra
|
|-weather|SunnyDay|[upkeep]
|-heal|p2a: Groudon|107/266|[from] item: Leftovers
|upkeep
|inactive|Doomful has 270 seconds left.
|
|t:|1685496407
|switch|p1a: Hitmontop|Hitmontop, L85, M|224/224
|-ability|p1a: Hitmontop|Intimidate|boost
|-unboost|p2a: Groudon|atk|1
|turn|30
|inactive|Doomful has 270 seconds left.
|
|t:|1685496425
|move|p2a: Groudon|Precipice Blades|p1a: Hitmontop
|-damage|p1a: Hitmontop|23/224
|move|p1a: Hitmontop|Close Combat|p2a: Groudon
|-damage|p2a: Groudon|0 fnt
|-unboost|p1a: Hitmontop|def|1
|-unboost|p1a: Hitmontop|spd|1
|faint|p2a: Groudon
|
|-weather|SunnyDay|[upkeep]
|upkeep
|
|t:|1685496434
|switch|p2a: Zygarde|Zygarde, L70|251/267
|turn|31
|inactive|Doomful has 270 seconds left.
|
|t:|1685496444
|switch|p1a: Whimsicott|Whimsicott, L84, M|238/238
|move|p2a: Zygarde|Thousand Arrows|p1a: Whimsicott
|-resisted|p1a: Whimsicott
|-damage|p1a: Whimsicott|199/238
|
|-weather|none
|-heal|p1a: Whimsicott|213/238|[from] item: Leftovers
|-heal|p2a: Zygarde|267/267|[from] item: Leftovers
|upkeep
|turn|32
|
|t:|1685496450
|switch|p2a: Slowbro|Slowbro-Galar, L86, F|134/304
|move|p1a: Whimsicott|Moonblast|p2a: Slowbro
|-resisted|p2a: Slowbro
|-damage|p2a: Slowbro|87/304
|-unboost|p2a: Slowbro|spa|1
|
|-heal|p1a: Whimsicott|227/238|[from] item: Leftovers
|upkeep
|turn|33
|
|t:|1685496459
|switch|p1a: Hitmontop|Hitmontop, L85, M|23/224
|-ability|p1a: Hitmontop|Intimidate|boost
|-unboost|p2a: Slowbro|atk|1
|move|p2a: Slowbro|Trick|p1a: Hitmontop
|-activate|p2a: Slowbro|move: Trick|[of] p1a: Hitmontop
|-enditem|p1a: Hitmontop|Assault Vest|[silent]|[from] move: Trick
|-item|p2a: Slowbro|Assault Vest|[from] move: Trick
|
|upkeep
|turn|34
|
|t:|1685496466
|switch|p2a: Zygarde|Zygarde, L70|267/267
|move|p1a: Hitmontop|Earthquake|p2a: Zygarde
|-damage|p2a: Zygarde|194/267
|
|-heal|p2a: Zygarde|210/267|[from] item: Leftovers
|upkeep
|turn|35
|
|t:|1685496474
|switch|p2a: Slowbro|Slowbro-Galar, L86, F|188/304
|move|p1a: Hitmontop|Close Combat|p2a: Slowbro
|-resisted|p2a: Slowbro
|-damage|p2a: Slowbro|157/304
|-unboost|p1a: Hitmontop|def|1
|-unboost|p1a: Hitmontop|spd|1
|
|upkeep
|turn|36
|
|t:|1685496479
|move|p1a: Hitmontop|Earthquake|p2a: Slowbro
|-supereffective|p2a: Slowbro
|-damage|p2a: Slowbro|13/304
|move|p2a: Slowbro|Shell Side Arm|p1a: Hitmontop|[anim] Shell Side Arm Physical
|-damage|p1a: Hitmontop|0 fnt
|-hint|Physical Shell Side Arm
|faint|p1a: Hitmontop
|
|upkeep
|inactive|Doomful has 270 seconds left.
|
|t:|1685496538
|switch|p1a: Kingdra|Kingdra, L82, F|257/257
|turn|37
|
|t:|1685496554
|switch|p2a: Zygarde|Zygarde, L70|210/267
|-start|p1a: Kingdra|Dynamax|
|-heal|p1a: Kingdra|514/514|[silent]
|move|p1a: Kingdra|Max Geyser|p2a: Zygarde
|-damage|p2a: Zygarde|15/267
|-weather|RainDance
|-damage|p1a: Kingdra|489/514|[from] item: Life Orb
|
|-weather|RainDance|[upkeep]
|-heal|p2a: Zygarde|31/267|[from] item: Leftovers
|-activate|p2a: Zygarde|ability: Power Construct
|detailschange|p2a: Zygarde|Zygarde-Complete, L70
|-heal|p2a: Zygarde|182/418|[silent]
|upkeep
|turn|38
|
|t:|1685496571
|move|p1a: Kingdra|Max Wyrmwind|p2a: Zygarde
|-supereffective|p2a: Zygarde
|-damage|p2a: Zygarde|0 fnt
|faint|p2a: Zygarde
|-damage|p1a: Kingdra|464/514|[from] item: Life Orb
|
|-weather|RainDance|[upkeep]
|upkeep
|inactive|Quoise has 270 seconds left.
|
|t:|1685496588
|switch|p2a: Slowbro|Slowbro-Galar, L86, F|114/304
|turn|39
|
|t:|1685496593
|switch|p2a: Glastrier|Glastrier, L82|224/298
|move|p1a: Kingdra|Max Geyser|p2a: Glastrier
|-damage|p2a: Glastrier|2/298
|-damage|p1a: Kingdra|439/514|[from] item: Life Orb
|
|-weather|RainDance|[upkeep]
|upkeep
|-end|p1a: Kingdra|Dynamax
|-heal|p1a: Kingdra|220/257|[silent]
|turn|40
|inactive|Doomful has 270 seconds left.
|
|t:|1685496600
|move|p1a: Kingdra|Hurricane|p2a: Glastrier
|-damage|p2a: Glastrier|0 fnt
|faint|p2a: Glastrier
|-damage|p1a: Kingdra|195/257|[from] item: Life Orb
|
|-weather|RainDance|[upkeep]
|upkeep
|
|t:|1685496601
|switch|p2a: Slowbro|Slowbro-Galar, L86, F|215/304
|turn|41
|
|t:|1685496612
|switch|p1a: Whimsicott|Whimsicott, L84, M|227/238
|-start|p2a: Slowbro|Dynamax|
|-heal|p2a: Slowbro|430/608|[silent]
|move|p2a: Slowbro|Max Mindstorm|p1a: Whimsicott
|-crit|p1a: Whimsicott
|-damage|p1a: Whimsicott|0 fnt
|-fieldstart|move: Psychic Terrain
|faint|p1a: Whimsicott
|
|-weather|none
|upkeep
|
|t:|1685496615
|switch|p1a: Tangrowth|Tangrowth, L84, M|305/305
|turn|42
|
|t:|1685496618
|move|p1a: Tangrowth|Knock Off|p2a: Slowbro
|-supereffective|p2a: Slowbro
|-damage|p2a: Slowbro|310/608
|-enditem|p2a: Slowbro|Assault Vest|[from] move: Knock Off|[of] p1a: Tangrowth
|move|p2a: Slowbro|Max Ooze|p1a: Tangrowth
|-supereffective|p1a: Tangrowth
|-damage|p1a: Tangrowth|27/305
|-boost|p2a: Slowbro|spa|1
|
|upkeep
|turn|43
|
|t:|1685496624
|move|p1a: Tangrowth|Knock Off|p2a: Slowbro
|-supereffective|p2a: Slowbro
|-damage|p2a: Slowbro|222/608
|move|p2a: Slowbro|Max Flare|p1a: Tangrowth
|-supereffective|p1a: Tangrowth
|-damage|p1a: Tangrowth|0 fnt
|-weather|SunnyDay
|faint|p1a: Tangrowth
|
|-weather|SunnyDay|[upkeep]
|upkeep
|
|t:|1685496629
|switch|p1a: Kingdra|Kingdra, L82, F|195/257
|-end|p2a: Slowbro|Dynamax
|-heal|p2a: Slowbro|111/304|[silent]
|turn|44
|
|t:|1685496634
|move|p1a: Kingdra|Draco Meteor|p2a: Slowbro
|-damage|p2a: Slowbro|0 fnt
|-unboost|p1a: Kingdra|spa|2
|faint|p2a: Slowbro
|-damage|p1a: Kingdra|170/257|[from] item: Life Orb
|
|win|Doomful
|c|☆Doomful|gg
|c|☆Quoise|ggwp
|l|☆Quoise
|l|☆Doomful
|j|☆Doomful
|player|p1|Doomful|n-masters
