|j|☆cheshen璟
|j|☆bobochan
|t:|1685270943
|gametype|singles
|player|p1|cheshen璟|juan|
|player|p2|bobochan|#bobochan|
|teamsize|p1|9
|teamsize|p2|9
|gen|8
|tier|[Gen 8] Random Battle
|rated|Tournament battle
|rule|Species Clause: Limit one of each Pokémon
|rule|HP Percentage Mod: HP is shown in percentages
|rule|Sleep Clause Mod: Limit one foe put to sleep
|rule|Dynamax Clause: You cannot dynamax
|clearpoke
|poke|p1|Weavile, L50, F|
|poke|p1|Reuniclus, L50, M|
|poke|p1|Roserade, L50, M|
|poke|p1|Scolipede, L50, F|
|poke|p1|Greedent, L50, M|
|poke|p1|Darmanitan, L50, F|
|poke|p1|Appletun, L50, M|
|poke|p1|Carracosta, L50, F|
|poke|p1|Drednaw, L50, M|
|poke|p2|Gastrodon-East, L50, M|
|poke|p2|Magearna, L50|
|poke|p2|Mawile, L50, F|
|poke|p2|Seismitoad, L50, F|
|poke|p2|Tyranitar, L50, F|
|poke|p2|Venusaur, L50, F|
|poke|p2|Cloyster, L50, F|
|poke|p2|Salamence, L50, F|
|poke|p2|Mr. Mime, L50, F|
|teampreview|1
|j| Logic???(no)
|j| WyAk
|j| Muelsyse R.L.
|j| NATRAL♤离子音
|j| xiaoheizi114514
|j| shisheng
|j| YouXudu英雄
|j| Eevee with Surf
|j| tjxgdu
|j| Altomare's latias
|j| cocakk
|c|☆cheshen璟|我这边都是些啥啊
|c| cocakk|天助bobo也
|c| YouXudu英雄|bobo要赢啊
|c| Altomare's latias|我刚刚一堆火和岩打盖欧卡
|c|☆bobochan|尽力尽力
|
|t:|1685271048
|start
|switch|p1a: Darmanitan|Darmanitan, L50, F|191/191
|switch|p2a: Seismitoad|Seismitoad, L50, F|191/191
|turn|1
|
|t:|1685271066
|move|p1a: Darmanitan|Earthquake|p2a: Seismitoad
|-damage|p2a: Seismitoad|101/191
|-damage|p1a: Darmanitan|172/191|[from] item: Life Orb
|move|p2a: Seismitoad|Rain Dance|p2a: Seismitoad
|-weather|RainDance
|
|-weather|RainDance|[upkeep]
|upkeep
|turn|2
|c| Altomare's latias|这样选出来的，围攻会算上吗？
|
|t:|1685271073
|move|p2a: Seismitoad|Liquidation|p1a: Darmanitan
|-supereffective|p1a: Darmanitan
|-damage|p1a: Darmanitan|0 fnt
|faint|p1a: Darmanitan
|-damage|p2a: Seismitoad|82/191|[from] item: Life Orb
|
|win|bobochan
|n|☆cheshen璟|cheshen
|n|☆bobochan|bobochan
|n| Logic???(no)|logicno
|n| WyAk|wyak
|n| Muelsyse R.L.|muelsyserl
|n| NATRAL♤离子音|natral
|n| xiaoheizi114514|xiaoheizi114514
|n| shisheng|shisheng
|n| YouXudu英雄|youxudu
|n| Eevee with Surf|eeveewithsurf
|n| tjxgdu|tjxgdu
|n| Altomare's latias|altomareslatias
|n| cocakk|cocakk
