|j|☆zaraiz
|j|☆Doc freind
|inactive|Battle timer is ON: inactive players will automatically lose when time's up.
|t:|1685503889
|gametype|singles
|player|p1|zaraiz|red|
|player|p2|Doc freind|volkner|
|teamsize|p1|3
|teamsize|p2|3
|gen|8
|tier|[Gen 8] Random Battle
|rated|Tournament battle
|rule|Species Clause: Limit one of each Pokémon
|rule|HP Percentage Mod: HP is shown in percentages
|rule|Sleep Clause Mod: Limit one foe put to sleep
|clearpoke
|poke|p1|Druddigon, L84, M|
|poke|p1|Zeraora, L76|
|poke|p1|Golduck, L86, M|
|poke|p2|Volcanion, L80|
|poke|p2|Goodra, L82, F|
|poke|p2|Mr. Mime-Galar, L86, M|
|teampreview|1
|j|*Lady Monita
|inactive|Doc freind also wants the timer to be on.
|j| Lpoin
|inactive|zaraiz has 120 seconds left.
|inactive|Doc freind has 120 seconds left.
|
|t:|1685503927
|start
|switch|p1a: Zeraora|Zeraora, L76|259/259
|switch|p2a: Mr. Mime|Mr. Mime-Galar, L86, M|226/226
|turn|1
|j| Toondra
|inactive|zaraiz has 120 seconds left.
|inactive|zaraiz has 90 seconds left.
|c| Lpoin|gg
|inactive|zaraiz has 60 seconds left.
|
|t:|1685504036
|-start|p1a: Zeraora|Dynamax|
|-heal|p1a: Zeraora|518/518|[silent]
|-start|p2a: Mr. Mime|Dynamax|
|-heal|p2a: Mr. Mime|452/452|[silent]
|move|p1a: Zeraora|Max Flare|p2a: Mr. Mime
|-supereffective|p2a: Mr. Mime
|-damage|p2a: Mr. Mime|257/452
|-weather|SunnyDay
|-damage|p1a: Zeraora|493/518|[from] item: Life Orb
|move|p2a: Mr. Mime|Max Mindstorm|p1a: Zeraora
|-damage|p1a: Zeraora|337/518
|-fieldstart|move: Psychic Terrain
|
|-weather|SunnyDay|[upkeep]
|upkeep
|turn|2
|c|☆zaraiz|gg
|l| Lpoin
|
|t:|1685504059
|move|p1a: Zeraora|Max Flare|p2a: Mr. Mime
|-supereffective|p2a: Mr. Mime
|-damage|p2a: Mr. Mime|0 fnt
|faint|p2a: Mr. Mime
|-damage|p1a: Zeraora|312/518|[from] item: Life Orb
|
|win|zaraiz
|n|☆zaraiz|zaraiz
|n|☆Doc freind|docfreind
|n|*Lady Monita|ladymonita
|n| Toondra|toondra
