|j|☆Guoyanan
|j|☆ezws
|t:|1615718851
|player|p1|Guoyanan|sage|2440
|player|p2|ezws|youngster-gen4|2445
|teamsize|p1|6
|teamsize|p2|6
|gametype|singles
|gen|8
|tier|[Gen 8] Random Battle
|rated|
|rule|Species Clause: Limit one of each Pokémon
|rule|HP Percentage Mod: HP is shown in percentages
|rule|Sleep Clause Mod: Limit one foe put to sleep
|
|t:|1615718851
|start
|switch|p1a: Rhyperior|Rhyperior, L82, M|323/323
|switch|p2a: Magnezone|Magnezone, L84|255/255
|turn|1
|j| Installation07
|inactive|Battle timer is ON: inactive players will automatically lose when time's up. (requested by Guoyanan)
|
|t:|1615718902
|switch|p2a: Golisopod|Golisopod, L84, M|263/263
|move|p1a: Rhyperior|Earthquake|p2a: Golisopod
|-resisted|p2a: Golisopod
|-crit|p2a: Golisopod
|-damage|p2a: Golisopod|198/263
|
|upkeep
|turn|2
|
|t:|1615718929
|move|p2a: Golisopod|Liquidation|p1a: Rhyperior
|-supereffective|p1a: Rhyperior
|-damage|p1a: Rhyperior|0 fnt
|faint|p1a: Rhyperior
|
|upkeep
|
|t:|1615718937
|switch|p1a: Ho-Oh|Ho-Oh, L72|272/272
|turn|3
|
|t:|1615718946
|switch|p2a: Magnezone|Magnezone, L84|255/255
|move|p1a: Ho-Oh|Brave Bird|p2a: Magnezone
|-resisted|p2a: Magnezone
|-damage|p2a: Magnezone|233/255
|-damage|p1a: Ho-Oh|265/272|[from] Recoil
|
|upkeep
|turn|4
|
|t:|1615718951
|switch|p2a: Politoed|Politoed, L86, M|295/295
|-weather|RainDance|[from] ability: Drizzle|[of] p2a: Politoed
|move|p1a: Ho-Oh|Sacred Fire|p2a: Politoed
|-resisted|p2a: Politoed
|-damage|p2a: Politoed|269/295
|
|-weather|RainDance|[upkeep]
|-heal|p2a: Politoed|287/295|[from] item: Leftovers
|upkeep
|turn|5
|
|t:|1615718978
|move|p1a: Ho-Oh|Toxic|p2a: Politoed
|-status|p2a: Politoed|tox
|move|p2a: Politoed|Toxic|p1a: Ho-Oh
|-status|p1a: Ho-Oh|tox
|
|-weather|RainDance|[upkeep]
|-heal|p2a: Politoed|295/295 tox|[from] item: Leftovers
|-damage|p1a: Ho-Oh|248/272 tox|[from] psn
|-damage|p2a: Politoed|277/295 tox|[from] psn
|upkeep
|turn|6
|
|t:|1615718982
|switch|p1a: Sharpedo|Sharpedo, L82, M|249/249
|move|p2a: Politoed|Scald|p1a: Sharpedo
|-resisted|p1a: Sharpedo
|-damage|p1a: Sharpedo|145/249
|
|-weather|RainDance|[upkeep]
|-heal|p2a: Politoed|295/295 tox|[from] item: Leftovers
|-damage|p2a: Politoed|259/295 tox|[from] psn
|upkeep
|turn|7
|
|t:|1615718991
|move|p1a: Sharpedo|Crunch|p2a: Politoed
|-damage|p2a: Politoed|126/295 tox
|-damage|p1a: Sharpedo|121/249|[from] item: Life Orb
|move|p2a: Politoed|Scald|p1a: Sharpedo
|-resisted|p1a: Sharpedo
|-damage|p1a: Sharpedo|7/249
|
|-weather|RainDance|[upkeep]
|-heal|p2a: Politoed|144/295 tox|[from] item: Leftovers
|-damage|p2a: Politoed|90/295 tox|[from] psn
|-ability|p1a: Sharpedo|Speed Boost|boost
|-boost|p1a: Sharpedo|spe|1
|upkeep
|turn|8
|
|t:|1615719002
|switch|p2a: Golisopod|Golisopod, L84, M|198/263
|move|p1a: Sharpedo|Protect||[still]
|-fail|p1a: Sharpedo
|
|-weather|none
|-ability|p1a: Sharpedo|Speed Boost|boost
|-boost|p1a: Sharpedo|spe|1
|upkeep
|turn|9
|
|t:|1615719029
|move|p2a: Golisopod|Aqua Jet|p1a: Sharpedo
|-resisted|p1a: Sharpedo
|-damage|p1a: Sharpedo|0 fnt
|faint|p1a: Sharpedo
|
|upkeep
|
|t:|1615719032
|switch|p1a: Marshadow|Marshadow, L70|242/242
|turn|10
|inactive|ezws has 120 seconds left.
|
|t:|1615719054
|move|p2a: Golisopod|Aqua Jet|p1a: Marshadow
|-damage|p1a: Marshadow|136/242
|move|p1a: Marshadow|Bulk Up|p1a: Marshadow
|-boost|p1a: Marshadow|atk|1
|-boost|p1a: Marshadow|def|1
|
|upkeep
|turn|11
|
|t:|1615719059
|move|p2a: Golisopod|Aqua Jet|p1a: Marshadow
|-damage|p1a: Marshadow|64/242
|move|p1a: Marshadow|Spectral Thief|p2a: Golisopod
|-damage|p2a: Golisopod|80/263
|-activate|p2a: Golisopod|ability: Emergency Exit
|-damage|p1a: Marshadow|40/242|[from] item: Life Orb
|inactive|ezws has 120 seconds left.
|
|t:|1615719076
|switch|p2a: Magnezone|Magnezone, L84|233/255
|
|upkeep
|turn|12
|
|t:|1615719082
|move|p2a: Magnezone|Volt Switch|p1a: Marshadow
|-damage|p1a: Marshadow|0 fnt
|faint|p1a: Marshadow
|
|t:|1615719084
|switch|p2a: Politoed|Politoed, L86, M|90/295 tox
|-weather|RainDance|[from] ability: Drizzle|[of] p2a: Politoed
|
|-weather|RainDance|[upkeep]
|-heal|p2a: Politoed|108/295 tox|[from] item: Leftovers
|-damage|p2a: Politoed|90/295 tox|[from] psn
|upkeep
|
|t:|1615719091
|switch|p1a: Ho-Oh|Ho-Oh, L72|272/272 tox
|turn|13
|
|t:|1615719098
|switch|p2a: Magnezone|Magnezone, L84|233/255
|move|p1a: Ho-Oh|Brave Bird|p2a: Magnezone
|-resisted|p2a: Magnezone
|-damage|p2a: Magnezone|210/255
|-damage|p1a: Ho-Oh|264/272 tox|[from] Recoil
|
|-weather|RainDance|[upkeep]
|-damage|p1a: Ho-Oh|247/272 tox|[from] psn
|upkeep
|turn|14
|
|t:|1615719103
|move|p2a: Magnezone|Volt Switch|p1a: Ho-Oh
|-supereffective|p1a: Ho-Oh
|-damage|p1a: Ho-Oh|113/272 tox
|
|t:|1615719118
|switch|p2a: Dragapult|Dragapult, L78, F|265/265
|move|p1a: Ho-Oh|Sacred Fire|p2a: Dragapult
|-resisted|p2a: Dragapult
|-damage|p2a: Dragapult|238/265
|-status|p2a: Dragapult|brn
|
|-weather|RainDance|[upkeep]
|-damage|p2a: Dragapult|222/265 brn|[from] brn
|-damage|p1a: Ho-Oh|79/272 tox|[from] psn
|upkeep
|turn|15
|
|t:|1615719125
|move|p2a: Dragapult|Shadow Ball|p1a: Ho-Oh
|-damage|p1a: Ho-Oh|0 fnt
|faint|p1a: Ho-Oh
|
|-weather|RainDance|[upkeep]
|-damage|p2a: Dragapult|206/265 brn|[from] brn
|upkeep
|
|t:|1615719131
|switch|p1a: Machamp|Machamp, L82, F|282/282
|turn|16
|
|t:|1615719139
|move|p2a: Dragapult|Shadow Ball|p1a: Machamp
|-damage|p1a: Machamp|159/282
|move|p1a: Machamp|Knock Off|p2a: Dragapult
|-supereffective|p2a: Dragapult
|-damage|p2a: Dragapult|14/265 brn
|-enditem|p2a: Dragapult|Choice Specs|[from] move: Knock Off|[of] p1a: Machamp
|
|-weather|none
|-damage|p2a: Dragapult|0 fnt|[from] brn
|faint|p2a: Dragapult
|-status|p1a: Machamp|brn|[from] item: Flame Orb
|upkeep
|
|t:|1615719150
|switch|p2a: Mewtwo|Mewtwo, L72|272/272
|-ability|p2a: Mewtwo|Unnerve|p1: Guoyanan
|turn|17
|
|t:|1615719153
|switch|p1a: Jirachi|Jirachi, L80|291/291
|move|p2a: Mewtwo|Psystrike|p1a: Jirachi
|-resisted|p1a: Jirachi
|-damage|p1a: Jirachi|264/291
|
|-heal|p1a: Jirachi|282/291|[from] item: Leftovers
|upkeep
|turn|18
|
|t:|1615719159
|move|p2a: Mewtwo|Nasty Plot|p2a: Mewtwo
|-boost|p2a: Mewtwo|spa|2
|move|p1a: Jirachi|U-turn|p2a: Mewtwo
|-supereffective|p2a: Mewtwo
|-damage|p2a: Mewtwo|166/272
|
|t:|1615719163
|switch|p1a: Machamp|Machamp, L82, F|159/282 brn
|
|-heal|p2a: Mewtwo|183/272|[from] item: Leftovers
|-damage|p1a: Machamp|142/282 brn|[from] brn
|upkeep
|turn|19
|-message|Guoyanan forfeited.
|
|win|ezws
|raw|Guoyanan's rating: 2440 &rarr; <strong>2424</strong><br />(-16 for losing)
|raw|ezws's rating: 2445 &rarr; <strong>2461</strong><br />(+16 for winning)
|raw|Guoyanan's rating: 2440 &rarr; <strong>2421</strong><br />(-19 for losing)
|raw|ezws's rating: 2446 &rarr; <strong>2466</strong><br />(+20 for winning)
|l|☆Guoyanan
|c|☆ezws|wut
