|j|☆Sharath47
|j|☆hex1234
|t:|1684336150
|gametype|singles
|player|p1|Sharath47|266|
|player|p2|hex1234|red|
|teamsize|p1|6
|teamsize|p2|6
|gen|8
|tier|[Gen 8] Random Battle
|rule|Species Clause: Limit one of each Pokémon
|rule|HP Percentage Mod: HP is shown in percentages
|rule|Sleep Clause Mod: Limit one foe put to sleep
|
|t:|1684336150
|start
|switch|p1a: Aerodactyl|Aerodactyl, L82, F|265/265
|switch|p2a: Naganadel|Naganadel, L74|230/230
|-ability|p1a: Aerodactyl|Unnerve
|turn|1
|j| yukiii512
|j| PUNITH47
|
|t:|1684336244
|move|p1a: Aerodactyl|Earthquake|p2a: Naganadel
|-supereffective|p2a: Naganadel
|-damage|p2a: Naganadel|40/230
|move|p2a: Naganadel|Sludge Wave|p1a: Aerodactyl
|-resisted|p1a: Aerodactyl
|-damage|p1a: Aerodactyl|186/265
|-damage|p2a: Naganadel|17/230|[from] item: Life Orb
|
|upkeep
|turn|2
|
|t:|1684336261
|switch|p2a: Excadrill|Excadrill, L78, M|300/300
|move|p1a: Aerodactyl|Earthquake|p2a: Excadrill
|-supereffective|p2a: Excadrill
|-damage|p2a: Excadrill|102/300
|
|upkeep
|turn|3
|
|t:|1684336277
|move|p1a: Aerodactyl|Earthquake|p2a: Excadrill
|-supereffective|p2a: Excadrill
|-damage|p2a: Excadrill|0 fnt
|faint|p2a: Excadrill
|
|upkeep
|
|t:|1684336305
|switch|p2a: Throh|Throh, L86, M|347/347
|turn|4
|
|t:|1684336322
|move|p1a: Aerodactyl|Dual Wingbeat|p2a: Throh|[miss]
|-miss|p1a: Aerodactyl|p2a: Throh
|move|p2a: Throh|Circle Throw|p1a: Aerodactyl
|-crit|p1a: Aerodactyl
|-damage|p1a: Aerodactyl|63/265
|drag|p1a: Cherrim|Cherrim, L93, F|281/281
|
|upkeep
|turn|5
|
|t:|1684336380
|move|p1a: Cherrim|Petal Dance|p2a: Throh
|-damage|p2a: Throh|202/347
|move|p2a: Throh|Circle Throw|p1a: Cherrim
|-damage|p1a: Cherrim|206/281
|drag|p1a: Seismitoad|Seismitoad, L84, F|314/314
|
|-heal|p2a: Throh|223/347|[from] item: Leftovers
|upkeep
|turn|6
|
|t:|1684336448
|move|p1a: Seismitoad|Liquidation|p2a: Throh
|-damage|p2a: Throh|106/347
|-damage|p1a: Seismitoad|283/314|[from] item: Life Orb
|move|p2a: Throh|Circle Throw|p1a: Seismitoad
|-damage|p1a: Seismitoad|205/314
|drag|p1a: Jirachi|Jirachi, L79|288/288
|
|-heal|p2a: Throh|127/347|[from] item: Leftovers
|upkeep
|turn|7
|
|t:|1684336486
|move|p1a: Jirachi|Toxic|p2a: Throh
|-status|p2a: Throh|tox
|move|p2a: Throh|Circle Throw|p1a: Jirachi
|-damage|p1a: Jirachi|186/288
|drag|p1a: Exeggutor|Exeggutor-Alola, L87, M|307/307
|-item|p2a: Throh|Leftovers|[from] ability: Frisk|[of] p1a: Exeggutor|[identify]
|
|-heal|p2a: Throh|148/347 tox|[from] item: Leftovers
|-damage|p2a: Throh|127/347 tox|[from] psn
|upkeep
|turn|8
|
|t:|1684336524
|move|p1a: Exeggutor|Giga Drain|p2a: Throh
|-crit|p2a: Throh
|-damage|p2a: Throh|0 fnt
|faint|p2a: Throh
|
|upkeep
|
|t:|1684336540
|switch|p2a: Bewear|Bewear, L82, F|331/331
|turn|9
|
|t:|1684336573
|move|p2a: Bewear|Swords Dance|p2a: Bewear
|-boost|p2a: Bewear|atk|2
|move|p1a: Exeggutor|Giga Drain|p2a: Bewear
|-damage|p2a: Bewear|142/331
|
|upkeep
|turn|10
|
|t:|1684336611
|move|p2a: Bewear|Double-Edge|p1a: Exeggutor
|-damage|p1a: Exeggutor|0 fnt
|faint|p1a: Exeggutor
|-damage|p2a: Bewear|41/331|[from] Recoil
|-damage|p2a: Bewear|8/331|[from] item: Life Orb
|
|upkeep
|
|t:|1684336645
|switch|p1a: Cherrim|Cherrim, L93, F|206/281
|turn|11
|
|t:|1684336681
|move|p1a: Cherrim|Healing Wish|p1a: Cherrim
|faint|p1a: Cherrim
|move|p2a: Bewear|Darkest Lariat|p1: Cherrim|[notarget]
|-fail|p2a: Bewear
|
|upkeep
|
|t:|1684336760
|switch|p1a: Seismitoad|Seismitoad, L84, F|205/314
|-heal|p1a: Seismitoad|314/314|[from] move: Healing Wish
|turn|12
|
|t:|1684336827
|move|p1a: Seismitoad|Liquidation|p2a: Bewear
|-damage|p2a: Bewear|0 fnt
|faint|p2a: Bewear
|-damage|p1a: Seismitoad|283/314|[from] item: Life Orb
|
|upkeep
|l|☆hex1234
|player|p2|
|j|☆hex1234
|player|p2|hex1234|red
|
|t:|1684336900
|switch|p2a: Scyther|Scyther, L81, M|245/245
|turn|13
|
|t:|1684336985
|move|p2a: Scyther|Knock Off|p1a: Seismitoad
|-damage|p1a: Seismitoad|158/314
|-enditem|p1a: Seismitoad|Life Orb|[from] move: Knock Off|[of] p2a: Scyther
|move|p1a: Seismitoad|Rain Dance|p1a: Seismitoad
|-weather|RainDance
|
|-weather|RainDance|[upkeep]
|upkeep
|turn|14
|
|t:|1684336994
|move|p1a: Seismitoad|Liquidation|p2a: Scyther
|-damage|p2a: Scyther|94/245
|move|p2a: Scyther|Knock Off|p1a: Seismitoad
|-damage|p1a: Seismitoad|81/314
|
|-weather|RainDance|[upkeep]
|upkeep
|turn|15
|
|t:|1684337002
|move|p1a: Seismitoad|Liquidation|p2a: Scyther
|-crit|p2a: Scyther
|-damage|p2a: Scyther|0 fnt
|faint|p2a: Scyther
|
|-weather|RainDance|[upkeep]
|upkeep
|
|t:|1684337011
|switch|p2a: Dragapult|Dragapult, L78, F|265/265
|turn|16
|
|t:|1684337026
|move|p1a: Seismitoad|Earthquake|p2a: Dragapult
|-crit|p2a: Dragapult
|-damage|p2a: Dragapult|69/265
|move|p2a: Dragapult|Thunderbolt|p1a: Seismitoad
|-immune|p1a: Seismitoad
|
|-weather|RainDance|[upkeep]
|upkeep
|turn|17
|
|t:|1684337048
|-start|p2a: Dragapult|Dynamax|
|-heal|p2a: Dragapult|138/530|[silent]
|move|p1a: Seismitoad|Earthquake|p2a: Dragapult
|-damage|p2a: Dragapult|6/530
|move|p2a: Dragapult|Max Lightning|p1a: Seismitoad
|-immune|p1a: Seismitoad
|
|-weather|none
|upkeep
|turn|18
|
|t:|1684337089
|move|p2a: Dragapult|Max Phantasm|p1a: Seismitoad
|-damage|p1a: Seismitoad|0 fnt
|faint|p1a: Seismitoad
|
|upkeep
|
|t:|1684337168
|switch|p1a: Jirachi|Jirachi, L79|186/288
|turn|19
|
|t:|1684337190
|move|p2a: Dragapult|Max Lightning|p1a: Jirachi
|-damage|p1a: Jirachi|110/288
|-fieldstart|move: Electric Terrain
|move|p1a: Jirachi|Fire Punch|p2a: Dragapult
|-resisted|p2a: Dragapult
|-damage|p2a: Dragapult|0 fnt
|faint|p2a: Dragapult
|
|-heal|p1a: Jirachi|128/288|[from] item: Leftovers
|upkeep
|
|t:|1684337201
|switch|p2a: Naganadel|Naganadel, L74|17/230
|turn|20
|
|t:|1684337250
|switch|p1a: Tentacruel|Tentacruel, L84, F|272/272
|move|p2a: Naganadel|Fire Blast|p1a: Tentacruel
|-resisted|p1a: Tentacruel
|-damage|p1a: Tentacruel|237/272
|-damage|p2a: Naganadel|0 fnt|[from] item: Life Orb
|faint|p2a: Naganadel
|
|win|Sharath47
|l| yukiii512
|l|☆hex1234
