|j|☆zazzary
|j|☆Damm u captcha
|t:|1685296848
|gametype|singles
|player|p1|zazzary|170|
|player|p2|Damm u captcha|#teamskymin|
|teamsize|p1|6
|teamsize|p2|6
|gen|8
|tier|[Gen 8] Random Battle
|rule|Species Clause: Limit one of each Pokémon
|rule|HP Percentage Mod: HP is shown in percentages
|rule|Sleep Clause Mod: Limit one foe put to sleep
|
|t:|1685296848
|start
|switch|p1a: Cofagrigus|Cofagrigus, L86, M|240/240
|switch|p2a: Braviary|Braviary, L82, M|298/298
|turn|1
|inactive|Battle timer is ON: inactive players will automatically lose when time's up. (requested by zazzary)
|
|t:|1685296871
|move|p2a: Braviary|Brave Bird|p1a: Cofagrigus
|-damage|p1a: Cofagrigus|137/240
|-activate|p1a: Cofagrigus|ability: Mummy|Defiant|[of] p2a: Braviary
|-damage|p2a: Braviary|264/298|[from] Recoil
|move|p1a: Cofagrigus|Will-O-Wisp|p2a: Braviary
|-status|p2a: Braviary|brn
|
|-heal|p1a: Cofagrigus|152/240|[from] item: Leftovers
|-damage|p2a: Braviary|246/298 brn|[from] brn
|upkeep
|turn|2
|
|t:|1685296889
|switch|p2a: Vileplume|Vileplume, L84, M|263/263
|move|p1a: Cofagrigus|Shadow Ball|p2a: Vileplume
|-damage|p2a: Vileplume|179/263
|
|-heal|p2a: Vileplume|195/263|[from] item: Black Sludge
|-heal|p1a: Cofagrigus|167/240|[from] item: Leftovers
|upkeep
|turn|3
|
|t:|1685296898
|move|p2a: Vileplume|Aromatherapy|p2a: Vileplume
|-activate|p2a: Vileplume|move: Aromatherapy
|-curestatus|p2: Braviary|brn|[msg]
|move|p1a: Cofagrigus|Will-O-Wisp|p2a: Vileplume
|-status|p2a: Vileplume|brn
|
|-heal|p2a: Vileplume|211/263 brn|[from] item: Black Sludge
|-heal|p1a: Cofagrigus|182/240|[from] item: Leftovers
|-damage|p2a: Vileplume|195/263 brn|[from] brn
|upkeep
|turn|4
|
|t:|1685296915
|move|p2a: Vileplume|Sludge Bomb|p1a: Cofagrigus
|-resisted|p1a: Cofagrigus
|-damage|p1a: Cofagrigus|138/240
|move|p1a: Cofagrigus|Body Press|p2a: Vileplume
|-resisted|p2a: Vileplume
|-damage|p2a: Vileplume|155/263 brn
|
|-heal|p2a: Vileplume|171/263 brn|[from] item: Black Sludge
|-heal|p1a: Cofagrigus|153/240|[from] item: Leftovers
|-damage|p2a: Vileplume|155/263 brn|[from] brn
|upkeep
|turn|5
|
|t:|1685296928
|move|p2a: Vileplume|Giga Drain|p1a: Cofagrigus
|-damage|p1a: Cofagrigus|83/240
|-heal|p2a: Vileplume|190/263 brn|[from] drain|[of] p1a: Cofagrigus
|move|p1a: Cofagrigus|Shadow Ball|p2a: Vileplume
|-damage|p2a: Vileplume|96/263 brn
|
|-heal|p2a: Vileplume|112/263 brn|[from] item: Black Sludge
|-heal|p1a: Cofagrigus|98/240|[from] item: Leftovers
|-damage|p2a: Vileplume|96/263 brn|[from] brn
|upkeep
|turn|6
|
|t:|1685296939
|move|p2a: Vileplume|Strength Sap|p1a: Cofagrigus
|-unboost|p1a: Cofagrigus|atk|1
|-heal|p2a: Vileplume|187/263 brn
|move|p1a: Cofagrigus|Shadow Ball|p2a: Vileplume
|-damage|p2a: Vileplume|102/263 brn
|
|-heal|p2a: Vileplume|118/263 brn|[from] item: Black Sludge
|-heal|p1a: Cofagrigus|113/240|[from] item: Leftovers
|-damage|p2a: Vileplume|102/263 brn|[from] brn
|upkeep
|turn|7
|
|t:|1685296950
|switch|p2a: Braviary|Braviary, L82, M|246/298
|move|p1a: Cofagrigus|Shadow Ball|p2a: Braviary
|-immune|p2a: Braviary
|
|-heal|p1a: Cofagrigus|128/240|[from] item: Leftovers
|upkeep
|turn|8
|
|t:|1685296960
|move|p2a: Braviary|Brave Bird|p1a: Cofagrigus
|-damage|p1a: Cofagrigus|29/240
|-activate|p1a: Cofagrigus|ability: Mummy|Defiant|[of] p2a: Braviary
|-damage|p2a: Braviary|213/298|[from] Recoil
|move|p1a: Cofagrigus|Will-O-Wisp|p2a: Braviary|[miss]
|-miss|p1a: Cofagrigus|p2a: Braviary
|
|-heal|p1a: Cofagrigus|44/240|[from] item: Leftovers
|upkeep
|turn|9
|
|t:|1685296972
|move|p2a: Braviary|Brave Bird|p1a: Cofagrigus
|-damage|p1a: Cofagrigus|0 fnt
|faint|p1a: Cofagrigus
|-damage|p2a: Braviary|198/298|[from] Recoil
|
|upkeep
|
|t:|1685296979
|switch|p1a: Weezing|Weezing, L86, M|252/252
|turn|10
|
|t:|1685297002
|switch|p2a: Sigilyph|Sigilyph, L83, F|255/255
|move|p1a: Weezing|Toxic Spikes|p2a: Sigilyph
|-sidestart|p2: Damm u captcha|move: Toxic Spikes
|
|upkeep
|turn|11
|
|t:|1685297015
|move|p2a: Sigilyph|Psychic|p1a: Weezing
|-supereffective|p1a: Weezing
|-damage|p1a: Weezing|0 fnt
|faint|p1a: Weezing
|
|upkeep
|
|t:|1685297028
|switch|p1a: Cloyster|Cloyster, L80, M|211/211
|turn|12
|inactive|Damm u captcha has 270 seconds left.
|
|t:|1685297067
|move|p2a: Sigilyph|Energy Ball|p1a: Cloyster
|-supereffective|p1a: Cloyster
|-damage|p1a: Cloyster|0 fnt
|faint|p1a: Cloyster
|
|upkeep
|
|t:|1685297075
|switch|p1a: Darmanitan|Darmanitan-Galar, L78, M|291/291
|turn|13
|inactive|Damm u captcha has 270 seconds left.
|
|t:|1685297092
|move|p1a: Darmanitan|Icicle Crash|p2a: Sigilyph
|-supereffective|p2a: Sigilyph
|-damage|p2a: Sigilyph|0 fnt
|faint|p2a: Sigilyph
|
|upkeep
|
|t:|1685297096
|switch|p2a: Vileplume|Vileplume, L84, M|102/263 brn
|-sideend|p2: Damm u captcha|move: Toxic Spikes|[of] p2a: Vileplume
|turn|14
|
|t:|1685297099
|switch|p2a: Suicune|Suicune, L80|291/291
|-ability|p2a: Suicune|Pressure
|move|p1a: Darmanitan|Icicle Crash|p2a: Suicune
|-resisted|p2a: Suicune
|-damage|p2a: Suicune|220/291
|
|-heal|p2a: Suicune|238/291|[from] item: Leftovers
|upkeep
|turn|15
|
|t:|1685297115
|switch|p1a: Magearna|Magearna, L76|247/247
|move|p2a: Suicune|Scald|p1a: Magearna
|-damage|p1a: Magearna|175/247
|
|-heal|p2a: Suicune|256/291|[from] item: Leftovers
|-heal|p1a: Magearna|190/247|[from] item: Leftovers
|upkeep
|turn|16
|
|t:|1685297127
|move|p2a: Suicune|Calm Mind|p2a: Suicune
|-boost|p2a: Suicune|spa|1
|-boost|p2a: Suicune|spd|1
|move|p1a: Magearna|Calm Mind|p1a: Magearna
|-boost|p1a: Magearna|spa|1
|-boost|p1a: Magearna|spd|1
|
|-heal|p2a: Suicune|274/291|[from] item: Leftovers
|-heal|p1a: Magearna|205/247|[from] item: Leftovers
|upkeep
|turn|17
|
|t:|1685297136
|-start|p2a: Suicune|Dynamax|
|-heal|p2a: Suicune|548/582|[silent]
|move|p2a: Suicune|Max Geyser|p1a: Magearna
|-damage|p1a: Magearna|103/247
|-weather|RainDance
|move|p1a: Magearna|Agility|p1a: Magearna
|-boost|p1a: Magearna|spe|2
|
|-weather|RainDance|[upkeep]
|-heal|p1a: Magearna|118/247|[from] item: Leftovers
|-heal|p2a: Suicune|566/582|[from] item: Leftovers
|upkeep
|turn|18
|
|t:|1685297152
|move|p1a: Magearna|Flash Cannon|p2a: Suicune
|-resisted|p2a: Suicune
|-crit|p2a: Suicune
|-damage|p2a: Suicune|477/582
|move|p2a: Suicune|Max Geyser|p1a: Magearna
|-damage|p1a: Magearna|0 fnt
|faint|p1a: Magearna
|
|-weather|RainDance|[upkeep]
|-heal|p2a: Suicune|495/582|[from] item: Leftovers
|upkeep
|
|t:|1685297161
|switch|p1a: Raichu|Raichu-Alola, L84, F|238/238
|turn|19
|
|t:|1685297166
|move|p1a: Raichu|Thunderbolt|p2a: Suicune
|-supereffective|p2a: Suicune
|-damage|p2a: Suicune|327/582
|move|p2a: Suicune|Max Geyser|p1a: Raichu
|-damage|p1a: Raichu|0 fnt
|faint|p1a: Raichu
|
|-weather|RainDance|[upkeep]
|-heal|p2a: Suicune|345/582|[from] item: Leftovers
|upkeep
|
|t:|1685297174
|switch|p1a: Darmanitan|Darmanitan-Galar, L78, M|291/291
|-end|p2a: Suicune|Dynamax
|-heal|p2a: Suicune|173/291|[silent]
|turn|20
|
|t:|1685297183
|move|p1a: Darmanitan|Icicle Crash|p2a: Suicune
|-resisted|p2a: Suicune
|-damage|p2a: Suicune|102/291
|move|p2a: Suicune|Scald|p1a: Darmanitan
|-damage|p1a: Darmanitan|30/291
|
|-weather|RainDance|[upkeep]
|-heal|p2a: Suicune|120/291|[from] item: Leftovers
|upkeep
|turn|21
|
|t:|1685297191
|move|p1a: Darmanitan|Icicle Crash|p2a: Suicune
|-resisted|p2a: Suicune
|-damage|p2a: Suicune|57/291
|move|p2a: Suicune|Scald|p1a: Darmanitan
|-damage|p1a: Darmanitan|0 fnt
|faint|p1a: Darmanitan
|
|win|Damm u captcha
|c|☆Damm u captcha|gg
|c|☆zazzary|gg! Ready for round 2
|c|☆Damm u captcha|i'm
|l|☆zazzary
|l|☆Damm u captcha
|j|☆Damm u captcha
|player|p2|Damm u captcha|#teamskymin
