|j|☆odr
|j|☆MichaelderBeste2
|t:|1646463214
|gametype|singles
|player|p1|odr|may-gen3rs|2415
|player|p2|MichaelderBeste2|#splxiiiclassiest|2453
|teamsize|p1|6
|teamsize|p2|6
|gen|8
|tier|[Gen 8] Random Battle
|rated|
|rule|Species Clause: Limit one of each Pokémon
|rule|HP Percentage Mod: HP is shown in percentages
|rule|Sleep Clause Mod: Limit one foe put to sleep
|
|t:|1646463214
|start
|switch|p1a: Mawile|Mawile, L86, F|226/226
|switch|p2a: Arctovish|Arctovish, L86|295/295
|turn|1
|j| McWooster19
|j| JJ09LIE
|c| JJ09LIE|Jeez
|j| Crystal Lettuce
|
|t:|1646463261
|switch|p1a: Slowking|Slowking, L86, M|304/304
|move|p2a: Arctovish|Fishious Rend|p1a: Slowking
|-resisted|p1a: Slowking
|-damage|p1a: Slowking|166/304
|
|-heal|p1a: Slowking|185/304|[from] item: Leftovers
|upkeep
|turn|2
|
|t:|1646463269
|move|p2a: Arctovish|Fishious Rend|p1a: Slowking
|-resisted|p1a: Slowking
|-damage|p1a: Slowking|36/304
|move|p1a: Slowking|Slack Off|p1a: Slowking
|-heal|p1a: Slowking|188/304
|
|-heal|p1a: Slowking|207/304|[from] item: Leftovers
|upkeep
|turn|3
|
|t:|1646463272
|move|p2a: Arctovish|Fishious Rend|p1a: Slowking
|-resisted|p1a: Slowking
|-damage|p1a: Slowking|58/304
|move|p1a: Slowking|Slack Off|p1a: Slowking
|-heal|p1a: Slowking|210/304
|
|-heal|p1a: Slowking|229/304|[from] item: Leftovers
|upkeep
|turn|4
|c| JJ09LIE|Wtf the top 2 and 3 ppl
|
|t:|1646463278
|switch|p2a: Raichu|Raichu-Alola, L84, F|238/238
|move|p1a: Slowking|Slack Off|p1a: Slowking
|-heal|p1a: Slowking|304/304
|
|upkeep
|turn|5
|
|t:|1646463285
|switch|p1a: Palossand|Palossand, L86, F|286/286
|move|p2a: Raichu|Thunderbolt|p1a: Palossand
|-immune|p1a: Palossand
|
|upkeep
|turn|6
|
|t:|1646463297
|switch|p2a: Thundurus|Thundurus, L80, M|258/258
|move|p1a: Palossand|Toxic|p2a: Thundurus
|-status|p2a: Thundurus|tox
|
|-damage|p2a: Thundurus|242/258 tox|[from] psn
|upkeep
|turn|7
|
|t:|1646463324
|switch|p1a: Zekrom|Zekrom, L69|252/252
|-ability|p1a: Zekrom|Teravolt
|move|p2a: Thundurus|Grass Knot|p1a: Zekrom
|-resisted|p1a: Zekrom
|-damage|p1a: Zekrom|204/252
|
|-damage|p2a: Thundurus|210/258 tox|[from] psn
|upkeep
|turn|8
|
|t:|1646463331
|switch|p2a: Sylveon|Sylveon, L84, F|297/297
|move|p1a: Zekrom|Bolt Strike|p2a: Sylveon
|-damage|p2a: Sylveon|135/297
|
|-heal|p2a: Sylveon|153/297|[from] item: Leftovers
|upkeep
|turn|9
|
|t:|1646463350
|move|p1a: Zekrom|Bolt Strike|p2a: Sylveon|[miss]
|-miss|p1a: Zekrom|p2a: Sylveon
|move|p2a: Sylveon|Hyper Voice|p1a: Zekrom
|-supereffective|p1a: Zekrom
|-damage|p1a: Zekrom|0 fnt
|faint|p1a: Zekrom
|
|-heal|p2a: Sylveon|171/297|[from] item: Leftovers
|upkeep
|
|t:|1646463357
|switch|p1a: Mawile|Mawile, L86, F|226/226
|turn|10
|
|t:|1646463384
|switch|p2a: Thundurus|Thundurus, L80, M|210/258 tox
|move|p1a: Mawile|Play Rough|p2a: Thundurus|[miss]
|-miss|p1a: Mawile|p2a: Thundurus
|
|-damage|p2a: Thundurus|194/258 tox|[from] psn
|upkeep
|turn|11
|
|t:|1646463408
|move|p2a: Thundurus|Thunderbolt|p1a: Mawile
|-damage|p1a: Mawile|85/226
|move|p1a: Mawile|Play Rough|p2a: Thundurus
|-damage|p2a: Thundurus|0 fnt
|faint|p2a: Thundurus
|
|upkeep
|
|t:|1646463459
|switch|p2a: Arctovish|Arctovish, L86|295/295
|turn|12
|
|t:|1646463463
|switch|p1a: Slowking|Slowking, L86, M|304/304
|move|p2a: Arctovish|Fishious Rend|p1a: Slowking
|-resisted|p1a: Slowking
|-damage|p1a: Slowking|169/304
|
|-heal|p1a: Slowking|188/304|[from] item: Leftovers
|upkeep
|turn|13
|
|t:|1646463473
|switch|p2a: Raichu|Raichu-Alola, L84, F|238/238
|move|p1a: Slowking|Teleport|p1a: Slowking
|
|t:|1646463480
|switch|p1a: Palossand|Palossand, L86, F|286/286
|
|upkeep
|turn|14
|
|t:|1646463487
|switch|p2a: Sylveon|Sylveon, L84, F|171/297
|move|p1a: Palossand|Earth Power|p2a: Sylveon
|-damage|p2a: Sylveon|89/297
|
|-heal|p2a: Sylveon|107/297|[from] item: Leftovers
|upkeep
|turn|15
|
|t:|1646463501
|move|p2a: Sylveon|Wish|p2a: Sylveon
|move|p1a: Palossand|Toxic|p2a: Sylveon
|-status|p2a: Sylveon|tox
|
|-heal|p2a: Sylveon|125/297 tox|[from] item: Leftovers
|-damage|p2a: Sylveon|107/297 tox|[from] psn
|upkeep
|turn|16
|
|t:|1646463507
|switch|p1a: Slowking|Slowking, L86, M|289/304
|move|p2a: Sylveon|Calm Mind|p2a: Sylveon
|-boost|p2a: Sylveon|spa|1
|-boost|p2a: Sylveon|spd|1
|
|-heal|p2a: Sylveon|255/297 tox|[from] move: Wish|[wisher] Sylveon
|-heal|p2a: Sylveon|273/297 tox|[from] item: Leftovers
|-heal|p1a: Slowking|304/304|[from] item: Leftovers
|-damage|p2a: Sylveon|237/297 tox|[from] psn
|upkeep
|turn|17
|
|t:|1646463517
|move|p2a: Sylveon|Calm Mind|p2a: Sylveon
|-boost|p2a: Sylveon|spa|1
|-boost|p2a: Sylveon|spd|1
|move|p1a: Slowking|Scald|p2a: Sylveon
|-damage|p2a: Sylveon|203/297 tox
|
|-heal|p2a: Sylveon|221/297 tox|[from] item: Leftovers
|-damage|p2a: Sylveon|167/297 tox|[from] psn
|upkeep
|turn|18
|
|t:|1646463521
|move|p2a: Sylveon|Hyper Voice|p1a: Slowking
|-damage|p1a: Slowking|88/304
|move|p1a: Slowking|Slack Off|p1a: Slowking
|-heal|p1a: Slowking|240/304
|
|-heal|p2a: Sylveon|185/297 tox|[from] item: Leftovers
|-heal|p1a: Slowking|259/304|[from] item: Leftovers
|-damage|p2a: Sylveon|113/297 tox|[from] psn
|upkeep
|turn|19
|
|t:|1646463539
|move|p2a: Sylveon|Hyper Voice|p1a: Slowking
|-damage|p1a: Slowking|51/304
|move|p1a: Slowking|Slack Off|p1a: Slowking
|-heal|p1a: Slowking|203/304
|
|-heal|p2a: Sylveon|131/297 tox|[from] item: Leftovers
|-heal|p1a: Slowking|222/304|[from] item: Leftovers
|-damage|p2a: Sylveon|41/297 tox|[from] psn
|upkeep
|turn|20
|
|t:|1646463574
|move|p2a: Sylveon|Hyper Voice|p1a: Slowking
|-damage|p1a: Slowking|15/304
|move|p1a: Slowking|Slack Off|p1a: Slowking
|-heal|p1a: Slowking|167/304
|
|-heal|p2a: Sylveon|59/297 tox|[from] item: Leftovers
|-heal|p1a: Slowking|186/304|[from] item: Leftovers
|-damage|p2a: Sylveon|0 fnt|[from] psn
|faint|p2a: Sylveon
|upkeep
|
|t:|1646463591
|switch|p2a: Raichu|Raichu-Alola, L84, F|238/238
|turn|21
|
|t:|1646463601
|switch|p1a: Mawile|Mawile, L86, F|85/226
|move|p2a: Raichu|Nasty Plot|p2a: Raichu
|-boost|p2a: Raichu|spa|2
|
|upkeep
|turn|22
|
|t:|1646463609
|-start|p2a: Raichu|Dynamax
|-heal|p2a: Raichu|476/476|[silent]
|move|p1a: Mawile|Sucker Punch|p2a: Raichu
|-supereffective|p2a: Raichu
|-damage|p2a: Raichu|297/476
|-damage|p1a: Mawile|63/226|[from] item: Life Orb
|move|p2a: Raichu|Max Mindstorm|p1a: Mawile
|-resisted|p1a: Mawile
|-damage|p1a: Mawile|0 fnt
|-fieldstart|move: Psychic Terrain
|faint|p1a: Mawile
|-damage|p2a: Raichu|274/476|[from] item: Life Orb
|
|upkeep
|
|t:|1646463670
|switch|p1a: Blaziken|Blaziken, L76, F|247/247
|turn|23
|
|t:|1646463717
|-end|p2a: Raichu|Dynamax
|-heal|p2a: Raichu|137/238|[silent]
|switch|p2a: Rapidash|Rapidash-Galar, L84, F|246/246
|switch|p1a: Palossand|Palossand, L86, F|286/286
|
|upkeep
|turn|24
|
|t:|1646463731
|move|p2a: Rapidash|Zen Headbutt|p1a: Palossand
|-damage|p1a: Palossand|160/286
|-damage|p2a: Rapidash|222/246|[from] item: Life Orb
|move|p1a: Palossand|Shadow Ball|p2a: Rapidash
|-supereffective|p2a: Rapidash
|-damage|p2a: Rapidash|42/246
|
|-heal|p1a: Palossand|177/286|[from] item: Leftovers
|upkeep
|turn|25
|
|t:|1646463736
|move|p2a: Rapidash|Zen Headbutt|p1a: Palossand
|-damage|p1a: Palossand|55/286
|-damage|p2a: Rapidash|18/246|[from] item: Life Orb
|move|p1a: Palossand|Shadow Ball|p2a: Rapidash
|-supereffective|p2a: Rapidash
|-damage|p2a: Rapidash|0 fnt
|faint|p2a: Rapidash
|
|-heal|p1a: Palossand|72/286|[from] item: Leftovers
|upkeep
|
|t:|1646463753
|switch|p2a: Raichu|Raichu-Alola, L84, F|137/238
|turn|26
|
|t:|1646463761
|move|p2a: Raichu|Psyshock|p1a: Palossand
|-damage|p1a: Palossand|0 fnt
|faint|p1a: Palossand
|-damage|p2a: Raichu|114/238|[from] item: Life Orb
|
|-fieldend|move: Psychic Terrain
|upkeep
|c|☆odr|bruh if i teleport to blaziken do i get a speed boost
|c|☆odr|idk how it works
|c|☆odr|man
|
|t:|1646463886
|switch|p1a: Blaziken|Blaziken, L76, F|247/247
|turn|27
|c|☆MichaelderBeste2|you are cb
|l| JJ09LIE
|c|☆MichaelderBeste2|if I just stayed with raichu
|j| Brodlee
|j| JJ09LIE
|
|t:|1646463943
|-start|p1a: Blaziken|Dynamax
|-heal|p1a: Blaziken|494/494|[silent]
|move|p1a: Blaziken|Max Guard|p1a: Blaziken
|-singleturn|p1a: Blaziken|Max Guard
|move|p2a: Raichu|Psyshock|p1a: Blaziken
|-activate|p1a: Blaziken|move: Max Guard
|
|-ability|p1a: Blaziken|Speed Boost|boost
|-boost|p1a: Blaziken|spe|1
|upkeep
|turn|28
|c|☆MichaelderBeste2|you are not
|c| Crystal Lettuce|he was not cb
|c|☆MichaelderBeste2|rip
|
|t:|1646463975
|move|p1a: Blaziken|Max Flare|p2a: Raichu
|-damage|p2a: Raichu|0 fnt
|-weather|SunnyDay
|faint|p2a: Raichu
|-damage|p1a: Blaziken|470/494|[from] item: Life Orb
|
|-weather|SunnyDay|[upkeep]
|-ability|p1a: Blaziken|Speed Boost|boost
|-boost|p1a: Blaziken|spe|1
|upkeep
|
|t:|1646463978
|switch|p2a: Zygarde|Zygarde, L70|267/267
|turn|29
|j| Moth on fire
|c|☆odr|my max flare didnt guarantee kill you in dyna so i wanted to waste another turn
|l| JJ09LIE
|
|t:|1646464000
|move|p1a: Blaziken|Max Knuckle|p2a: Zygarde
|-damage|p2a: Zygarde|153/267
|-boost|p1a: Blaziken|atk|1
|-damage|p1a: Blaziken|446/494|[from] item: Life Orb
|move|p2a: Zygarde|Substitute|p2a: Zygarde
|-start|p2a: Zygarde|Substitute
|-damage|p2a: Zygarde|87/267
|
|-weather|SunnyDay|[upkeep]
|-heal|p2a: Zygarde|103/267|[from] item: Leftovers
|-ability|p1a: Blaziken|Speed Boost|boost
|-boost|p1a: Blaziken|spe|1
|-activate|p2a: Zygarde|ability: Power Construct
|detailschange|p2a: Zygarde|Zygarde-Complete, L70
|-heal|p2a: Zygarde|254/418|[silent]
|-end|p1a: Blaziken|Dynamax
|-heal|p1a: Blaziken|223/247|[silent]
|upkeep
|turn|30
|
|t:|1646464011
|move|p1a: Blaziken|Flare Blitz|p2a: Zygarde
|-resisted|p2a: Zygarde
|-end|p2a: Zygarde|Substitute
|-damage|p1a: Blaziken|201/247|[from] Recoil|[of] p2a: Zygarde
|-damage|p1a: Blaziken|177/247|[from] item: Life Orb
|move|p2a: Zygarde|Thousand Arrows|p1a: Blaziken
|-supereffective|p1a: Blaziken
|-damage|p1a: Blaziken|1/247
|
|-weather|SunnyDay|[upkeep]
|-heal|p2a: Zygarde|280/418|[from] item: Leftovers
|-ability|p1a: Blaziken|Speed Boost|boost
|-boost|p1a: Blaziken|spe|1
|upkeep
|turn|31
|
|t:|1646464018
|switch|p2a: Arctovish|Arctovish, L86|295/295
|move|p1a: Blaziken|Close Combat|p2a: Arctovish
|-supereffective|p2a: Arctovish
|-damage|p2a: Arctovish|0 fnt
|-unboost|p1a: Blaziken|def|1
|-unboost|p1a: Blaziken|spd|1
|faint|p2a: Arctovish
|-damage|p1a: Blaziken|0 fnt|[from] item: Life Orb
|faint|p1a: Blaziken
|
|-weather|SunnyDay|[upkeep]
|upkeep
|
|t:|1646464022
|switch|p1a: Mewtwo|Mewtwo, L72|272/272
|switch|p2a: Zygarde|Zygarde-Complete, L70|280/418
|-ability|p1a: Mewtwo|Unnerve
|turn|32
|
|t:|1646464028
|move|p1a: Mewtwo|Nasty Plot|p1a: Mewtwo
|-boost|p1a: Mewtwo|spa|2
|move|p2a: Zygarde|Dragon Dance|p2a: Zygarde
|-boost|p2a: Zygarde|atk|1
|-boost|p2a: Zygarde|spe|1
|
|-weather|none
|-heal|p2a: Zygarde|306/418|[from] item: Leftovers
|upkeep
|turn|33
|j| JJ09LIE
|
|t:|1646464046
|move|p2a: Zygarde|Outrage|p1a: Mewtwo
|-damage|p1a: Mewtwo|118/272
|move|p1a: Mewtwo|Psystrike|p2a: Zygarde
|-damage|p2a: Zygarde|89/418
|
|-heal|p2a: Zygarde|115/418|[from] item: Leftovers
|-heal|p1a: Mewtwo|135/272|[from] item: Leftovers
|upkeep
|turn|34
|
|t:|1646464056
|move|p2a: Zygarde|Outrage|p1a: Mewtwo|[from]lockedmove
|-damage|p1a: Mewtwo|0 fnt
|faint|p1a: Mewtwo
|-start|p2a: Zygarde|confusion|[fatigue]
|
|-heal|p2a: Zygarde|141/418|[from] item: Leftovers
|upkeep
|
|t:|1646464059
|switch|p1a: Slowking|Slowking, L86, M|287/304
|turn|35
|l| Brodlee
|
|t:|1646464069
|-activate|p2a: Zygarde|confusion
|move|p2a: Zygarde|Substitute|p2a: Zygarde
|-start|p2a: Zygarde|Substitute
|-damage|p2a: Zygarde|37/418
|move|p1a: Slowking|Scald|p2a: Zygarde
|-activate|p2a: Zygarde|move: Substitute|[damage]
|
|-heal|p2a: Zygarde|63/418|[from] item: Leftovers
|-heal|p1a: Slowking|304/304|[from] item: Leftovers
|upkeep
|turn|36
|l| JJ09LIE
|
|t:|1646464081
|-end|p2a: Zygarde|confusion
|move|p2a: Zygarde|Outrage|p1a: Slowking
|-damage|p1a: Slowking|160/304
|move|p1a: Slowking|Scald|p2a: Zygarde
|-end|p2a: Zygarde|Substitute
|
|-heal|p2a: Zygarde|89/418|[from] item: Leftovers
|-heal|p1a: Slowking|179/304|[from] item: Leftovers
|upkeep
|turn|37
|c|☆MichaelderBeste2|scald always kills
|c|☆MichaelderBeste2|it's down to crit
|c|☆MichaelderBeste2|Lvl 86 84 SpA Slowking Scald vs. Lvl 70 84 HP / 84 SpD Zygarde-Complete: 94-112 (22.4 - 26.7%) -- possible 5HKO after Leftovers recovery
|
|t:|1646464141
|move|p2a: Zygarde|Outrage|p1a: Slowking|[from]lockedmove
|-damage|p1a: Slowking|44/304
|move|p1a: Slowking|Scald|p2a: Zygarde
|-damage|p2a: Zygarde|0 fnt
|faint|p2a: Zygarde
|
|win|odr
|raw|odr's rating: 2415 &rarr; <strong>2437</strong><br />(+22 for winning)
|raw|MichaelderBeste2's rating: 2453 &rarr; <strong>2431</strong><br />(-22 for losing)
|c|☆odr|gg
|c|☆MichaelderBeste2|gg
|l|☆MichaelderBeste2
