|j|‽Referrals
|j|☆Appelsap
|t:|1651478376
|gametype|singles
|player|p1|Referrals|akari|2462
|player|p2|Appelsap|170|2470
|teamsize|p1|6
|teamsize|p2|6
|gen|8
|tier|[Gen 8] Random Battle
|rated|
|rule|Species Clause: Limit one of each Pokémon
|rule|HP Percentage Mod: HP is shown in percentages
|rule|Sleep Clause Mod: Limit one foe put to sleep
|
|t:|1651478376
|start
|switch|p1a: Magnezone|Magnezone, L84|255/255
|switch|p2a: Ditto|Ditto, L76|198/198
|-transform|p2a: Ditto|p1a: Magnezone|[from] ability: Imposter
|turn|1
|inactive|Battle timer is ON: inactive players will automatically lose when time's up. (requested by Referrals)
|c|☆Appelsap|aah
|c|☆Appelsap|not you
|c|☆Appelsap|i wanted a simple win for #1
|inactive|Referrals has 120 seconds left.
|inactive|Appelsap has 120 seconds left.
|inactive|Referrals has 90 seconds left.
|
|t:|1651478443
|move|p1a: Magnezone|Volt Switch|p2a: Ditto
|-resisted|p2a: Ditto
|-damage|p2a: Ditto|152/198
|
|t:|1651478446
|switch|p1a: Runerigus|Runerigus, L84, M|235/235
|move|p2a: Ditto|Volt Switch|p1a: Runerigus
|-immune|p1a: Runerigus
|
|upkeep
|turn|2
|j| Glad2pksd
|
|t:|1651478458
|switch|p2a: Thundurus|Thundurus, L80, M|258/258
|move|p1a: Runerigus|Stealth Rock|p2a: Thundurus
|-sidestart|p2: Appelsap|move: Stealth Rock
|
|upkeep
|turn|3
|
|t:|1651478476
|move|p2a: Thundurus|Knock Off|p1a: Runerigus
|-supereffective|p1a: Runerigus
|-damage|p1a: Runerigus|131/235
|-activate|p1a: Runerigus|ability: Wandering Spirit|Prankster|Wandering Spirit|[of] p2a: Thundurus
|-enditem|p1a: Runerigus|Leftovers|[from] move: Knock Off|[of] p2a: Thundurus
|move|p1a: Runerigus|Poltergeist|p2a: Thundurus
|-activate|p2a: Thundurus|move: Poltergeist|Heavy-Duty Boots
|-damage|p2a: Thundurus|128/258
|
|upkeep
|turn|4
|
|t:|1651478482
|move|p2a: Thundurus|Grass Knot|p1a: Runerigus
|-supereffective|p1a: Runerigus
|-damage|p1a: Runerigus|27/235
|move|p1a: Runerigus|Poltergeist|p2a: Thundurus
|-activate|p2a: Thundurus|move: Poltergeist|Heavy-Duty Boots
|-damage|p2a: Thundurus|0 fnt
|faint|p2a: Thundurus
|
|upkeep
|inactive|Appelsap has 120 seconds left.
|
|t:|1651478515
|switch|p2a: Naganadel|Naganadel, L74|230/230
|-damage|p2a: Naganadel|202/230|[from] Stealth Rock
|turn|5
|
|t:|1651478519
|switch|p1a: Jellicent|Jellicent, L84, M|305/305
|move|p2a: Naganadel|Sludge Wave|p1a: Jellicent
|-resisted|p1a: Jellicent
|-damage|p1a: Jellicent|247/305
|-damage|p2a: Naganadel|179/230|[from] item: Life Orb
|
|-heal|p1a: Jellicent|266/305|[from] item: Leftovers
|upkeep
|turn|6
|
|t:|1651478528
|move|p2a: Naganadel|Nasty Plot|p2a: Naganadel
|-boost|p2a: Naganadel|spa|2
|move|p1a: Jellicent|Ice Beam|p2a: Naganadel
|-supereffective|p2a: Naganadel
|-damage|p2a: Naganadel|17/230
|
|-heal|p1a: Jellicent|285/305|[from] item: Leftovers
|upkeep
|turn|7
|
|t:|1651478532
|switch|p1a: Runerigus|Runerigus, L84, M|27/235
|move|p2a: Naganadel|Draco Meteor|p1a: Runerigus
|-damage|p1a: Runerigus|0 fnt
|-unboost|p2a: Naganadel|spa|2
|faint|p1a: Runerigus
|-ability|p2a: Naganadel|Beast Boost|boost
|-boost|p2a: Naganadel|spa|1
|-damage|p2a: Naganadel|0 fnt|[from] item: Life Orb
|faint|p2a: Naganadel
|
|upkeep
|j| KingZuko
|c| KingZuko|;0
|inactive|Referrals has 120 seconds left.
|c| KingZuko|prime time match
|inactive|Appelsap has 120 seconds left.
|c|☆Appelsap|wait whoever wins this is #1
|inactive|Referrals has 90 seconds left.
|c| KingZuko|yeah with your elo
|c| KingZuko|im assuming ref would be 1
|
|t:|1651478612
|switch|p2a: Torkoal|Torkoal, L86, M|261/261
|switch|p1a: Magnezone|Magnezone, L84|255/255
|-weather|SunnyDay|[from] ability: Drought|[of] p2a: Torkoal
|turn|8
|
|t:|1651478621
|move|p1a: Magnezone|Volt Switch|p2a: Torkoal
|-damage|p2a: Torkoal|156/261
|
|t:|1651478624
|switch|p1a: Jellicent|Jellicent, L84, M|285/305
|move|p2a: Torkoal|Solar Beam||[still]
|-prepare|p2a: Torkoal|Solar Beam
|-anim|p2a: Torkoal|Solar Beam|p1a: Jellicent
|-supereffective|p1a: Jellicent
|-damage|p1a: Jellicent|141/305
|
|-weather|SunnyDay|[upkeep]
|-heal|p1a: Jellicent|160/305|[from] item: Leftovers
|upkeep
|turn|9
|
|t:|1651478633
|switch|p2a: Kartana|Kartana, L74|209/209
|-damage|p2a: Kartana|196/209|[from] Stealth Rock
|move|p1a: Jellicent|Recover|p1a: Jellicent
|-heal|p1a: Jellicent|305/305
|
|-weather|SunnyDay|[upkeep]
|upkeep
|turn|10
|
|t:|1651478641
|move|p2a: Kartana|Knock Off|p1a: Jellicent
|-supereffective|p1a: Jellicent
|-damage|p1a: Jellicent|45/305
|-enditem|p1a: Jellicent|Leftovers|[from] move: Knock Off|[of] p2a: Kartana
|-damage|p2a: Kartana|176/209|[from] item: Life Orb
|move|p1a: Jellicent|Scald|p2a: Kartana
|-resisted|p2a: Kartana
|-damage|p2a: Kartana|136/209
|
|-weather|SunnyDay|[upkeep]
|upkeep
|turn|11
|
|t:|1651478645
|move|p2a: Kartana|Knock Off|p1a: Jellicent
|-supereffective|p1a: Jellicent
|-damage|p1a: Jellicent|0 fnt
|faint|p1a: Jellicent
|-ability|p2a: Kartana|Beast Boost|boost
|-boost|p2a: Kartana|atk|1
|-damage|p2a: Kartana|116/209|[from] item: Life Orb
|
|-weather|SunnyDay|[upkeep]
|upkeep
|inactive|Referrals has 120 seconds left.
|
|t:|1651478664
|switch|p1a: Magnezone|Magnezone, L84|255/255
|turn|12
|inactive|Referrals has 120 seconds left.
|inactive|Referrals has 90 seconds left.
|
|t:|1651478700
|move|p1a: Magnezone|Thunderbolt|p2a: Kartana
|-resisted|p2a: Kartana
|-damage|p2a: Kartana|0 fnt
|faint|p2a: Kartana
|
|-weather|none
|upkeep
|
|t:|1651478704
|switch|p2a: Ditto|Ditto, L76|152/198
|-damage|p2a: Ditto|128/198|[from] Stealth Rock
|-transform|p2a: Ditto|p1a: Magnezone|[from] ability: Imposter
|turn|13
|
|t:|1651478710
|move|p1a: Magnezone|Thunderbolt|p2a: Ditto
|-resisted|p2a: Ditto
|-damage|p2a: Ditto|64/198
|move|p2a: Ditto|Body Press|p1a: Magnezone
|-supereffective|p1a: Magnezone
|-damage|p1a: Magnezone|163/255
|
|upkeep
|turn|14
|
|t:|1651478714
|move|p2a: Ditto|Body Press|p1a: Magnezone
|-supereffective|p1a: Magnezone
|-damage|p1a: Magnezone|61/255
|move|p1a: Magnezone|Thunderbolt|p2a: Ditto
|-resisted|p2a: Ditto
|-damage|p2a: Ditto|1/198
|
|upkeep
|turn|15
|
|t:|1651478717
|move|p2a: Ditto|Body Press|p1a: Magnezone
|-supereffective|p1a: Magnezone
|-damage|p1a: Magnezone|0 fnt
|faint|p1a: Magnezone
|
|upkeep
|inactive|Referrals has 120 seconds left.
|
|t:|1651478728
|switch|p1a: Slowking|Slowking, L86, M|304/304
|turn|16
|
|t:|1651478737
|move|p2a: Ditto|Body Press|p1a: Slowking
|-resisted|p1a: Slowking
|-damage|p1a: Slowking|271/304
|move|p1a: Slowking|Scald|p2a: Ditto
|-damage|p2a: Ditto|0 fnt
|faint|p2a: Ditto
|
|-heal|p1a: Slowking|290/304|[from] item: Leftovers
|upkeep
|
|t:|1651478746
|switch|p2a: Torkoal|Torkoal, L86, M|156/261
|-weather|SunnyDay|[from] ability: Drought|[of] p2a: Torkoal
|turn|17
|
|t:|1651478749
|move|p1a: Slowking|Toxic|p2a: Torkoal
|-status|p2a: Torkoal|tox
|move|p2a: Torkoal|Rapid Spin|p1a: Slowking
|-damage|p1a: Slowking|253/304
|-boost|p2a: Torkoal|spe|1
|-sideend|p2: Appelsap|Stealth Rock|[from] move: Rapid Spin|[of] p2a: Torkoal
|
|-weather|SunnyDay|[upkeep]
|-heal|p1a: Slowking|272/304|[from] item: Leftovers
|-damage|p2a: Torkoal|140/261 tox|[from] psn
|upkeep
|turn|18
|
|t:|1651478751
|move|p2a: Torkoal|Solar Beam||[still]
|-prepare|p2a: Torkoal|Solar Beam
|-anim|p2a: Torkoal|Solar Beam|p1a: Slowking
|-supereffective|p1a: Slowking
|-damage|p1a: Slowking|138/304
|move|p1a: Slowking|Slack Off|p1a: Slowking
|-heal|p1a: Slowking|290/304
|
|-weather|SunnyDay|[upkeep]
|-heal|p1a: Slowking|304/304|[from] item: Leftovers
|-damage|p2a: Torkoal|108/261 tox|[from] psn
|upkeep
|turn|19
|
|t:|1651478755
|move|p2a: Torkoal|Solar Beam||[still]
|-prepare|p2a: Torkoal|Solar Beam
|-anim|p2a: Torkoal|Solar Beam|p1a: Slowking
|-supereffective|p1a: Slowking
|-damage|p1a: Slowking|172/304
|move|p1a: Slowking|Slack Off|p1a: Slowking
|-heal|p1a: Slowking|304/304
|
|-weather|SunnyDay|[upkeep]
|-damage|p2a: Torkoal|60/261 tox|[from] psn
|upkeep
|turn|20
|
|t:|1651478762
|move|p2a: Torkoal|Solar Beam||[still]
|-prepare|p2a: Torkoal|Solar Beam
|-anim|p2a: Torkoal|Solar Beam|p1a: Slowking
|-supereffective|p1a: Slowking
|-damage|p1a: Slowking|172/304
|move|p1a: Slowking|Slack Off|p1a: Slowking
|-heal|p1a: Slowking|304/304
|
|-weather|SunnyDay|[upkeep]
|-damage|p2a: Torkoal|0 fnt|[from] psn
|faint|p2a: Torkoal
|upkeep
|
|t:|1651478765
|switch|p2a: Barbaracle|Barbaracle, L80, F|246/246
|turn|21
|
|t:|1651478769
|move|p2a: Barbaracle|Shell Smash|p2a: Barbaracle
|-unboost|p2a: Barbaracle|def|1
|-unboost|p2a: Barbaracle|spd|1
|-boost|p2a: Barbaracle|atk|2
|-boost|p2a: Barbaracle|spa|2
|-boost|p2a: Barbaracle|spe|2
|-enditem|p2a: Barbaracle|White Herb
|-clearnegativeboost|p2a: Barbaracle|[silent]
|move|p1a: Slowking|Toxic|p2a: Barbaracle
|-status|p2a: Barbaracle|tox
|
|-weather|none
|-damage|p2a: Barbaracle|231/246 tox|[from] psn
|upkeep
|turn|22
|
|t:|1651478772
|-start|p1a: Slowking|Dynamax|
|-heal|p1a: Slowking|608/608|[silent]
|move|p2a: Barbaracle|Shell Smash|p2a: Barbaracle
|-unboost|p2a: Barbaracle|def|1
|-unboost|p2a: Barbaracle|spd|1
|-boost|p2a: Barbaracle|atk|2
|-boost|p2a: Barbaracle|spa|2
|-boost|p2a: Barbaracle|spe|2
|move|p1a: Slowking|Max Geyser|p2a: Barbaracle
|-damage|p2a: Barbaracle|0 fnt
|-weather|RainDance
|faint|p2a: Barbaracle
|
|win|Referrals
|raw|Referrals's rating: 2462 &rarr; <strong>2482</strong><br />(+20 for winning)
|raw|Appelsap's rating: 2470 &rarr; <strong>2450</strong><br />(-20 for losing)
|l|‽Referrals
|c|☆Appelsap|gg
|c| KingZuko|damn no gg
|c| KingZuko|gg
|l| KingZuko
|l| Glad2pksd
|j|‽Referrals
|player|p1|Referrals|akari
|l|☆Appelsap
