|j|☆auduf
|j|☆Fernando Enri
|t:|1684351158
|gametype|singles
|player|p1|auduf|dancer|1260
|player|p2|Fernando Enri|lucas|1158
|teamsize|p1|6
|teamsize|p2|6
|gen|8
|tier|[Gen 8] Random Battle
|rated|
|rule|Species Clause: Limit one of each Pokémon
|rule|HP Percentage Mod: HP is shown in percentages
|rule|Sleep Clause Mod: Limit one foe put to sleep
|
|t:|1684351158
|start
|switch|p1a: Wailord|Wailord, L90, F|452/452
|switch|p2a: Guzzlord|Guzzlord, L84|512/512
|turn|1
|inactive|Battle timer is ON: inactive players will automatically lose when time's up. (requested by Fernando Enri)
|
|t:|1684351174
|move|p1a: Wailord|Ice Beam|p2a: Guzzlord
|-supereffective|p2a: Guzzlord
|-damage|p2a: Guzzlord|322/512
|move|p2a: Guzzlord|Sludge Bomb|p1a: Wailord
|-damage|p1a: Wailord|362/452
|-status|p1a: Wailord|psn
|
|-damage|p1a: Wailord|306/452 psn|[from] psn
|upkeep
|turn|2
|
|t:|1684351192
|switch|p2a: Vaporeon|Vaporeon, L84, F|356/356
|move|p1a: Wailord|Ice Beam|p2a: Vaporeon
|-resisted|p2a: Vaporeon
|-damage|p2a: Vaporeon|309/356
|
|-heal|p2a: Vaporeon|331/356|[from] item: Leftovers
|-damage|p1a: Wailord|250/452 psn|[from] psn
|upkeep
|turn|3
|
|t:|1684351202
|switch|p1a: Virizion|Virizion, L82|283/283
|move|p2a: Vaporeon|Wish|p2a: Vaporeon
|
|-heal|p2a: Vaporeon|353/356|[from] item: Leftovers
|upkeep
|turn|4
|
|t:|1684351223
|move|p1a: Virizion|Swords Dance|p1a: Virizion
|-boost|p1a: Virizion|atk|2
|move|p2a: Vaporeon|Ice Beam|p1a: Virizion
|-supereffective|p1a: Virizion
|-damage|p1a: Virizion|179/283
|
|-heal|p2a: Vaporeon|356/356|[from] move: Wish|[wisher] Vaporeon
|upkeep
|turn|5
|
|t:|1684351233
|move|p1a: Virizion|Leaf Blade|p2a: Vaporeon
|-supereffective|p2a: Vaporeon
|-damage|p2a: Vaporeon|0 fnt
|faint|p2a: Vaporeon
|
|upkeep
|inactive|Fernando Enri has 120 seconds left.
|
|t:|1684351248
|switch|p2a: Ho-Oh|Ho-Oh, L72|272/272
|turn|6
|
|t:|1684351258
|move|p1a: Virizion|Stone Edge|p2a: Ho-Oh
|-supereffective|p2a: Ho-Oh
|-damage|p2a: Ho-Oh|0 fnt
|faint|p2a: Ho-Oh
|
|upkeep
|
|t:|1684351268
|switch|p2a: Guzzlord|Guzzlord, L84|322/512
|turn|7
|
|t:|1684351275
|-start|p1a: Virizion|Dynamax|
|-heal|p1a: Virizion|358/566|[silent]
|move|p1a: Virizion|Max Knuckle|p2a: Guzzlord
|-supereffective|p2a: Guzzlord
|-damage|p2a: Guzzlord|0 fnt
|-boost|p1a: Virizion|atk|1
|faint|p2a: Guzzlord
|
|upkeep
|
|t:|1684351289
|switch|p2a: Dedenne|Dedenne, L87, M|258/258
|turn|8
|
|t:|1684351294
|move|p2a: Dedenne|Protect|p2a: Dedenne
|-singleturn|p2a: Dedenne|Protect
|move|p1a: Virizion|Max Overgrowth|p2a: Dedenne
|-zbroken|p2a: Dedenne
|-damage|p2a: Dedenne|158/258
|-fieldstart|move: Grassy Terrain
|
|-heal|p2a: Dedenne|174/258|[from] Grassy Terrain
|-heal|p1a: Virizion|375/566|[from] Grassy Terrain
|upkeep
|turn|9
|
|t:|1684351308
|move|p2a: Dedenne|Toxic|p1a: Virizion
|-status|p1a: Virizion|tox
|-enditem|p1a: Virizion|Lum Berry|[eat]
|-curestatus|p1a: Virizion|tox|[msg]
|move|p1a: Virizion|Max Overgrowth|p2a: Dedenne
|-damage|p2a: Dedenne|0 fnt
|faint|p2a: Dedenne
|
|-heal|p1a: Virizion|392/566|[from] Grassy Terrain
|upkeep
|
|t:|1684351321
|switch|p2a: Ribombee|Ribombee, L82, F|233/233
|-end|p1a: Virizion|Dynamax
|-heal|p1a: Virizion|196/283|[silent]
|turn|10
|
|t:|1684351334
|move|p2a: Ribombee|Stun Spore|p1a: Virizion
|-immune|p1a: Virizion
|move|p1a: Virizion|Stone Edge|p2a: Ribombee
|-supereffective|p2a: Ribombee
|-damage|p2a: Ribombee|0 fnt
|faint|p2a: Ribombee
|
|-heal|p1a: Virizion|213/283|[from] Grassy Terrain
|upkeep
|-message|Fernando Enri forfeited.
|
|win|auduf
|raw|auduf's rating: 1291 &rarr; <strong>1307</strong><br />(+16 for winning)
|raw|Fernando Enri's rating: 1158 &rarr; <strong>1142</strong><br />(-16 for losing)
|l|☆Fernando Enri
