|j|☆onehappyguy
|j|☆dwings1235
|t:|1685369724
|gametype|singles
|player|p1|onehappyguy|170|1096
|player|p2|dwings1235|galacticgrunt|1178
|teamsize|p1|6
|teamsize|p2|6
|gen|8
|tier|[Gen 8] Random Battle
|rated|
|rule|Species Clause: Limit one of each Pokémon
|rule|HP Percentage Mod: HP is shown in percentages
|rule|Sleep Clause Mod: Limit one foe put to sleep
|
|t:|1685369724
|start
|switch|p1a: Sigilyph|Sigilyph, L83, F|255/255
|switch|p2a: Lilligant|Lilligant, L84, F|255/255
|turn|1
|inactive|Battle timer is ON: inactive players will automatically lose when time's up. (requested by dwings1235)
|inactive|dwings1235 has 120 seconds left.
|
|t:|1685369760
|switch|p2a: Gyarados|Gyarados, L76, M|269/269
|move|p1a: Sigilyph|Air Slash|p2a: Gyarados
|-damage|p2a: Gyarados|156/269
|
|upkeep
|turn|2
|
|t:|1685369770
|switch|p1a: Rotom|Rotom-Fan, L84|221/221
|move|p2a: Gyarados|Waterfall|p1a: Rotom
|-damage|p1a: Rotom|146/221
|
|-heal|p1a: Rotom|159/221|[from] item: Leftovers
|upkeep
|turn|3
|
|t:|1685369778
|move|p1a: Rotom|Thunderbolt|p2a: Gyarados
|-supereffective|p2a: Gyarados
|-damage|p2a: Gyarados|0 fnt
|faint|p2a: Gyarados
|
|-heal|p1a: Rotom|172/221|[from] item: Leftovers
|upkeep
|
|t:|1685369801
|switch|p2a: Linoone|Linoone, L84, F|268/268
|turn|4
|
|t:|1685369824
|switch|p1a: Dusknoir|Dusknoir, L86, F|218/218
|-item|p2a: Linoone|Iapapa Berry|[from] ability: Frisk|[of] p1a: Dusknoir|[identify]
|move|p2a: Linoone|Belly Drum|p2a: Linoone
|-damage|p2a: Linoone|134/268
|-setboost|p2a: Linoone|atk|6|[from] move: Belly Drum
|-enditem|p2a: Linoone|Iapapa Berry|[eat]
|-heal|p2a: Linoone|223/268|[from] item: Iapapa Berry
|
|upkeep
|turn|5
|
|t:|1685369841
|-start|p1a: Dusknoir|Dynamax|
|-heal|p1a: Dusknoir|436/436|[silent]
|move|p2a: Linoone|Throat Chop|p1a: Dusknoir
|-supereffective|p1a: Dusknoir
|-damage|p1a: Dusknoir|186/436
|-start|p1a: Dusknoir|Throat Chop|[silent]
|move|p1a: Dusknoir|Max Quake|p2a: Linoone
|-damage|p2a: Linoone|87/268
|-boost|p1a: Dusknoir|spd|1
|
|upkeep
|turn|6
|
|t:|1685369852
|move|p1a: Dusknoir|Max Guard|p1a: Dusknoir
|-singleturn|p1a: Dusknoir|Max Guard
|move|p2a: Linoone|Throat Chop|p1a: Dusknoir
|-activate|p1a: Dusknoir|move: Max Guard
|
|-end|p1a: Dusknoir|Throat Chop|[silent]
|upkeep
|turn|7
|
|t:|1685369862
|move|p2a: Linoone|Throat Chop|p1a: Dusknoir
|-supereffective|p1a: Dusknoir
|-damage|p1a: Dusknoir|0 fnt
|faint|p1a: Dusknoir
|
|upkeep
|inactive|onehappyguy has 120 seconds left.
|
|t:|1685369878
|switch|p1a: Rotom|Rotom-Fan, L84|172/221
|turn|8
|inactive|onehappyguy has 120 seconds left.
|
|t:|1685369889
|move|p2a: Linoone|Extreme Speed|p1a: Rotom
|-damage|p1a: Rotom|0 fnt
|faint|p1a: Rotom
|
|upkeep
|
|t:|1685369907
|switch|p1a: Darmanitan|Darmanitan-Galar, L78, F|292/292
|turn|9
|
|t:|1685369912
|switch|p1a: Sigilyph|Sigilyph, L83, F|255/255
|move|p2a: Linoone|Extreme Speed|p1a: Sigilyph
|-damage|p1a: Sigilyph|0 fnt
|faint|p1a: Sigilyph
|
|upkeep
|
|t:|1685369924
|switch|p1a: Tsareena|Tsareena, L84, F|258/258
|turn|10
|
|t:|1685369935
|-start|p2a: Linoone|Dynamax|
|-heal|p2a: Linoone|174/536|[silent]
|move|p2a: Linoone|Max Darkness|p1a: Tsareena
|-damage|p1a: Tsareena|11/258
|-unboost|p1a: Tsareena|spd|1
|move|p1a: Tsareena|High Jump Kick|p2a: Linoone
|-supereffective|p2a: Linoone
|-damage|p2a: Linoone|0 fnt
|faint|p2a: Linoone
|
|upkeep
|
|t:|1685369946
|switch|p2a: Tapu Lele|Tapu Lele, L79|240/240
|-fieldstart|move: Psychic Terrain|[from] ability: Psychic Surge|[of] p2a: Tapu Lele
|turn|11
|
|t:|1685369951
|move|p2a: Tapu Lele|Psychic|p1a: Tsareena
|-crit|p1a: Tsareena
|-damage|p1a: Tsareena|0 fnt
|faint|p1a: Tsareena
|-damage|p2a: Tapu Lele|216/240|[from] item: Life Orb
|
|upkeep
|
|t:|1685369956
|switch|p1a: Darmanitan|Darmanitan-Galar, L78, F|292/292
|turn|12
|
|t:|1685369961
|move|p2a: Tapu Lele|Calm Mind|p2a: Tapu Lele
|-boost|p2a: Tapu Lele|spa|1
|-boost|p2a: Tapu Lele|spd|1
|move|p1a: Darmanitan|Belly Drum|p1a: Darmanitan
|-damage|p1a: Darmanitan|146/292
|-setboost|p1a: Darmanitan|atk|6|[from] move: Belly Drum
|
|-formechange|p1a: Darmanitan|Darmanitan-Galar-Zen|
|upkeep
|turn|13
|
|t:|1685369977
|move|p1a: Darmanitan|Fire Punch|p2a: Tapu Lele
|-damage|p2a: Tapu Lele|0 fnt
|faint|p2a: Tapu Lele
|
|upkeep
|inactive|dwings1235 has 120 seconds left.
|c|☆onehappyguy|come on bro you got this!!!!
|c|☆onehappyguy|you can beat me
|c|☆onehappyguy|i fucking suck at this game
|inactive|dwings1235 has 90 seconds left.
|inactive|dwings1235 has 60 seconds left.
|inactive|dwings1235 has 30 seconds left.
|c|☆dwings1235|Sorry, I got distracted by some n00ds someone sent me, lmaoooo.
|
|t:|1685370103
|switch|p2a: Toxtricity|Toxtricity-Low-Key, L82, M|257/257
|turn|14
|inactive|dwings1235 has 30 seconds left.
|
|t:|1685370112
|move|p1a: Darmanitan|Fire Punch|p2a: Toxtricity
|-damage|p2a: Toxtricity|0 fnt
|faint|p2a: Toxtricity
|
|upkeep
|
|t:|1685370116
|switch|p2a: Rayquaza|Rayquaza, L74|277/277
|-ability|p2a: Rayquaza|Air Lock
|turn|15
|
|t:|1685370122
|move|p1a: Darmanitan|Icicle Crash|p2a: Rayquaza|[miss]
|-miss|p1a: Darmanitan|p2a: Rayquaza
|move|p2a: Rayquaza|Dragon Ascent|p1a: Darmanitan
|-damage|p1a: Darmanitan|0 fnt
|-unboost|p2a: Rayquaza|def|1
|-unboost|p2a: Rayquaza|spd|1
|faint|p1a: Darmanitan
|
|-fieldend|move: Psychic Terrain
|upkeep
|c|☆dwings1235|Of course I can beat you. ;)
|
|t:|1685370148
|switch|p1a: Zamazenta|Zamazenta-Crowned, L71|248/248
|-ability|p1a: Zamazenta|Dauntless Shield|boost
|-boost|p1a: Zamazenta|def|1
|turn|16
|inactive|onehappyguy has 120 seconds left.
|
|t:|1685370164
|switch|p2a: Lilligant|Lilligant, L84, F|255/255
|move|p1a: Zamazenta|Psychic Fangs|p2a: Lilligant
|-damage|p2a: Lilligant|190/255
|
|-heal|p2a: Lilligant|205/255|[from] item: Leftovers
|upkeep
|turn|17
|
|t:|1685370173
|move|p1a: Zamazenta|Crunch|p2a: Lilligant
|-damage|p2a: Lilligant|145/255
|move|p2a: Lilligant|Sleep Powder|p1a: Zamazenta
|-status|p1a: Zamazenta|slp|[from] move: Sleep Powder
|
|-heal|p2a: Lilligant|160/255|[from] item: Leftovers
|upkeep
|turn|18
|inactive|dwings1235 has 60 seconds left.
|
|t:|1685370182
|switch|p2a: Rayquaza|Rayquaza, L74|277/277
|-ability|p2a: Rayquaza|Air Lock
|cant|p1a: Zamazenta|slp
|
|upkeep
|turn|19
|
|t:|1685370192
|cant|p1a: Zamazenta|slp
|move|p2a: Rayquaza|Swords Dance|p2a: Rayquaza
|-boost|p2a: Rayquaza|atk|2
|
|upkeep
|turn|20
|
|t:|1685370211
|cant|p1a: Zamazenta|slp
|move|p2a: Rayquaza|Earthquake|p1a: Zamazenta
|-supereffective|p1a: Zamazenta
|-damage|p1a: Zamazenta|86/248 slp
|
|upkeep
|turn|21
|
|t:|1685370216
|-curestatus|p1a: Zamazenta|slp|[msg]
|move|p1a: Zamazenta|Crunch|p2a: Rayquaza
|-damage|p2a: Rayquaza|222/277
|move|p2a: Rayquaza|Earthquake|p1a: Zamazenta
|-supereffective|p1a: Zamazenta
|-damage|p1a: Zamazenta|0 fnt
|faint|p1a: Zamazenta
|
|win|dwings1235
|raw|onehappyguy's rating: 1096 &rarr; <strong>1077</strong><br />(-19 for losing)
|raw|dwings1235's rating: 1178 &rarr; <strong>1197</strong><br />(+19 for winning)
