|j|☆flyingworkshop
|j|☆dgyefjurdjli
|t:|1685338571
|gametype|singles
|player|p1|flyingworkshop|dawn|1210
|player|p2|dgyefjurdjli|steven|1040
|teamsize|p1|6
|teamsize|p2|6
|gen|8
|tier|[Gen 8] Random Battle
|rated|
|rule|Species Clause: Limit one of each Pokémon
|rule|HP Percentage Mod: HP is shown in percentages
|rule|Sleep Clause Mod: Limit one foe put to sleep
|
|t:|1685338571
|start
|switch|p1a: Cofagrigus|Cofagrigus, L86, F|240/240
|switch|p2a: Glastrier|Glastrier, L82|298/298
|turn|1
|inactive|Battle timer is ON: inactive players will automatically lose when time's up. (requested by flyingworkshop)
|
|t:|1685338592
|switch|p2a: Torkoal|Torkoal, L86, F|261/261
|-weather|SunnyDay|[from] ability: Drought|[of] p2a: Torkoal
|move|p1a: Cofagrigus|Will-O-Wisp|p2a: Torkoal
|-immune|p2a: Torkoal
|
|-weather|SunnyDay|[upkeep]
|upkeep
|turn|2
|
|t:|1685338600
|move|p1a: Cofagrigus|Toxic Spikes|p2a: Torkoal
|-sidestart|p2: dgyefjurdjli|move: Toxic Spikes
|move|p2a: Torkoal|Stealth Rock|p1a: Cofagrigus
|-sidestart|p1: flyingworkshop|move: Stealth Rock
|
|-weather|SunnyDay|[upkeep]
|upkeep
|turn|3
|
|t:|1685338615
|move|p1a: Cofagrigus|Shadow Ball|p2a: Torkoal
|-damage|p2a: Torkoal|152/261
|move|p2a: Torkoal|Lava Plume|p1a: Cofagrigus
|-damage|p1a: Cofagrigus|137/240
|
|-weather|SunnyDay|[upkeep]
|-heal|p1a: Cofagrigus|152/240|[from] item: Leftovers
|upkeep
|turn|4
|
|t:|1685338629
|switch|p2a: Marowak|Marowak, L86, F|243/243
|-status|p2a: Marowak|psn
|move|p1a: Cofagrigus|Shadow Ball|p2a: Marowak
|-damage|p2a: Marowak|147/243 psn
|
|-weather|SunnyDay|[upkeep]
|-heal|p1a: Cofagrigus|167/240|[from] item: Leftovers
|-damage|p2a: Marowak|117/243 psn|[from] psn
|upkeep
|turn|5
|
|t:|1685338642
|move|p2a: Marowak|Knock Off|p1a: Cofagrigus
|-supereffective|p1a: Cofagrigus
|-damage|p1a: Cofagrigus|3/240
|-activate|p1a: Cofagrigus|ability: Mummy|Rock Head|[of] p2a: Marowak
|-enditem|p1a: Cofagrigus|Leftovers|[from] move: Knock Off|[of] p2a: Marowak
|move|p1a: Cofagrigus|Shadow Ball|p2a: Marowak
|-damage|p2a: Marowak|27/243 psn
|
|-weather|none
|-damage|p2a: Marowak|0 fnt|[from] psn
|faint|p2a: Marowak
|upkeep
|
|t:|1685338659
|switch|p2a: Meowstic|Meowstic-F, L86, F|268/268
|-status|p2a: Meowstic|psn
|turn|6
|
|t:|1685338664
|move|p2a: Meowstic|Shadow Ball|p1a: Cofagrigus
|-supereffective|p1a: Cofagrigus
|-damage|p1a: Cofagrigus|0 fnt
|faint|p1a: Cofagrigus
|-damage|p2a: Meowstic|242/268 psn|[from] item: Life Orb
|
|-damage|p2a: Meowstic|209/268 psn|[from] psn
|upkeep
|
|t:|1685338674
|switch|p1a: Ribombee|Ribombee, L82, F|233/233
|turn|7
|
|t:|1685338682
|move|p1a: Ribombee|Sticky Web|p2a: Meowstic
|-sidestart|p2: dgyefjurdjli|move: Sticky Web
|move|p2a: Meowstic|Psychic|p1a: Ribombee
|-damage|p1a: Ribombee|100/233
|-damage|p2a: Meowstic|183/268 psn|[from] item: Life Orb
|
|-damage|p2a: Meowstic|150/268 psn|[from] psn
|upkeep
|turn|8
|
|t:|1685338692
|switch|p1a: Dugtrio|Dugtrio-Alola, L82, F|192/192
|-damage|p1a: Dugtrio|186/192|[from] Stealth Rock
|move|p2a: Meowstic|Psychic|p1a: Dugtrio
|-resisted|p1a: Dugtrio
|-damage|p1a: Dugtrio|112/192
|-damage|p2a: Meowstic|124/268 psn|[from] item: Life Orb
|
|-damage|p2a: Meowstic|91/268 psn|[from] psn
|upkeep
|turn|9
|
|t:|1685338707
|move|p1a: Dugtrio|Sucker Punch|p2a: Meowstic
|-supereffective|p2a: Meowstic
|-damage|p2a: Meowstic|0 fnt
|faint|p2a: Meowstic
|-damage|p1a: Dugtrio|93/192|[from] item: Life Orb
|
|upkeep
|
|t:|1685338724
|switch|p2a: Torkoal|Torkoal, L86, F|152/261
|-weather|SunnyDay|[from] ability: Drought|[of] p2a: Torkoal
|turn|10
|
|t:|1685338740
|move|p1a: Dugtrio|Earthquake|p2a: Torkoal
|-supereffective|p2a: Torkoal
|-damage|p2a: Torkoal|0 fnt
|faint|p2a: Torkoal
|-damage|p1a: Dugtrio|74/192|[from] item: Life Orb
|
|-weather|SunnyDay|[upkeep]
|upkeep
|-message|dgyefjurdjli forfeited.
|
|win|flyingworkshop
|raw|flyingworkshop's rating: 1234 &rarr; <strong>1246</strong><br />(+12 for winning)
|raw|dgyefjurdjli's rating: 1040 &rarr; <strong>1032</strong><br />(-8 for losing)
|l|☆dgyefjurdjli
