|j|☆Cilantro38
|j|☆OneArmedBandit
|t:|1685278527
|gametype|singles
|player|p1|Cilantro38|170|
|player|p2|OneArmedBandit|170|
|teamsize|p1|6
|teamsize|p2|6
|gen|8
|tier|[Gen 8] Random Battle
|rule|Species Clause: Limit one of each Pokémon
|rule|HP Percentage Mod: HP is shown in percentages
|rule|Sleep Clause Mod: Limit one foe put to sleep
|
|t:|1685278527
|start
|switch|p1a: Volcarona|Volcarona, L76, F|254/254
|switch|p2a: Skuntank|Skuntank, L85, M|314/314
|turn|1
|
|t:|1685278558
|switch|p1a: Stakataka|Stakataka, L80|229/229
|-item|p1a: Stakataka|Air Balloon
|switch|p2a: Araquanid|Araquanid, L80, M|239/239
|
|upkeep
|turn|2
|j| Mega_Beedrill User
|j| drem1
|l| drem1
|
|t:|1685278637
|switch|p1a: Ninetales|Ninetales, L82, M|254/254
|-weather|SunnyDay|[from] ability: Drought|[of] p1a: Ninetales
|move|p2a: Araquanid|Liquidation|p1a: Ninetales
|-supereffective|p1a: Ninetales
|-damage|p1a: Ninetales|108/254
|
|-weather|SunnyDay|[upkeep]
|upkeep
|turn|3
|
|t:|1685278673
|switch|p1a: Zygarde|Zygarde-10%, L82|223/223
|-ability|p1a: Zygarde|Aura Break
|move|p2a: Araquanid|Toxic|p1a: Zygarde
|-status|p1a: Zygarde|tox
|
|-weather|SunnyDay|[upkeep]
|-damage|p1a: Zygarde|210/223 tox|[from] psn
|upkeep
|turn|4
|
|t:|1685278689
|move|p1a: Zygarde|Outrage|p2a: Araquanid
|-damage|p2a: Araquanid|50/239
|move|p2a: Araquanid|Sticky Web|p1a: Zygarde
|-sidestart|p1: Cilantro38|move: Sticky Web
|
|-weather|SunnyDay|[upkeep]
|-heal|p2a: Araquanid|64/239|[from] item: Leftovers
|-damage|p1a: Zygarde|184/223 tox|[from] psn
|upkeep
|turn|5
|
|t:|1685278722
|switch|p2a: Uxie|Uxie, L82|257/257
|move|p1a: Zygarde|Outrage|p2a: Uxie|[from]lockedmove
|-damage|p2a: Uxie|118/257
|-start|p1a: Zygarde|confusion|[fatigue]
|
|-weather|SunnyDay|[upkeep]
|-heal|p2a: Uxie|134/257|[from] item: Leftovers
|-damage|p1a: Zygarde|145/223 tox|[from] psn
|upkeep
|turn|6
|
|t:|1685278743
|switch|p1a: Skuntank|Skuntank, L85, M|314/314
|-activate|p1a: Skuntank|move: Sticky Web
|-unboost|p1a: Skuntank|spe|1
|move|p2a: Uxie|Stealth Rock|p1a: Skuntank
|-sidestart|p1: Cilantro38|move: Stealth Rock
|
|-weather|none
|-heal|p2a: Uxie|150/257|[from] item: Leftovers
|upkeep
|turn|7
|
|t:|1685278754
|switch|p2a: Greedent|Greedent, L84, M|339/339
|move|p1a: Skuntank|Poison Jab|p2a: Greedent
|-damage|p2a: Greedent|242/339
|-damage|p1a: Skuntank|283/314|[from] item: Life Orb
|
|upkeep
|turn|8
|
|t:|1685278776
|move|p1a: Skuntank|Taunt|p2a: Greedent
|-start|p2a: Greedent|move: Taunt
|move|p2a: Greedent|Earthquake|p1a: Skuntank
|-supereffective|p1a: Skuntank
|-damage|p1a: Skuntank|113/314
|
|upkeep
|turn|9
|
|t:|1685278791
|move|p1a: Skuntank|Poison Jab|p2a: Greedent
|-damage|p2a: Greedent|139/339
|-enditem|p2a: Greedent|Sitrus Berry|[eat]
|-heal|p2a: Greedent|223/339|[from] item: Sitrus Berry
|-heal|p2a: Greedent|336/339|[from] ability: Cheek Pouch
|-damage|p1a: Skuntank|82/314|[from] item: Life Orb
|move|p2a: Greedent|Fire Fang|p1a: Skuntank
|-crit|p1a: Skuntank
|-damage|p1a: Skuntank|0 fnt
|-damage|p2a: Greedent|252/339|[from] ability: Aftermath|[of] p1a: Skuntank
|faint|p1a: Skuntank
|
|upkeep
|
|t:|1685278809
|switch|p1a: Ninetales|Ninetales, L82, M|108/254
|-weather|SunnyDay|[from] ability: Drought|[of] p1a: Ninetales
|turn|10
|
|t:|1685278821
|move|p1a: Ninetales|Will-O-Wisp|p2a: Greedent
|-status|p2a: Greedent|brn
|move|p2a: Greedent|Body Slam|p1a: Ninetales
|-damage|p1a: Ninetales|58/254
|
|-weather|SunnyDay|[upkeep]
|-damage|p2a: Greedent|231/339 brn|[from] brn
|-end|p2a: Greedent|move: Taunt
|upkeep
|turn|11
|
|t:|1685278830
|move|p1a: Ninetales|Fire Blast|p2a: Greedent|[miss]
|-miss|p1a: Ninetales|p2a: Greedent
|move|p2a: Greedent|Swords Dance|p2a: Greedent
|-boost|p2a: Greedent|atk|2
|
|-weather|SunnyDay|[upkeep]
|-damage|p2a: Greedent|210/339 brn|[from] brn
|upkeep
|turn|12
|
|t:|1685278840
|move|p1a: Ninetales|Fire Blast|p2a: Greedent
|-damage|p2a: Greedent|39/339 brn
|move|p2a: Greedent|Body Slam|p1a: Ninetales
|-damage|p1a: Ninetales|0 fnt
|faint|p1a: Ninetales
|
|-weather|SunnyDay|[upkeep]
|-damage|p2a: Greedent|18/339 brn|[from] brn
|upkeep
|
|t:|1685278852
|switch|p1a: Weavile|Weavile, L79, M|240/240
|turn|13
|l| Mega_Beedrill User
|
|t:|1685278880
|move|p1a: Weavile|Ice Shard|p2a: Greedent
|-damage|p2a: Greedent|0 fnt
|faint|p2a: Greedent
|
|-weather|SunnyDay|[upkeep]
|upkeep
|
|t:|1685278892
|switch|p2a: Skuntank|Skuntank, L85, M|314/314
|turn|14
|
|t:|1685278898
|switch|p1a: Zygarde|Zygarde-10%, L82|145/223 tox
|-activate|p1a: Zygarde|move: Sticky Web
|-unboost|p1a: Zygarde|spe|1
|-damage|p1a: Zygarde|132/223 tox|[from] Stealth Rock
|-ability|p1a: Zygarde|Aura Break
|move|p2a: Skuntank|Fire Blast|p1a: Zygarde
|-resisted|p1a: Zygarde
|-damage|p1a: Zygarde|62/223 tox
|-damage|p2a: Skuntank|283/314|[from] item: Life Orb
|
|-weather|none
|-damage|p1a: Zygarde|49/223 tox|[from] psn
|upkeep
|turn|15
|
|t:|1685278918
|move|p1a: Zygarde|Extreme Speed|p2a: Skuntank
|-damage|p2a: Skuntank|191/314
|move|p2a: Skuntank|Sucker Punch||[still]
|-fail|p2a: Skuntank
|
|-damage|p1a: Zygarde|23/223 tox|[from] psn
|upkeep
|turn|16
|
|t:|1685278934
|move|p1a: Zygarde|Extreme Speed|p2a: Skuntank
|-crit|p2a: Skuntank
|-damage|p2a: Skuntank|43/314
|move|p2a: Skuntank|Poison Jab|p1a: Zygarde
|-resisted|p1a: Zygarde
|-damage|p1a: Zygarde|0 fnt
|faint|p1a: Zygarde
|-damage|p2a: Skuntank|12/314|[from] item: Life Orb
|
|upkeep
|
|t:|1685278958
|switch|p1a: Weavile|Weavile, L79, M|240/240
|turn|17
|
|t:|1685278961
|move|p1a: Weavile|Ice Shard|p2a: Skuntank
|-damage|p2a: Skuntank|0 fnt
|faint|p2a: Skuntank
|
|upkeep
|
|t:|1685278984
|switch|p2a: Araquanid|Araquanid, L80, M|64/239
|turn|18
|
|t:|1685278991
|move|p1a: Weavile|Knock Off|p2a: Araquanid
|-damage|p2a: Araquanid|0 fnt
|-enditem|p2a: Araquanid|Leftovers|[from] move: Knock Off|[of] p1a: Weavile
|faint|p2a: Araquanid
|
|upkeep
|
|t:|1685279004
|switch|p2a: Necrozma|Necrozma-Dawn-Wings, L76|272/272
|turn|19
|
|t:|1685279028
|switch|p1a: Volcarona|Volcarona, L76, F|254/254
|-start|p2a: Necrozma|Dynamax|
|-heal|p2a: Necrozma|544/544|[silent]
|move|p2a: Necrozma|Max Flare|p1a: Volcarona
|-damage|p1a: Volcarona|139/254
|-weather|SunnyDay
|
|-weather|SunnyDay|[upkeep]
|upkeep
|turn|20
|
|t:|1685279094
|move|p1a: Volcarona|Quiver Dance|p1a: Volcarona
|-boost|p1a: Volcarona|spa|1
|-boost|p1a: Volcarona|spd|1
|-boost|p1a: Volcarona|spe|1
|move|p2a: Necrozma|Max Flare|p1a: Volcarona
|-damage|p1a: Volcarona|24/254
|
|-weather|SunnyDay|[upkeep]
|upkeep
|turn|21
|
|t:|1685279109
|move|p1a: Volcarona|Bug Buzz|p2a: Necrozma
|-damage|p2a: Necrozma|369/544
|move|p2a: Necrozma|Max Flare|p1a: Volcarona
|-damage|p1a: Volcarona|0 fnt
|faint|p1a: Volcarona
|
|-weather|SunnyDay|[upkeep]
|-heal|p2a: Necrozma|386/544|[from] item: Leftovers
|upkeep
|
|t:|1685279112
|switch|p1a: Weavile|Weavile, L79, M|240/240
|-end|p2a: Necrozma|Dynamax
|-heal|p2a: Necrozma|193/272|[silent]
|turn|22
|
|t:|1685279115
|move|p1a: Weavile|Knock Off|p2a: Necrozma
|-supereffective|p2a: Necrozma
|-damage|p2a: Necrozma|0 fnt
|-enditem|p2a: Necrozma|Leftovers|[from] move: Knock Off|[of] p1a: Weavile
|faint|p2a: Necrozma
|
|-weather|SunnyDay|[upkeep]
|upkeep
|
|t:|1685279120
|switch|p2a: Uxie|Uxie, L82|150/257
|turn|23
|
|t:|1685279123
|move|p1a: Weavile|Knock Off|p2a: Uxie
|-supereffective|p2a: Uxie
|-damage|p2a: Uxie|0 fnt
|-enditem|p2a: Uxie|Leftovers|[from] move: Knock Off|[of] p1a: Weavile
|faint|p2a: Uxie
|
|-weather|none
|upkeep
|
|t:|1685279125
|switch|p2a: Rotom|Rotom-Mow, L86|226/226
|turn|24
|
|t:|1685279133
|move|p1a: Weavile|Triple Axel|p2a: Rotom
|-supereffective|p2a: Rotom
|-damage|p2a: Rotom|190/226
|-supereffective|p2a: Rotom
|-damage|p2a: Rotom|116/226
|-supereffective|p2a: Rotom
|-damage|p2a: Rotom|8/226
|-hitcount|p2a: Rotom|3
|move|p2a: Rotom|Will-O-Wisp|p1a: Weavile
|-status|p1a: Weavile|brn
|
|-heal|p2a: Rotom|22/226|[from] item: Leftovers
|-damage|p1a: Weavile|225/240 brn|[from] brn
|upkeep
|turn|25
|j| 35Q71N
|c|☆Cilantro38|gg wp
|
|t:|1685279143
|-start|p1a: Weavile|Dynamax|
|-heal|p1a: Weavile|450/480 brn|[silent]
|move|p1a: Weavile|Max Hailstorm|p2a: Rotom
|-supereffective|p2a: Rotom
|-damage|p2a: Rotom|0 fnt
|-weather|Hail
|faint|p2a: Rotom
|
|win|Cilantro38
|c|☆OneArmedBandit|ggwp
|l| 35Q71N
