|j|☆Mastersatanr
|j|☆Gµest71196173
|t:|1685471800
|gametype|singles
|player|p1|Mastersatanr|veteran|1617
|player|p2|Gµest71196173|palmer|1518
|teamsize|p1|6
|teamsize|p2|6
|gen|8
|tier|[Gen 8] Random Battle
|rated|
|rule|Species Clause: Limit one of each Pokémon
|rule|HP Percentage Mod: HP is shown in percentages
|rule|Sleep Clause Mod: Limit one foe put to sleep
|
|t:|1685471800
|start
|switch|p1a: Hitmontop|Hitmontop, L85, M|224/224
|switch|p2a: Weezing|Weezing, L86, F|252/252
|turn|1
|c|☆Gµest71196173|hf
|inactive|Battle timer is ON: inactive players will automatically lose when time's up. (requested by Gµest71196173)
|
|t:|1685471825
|switch|p1a: Swoobat|Swoobat, L86, F|255/255
|move|p2a: Weezing|Will-O-Wisp|p1a: Swoobat|[miss]
|-miss|p2a: Weezing|p1a: Swoobat
|
|upkeep
|turn|2
|
|t:|1685471842
|switch|p2a: Golisopod|Golisopod, L84, M|263/263
|move|p1a: Swoobat|Calm Mind|p1a: Swoobat
|-boost|p1a: Swoobat|spa|2
|-boost|p1a: Swoobat|spd|2
|
|upkeep
|turn|3
|
|t:|1685471849
|move|p2a: Golisopod|First Impression|p1a: Swoobat
|-crit|p1a: Swoobat
|-damage|p1a: Swoobat|20/255
|move|p1a: Swoobat|Stored Power|p2a: Golisopod
|-damage|p2a: Golisopod|91/263
|-activate|p2a: Golisopod|ability: Emergency Exit
|
|t:|1685471859
|switch|p2a: Shuckle|Shuckle, L87, M|177/177
|
|upkeep
|turn|4
|
|t:|1685471866
|move|p1a: Swoobat|Roost|p1a: Swoobat
|-heal|p1a: Swoobat|148/255
|-singleturn|p1a: Swoobat|move: Roost
|move|p2a: Shuckle|Knock Off|p1a: Swoobat
|-supereffective|p1a: Swoobat
|-damage|p1a: Swoobat|90/255
|-enditem|p1a: Swoobat|Heavy-Duty Boots|[from] move: Knock Off|[of] p2a: Shuckle
|
|upkeep
|turn|5
|
|t:|1685471874
|move|p1a: Swoobat|Roost|p1a: Swoobat
|-heal|p1a: Swoobat|218/255
|-singleturn|p1a: Swoobat|move: Roost
|move|p2a: Shuckle|Toxic|p1a: Swoobat
|-status|p1a: Swoobat|tox
|
|-damage|p1a: Swoobat|203/255 tox|[from] psn
|upkeep
|turn|6
|
|t:|1685471881
|move|p1a: Swoobat|Stored Power|p2a: Shuckle
|-damage|p2a: Shuckle|90/177
|move|p2a: Shuckle|Encore|p1a: Swoobat
|-start|p1a: Swoobat|Encore
|
|-damage|p1a: Swoobat|173/255 tox|[from] psn
|upkeep
|turn|7
|
|t:|1685471887
|move|p1a: Swoobat|Stored Power|p2a: Shuckle
|-damage|p2a: Shuckle|9/177
|move|p2a: Shuckle|Sticky Web|p1a: Swoobat
|-sidestart|p1: Mastersatanr|move: Sticky Web
|
|-damage|p1a: Swoobat|128/255 tox|[from] psn
|upkeep
|turn|8
|
|t:|1685471896
|move|p1a: Swoobat|Stored Power|p2a: Shuckle
|-damage|p2a: Shuckle|0 fnt
|faint|p2a: Shuckle
|
|-damage|p1a: Swoobat|68/255 tox|[from] psn
|upkeep
|
|t:|1685471903
|switch|p2a: Golisopod|Golisopod, L84, M|91/263
|turn|9
|
|t:|1685471906
|switch|p1a: Hitmontop|Hitmontop, L85, M|224/224
|-activate|p1a: Hitmontop|move: Sticky Web
|-unboost|p1a: Hitmontop|spe|1
|move|p2a: Golisopod|First Impression|p1a: Hitmontop
|-resisted|p1a: Hitmontop
|-damage|p1a: Hitmontop|170/224
|
|-heal|p1a: Hitmontop|184/224|[from] item: Leftovers
|upkeep
|turn|10
|
|t:|1685471911
|switch|p2a: Mewtwo|Mewtwo, L72|272/272
|-ability|p2a: Mewtwo|Unnerve
|move|p1a: Hitmontop|Rapid Spin|p2a: Mewtwo
|-damage|p2a: Mewtwo|207/272
|-boost|p1a: Hitmontop|spe|1
|-sideend|p1: Mastersatanr|Sticky Web|[from] move: Rapid Spin|[of] p1a: Hitmontop
|
|-heal|p1a: Hitmontop|198/224|[from] item: Leftovers
|upkeep
|turn|11
|
|t:|1685471918
|move|p2a: Mewtwo|Psystrike|p1a: Hitmontop
|-supereffective|p1a: Hitmontop
|-damage|p1a: Hitmontop|0 fnt
|faint|p1a: Hitmontop
|-damage|p2a: Mewtwo|180/272|[from] item: Life Orb
|
|upkeep
|
|t:|1685471939
|switch|p1a: Regieleki|Regieleki, L78|253/253
|turn|12
|
|t:|1685471949
|move|p1a: Regieleki|Substitute|p1a: Regieleki
|-start|p1a: Regieleki|Substitute
|-damage|p1a: Regieleki|190/253
|move|p2a: Mewtwo|Psystrike|p1a: Regieleki
|-end|p1a: Regieleki|Substitute
|-damage|p2a: Mewtwo|153/272|[from] item: Life Orb
|
|upkeep
|turn|13
|
|t:|1685471954
|move|p1a: Regieleki|Thunderbolt|p2a: Mewtwo
|-damage|p2a: Mewtwo|0 fnt
|faint|p2a: Mewtwo
|
|upkeep
|
|t:|1685471956
|switch|p2a: Golisopod|Golisopod, L84, M|91/263
|turn|14
|
|t:|1685471960
|switch|p1a: Swoobat|Swoobat, L86, F|68/255 tox
|move|p2a: Golisopod|First Impression|p1a: Swoobat
|-damage|p1a: Swoobat|0 fnt
|faint|p1a: Swoobat
|
|upkeep
|
|t:|1685471965
|switch|p1a: Regieleki|Regieleki, L78|190/253
|turn|15
|
|t:|1685471970
|switch|p2a: Duraludon|Duraludon, L84, M|255/255
|move|p1a: Regieleki|Thunderbolt|p2a: Duraludon
|-resisted|p2a: Duraludon
|-damage|p2a: Duraludon|147/255
|
|upkeep
|turn|16
|
|t:|1685471978
|move|p1a: Regieleki|Volt Switch|p2a: Duraludon
|-resisted|p2a: Duraludon
|-damage|p2a: Duraludon|66/255
|
|t:|1685471982
|switch|p1a: Perrserker|Perrserker, L86, M|261/261|[from] Volt Switch
|move|p2a: Duraludon|Draco Meteor|p1a: Perrserker
|-resisted|p1a: Perrserker
|-damage|p1a: Perrserker|134/261
|-unboost|p2a: Duraludon|spa|2
|-damage|p2a: Duraludon|41/255|[from] item: Life Orb
|
|upkeep
|turn|17
|
|t:|1685471986
|move|p2a: Duraludon|Body Press|p1a: Perrserker
|-supereffective|p1a: Perrserker
|-damage|p1a: Perrserker|0 fnt
|faint|p1a: Perrserker
|-damage|p2a: Duraludon|16/255|[from] item: Life Orb
|
|upkeep
|
|t:|1685471989
|switch|p1a: Regieleki|Regieleki, L78|190/253
|turn|18
|
|t:|1685471996
|move|p1a: Regieleki|Thunderbolt|p2a: Duraludon
|-resisted|p2a: Duraludon
|-damage|p2a: Duraludon|0 fnt
|faint|p2a: Duraludon
|
|upkeep
|
|t:|1685471998
|switch|p2a: Golisopod|Golisopod, L84, M|91/263
|turn|19
|
|t:|1685472003
|switch|p1a: Zygarde|Zygarde, L70|267/267
|move|p2a: Golisopod|First Impression|p1a: Zygarde
|-damage|p1a: Zygarde|161/267
|
|-heal|p1a: Zygarde|177/267|[from] item: Leftovers
|upkeep
|turn|20
|
|t:|1685472011
|switch|p2a: Pelipper|Pelipper, L86, F|243/243
|-weather|RainDance|[from] ability: Drizzle|[of] p2a: Pelipper
|move|p1a: Zygarde|Dragon Dance|p1a: Zygarde
|-boost|p1a: Zygarde|atk|1
|-boost|p1a: Zygarde|spe|1
|
|-weather|RainDance|[upkeep]
|-heal|p1a: Zygarde|193/267|[from] item: Leftovers
|upkeep
|turn|21
|
|t:|1685472019
|move|p1a: Zygarde|Outrage|p2a: Pelipper
|-damage|p2a: Pelipper|129/243
|move|p2a: Pelipper|Scald|p1a: Zygarde
|-damage|p1a: Zygarde|34/267
|-status|p1a: Zygarde|brn
|
|-weather|RainDance|[upkeep]
|-heal|p1a: Zygarde|50/267 brn|[from] item: Leftovers
|-damage|p1a: Zygarde|34/267 brn|[from] brn
|-activate|p1a: Zygarde|ability: Power Construct
|detailschange|p1a: Zygarde|Zygarde-Complete, L70
|-heal|p1a: Zygarde|185/418 brn|[silent]
|upkeep
|turn|22
|
|t:|1685472023
|move|p1a: Zygarde|Outrage|p2a: Pelipper|[from]lockedmove
|-damage|p2a: Pelipper|69/243
|-start|p1a: Zygarde|confusion|[fatigue]
|move|p2a: Pelipper|Hurricane|p1a: Zygarde
|-damage|p1a: Zygarde|47/418 brn
|
|-weather|RainDance|[upkeep]
|-heal|p1a: Zygarde|73/418 brn|[from] item: Leftovers
|-damage|p1a: Zygarde|47/418 brn|[from] brn
|upkeep
|turn|23
|
|t:|1685472026
|-activate|p1a: Zygarde|confusion
|move|p1a: Zygarde|Outrage|p2a: Pelipper
|-damage|p2a: Pelipper|12/243
|move|p2a: Pelipper|Roost|p2a: Pelipper
|-heal|p2a: Pelipper|134/243
|-singleturn|p2a: Pelipper|move: Roost
|
|-weather|RainDance|[upkeep]
|-heal|p1a: Zygarde|73/418 brn|[from] item: Leftovers
|-damage|p1a: Zygarde|47/418 brn|[from] brn
|upkeep
|turn|24
|
|t:|1685472029
|-activate|p1a: Zygarde|confusion
|move|p1a: Zygarde|Outrage|p2a: Pelipper|[from]lockedmove
|-damage|p2a: Pelipper|74/243
|move|p2a: Pelipper|Roost|p2a: Pelipper
|-heal|p2a: Pelipper|196/243
|-singleturn|p2a: Pelipper|move: Roost
|
|-weather|none
|-heal|p1a: Zygarde|73/418 brn|[from] item: Leftovers
|-damage|p1a: Zygarde|47/418 brn|[from] brn
|upkeep
|turn|25
|
|t:|1685472040
|-activate|p1a: Zygarde|confusion
|move|p1a: Zygarde|Outrage|p2a: Pelipper|[from]lockedmove
|-damage|p2a: Pelipper|134/243
|move|p2a: Pelipper|Roost|p2a: Pelipper
|-heal|p2a: Pelipper|243/243
|-singleturn|p2a: Pelipper|move: Roost
|
|-heal|p1a: Zygarde|73/418 brn|[from] item: Leftovers
|-damage|p1a: Zygarde|47/418 brn|[from] brn
|upkeep
|turn|26
|
|t:|1685472050
|-end|p1a: Zygarde|confusion
|move|p1a: Zygarde|Dragon Dance|p1a: Zygarde
|-boost|p1a: Zygarde|atk|1
|-boost|p1a: Zygarde|spe|1
|move|p2a: Pelipper|Scald|p1a: Zygarde
|-damage|p1a: Zygarde|0 fnt
|faint|p1a: Zygarde
|
|upkeep
|
|t:|1685472053
|switch|p1a: Regieleki|Regieleki, L78|190/253
|turn|27
|
|t:|1685472067
|move|p1a: Regieleki|Substitute|p1a: Regieleki
|-start|p1a: Regieleki|Substitute
|-damage|p1a: Regieleki|127/253
|move|p2a: Pelipper|Scald|p1a: Regieleki
|-end|p1a: Regieleki|Substitute
|
|upkeep
|turn|28
|
|t:|1685472070
|move|p1a: Regieleki|Thunderbolt|p2a: Pelipper
|-supereffective|p2a: Pelipper
|-damage|p2a: Pelipper|0 fnt
|faint|p2a: Pelipper
|
|upkeep
|
|t:|1685472073
|switch|p2a: Golisopod|Golisopod, L84, M|91/263
|turn|29
|
|t:|1685472075
|switch|p1a: Tangrowth|Tangrowth, L84, M|305/305
|move|p2a: Golisopod|First Impression|p1a: Tangrowth
|-supereffective|p1a: Tangrowth
|-damage|p1a: Tangrowth|111/305
|-damage|p2a: Golisopod|48/263|[from] item: Rocky Helmet|[of] p1a: Tangrowth
|
|upkeep
|turn|30
|
|t:|1685472081
|switch|p2a: Weezing|Weezing, L86, F|252/252
|move|p1a: Tangrowth|Leech Seed|p2a: Weezing
|-start|p2a: Weezing|move: Leech Seed
|
|-damage|p2a: Weezing|221/252|[from] Leech Seed|[of] p1a: Tangrowth
|-heal|p1a: Tangrowth|142/305|[silent]
|upkeep
|turn|31
|
|t:|1685472087
|move|p2a: Weezing|Sludge Bomb|p1a: Tangrowth
|-supereffective|p1a: Tangrowth
|-damage|p1a: Tangrowth|0 fnt
|faint|p1a: Tangrowth
|
|-heal|p2a: Weezing|236/252|[from] item: Black Sludge
|upkeep
|
|t:|1685472089
|switch|p1a: Regieleki|Regieleki, L78|127/253
|turn|32
|
|t:|1685472105
|-start|p1a: Regieleki|Dynamax|
|-heal|p1a: Regieleki|254/506|[silent]
|-start|p2a: Weezing|Dynamax|
|-heal|p2a: Weezing|472/504|[silent]
|move|p1a: Regieleki|Max Lightning|p2a: Weezing
|-damage|p2a: Weezing|216/504
|-fieldstart|move: Electric Terrain
|move|p2a: Weezing|Max Flare|p1a: Regieleki
|-damage|p1a: Regieleki|95/506
|-weather|SunnyDay
|
|-weather|SunnyDay|[upkeep]
|-heal|p2a: Weezing|231/504|[from] item: Black Sludge
|-damage|p2a: Weezing|200/504|[from] Leech Seed|[of] p1a: Regieleki
|-heal|p1a: Regieleki|126/506|[silent]
|upkeep
|turn|33
|
|t:|1685472110
|move|p2a: Weezing|Max Guard|p2a: Weezing
|-singleturn|p2a: Weezing|Max Guard
|move|p1a: Regieleki|Max Lightning|p2a: Weezing
|-activate|p2a: Weezing|move: Max Guard
|
|-weather|SunnyDay|[upkeep]
|-heal|p2a: Weezing|215/504|[from] item: Black Sludge
|-damage|p2a: Weezing|184/504|[from] Leech Seed|[of] p1a: Regieleki
|-heal|p1a: Regieleki|157/506|[silent]
|upkeep
|turn|34
|
|t:|1685472116
|move|p1a: Regieleki|Max Lightning|p2a: Weezing
|-damage|p2a: Weezing|0 fnt
|faint|p2a: Weezing
|
|-weather|SunnyDay|[upkeep]
|upkeep
|
|t:|1685472118
|switch|p2a: Golisopod|Golisopod, L84, M|48/263
|-end|p1a: Regieleki|Dynamax
|-heal|p1a: Regieleki|79/253|[silent]
|turn|35
|c|☆Gµest71196173|gg
|
|t:|1685472122
|move|p2a: Golisopod|First Impression|p1a: Regieleki
|-damage|p1a: Regieleki|0 fnt
|faint|p1a: Regieleki
|
|win|Gµest71196173
|raw|Mastersatanr's rating: 1617 &rarr; <strong>1591</strong><br />(-26 for losing)
|raw|Gµest71196173's rating: 1518 &rarr; <strong>1544</strong><br />(+26 for winning)
|l|☆Mastersatanr
