|j|☆PrinceOfAllTacos
|j|☆Ev_Evan
|t:|1685110148
|gametype|singles
|player|p1|PrinceOfAllTacos|#psplxtournaments|
|player|p2|Ev_Evan|volkner|
|teamsize|p1|6
|teamsize|p2|6
|gen|8
|tier|[Gen 8] Random Battle
|rule|Species Clause: Limit one of each Pokémon
|rule|HP Percentage Mod: HP is shown in percentages
|rule|Sleep Clause Mod: Limit one foe put to sleep
|
|t:|1685110148
|start
|switch|p1a: Lanturn|Lanturn, L86, M|355/355
|switch|p2a: Malamar|Malamar, L80, M|269/269
|turn|1
|inactive|Battle timer is ON: inactive players will automatically lose when time's up. (requested by Ev_Evan)
|c|☆Ev_Evan|glhf
|c|☆PrinceOfAllTacos|you too
|
|t:|1685110177
|move|p1a: Lanturn|Toxic|p2a: Malamar|[miss]
|-miss|p1a: Lanturn|p2a: Malamar
|move|p2a: Malamar|Knock Off|p1a: Lanturn
|-damage|p1a: Lanturn|235/355
|-enditem|p1a: Lanturn|Leftovers|[from] move: Knock Off|[of] p2a: Malamar
|
|upkeep
|turn|2
|
|t:|1685110184
|move|p1a: Lanturn|Toxic|p2a: Malamar
|-status|p2a: Malamar|tox
|move|p2a: Malamar|Superpower|p1a: Lanturn
|-damage|p1a: Lanturn|136/355
|-boost|p2a: Malamar|atk|1
|-boost|p2a: Malamar|def|1
|
|-damage|p2a: Malamar|253/269 tox|[from] psn
|upkeep
|turn|3
|
|t:|1685110189
|move|p1a: Lanturn|Volt Switch|p2a: Malamar
|-damage|p2a: Malamar|177/269 tox
|
|t:|1685110192
|switch|p1a: Dedenne|Dedenne, L87, F|258/258|[from] Volt Switch
|move|p2a: Malamar|Superpower|p1a: Dedenne
|-resisted|p1a: Dedenne
|-damage|p1a: Dedenne|185/258
|-boost|p2a: Malamar|atk|1
|-boost|p2a: Malamar|def|1
|
|-heal|p2a: Malamar|193/269 tox|[from] item: Leftovers
|-damage|p2a: Malamar|161/269 tox|[from] psn
|upkeep
|turn|4
|
|t:|1685110218
|switch|p2a: Victini|Victini, L78|283/283
|move|p1a: Dedenne|Thunderbolt|p2a: Victini
|-damage|p2a: Victini|223/283
|
|upkeep
|turn|5
|
|t:|1685110229
|move|p1a: Dedenne|Toxic|p2a: Victini
|-status|p2a: Victini|tox
|move|p2a: Victini|Blue Flare|p1a: Dedenne
|-damage|p1a: Dedenne|37/258
|-enditem|p1a: Dedenne|Sitrus Berry|[eat]
|-heal|p1a: Dedenne|101/258|[from] item: Sitrus Berry
|-heal|p1a: Dedenne|187/258|[from] ability: Cheek Pouch
|
|-damage|p2a: Victini|206/283 tox|[from] psn
|upkeep
|turn|6
|
|t:|1685110235
|move|p1a: Dedenne|Recycle|p1a: Dedenne
|-item|p1a: Dedenne|Sitrus Berry|[from] move: Recycle
|move|p2a: Victini|Blue Flare|p1a: Dedenne
|-damage|p1a: Dedenne|36/258
|-enditem|p1a: Dedenne|Sitrus Berry|[eat]
|-heal|p1a: Dedenne|100/258|[from] item: Sitrus Berry
|-heal|p1a: Dedenne|186/258|[from] ability: Cheek Pouch
|
|-damage|p2a: Victini|172/283 tox|[from] psn
|upkeep
|turn|7
|
|t:|1685110243
|move|p1a: Dedenne|Protect|p1a: Dedenne
|-singleturn|p1a: Dedenne|Protect
|move|p2a: Victini|Glaciate|p1a: Dedenne
|-activate|p1a: Dedenne|move: Protect
|
|-damage|p2a: Victini|121/283 tox|[from] psn
|upkeep
|turn|8
|
|t:|1685110249
|move|p1a: Dedenne|Recycle|p1a: Dedenne
|-item|p1a: Dedenne|Sitrus Berry|[from] move: Recycle
|move|p2a: Victini|Blue Flare|p1a: Dedenne
|-damage|p1a: Dedenne|53/258
|-enditem|p1a: Dedenne|Sitrus Berry|[eat]
|-heal|p1a: Dedenne|117/258|[from] item: Sitrus Berry
|-heal|p1a: Dedenne|203/258|[from] ability: Cheek Pouch
|
|-damage|p2a: Victini|53/283 tox|[from] psn
|upkeep
|turn|9
|
|t:|1685110255
|switch|p2a: Machamp|Machamp, L82, F|282/282
|move|p1a: Dedenne|Thunderbolt|p2a: Machamp
|-damage|p2a: Machamp|188/282
|-status|p2a: Machamp|par
|
|upkeep
|turn|10
|
|t:|1685110274
|move|p2a: Machamp|Bullet Punch|p1a: Dedenne
|-damage|p1a: Dedenne|132/258
|move|p1a: Dedenne|Recycle|p1a: Dedenne
|-item|p1a: Dedenne|Sitrus Berry|[from] move: Recycle
|
|upkeep
|turn|11
|inactive|Ev_Evan has 270 seconds left.
|
|t:|1685110317
|switch|p2a: Galvantula|Galvantula, L82, F|249/249
|move|p1a: Dedenne|Thunderbolt|p2a: Galvantula
|-resisted|p2a: Galvantula
|-damage|p2a: Galvantula|187/249
|
|upkeep
|turn|12
|
|t:|1685110322
|move|p1a: Dedenne|Toxic|p2a: Galvantula
|-status|p2a: Galvantula|tox
|move|p2a: Galvantula|Sticky Web|p1a: Dedenne
|-sidestart|p1: PrinceOfAllTacos|move: Sticky Web
|
|-damage|p2a: Galvantula|172/249 tox|[from] psn
|upkeep
|turn|13
|
|t:|1685110331
|move|p1a: Dedenne|Protect|p1a: Dedenne
|-singleturn|p1a: Dedenne|Protect
|move|p2a: Galvantula|Bug Buzz|p1a: Dedenne
|-activate|p1a: Dedenne|move: Protect
|
|-damage|p2a: Galvantula|142/249 tox|[from] psn
|upkeep
|turn|14
|
|t:|1685110334
|move|p1a: Dedenne|Thunderbolt|p2a: Galvantula
|-resisted|p2a: Galvantula
|-damage|p2a: Galvantula|78/249 tox
|move|p2a: Galvantula|Volt Switch|p1a: Dedenne
|-resisted|p1a: Dedenne
|-damage|p1a: Dedenne|87/258
|-enditem|p1a: Dedenne|Sitrus Berry|[eat]
|-heal|p1a: Dedenne|151/258|[from] item: Sitrus Berry
|-heal|p1a: Dedenne|237/258|[from] ability: Cheek Pouch
|inactive|Ev_Evan has 270 seconds left.
|
|t:|1685110344
|switch|p2a: Decidueye|Decidueye, L86, M|274/274|[from] Volt Switch
|
|upkeep
|turn|15
|
|t:|1685110347
|move|p1a: Dedenne|Toxic|p2a: Decidueye
|-status|p2a: Decidueye|tox
|-enditem|p2a: Decidueye|Lum Berry|[eat]
|-curestatus|p2a: Decidueye|tox|[msg]
|move|p2a: Decidueye|Swords Dance|p2a: Decidueye
|-boost|p2a: Decidueye|atk|2
|
|upkeep
|turn|16
|
|t:|1685110354
|move|p1a: Dedenne|Toxic|p2a: Decidueye
|-status|p2a: Decidueye|tox
|move|p2a: Decidueye|Leaf Blade|p1a: Dedenne
|-damage|p1a: Dedenne|0 fnt
|faint|p1a: Dedenne
|
|-damage|p2a: Decidueye|257/274 tox|[from] psn
|upkeep
|
|t:|1685110357
|switch|p1a: Tornadus|Tornadus, L80, M|258/258
|turn|17
|
|t:|1685110381
|switch|p2a: Regirock|Regirock, L85|275/275
|-start|p1a: Tornadus|Dynamax|
|-heal|p1a: Tornadus|516/516|[silent]
|move|p1a: Tornadus|Max Airstream|p2a: Regirock
|-resisted|p2a: Regirock
|-damage|p2a: Regirock|197/275
|-boost|p1a: Tornadus|spe|1
|
|upkeep
|turn|18
|
|t:|1685110388
|-start|p2a: Regirock|Dynamax|
|-heal|p2a: Regirock|394/550|[silent]
|move|p1a: Tornadus|Max Overgrowth|p2a: Regirock
|-supereffective|p2a: Regirock
|-damage|p2a: Regirock|196/550
|-fieldstart|move: Grassy Terrain
|move|p2a: Regirock|Max Rockfall|p1a: Tornadus
|-supereffective|p1a: Tornadus
|-damage|p1a: Tornadus|154/516
|-weather|Sandstorm
|
|-weather|Sandstorm|[upkeep]
|-damage|p1a: Tornadus|138/516|[from] Sandstorm
|-heal|p2a: Regirock|213/550|[from] Grassy Terrain
|upkeep
|turn|19
|
|t:|1685110403
|move|p1a: Tornadus|Max Overgrowth|p2a: Regirock
|-supereffective|p2a: Regirock
|-damage|p2a: Regirock|85/550
|move|p2a: Regirock|Max Rockfall|p1a: Tornadus
|-supereffective|p1a: Tornadus
|-damage|p1a: Tornadus|0 fnt
|faint|p1a: Tornadus
|
|-weather|Sandstorm|[upkeep]
|-heal|p2a: Regirock|102/550|[from] Grassy Terrain
|upkeep
|
|t:|1685110411
|switch|p1a: Sudowoodo|Sudowoodo, L87, M|264/264
|-activate|p1a: Sudowoodo|move: Sticky Web
|-unboost|p1a: Sudowoodo|spe|1
|turn|20
|
|t:|1685110427
|move|p2a: Regirock|Max Quake|p1a: Sudowoodo
|-supereffective|p1a: Sudowoodo
|-damage|p1a: Sudowoodo|102/264
|-boost|p2a: Regirock|spd|1
|move|p1a: Sudowoodo|Stealth Rock|p2a: Regirock
|-sidestart|p2: Ev_Evan|move: Stealth Rock
|
|-weather|Sandstorm|[upkeep]
|-heal|p2a: Regirock|119/550|[from] Grassy Terrain
|-heal|p1a: Sudowoodo|118/264|[from] Grassy Terrain
|-heal|p1a: Sudowoodo|134/264|[from] item: Leftovers
|upkeep
|-end|p2a: Regirock|Dynamax
|-heal|p2a: Regirock|60/275|[silent]
|turn|21
|
|t:|1685110439
|move|p1a: Sudowoodo|Sucker Punch|p2a: Regirock
|-damage|p2a: Regirock|34/275
|move|p2a: Regirock|Body Press|p1a: Sudowoodo
|-supereffective|p1a: Sudowoodo
|-damage|p1a: Sudowoodo|0 fnt
|faint|p1a: Sudowoodo
|
|-weather|Sandstorm|[upkeep]
|-heal|p2a: Regirock|51/275|[from] Grassy Terrain
|upkeep
|
|t:|1685110444
|switch|p1a: Shiinotic|Shiinotic, L86, F|243/243
|-activate|p1a: Shiinotic|move: Sticky Web
|-unboost|p1a: Shiinotic|spe|1
|turn|22
|
|t:|1685110451
|move|p2a: Regirock|Body Press|p1a: Shiinotic
|-resisted|p1a: Shiinotic
|-damage|p1a: Shiinotic|159/243
|move|p1a: Shiinotic|Strength Sap|p2a: Regirock
|-unboost|p2a: Regirock|atk|1
|-heal|p1a: Shiinotic|243/243
|
|-weather|none
|-heal|p2a: Regirock|68/275|[from] Grassy Terrain
|-fieldend|move: Grassy Terrain
|upkeep
|turn|23
|
|t:|1685110471
|move|p2a: Regirock|Body Press|p1a: Shiinotic
|-resisted|p1a: Shiinotic
|-crit|p1a: Shiinotic
|-damage|p1a: Shiinotic|108/243
|move|p1a: Shiinotic|Energy Ball|p2a: Regirock
|-supereffective|p2a: Regirock
|-damage|p2a: Regirock|0 fnt
|faint|p2a: Regirock
|
|-heal|p1a: Shiinotic|123/243|[from] item: Leftovers
|upkeep
|
|t:|1685110478
|switch|p2a: Machamp|Machamp, L82, F|188/282 par
|-damage|p2a: Machamp|171/282 par|[from] Stealth Rock
|turn|24
|
|t:|1685110484
|switch|p1a: Araquanid|Araquanid, L80, M|240/240
|move|p2a: Machamp|Bullet Punch|p1a: Araquanid
|-resisted|p1a: Araquanid
|-damage|p1a: Araquanid|214/240
|
|upkeep
|turn|25
|
|t:|1685110495
|move|p1a: Araquanid|Liquidation|p2a: Machamp
|-damage|p2a: Machamp|23/282 par
|cant|p2a: Machamp|par
|
|upkeep
|turn|26
|
|t:|1685110516
|move|p1a: Araquanid|Liquidation|p2a: Machamp
|-crit|p2a: Machamp
|-damage|p2a: Machamp|0 fnt
|faint|p2a: Machamp
|
|upkeep
|inactive|Ev_Evan has 270 seconds left.
|
|t:|1685110529
|switch|p2a: Galvantula|Galvantula, L82, F|78/249 tox
|turn|27
|
|t:|1685110534
|switch|p1a: Lanturn|Lanturn, L86, M|136/355
|-activate|p1a: Lanturn|move: Sticky Web
|-unboost|p1a: Lanturn|spe|1
|move|p2a: Galvantula|Thunder|p1a: Lanturn
|-heal|p1a: Lanturn|224/355|[from] ability: Volt Absorb|[of] p2a: Galvantula
|
|-damage|p2a: Galvantula|63/249 tox|[from] psn
|upkeep
|turn|28
|
|t:|1685110550
|move|p2a: Galvantula|Bug Buzz|p1a: Lanturn
|-damage|p1a: Lanturn|127/355
|move|p1a: Lanturn|Volt Switch|p2a: Galvantula
|-resisted|p2a: Galvantula
|-damage|p2a: Galvantula|22/249 tox
|
|t:|1685110553
|switch|p1a: Araquanid|Araquanid, L80, M|214/240|[from] Volt Switch
|
|-damage|p2a: Galvantula|0 fnt|[from] psn
|faint|p2a: Galvantula
|upkeep
|
|t:|1685110565
|switch|p2a: Decidueye|Decidueye, L86, M|257/274 tox
|-damage|p2a: Decidueye|223/274 tox|[from] Stealth Rock
|turn|29
|inactive|Ev_Evan has 270 seconds left.
|
|t:|1685110618
|move|p2a: Decidueye|Leaf Blade|p1a: Araquanid
|-damage|p1a: Araquanid|102/240
|move|p1a: Araquanid|Liquidation|p2a: Decidueye
|-resisted|p2a: Decidueye
|-crit|p2a: Decidueye
|-damage|p2a: Decidueye|112/274 tox
|
|-damage|p2a: Decidueye|95/274 tox|[from] psn
|upkeep
|turn|30
|
|t:|1685110626
|switch|p1a: Lanturn|Lanturn, L86, M|127/355
|-activate|p1a: Lanturn|move: Sticky Web
|-unboost|p1a: Lanturn|spe|1
|move|p2a: Decidueye|Leaf Blade|p1a: Lanturn
|-supereffective|p1a: Lanturn
|-crit|p1a: Lanturn
|-damage|p1a: Lanturn|0 fnt
|faint|p1a: Lanturn
|
|-damage|p2a: Decidueye|61/274 tox|[from] psn
|upkeep
|
|t:|1685110628
|switch|p1a: Shiinotic|Shiinotic, L86, F|123/243
|-activate|p1a: Shiinotic|move: Sticky Web
|-unboost|p1a: Shiinotic|spe|1
|turn|31
|
|t:|1685110639
|move|p2a: Decidueye|Roost|p2a: Decidueye
|-heal|p2a: Decidueye|198/274 tox
|-singleturn|p2a: Decidueye|move: Roost
|move|p1a: Shiinotic|Strength Sap|p2a: Decidueye
|-unboost|p2a: Decidueye|atk|1
|-heal|p1a: Shiinotic|243/243
|
|-damage|p2a: Decidueye|147/274 tox|[from] psn
|upkeep
|turn|32
|
|t:|1685110646
|switch|p2a: Malamar|Malamar, L80, M|161/269 tox
|-damage|p2a: Malamar|128/269 tox|[from] Stealth Rock
|move|p1a: Shiinotic|Moonblast|p2a: Malamar
|-supereffective|p2a: Malamar
|-damage|p2a: Malamar|0 fnt
|faint|p2a: Malamar
|
|upkeep
|
|t:|1685110652
|switch|p2a: Victini|Victini, L78|53/283 tox
|-damage|p2a: Victini|0 fnt|[from] Stealth Rock
|faint|p2a: Victini
|
|t:|1685110653
|switch|p2a: Decidueye|Decidueye, L86, M|147/274 tox
|-damage|p2a: Decidueye|113/274 tox|[from] Stealth Rock
|turn|33
|inactive|Ev_Evan has 270 seconds left.
|
|t:|1685110658
|move|p2a: Decidueye|Roost|p2a: Decidueye
|-heal|p2a: Decidueye|250/274 tox
|-singleturn|p2a: Decidueye|move: Roost
|move|p1a: Shiinotic|Moonblast|p2a: Decidueye
|-damage|p2a: Decidueye|156/274 tox
|
|-damage|p2a: Decidueye|139/274 tox|[from] psn
|upkeep
|turn|34
|
|t:|1685110663
|move|p2a: Decidueye|Poltergeist|p1a: Shiinotic
|-activate|p1a: Shiinotic|move: Poltergeist|Leftovers
|-damage|p1a: Shiinotic|98/243
|move|p1a: Shiinotic|Moonblast|p2a: Decidueye
|-damage|p2a: Decidueye|43/274 tox
|
|-heal|p1a: Shiinotic|113/243|[from] item: Leftovers
|-damage|p2a: Decidueye|9/274 tox|[from] psn
|upkeep
|turn|35
|
|t:|1685110669
|move|p2a: Decidueye|Roost|p2a: Decidueye
|-heal|p2a: Decidueye|146/274 tox
|-singleturn|p2a: Decidueye|move: Roost
|move|p1a: Shiinotic|Strength Sap|p2a: Decidueye
|-unboost|p2a: Decidueye|atk|1
|-heal|p1a: Shiinotic|243/243
|
|-damage|p2a: Decidueye|95/274 tox|[from] psn
|upkeep
|turn|36
|
|t:|1685110673
|move|p2a: Decidueye|Roost|p2a: Decidueye
|-heal|p2a: Decidueye|232/274 tox
|-singleturn|p2a: Decidueye|move: Roost
|move|p1a: Shiinotic|Moonblast|p2a: Decidueye
|-damage|p2a: Decidueye|144/274 tox
|
|-damage|p2a: Decidueye|76/274 tox|[from] psn
|upkeep
|turn|37
|
|t:|1685110676
|move|p2a: Decidueye|Roost|p2a: Decidueye
|-heal|p2a: Decidueye|213/274 tox
|-singleturn|p2a: Decidueye|move: Roost
|move|p1a: Shiinotic|Moonblast|p2a: Decidueye
|-damage|p2a: Decidueye|119/274 tox
|
|-damage|p2a: Decidueye|34/274 tox|[from] psn
|upkeep
|turn|38
|c|☆Ev_Evan|crap
|c|☆Ev_Evan|gg
|c|☆PrinceOfAllTacos|gg
|
|t:|1685110683
|move|p2a: Decidueye|Roost|p2a: Decidueye
|-heal|p2a: Decidueye|171/274 tox
|-singleturn|p2a: Decidueye|move: Roost
|move|p1a: Shiinotic|Moonblast|p2a: Decidueye
|-damage|p2a: Decidueye|74/274 tox
|
|-damage|p2a: Decidueye|0 fnt|[from] psn
|faint|p2a: Decidueye
|
|win|PrinceOfAllTacos
|upkeep
|c|☆PrinceOfAllTacos|was close
|c|☆Ev_Evan|so clodse
|c|☆Ev_Evan|sad
|l|☆PrinceOfAllTacos
|c|☆Ev_Evan|but expected
|l|☆Ev_Evan
|j|☆PrinceOfAllTacos
|player|p1|PrinceOfAllTacos|#psplxtournaments
