|j|☆textuarycoast13
|j|☆Pignicin
|t:|1685147685
|gametype|singles
|player|p1|textuarycoast13|yellow|
|player|p2|Pignicin|hooligans|
|teamsize|p1|6
|teamsize|p2|6
|gen|8
|tier|[Gen 8] Random Battle
|rule|Species Clause: Limit one of each Pokémon
|rule|HP Percentage Mod: HP is shown in percentages
|rule|Sleep Clause Mod: Limit one foe put to sleep
|
|t:|1685147685
|start
|switch|p1a: Landorus|Landorus-Therian, L72, M|247/247
|switch|p2a: Centiskorch|Centiskorch, L84, F|305/305
|-ability|p1a: Landorus|Intimidate|boost
|-unboost|p2a: Centiskorch|atk|1
|turn|1
|inactive|Battle timer is ON: inactive players will automatically lose when time's up. (requested by Pignicin)
|
|t:|1685147694
|-start|p1a: Landorus|Dynamax|
|-heal|p1a: Landorus|494/494|[silent]
|move|p1a: Landorus|Max Rockfall|p2a: Centiskorch
|-supereffective|p2a: Centiskorch
|-damage|p2a: Centiskorch|0 fnt
|-weather|Sandstorm
|faint|p2a: Centiskorch
|-damage|p1a: Landorus|470/494|[from] item: Life Orb
|
|-weather|Sandstorm|[upkeep]
|upkeep
|
|t:|1685147705
|switch|p2a: Eiscue|Eiscue, L82, F|256/256
|turn|2
|
|t:|1685147709
|move|p1a: Landorus|Max Airstream|p2a: Eiscue
|-activate|p2a: Eiscue|ability: Ice Face
|-damage|p2a: Eiscue|256/256
|-boost|p1a: Landorus|spe|1
|detailschange|p2a: Eiscue|Eiscue-Noice, L82, F
|-damage|p1a: Landorus|446/494|[from] item: Life Orb
|move|p2a: Eiscue|Icicle Crash|p1a: Landorus
|-supereffective|p1a: Landorus
|-damage|p1a: Landorus|122/494
|
|-weather|Sandstorm|[upkeep]
|-damage|p2a: Eiscue|240/256|[from] Sandstorm
|upkeep
|turn|3
|
|t:|1685147722
|move|p2a: Eiscue|Icicle Crash|p1a: Landorus
|-supereffective|p1a: Landorus
|-damage|p1a: Landorus|0 fnt
|faint|p1a: Landorus
|
|-weather|Sandstorm|[upkeep]
|-damage|p2a: Eiscue|224/256|[from] Sandstorm
|upkeep
|
|t:|1685147726
|switch|p1a: Marshadow|Marshadow, L70|242/242
|turn|4
|
|t:|1685147735
|move|p2a: Eiscue|Zen Headbutt|p1a: Marshadow
|-supereffective|p1a: Marshadow
|-damage|p1a: Marshadow|122/242
|move|p1a: Marshadow|Rock Tomb|p2a: Eiscue
|-supereffective|p2a: Eiscue
|-damage|p2a: Eiscue|37/256
|-unboost|p2a: Eiscue|spe|1
|-enditem|p2a: Eiscue|Sitrus Berry|[eat]
|-heal|p2a: Eiscue|101/256|[from] item: Sitrus Berry
|-damage|p1a: Marshadow|98/242|[from] item: Life Orb
|
|-weather|Sandstorm|[upkeep]
|-damage|p1a: Marshadow|83/242|[from] Sandstorm
|-damage|p2a: Eiscue|85/256|[from] Sandstorm
|upkeep
|turn|5
|
|t:|1685147751
|switch|p2a: Emolga|Emolga, L88, F|240/240
|move|p1a: Marshadow|Close Combat|p2a: Emolga
|-resisted|p2a: Emolga
|-damage|p2a: Emolga|153/240
|-unboost|p1a: Marshadow|def|1
|-unboost|p1a: Marshadow|spd|1
|-damage|p1a: Marshadow|59/242|[from] item: Life Orb
|
|-weather|none
|upkeep
|turn|6
|
|t:|1685147764
|switch|p1a: Pikachu|Pikachu, L92, M|214/214
|move|p2a: Emolga|Air Slash|p1a: Pikachu
|-resisted|p1a: Pikachu
|-damage|p1a: Pikachu|169/214
|
|upkeep
|turn|7
|
|t:|1685147777
|move|p2a: Emolga|Toxic|p1a: Pikachu
|-status|p1a: Pikachu|tox
|move|p1a: Pikachu|Iron Tail|p2a: Emolga|[miss]
|-miss|p1a: Pikachu|p2a: Emolga
|
|-damage|p1a: Pikachu|156/214 tox|[from] psn
|upkeep
|turn|8
|
|t:|1685147791
|switch|p1a: Aurorus|Aurorus, L84, F|344/344
|-weather|Hail|[from] ability: Snow Warning|[of] p1a: Aurorus
|move|p2a: Emolga|Roost|p2a: Emolga
|-heal|p2a: Emolga|240/240
|-singleturn|p2a: Emolga|move: Roost
|
|-weather|Hail|[upkeep]
|-damage|p2a: Emolga|225/240|[from] Hail
|upkeep
|turn|9
|
|t:|1685147797
|move|p2a: Emolga|Toxic|p1a: Aurorus
|-status|p1a: Aurorus|tox
|move|p1a: Aurorus|Blizzard|p2a: Emolga
|-supereffective|p2a: Emolga
|-damage|p2a: Emolga|0 fnt
|faint|p2a: Emolga
|
|-weather|Hail|[upkeep]
|-damage|p1a: Aurorus|323/344 tox|[from] psn
|upkeep
|
|t:|1685147806
|switch|p2a: Eiscue|Eiscue-Noice, L82, F|85/256
|-activate|p2a: Eiscue|ability: Ice Face
|detailschange|p2a: Eiscue|Eiscue, L82, F
|turn|10
|
|t:|1685147811
|move|p1a: Aurorus|Stealth Rock|p2a: Eiscue
|-sidestart|p2: Pignicin|move: Stealth Rock
|move|p2a: Eiscue|Liquidation|p1a: Aurorus
|-supereffective|p1a: Aurorus
|-damage|p1a: Aurorus|199/344 tox
|
|-weather|Hail|[upkeep]
|-damage|p1a: Aurorus|157/344 tox|[from] psn
|upkeep
|turn|11
|
|t:|1685147819
|move|p1a: Aurorus|Thunder Wave|p2a: Eiscue
|-status|p2a: Eiscue|par
|cant|p2a: Eiscue|par
|
|-weather|Hail|[upkeep]
|-damage|p1a: Aurorus|94/344 tox|[from] psn
|upkeep
|turn|12
|
|t:|1685147826
|move|p1a: Aurorus|Earth Power|p2a: Eiscue
|-damage|p2a: Eiscue|20/256 par
|-unboost|p2a: Eiscue|spd|1
|move|p2a: Eiscue|Liquidation|p1a: Aurorus
|-supereffective|p1a: Aurorus
|-damage|p1a: Aurorus|0 fnt
|faint|p1a: Aurorus
|
|-weather|none
|upkeep
|
|t:|1685147835
|switch|p1a: Pikachu|Pikachu, L92, M|156/214 tox
|turn|13
|
|t:|1685147841
|move|p1a: Pikachu|Volt Switch|p2a: Eiscue
|-damage|p2a: Eiscue|0 fnt
|faint|p2a: Eiscue
|
|t:|1685147853
|switch|p1a: Marshadow|Marshadow, L70|59/242|[from] Volt Switch
|
|upkeep
|
|t:|1685147874
|switch|p2a: Cinccino|Cinccino, L84, F|263/263
|-damage|p2a: Cinccino|231/263|[from] Stealth Rock
|turn|14
|inactive|Pignicin has 270 seconds left.
|
|t:|1685147903
|move|p2a: Cinccino|Bullet Seed|p1a: Marshadow
|-damage|p1a: Marshadow|26/242
|-damage|p1a: Marshadow|0 fnt
|faint|p1a: Marshadow
|-hitcount|p1: Marshadow|2
|
|upkeep
|
|t:|1685147913
|switch|p1a: Greedent|Greedent, L84, F|339/339
|turn|15
|
|t:|1685147927
|move|p2a: Cinccino|Bullet Seed|p1a: Greedent
|-damage|p1a: Greedent|314/339
|-damage|p1a: Greedent|289/339
|-damage|p1a: Greedent|264/339
|-damage|p1a: Greedent|240/339
|-damage|p1a: Greedent|214/339
|-hitcount|p1a: Greedent|5
|move|p1a: Greedent|Swords Dance|p1a: Greedent
|-boost|p1a: Greedent|atk|2
|
|upkeep
|turn|16
|
|t:|1685147939
|switch|p2a: Slurpuff|Slurpuff, L80, F|262/262
|-damage|p2a: Slurpuff|230/262|[from] Stealth Rock
|move|p1a: Greedent|Body Slam|p2a: Slurpuff
|-damage|p2a: Slurpuff|43/262
|-status|p2a: Slurpuff|par
|-enditem|p2a: Slurpuff|Sitrus Berry|[eat]
|-heal|p2a: Slurpuff|108/262 par|[from] item: Sitrus Berry
|
|upkeep
|turn|17
|
|t:|1685147959
|move|p2a: Slurpuff|Facade|p1a: Greedent
|-damage|p1a: Greedent|142/339
|-enditem|p1a: Greedent|Sitrus Berry|[eat]
|-heal|p1a: Greedent|226/339|[from] item: Sitrus Berry
|-heal|p1a: Greedent|339/339|[from] ability: Cheek Pouch
|move|p1a: Greedent|Body Slam|p2a: Slurpuff
|-damage|p2a: Slurpuff|0 fnt
|faint|p2a: Slurpuff
|
|upkeep
|
|t:|1685147967
|switch|p2a: Cinccino|Cinccino, L84, F|231/263
|-damage|p2a: Cinccino|199/263|[from] Stealth Rock
|turn|18
|
|t:|1685147980
|move|p2a: Cinccino|Tail Slap|p1a: Greedent
|-damage|p1a: Greedent|305/339
|-damage|p1a: Greedent|266/339
|-damage|p1a: Greedent|229/339
|-damage|p1a: Greedent|195/339
|-damage|p1a: Greedent|158/339
|-hitcount|p1a: Greedent|5
|move|p1a: Greedent|Body Slam|p2a: Cinccino
|-damage|p2a: Cinccino|0 fnt
|faint|p2a: Cinccino
|
|upkeep
|
|t:|1685147982
|switch|p2a: Jolteon|Jolteon, L82, F|241/241
|-damage|p2a: Jolteon|211/241|[from] Stealth Rock
|turn|19
|
|t:|1685147992
|move|p2a: Jolteon|Hyper Voice|p1a: Greedent
|-crit|p1a: Greedent
|-damage|p1a: Greedent|0 fnt
|faint|p1a: Greedent
|
|upkeep
|
|t:|1685147997
|switch|p1a: Solgaleo|Solgaleo, L72|316/316
|turn|20
|
|t:|1685148006
|-start|p2a: Jolteon|Dynamax|
|-heal|p2a: Jolteon|422/482|[silent]
|move|p1a: Solgaleo|Sunsteel Strike|p2a: Jolteon
|-resisted|p2a: Jolteon
|-damage|p2a: Jolteon|356/482
|move|p2a: Jolteon|Max Phantasm|p1a: Solgaleo
|-supereffective|p1a: Solgaleo
|-damage|p1a: Solgaleo|110/316
|-fail|p1a: Solgaleo|unboost|[from] ability: Full Metal Body|[of] p1a: Solgaleo
|
|upkeep
|turn|21
|
|t:|1685148015
|switch|p1a: Pikachu|Pikachu, L92, M|156/214 tox
|move|p2a: Jolteon|Max Phantasm|p1a: Pikachu
|-damage|p1a: Pikachu|20/214 tox
|-unboost|p1a: Pikachu|def|1
|
|-damage|p1a: Pikachu|7/214 tox|[from] psn
|upkeep
|turn|22
|
|t:|1685148023
|move|p2a: Jolteon|Max Strike|p1a: Pikachu
|-damage|p1a: Pikachu|0 fnt
|faint|p1a: Pikachu
|
|upkeep
|
|t:|1685148027
|switch|p1a: Solgaleo|Solgaleo, L72|110/316
|-end|p2a: Jolteon|Dynamax
|-heal|p2a: Jolteon|178/241|[silent]
|turn|23
|
|t:|1685148031
|move|p1a: Solgaleo|Flare Blitz|p2a: Jolteon
|-crit|p2a: Jolteon
|-damage|p2a: Jolteon|18/241
|-status|p2a: Jolteon|brn
|-damage|p1a: Solgaleo|57/316|[from] Recoil
|move|p2a: Jolteon|Hyper Voice|p1a: Solgaleo
|-resisted|p1a: Solgaleo
|-damage|p1a: Solgaleo|0 fnt
|faint|p1a: Solgaleo
|
|win|Pignicin
|l|☆textuarycoast13
