|j|☆12reek
|j|☆juandalepringle420
|t:|1685109157
|gametype|singles
|player|p1|12reek|102|
|player|p2|juandalepringle420|1|
|teamsize|p1|6
|teamsize|p2|6
|gen|8
|tier|[Gen 8] Random Battle
|rule|Species Clause: Limit one of each Pokémon
|rule|HP Percentage Mod: HP is shown in percentages
|rule|Sleep Clause Mod: Limit one foe put to sleep
|
|t:|1685109157
|start
|switch|p1a: Toxapex|Toxapex, L82, F|216/216
|switch|p2a: Appletun|Appletun, L90, F|344/344
|turn|1
|
|t:|1685109218
|move|p1a: Toxapex|Toxic Spikes|p2a: Appletun
|-sidestart|p2: juandalepringle420|move: Toxic Spikes
|move|p2a: Appletun|Leech Seed|p1a: Toxapex
|-start|p1a: Toxapex|move: Leech Seed
|
|-damage|p1a: Toxapex|189/216|[from] Leech Seed|[of] p2a: Appletun
|upkeep
|turn|2
|
|t:|1685109227
|move|p1a: Toxapex|Toxic|p2a: Appletun
|-status|p2a: Appletun|tox
|move|p2a: Appletun|Apple Acid|p1a: Toxapex
|-damage|p1a: Toxapex|116/216
|-unboost|p1a: Toxapex|spd|1
|
|-heal|p1a: Toxapex|129/216|[from] item: Black Sludge
|-damage|p1a: Toxapex|102/216|[from] Leech Seed|[of] p2a: Appletun
|-damage|p2a: Appletun|323/344 tox|[from] psn
|upkeep
|turn|3
|
|t:|1685109238
|move|p1a: Toxapex|Toxic Spikes|p2a: Appletun
|-sidestart|p2: juandalepringle420|move: Toxic Spikes
|move|p2a: Appletun|Apple Acid|p1a: Toxapex
|-damage|p1a: Toxapex|0 fnt
|faint|p1a: Toxapex
|
|-heal|p2a: Appletun|344/344 tox|[from] item: Leftovers
|-damage|p2a: Appletun|302/344 tox|[from] psn
|upkeep
|
|t:|1685109254
|switch|p1a: Ribombee|Ribombee, L82, M|233/233
|turn|4
|
|t:|1685109298
|switch|p2a: Mantine|Mantine, L86, F|286/286
|move|p1a: Ribombee|Sticky Web|p2a: Mantine
|-sidestart|p2: juandalepringle420|move: Sticky Web
|
|upkeep
|turn|5
|inactive|Battle timer is ON: inactive players will automatically lose when time's up. (requested by juandalepringle420)
|
|t:|1685109308
|move|p1a: Ribombee|U-turn|p2a: Mantine
|-resisted|p2a: Mantine
|-damage|p2a: Mantine|259/286
|
|t:|1685109317
|switch|p1a: Drampa|Drampa, L86, M|274/274|[from] U-turn
|move|p2a: Mantine|Defog|p1a: Drampa
|-unboost|p1a: Drampa|evasion|1
|-sideend|p2: juandalepringle420|Toxic Spikes|[from] move: Defog|[of] p2a: Mantine
|-sideend|p2: juandalepringle420|Sticky Web|[from] move: Defog|[of] p2a: Mantine
|
|upkeep
|turn|6
|
|t:|1685109334
|move|p2a: Mantine|Ice Beam|p1a: Drampa
|-supereffective|p1a: Drampa
|-damage|p1a: Drampa|166/274
|move|p1a: Drampa|Hyper Voice|p2a: Mantine
|-damage|p2a: Mantine|166/286
|
|-heal|p1a: Drampa|183/274|[from] item: Leftovers
|upkeep
|turn|7
|
|t:|1685109349
|move|p2a: Mantine|Ice Beam|p1a: Drampa
|-supereffective|p1a: Drampa
|-damage|p1a: Drampa|73/274
|-ability|p1a: Drampa|Berserk|boost
|-boost|p1a: Drampa|spa|1
|move|p1a: Drampa|Draco Meteor|p2a: Mantine
|-crit|p2a: Mantine
|-damage|p2a: Mantine|0 fnt
|-unboost|p1a: Drampa|spa|2
|faint|p2a: Mantine
|
|-heal|p1a: Drampa|90/274|[from] item: Leftovers
|upkeep
|
|t:|1685109365
|switch|p2a: Kartana|Kartana, L74|209/209
|turn|8
|inactive|juandalepringle420 has 270 seconds left.
|
|t:|1685109402
|move|p2a: Kartana|Sacred Sword|p1a: Drampa
|-supereffective|p1a: Drampa
|-damage|p1a: Drampa|0 fnt
|faint|p1a: Drampa
|-ability|p2a: Kartana|Beast Boost|boost
|-boost|p2a: Kartana|atk|1
|
|upkeep
|
|t:|1685109422
|switch|p1a: Ferrothorn|Ferrothorn, L78, M|244/244
|turn|9
|
|t:|1685109429
|move|p2a: Kartana|Sacred Sword|p1a: Ferrothorn
|-supereffective|p1a: Ferrothorn
|-damage|p1a: Ferrothorn|0 fnt
|-damage|p2a: Kartana|183/209|[from] ability: Iron Barbs|[of] p1a: Ferrothorn
|faint|p1a: Ferrothorn
|-ability|p2a: Kartana|Beast Boost|boost
|-boost|p2a: Kartana|atk|1
|
|upkeep
|
|t:|1685109438
|switch|p1a: Calyrex|Calyrex-Shadow, L65|238/238
|-ability|p1a: Calyrex|As One
|-ability|p1a: Calyrex|Unnerve
|turn|10
|inactive|juandalepringle420 has 270 seconds left.
|
|t:|1685109450
|-start|p2a: Kartana|Dynamax|
|-heal|p2a: Kartana|366/418|[silent]
|move|p1a: Calyrex|Substitute|p1a: Calyrex
|-start|p1a: Calyrex|Substitute
|-damage|p1a: Calyrex|179/238
|move|p2a: Kartana|Max Darkness|p1a: Calyrex
|-supereffective|p1a: Calyrex
|-end|p1a: Calyrex|Substitute
|-unboost|p1a: Calyrex|spd|1
|
|-heal|p1a: Calyrex|193/238|[from] item: Leftovers
|upkeep
|turn|11
|inactive|juandalepringle420 has 270 seconds left.
|
|t:|1685109469
|-start|p1a: Calyrex|Dynamax|
|-heal|p1a: Calyrex|386/476|[silent]
|move|p1a: Calyrex|Max Phantasm|p2a: Kartana
|-damage|p2a: Kartana|54/418
|-unboost|p2a: Kartana|def|1
|move|p2a: Kartana|Max Darkness|p1a: Calyrex
|-supereffective|p1a: Calyrex
|-damage|p1a: Calyrex|0 fnt
|faint|p1a: Calyrex
|-ability|p2a: Kartana|Beast Boost|boost
|-boost|p2a: Kartana|atk|1
|
|upkeep
|inactive|12reek has 270 seconds left.
|-message|12reek forfeited.
|
|win|juandalepringle420
|l|☆12reek
|c|☆juandalepringle420|your ribombee is faster
|c|☆juandalepringle420|fool
