|j|☆yfjfhvvfjhvj
|j|☆TheStevinator
|t:|1685415486
|gametype|singles
|player|p1|yfjfhvvfjhvj|169|1045
|player|p2|TheStevinator|steven|1106
|teamsize|p1|6
|teamsize|p2|6
|gen|8
|tier|[Gen 8] Random Battle
|rated|
|rule|Species Clause: Limit one of each Pokémon
|rule|HP Percentage Mod: HP is shown in percentages
|rule|Sleep Clause Mod: Limit one foe put to sleep
|
|t:|1685415486
|start
|switch|p1a: Pyukumuku|Pyukumuku, L84, F|230/230
|switch|p2a: Hippowdon|Hippowdon, L80, M|304/304
|-weather|Sandstorm|[from] ability: Sand Stream|[of] p2a: Hippowdon
|turn|1
|inactive|Battle timer is ON: inactive players will automatically lose when time's up. (requested by TheStevinator)
|
|t:|1685415507
|switch|p2a: Klefki|Klefki, L82, F|228/228
|move|p1a: Pyukumuku|Toxic|p2a: Klefki
|-immune|p2a: Klefki
|
|-weather|Sandstorm|[upkeep]
|-damage|p1a: Pyukumuku|216/230|[from] Sandstorm
|-heal|p1a: Pyukumuku|230/230|[from] item: Leftovers
|upkeep
|turn|2
|
|t:|1685415523
|switch|p1a: Magnezone|Magnezone, L84|255/255
|move|p2a: Klefki|Toxic|p1a: Magnezone
|-immune|p1a: Magnezone
|
|-weather|Sandstorm|[upkeep]
|upkeep
|turn|3
|inactive|TheStevinator has 120 seconds left.
|
|t:|1685415552
|move|p2a: Klefki|Spikes|p1a: Magnezone
|-sidestart|p1: yfjfhvvfjhvj|Spikes
|move|p1a: Magnezone|Thunderbolt|p2a: Klefki
|-damage|p2a: Klefki|96/228
|
|-weather|Sandstorm|[upkeep]
|-heal|p2a: Klefki|110/228|[from] item: Leftovers
|upkeep
|turn|4
|inactive|TheStevinator has 120 seconds left.
|
|t:|1685415562
|move|p2a: Klefki|Spikes|p1a: Magnezone
|-sidestart|p1: yfjfhvvfjhvj|Spikes
|move|p1a: Magnezone|Thunderbolt|p2a: Klefki
|-damage|p2a: Klefki|0 fnt
|faint|p2a: Klefki
|
|-weather|Sandstorm|[upkeep]
|upkeep
|inactive|TheStevinator has 120 seconds left.
|
|t:|1685415572
|switch|p2a: Hippowdon|Hippowdon, L80, M|304/304
|turn|5
|inactive|TheStevinator has 120 seconds left.
|
|t:|1685415581
|switch|p1a: Armaldo|Armaldo, L86, M|269/269
|move|p2a: Hippowdon|Stealth Rock|p1a: Armaldo
|-sidestart|p1: yfjfhvvfjhvj|move: Stealth Rock
|
|-weather|none
|upkeep
|turn|6
|inactive|TheStevinator has 120 seconds left.
|
|t:|1685415592
|switch|p2a: Terrakion|Terrakion, L78|270/270
|move|p1a: Armaldo|Rapid Spin|p2a: Terrakion
|-resisted|p2a: Terrakion
|-damage|p2a: Terrakion|247/270
|-boost|p1a: Armaldo|spe|1
|-sideend|p1: yfjfhvvfjhvj|Spikes|[from] move: Rapid Spin|[of] p1a: Armaldo
|-sideend|p1: yfjfhvvfjhvj|Stealth Rock|[from] move: Rapid Spin|[of] p1a: Armaldo
|
|upkeep
|turn|7
|inactive|TheStevinator has 120 seconds left.
|
|t:|1685415606
|switch|p1a: Leafeon|Leafeon, L86, F|252/252
|move|p2a: Terrakion|Earthquake|p1a: Leafeon
|-resisted|p1a: Leafeon
|-damage|p1a: Leafeon|216/252
|-damage|p2a: Terrakion|220/270|[from] item: Life Orb
|
|upkeep
|turn|8
|inactive|TheStevinator has 120 seconds left.
|
|t:|1685415620
|move|p2a: Terrakion|Swords Dance|p2a: Terrakion
|-boost|p2a: Terrakion|atk|2
|move|p1a: Leafeon|Leaf Blade|p2a: Terrakion
|-supereffective|p2a: Terrakion
|-damage|p2a: Terrakion|4/270
|
|upkeep
|turn|9
|
|t:|1685415627
|move|p2a: Terrakion|Close Combat|p1a: Leafeon
|-crit|p1a: Leafeon
|-damage|p1a: Leafeon|0 fnt
|-unboost|p2a: Terrakion|def|1
|-unboost|p2a: Terrakion|spd|1
|faint|p1a: Leafeon
|-damage|p2a: Terrakion|0 fnt|[from] item: Life Orb
|faint|p2a: Terrakion
|
|upkeep
|
|t:|1685415640
|switch|p2a: Pinsir|Pinsir, L84, M|246/246
|switch|p1a: Cloyster|Cloyster, L80, F|211/211
|turn|10
|
|t:|1685415649
|move|p2a: Pinsir|Knock Off|p1a: Cloyster
|-damage|p1a: Cloyster|163/211
|-enditem|p1a: Cloyster|White Herb|[from] move: Knock Off|[of] p2a: Pinsir
|move|p1a: Cloyster|Shell Smash|p1a: Cloyster
|-unboost|p1a: Cloyster|def|1
|-unboost|p1a: Cloyster|spd|1
|-boost|p1a: Cloyster|atk|2
|-boost|p1a: Cloyster|spa|2
|-boost|p1a: Cloyster|spe|2
|
|upkeep
|turn|11
|
|t:|1685415668
|switch|p2a: Hippowdon|Hippowdon, L80, M|304/304
|-weather|Sandstorm|[from] ability: Sand Stream|[of] p2a: Hippowdon
|move|p1a: Cloyster|Rock Blast|p2a: Hippowdon
|-resisted|p2a: Hippowdon
|-damage|p2a: Hippowdon|291/304
|-resisted|p2a: Hippowdon
|-damage|p2a: Hippowdon|278/304
|-resisted|p2a: Hippowdon
|-damage|p2a: Hippowdon|264/304
|-resisted|p2a: Hippowdon
|-damage|p2a: Hippowdon|250/304
|-resisted|p2a: Hippowdon
|-damage|p2a: Hippowdon|237/304
|-hitcount|p2a: Hippowdon|5
|
|-weather|Sandstorm|[upkeep]
|-damage|p1a: Cloyster|150/211|[from] Sandstorm
|-heal|p2a: Hippowdon|256/304|[from] item: Leftovers
|upkeep
|turn|12
|inactive|TheStevinator has 120 seconds left.
|
|t:|1685415689
|move|p1a: Cloyster|Icicle Spear|p2a: Hippowdon
|-supereffective|p2a: Hippowdon
|-damage|p2a: Hippowdon|176/304
|-supereffective|p2a: Hippowdon
|-damage|p2a: Hippowdon|102/304
|-supereffective|p2a: Hippowdon
|-damage|p2a: Hippowdon|16/304
|-supereffective|p2a: Hippowdon
|-damage|p2a: Hippowdon|0 fnt
|faint|p2a: Hippowdon
|-hitcount|p2: Hippowdon|4
|
|-weather|Sandstorm|[upkeep]
|-damage|p1a: Cloyster|137/211|[from] Sandstorm
|upkeep
|
|t:|1685415707
|switch|p2a: Spiritomb|Spiritomb, L88, M|231/231
|turn|13
|
|t:|1685415725
|move|p1a: Cloyster|Icicle Spear|p2a: Spiritomb
|-damage|p2a: Spiritomb|191/231
|-damage|p2a: Spiritomb|149/231
|-damage|p2a: Spiritomb|109/231
|-damage|p2a: Spiritomb|72/231
|-crit|p2a: Spiritomb
|-damage|p2a: Spiritomb|9/231
|-hitcount|p2a: Spiritomb|5
|move|p2a: Spiritomb|Foul Play|p1a: Cloyster
|-damage|p1a: Cloyster|0 fnt
|faint|p1a: Cloyster
|
|-weather|Sandstorm|[upkeep]
|-damage|p2a: Spiritomb|0 fnt|[from] Sandstorm
|faint|p2a: Spiritomb
|upkeep
|
|t:|1685415748
|switch|p1a: Lycanroc|Lycanroc-Midnight, L82, F|274/274
|switch|p2a: Reshiram|Reshiram, L74|270/270
|-ability|p2a: Reshiram|Turboblaze
|turn|14
|inactive|TheStevinator has 90 seconds left.
|
|t:|1685415768
|move|p1a: Lycanroc|Stone Edge|p2a: Reshiram
|-supereffective|p2a: Reshiram
|-damage|p2a: Reshiram|0 fnt
|faint|p2a: Reshiram
|-damage|p1a: Lycanroc|247/274|[from] item: Life Orb
|
|-weather|Sandstorm|[upkeep]
|upkeep
|inactive|TheStevinator has 90 seconds left.
|
|t:|1685415779
|switch|p2a: Pinsir|Pinsir, L84, M|246/246
|turn|15
|inactive|TheStevinator has 90 seconds left.
|
|t:|1685415791
|move|p2a: Pinsir|Earthquake|p1a: Lycanroc
|-supereffective|p1a: Lycanroc
|-damage|p1a: Lycanroc|43/274
|move|p1a: Lycanroc|Stone Edge|p2a: Pinsir
|-supereffective|p2a: Pinsir
|-damage|p2a: Pinsir|0 fnt
|faint|p2a: Pinsir
|-damage|p1a: Lycanroc|16/274|[from] item: Life Orb
|
|win|yfjfhvvfjhvj
|raw|yfjfhvvfjhvj's rating: 1045 &rarr; <strong>1084</strong><br />(+39 for winning)
|raw|TheStevinator's rating: 1106 &rarr; <strong>1077</strong><br />(-29 for losing)
