|j|☆UBD Maikel RT 1500
|j|☆AquaDragneel
|inactive|Battle timer is ON: inactive players will automatically lose when time's up.
|t:|1685400731
|gametype|singles
|player|p1|UBD Maikel RT 1500|170|
|player|p2|AquaDragneel|gladion|
|teamsize|p1|6
|teamsize|p2|6
|gen|8
|tier|[Gen 8] Random Battle
|rated|Tournament battle
|rule|Species Clause: Limit one of each Pokémon
|rule|HP Percentage Mod: HP is shown in percentages
|rule|Sleep Clause Mod: Limit one foe put to sleep
|
|t:|1685400731
|start
|switch|p1a: Noctowl|Noctowl, L88, M|319/319
|switch|p2a: Noctowl|Noctowl, L88, F|319/319
|turn|1
|
|t:|1685400742
|move|p2a: Noctowl|Hurricane|p1a: Noctowl
|-damage|p1a: Noctowl|205/319
|move|p1a: Noctowl|Nasty Plot|p1a: Noctowl
|-boost|p1a: Noctowl|spa|2
|
|upkeep
|turn|2
|
|t:|1685400753
|move|p2a: Noctowl|Heat Wave|p1a: Noctowl
|-damage|p1a: Noctowl|142/319
|move|p1a: Noctowl|Hurricane|p2a: Noctowl
|-damage|p2a: Noctowl|102/319
|
|upkeep
|turn|3
|
|t:|1685400760
|move|p1a: Noctowl|Roost|p1a: Noctowl
|-heal|p1a: Noctowl|302/319
|-singleturn|p1a: Noctowl|move: Roost
|move|p2a: Noctowl|Roost|p2a: Noctowl
|-heal|p2a: Noctowl|262/319
|-singleturn|p2a: Noctowl|move: Roost
|
|upkeep
|turn|4
|
|t:|1685400769
|move|p2a: Noctowl|Hurricane|p1a: Noctowl
|-damage|p1a: Noctowl|193/319
|-start|p1a: Noctowl|confusion
|-activate|p1a: Noctowl|confusion
|move|p1a: Noctowl|Nasty Plot|p1a: Noctowl
|-boost|p1a: Noctowl|spa|2
|
|upkeep
|turn|5
|
|t:|1685400778
|-end|p1a: Noctowl|confusion
|move|p1a: Noctowl|Hurricane|p2a: Noctowl|[miss]
|-miss|p1a: Noctowl|p2a: Noctowl
|move|p2a: Noctowl|Heat Wave|p1a: Noctowl
|-damage|p1a: Noctowl|137/319
|
|upkeep
|turn|6
|j| Botargas
|
|t:|1685400794
|-start|p1a: Noctowl|Dynamax|
|-heal|p1a: Noctowl|274/638|[silent]
|move|p1a: Noctowl|Max Airstream|p2a: Noctowl
|-damage|p2a: Noctowl|0 fnt
|-boost|p1a: Noctowl|spe|1
|faint|p2a: Noctowl
|
|upkeep
|
|t:|1685400813
|switch|p2a: Mandibuzz|Mandibuzz, L82, F|315/315
|turn|7
|
|t:|1685400817
|move|p1a: Noctowl|Max Airstream|p2a: Mandibuzz
|-damage|p2a: Mandibuzz|0 fnt
|-boost|p1a: Noctowl|spe|1
|faint|p2a: Mandibuzz
|
|upkeep
|inactive|AquaDragneel has 120 seconds left.
|
|t:|1685400838
|switch|p2a: Swampert|Swampert, L80, M|291/291
|turn|8
|
|t:|1685400843
|move|p2a: Swampert|Protect|p2a: Swampert
|-singleturn|p2a: Swampert|Protect
|move|p1a: Noctowl|Max Airstream|p2a: Swampert
|-zbroken|p2a: Swampert
|-damage|p2a: Swampert|167/291
|-boost|p1a: Noctowl|spe|1
|
|-heal|p2a: Swampert|185/291|[from] item: Leftovers
|upkeep
|-end|p1a: Noctowl|Dynamax
|-heal|p1a: Noctowl|137/319|[silent]
|turn|9
|
|t:|1685400856
|move|p1a: Noctowl|Roost|p1a: Noctowl
|-heal|p1a: Noctowl|297/319
|-singleturn|p1a: Noctowl|move: Roost
|move|p2a: Swampert|Toxic|p1a: Noctowl
|-status|p1a: Noctowl|tox
|
|-heal|p2a: Swampert|203/291|[from] item: Leftovers
|-damage|p1a: Noctowl|278/319 tox|[from] psn
|upkeep
|turn|10
|
|t:|1685400877
|move|p2a: Swampert|Protect|p2a: Swampert
|-singleturn|p2a: Swampert|Protect
|move|p1a: Noctowl|Hurricane|p2a: Swampert
|-activate|p2a: Swampert|move: Protect
|
|-heal|p2a: Swampert|221/291|[from] item: Leftovers
|-damage|p1a: Noctowl|240/319 tox|[from] psn
|upkeep
|turn|11
|
|t:|1685400886
|move|p1a: Noctowl|Hurricane|p2a: Swampert
|-damage|p2a: Swampert|0 fnt
|faint|p2a: Swampert
|
|-damage|p1a: Noctowl|183/319 tox|[from] psn
|upkeep
|j| 6969qnzz
|inactive|AquaDragneel has 120 seconds left.
|j| AngelicaBae
|j| Shipka
|
|t:|1685400936
|switch|p2a: Indeedee|Indeedee-F, L85, F|258/258
|-fieldstart|move: Psychic Terrain|[from] ability: Psychic Surge|[of] p2a: Indeedee
|turn|12
|
|t:|1685400946
|move|p1a: Noctowl|Heat Wave|p2a: Indeedee
|-damage|p2a: Indeedee|92/258
|move|p2a: Indeedee|Calm Mind|p2a: Indeedee
|-boost|p2a: Indeedee|spa|1
|-boost|p2a: Indeedee|spd|1
|
|-damage|p1a: Noctowl|107/319 tox|[from] psn
|upkeep
|turn|13
|
|t:|1685400957
|move|p1a: Noctowl|Hurricane|p2a: Indeedee|[miss]
|-miss|p1a: Noctowl|p2a: Indeedee
|move|p2a: Indeedee|Expanding Force|p1a: Noctowl
|-damage|p1a: Noctowl|0 fnt
|faint|p1a: Noctowl
|-damage|p2a: Indeedee|67/258|[from] item: Life Orb
|
|upkeep
|
|t:|1685400974
|switch|p1a: Aegislash|Aegislash, L80, M|227/227
|turn|14
|inactive|AquaDragneel has 120 seconds left.
|
|t:|1685400997
|move|p2a: Indeedee|Mystical Fire|p1a: Aegislash
|-supereffective|p1a: Aegislash
|-damage|p1a: Aegislash|61/227
|-unboost|p1a: Aegislash|spa|1
|-damage|p2a: Indeedee|42/258|[from] item: Life Orb
|move|p1a: Aegislash|Substitute|p1a: Aegislash
|-start|p1a: Aegislash|Substitute
|-damage|p1a: Aegislash|5/227
|
|-heal|p1a: Aegislash|19/227|[from] item: Leftovers
|upkeep
|turn|15
|c|☆UBD Maikel RT 1500|se viene remontada muchachos
|c|☆AquaDragneel|no creo xd
|
|t:|1685401020
|move|p2a: Indeedee|Expanding Force|p1a: Aegislash
|-resisted|p1a: Aegislash
|-end|p1a: Aegislash|Substitute
|-damage|p2a: Indeedee|17/258|[from] item: Life Orb
|move|p1a: Aegislash|Toxic|p2a: Indeedee
|-status|p2a: Indeedee|tox
|
|-heal|p1a: Aegislash|33/227|[from] item: Leftovers
|-damage|p2a: Indeedee|1/258 tox|[from] psn
|upkeep
|turn|16
|
|t:|1685401049
|switch|p1a: Mandibuzz|Mandibuzz, L82, F|315/315
|move|p2a: Indeedee|Expanding Force|p1a: Mandibuzz
|-immune|p1a: Mandibuzz
|
|-damage|p2a: Indeedee|0 fnt|[from] psn
|faint|p2a: Indeedee
|-fieldend|move: Psychic Terrain
|upkeep
|
|t:|1685401054
|switch|p2a: Slurpuff|Slurpuff, L80, M|262/262
|turn|17
|
|t:|1685401061
|move|p1a: Mandibuzz|Toxic|p2a: Slurpuff|[miss]
|-miss|p1a: Mandibuzz|p2a: Slurpuff
|move|p2a: Slurpuff|Belly Drum|p2a: Slurpuff
|-damage|p2a: Slurpuff|131/262
|-setboost|p2a: Slurpuff|atk|6|[from] move: Belly Drum
|-enditem|p2a: Slurpuff|Sitrus Berry|[eat]
|-heal|p2a: Slurpuff|196/262|[from] item: Sitrus Berry
|
|upkeep
|turn|18
|
|t:|1685401081
|move|p2a: Slurpuff|Play Rough|p1a: Mandibuzz
|-supereffective|p1a: Mandibuzz
|-damage|p1a: Mandibuzz|0 fnt
|faint|p1a: Mandibuzz
|
|upkeep
|inactive|UBD Maikel RT 1500 has 120 seconds left.
|
|t:|1685401092
|switch|p1a: Rhydon|Rhydon, L87, M|324/324
|turn|19
|
|t:|1685401097
|move|p2a: Slurpuff|Drain Punch|p1a: Rhydon
|-supereffective|p1a: Rhydon
|-damage|p1a: Rhydon|152/324
|-heal|p2a: Slurpuff|262/262|[from] drain|[of] p1a: Rhydon
|move|p1a: Rhydon|Earthquake|p2a: Slurpuff
|-damage|p2a: Slurpuff|118/262
|
|upkeep
|turn|20
|
|t:|1685401106
|switch|p1a: Aegislash|Aegislash, L80, M|33/227
|move|p2a: Slurpuff|Drain Punch|p1a: Aegislash
|-immune|p1a: Aegislash
|
|-heal|p1a: Aegislash|47/227|[from] item: Leftovers
|upkeep
|turn|21
|inactive|AquaDragneel has 120 seconds left.
|
|t:|1685401145
|move|p2a: Slurpuff|Play Rough|p1a: Aegislash
|-resisted|p1a: Aegislash
|-damage|p1a: Aegislash|0 fnt
|faint|p1a: Aegislash
|
|upkeep
|
|t:|1685401158
|switch|p1a: Mew|Mew, L80|291/291
|turn|22
|inactive|AquaDragneel has 120 seconds left.
|
|t:|1685401179
|move|p2a: Slurpuff|Play Rough|p1a: Mew
|-damage|p1a: Mew|0 fnt
|faint|p1a: Mew
|
|upkeep
|
|t:|1685401185
|switch|p1a: Turtonator|Turtonator, L84, M|238/238
|turn|23
|inactive|AquaDragneel has 120 seconds left.
|inactive|AquaDragneel has 90 seconds left.
|
|t:|1685401238
|move|p2a: Slurpuff|Play Rough|p1a: Turtonator
|-damage|p1a: Turtonator|40/238
|move|p1a: Turtonator|Fire Blast|p2a: Slurpuff
|-damage|p2a: Slurpuff|0 fnt
|faint|p2a: Slurpuff
|
|upkeep
|
|t:|1685401240
|switch|p2a: Froslass|Froslass, L84, F|255/255
|turn|24
|
|t:|1685401251
|move|p2a: Froslass|Poltergeist|p1a: Turtonator
|-activate|p1a: Turtonator|move: Poltergeist|White Herb
|-damage|p1a: Turtonator|0 fnt
|faint|p1a: Turtonator
|
|upkeep
|
|t:|1685401257
|switch|p1a: Rhydon|Rhydon, L87, M|152/324
|turn|25
|
|t:|1685401261
|-start|p2a: Froslass|Dynamax|
|-heal|p2a: Froslass|510/510|[silent]
|move|p2a: Froslass|Max Hailstorm|p1a: Rhydon
|-supereffective|p1a: Rhydon
|-damage|p1a: Rhydon|30/324
|-weather|Hail
|move|p1a: Rhydon|Stone Edge|p2a: Froslass
|-supereffective|p2a: Froslass
|-damage|p2a: Froslass|190/510
|
|-weather|Hail|[upkeep]
|-damage|p1a: Rhydon|10/324|[from] Hail
|upkeep
|turn|26
|
|t:|1685401273
|move|p2a: Froslass|Max Hailstorm|p1a: Rhydon
|-supereffective|p1a: Rhydon
|-damage|p1a: Rhydon|0 fnt
|faint|p1a: Rhydon
|
|win|AquaDragneel
|n|☆UBD Maikel RT 1500|ubdmaikelrt1500
|n|☆AquaDragneel|aquadragneel
|n| Botargas|botargas
|n| 6969qnzz|6969qnzz
|n| AngelicaBae|angelicabae
|n| Shipka|shipka
