|j|☆Fbhdyfdd
|j|☆judyp
|t:|1685458562
|gametype|singles
|player|p1|Fbhdyfdd|102|1106
|player|p2|judyp|steven|1219
|teamsize|p1|6
|teamsize|p2|6
|gen|8
|tier|[Gen 8] Random Battle
|rated|
|rule|Species Clause: Limit one of each Pokémon
|rule|HP Percentage Mod: HP is shown in percentages
|rule|Sleep Clause Mod: Limit one foe put to sleep
|
|t:|1685458562
|start
|switch|p1a: Kartana|Kartana, L74|209/209
|switch|p2a: Politoed|Politoed, L86, F|295/295
|-weather|RainDance|[from] ability: Drizzle|[of] p2a: Politoed
|turn|1
|
|t:|1685458590
|switch|p2a: Lilligant|Lilligant, L84, F|255/255
|move|p1a: Kartana|Leaf Blade|p2a: Lilligant
|-resisted|p2a: Lilligant
|-damage|p2a: Lilligant|173/255
|-damage|p1a: Kartana|189/209|[from] item: Life Orb
|
|-weather|RainDance|[upkeep]
|upkeep
|turn|2
|
|t:|1685458602
|move|p1a: Kartana|Smart Strike|p2a: Lilligant
|-damage|p2a: Lilligant|35/255
|-damage|p1a: Kartana|169/209|[from] item: Life Orb
|move|p2a: Lilligant|Quiver Dance|p2a: Lilligant
|-boost|p2a: Lilligant|spa|1
|-boost|p2a: Lilligant|spd|1
|-boost|p2a: Lilligant|spe|1
|
|-weather|RainDance|[upkeep]
|upkeep
|turn|3
|
|t:|1685458611
|switch|p1a: Virizion|Virizion, L82|283/283
|move|p2a: Lilligant|Pollen Puff|p1a: Virizion
|-damage|p1a: Virizion|174/283
|-damage|p2a: Lilligant|10/255|[from] item: Life Orb
|
|-weather|RainDance|[upkeep]
|upkeep
|turn|4
|
|t:|1685458624
|move|p2a: Lilligant|Pollen Puff|p1a: Virizion
|-crit|p1a: Virizion
|-damage|p1a: Virizion|12/283
|-damage|p2a: Lilligant|0 fnt|[from] item: Life Orb
|faint|p2a: Lilligant
|move|p1a: Virizion|Swords Dance|p1a: Virizion
|-boost|p1a: Virizion|atk|2
|
|-weather|RainDance|[upkeep]
|upkeep
|
|t:|1685458637
|switch|p2a: Kingdra|Kingdra, L82, M|257/257
|turn|5
|
|t:|1685458645
|move|p2a: Kingdra|Hurricane|p1a: Virizion
|-supereffective|p1a: Virizion
|-damage|p1a: Virizion|0 fnt
|faint|p1a: Virizion
|-damage|p2a: Kingdra|232/257|[from] item: Life Orb
|
|-weather|none
|upkeep
|
|t:|1685458652
|switch|p1a: Jolteon|Jolteon, L82, F|241/241
|turn|6
|
|t:|1685458659
|switch|p2a: Vanilluxe|Vanilluxe, L82, F|251/251
|-weather|Hail|[from] ability: Snow Warning|[of] p2a: Vanilluxe
|move|p1a: Jolteon|Thunderbolt|p2a: Vanilluxe
|-damage|p2a: Vanilluxe|118/251
|
|-weather|Hail|[upkeep]
|-damage|p1a: Jolteon|226/241|[from] Hail
|upkeep
|turn|7
|
|t:|1685458669
|move|p1a: Jolteon|Thunderbolt|p2a: Vanilluxe
|-damage|p2a: Vanilluxe|0 fnt
|faint|p2a: Vanilluxe
|
|-weather|Hail|[upkeep]
|-damage|p1a: Jolteon|211/241|[from] Hail
|upkeep
|
|t:|1685458689
|switch|p2a: Politoed|Politoed, L86, F|295/295
|-weather|RainDance|[from] ability: Drizzle|[of] p2a: Politoed
|turn|8
|
|t:|1685458701
|move|p1a: Jolteon|Thunderbolt|p2a: Politoed
|-supereffective|p2a: Politoed
|-damage|p2a: Politoed|23/295
|move|p2a: Politoed|Scald|p1a: Jolteon
|-damage|p1a: Jolteon|91/241
|
|-weather|RainDance|[upkeep]
|upkeep
|turn|9
|
|t:|1685458709
|move|p1a: Jolteon|Thunderbolt|p2a: Politoed
|-supereffective|p2a: Politoed
|-damage|p2a: Politoed|0 fnt
|faint|p2a: Politoed
|
|-weather|RainDance|[upkeep]
|upkeep
|
|t:|1685458710
|switch|p2a: Kingdra|Kingdra, L82, M|232/257
|turn|10
|
|t:|1685458729
|move|p2a: Kingdra|Hydro Pump|p1a: Jolteon
|-damage|p1a: Jolteon|0 fnt
|faint|p1a: Jolteon
|-damage|p2a: Kingdra|207/257|[from] item: Life Orb
|
|-weather|RainDance|[upkeep]
|upkeep
|
|t:|1685458738
|switch|p1a: Tornadus|Tornadus, L80, M|258/258
|turn|11
|
|t:|1685458753
|move|p2a: Kingdra|Hydro Pump|p1a: Tornadus|[miss]
|-miss|p2a: Kingdra|p1a: Tornadus
|move|p1a: Tornadus|Hurricane|p2a: Kingdra
|-damage|p2a: Kingdra|69/257
|
|-weather|RainDance|[upkeep]
|upkeep
|turn|12
|
|t:|1685458764
|move|p1a: Tornadus|Nasty Plot|p1a: Tornadus
|-boost|p1a: Tornadus|spa|2
|move|p2a: Kingdra|Hydro Pump|p1a: Tornadus
|-damage|p1a: Tornadus|3/258
|-damage|p2a: Kingdra|44/257|[from] item: Life Orb
|
|-weather|none
|upkeep
|turn|13
|
|t:|1685458771
|move|p1a: Tornadus|Grass Knot|p2a: Kingdra
|-damage|p2a: Kingdra|0 fnt
|faint|p2a: Kingdra
|
|upkeep
|
|t:|1685458788
|switch|p2a: Moltres|Moltres-Galar, L75|259/259
|turn|14
|
|t:|1685458796
|-start|p2a: Moltres|Dynamax|
|-heal|p2a: Moltres|518/518|[silent]
|move|p1a: Tornadus|Hurricane|p2a: Moltres|[miss]
|-miss|p1a: Tornadus|p2a: Moltres
|move|p2a: Moltres|Max Airstream|p1a: Tornadus
|-damage|p1a: Tornadus|0 fnt
|-boost|p2a: Moltres|spe|1
|faint|p1a: Tornadus
|
|upkeep
|
|t:|1685458820
|switch|p1a: Persian|Persian-Alola, L82, M|241/241
|turn|15
|
|t:|1685458830
|move|p2a: Moltres|Max Airstream|p1a: Persian
|-damage|p1a: Persian|90/241
|-boost|p2a: Moltres|spe|1
|move|p1a: Persian|Nasty Plot|p1a: Persian
|-boost|p1a: Persian|spa|2
|
|-heal|p1a: Persian|105/241|[from] item: Leftovers
|upkeep
|turn|16
|
|t:|1685458834
|-start|p1a: Persian|Dynamax|
|-heal|p1a: Persian|210/482|[silent]
|move|p1a: Persian|Max Guard|p1a: Persian
|-singleturn|p1a: Persian|Max Guard
|move|p2a: Moltres|Max Airstream|p1a: Persian
|-activate|p1a: Persian|move: Max Guard
|
|-heal|p1a: Persian|225/482|[from] item: Leftovers
|upkeep
|-end|p2a: Moltres|Dynamax
|-heal|p2a: Moltres|259/259|[silent]
|turn|17
|
|t:|1685458843
|move|p2a: Moltres|Nasty Plot|p2a: Moltres
|-boost|p2a: Moltres|spa|2
|move|p1a: Persian|Max Lightning|p2a: Moltres
|-supereffective|p2a: Moltres
|-damage|p2a: Moltres|33/259
|-fieldstart|move: Electric Terrain
|-ability|p2a: Moltres|Berserk|boost
|-boost|p2a: Moltres|spa|1
|
|-heal|p1a: Persian|240/482|[from] item: Leftovers
|upkeep
|turn|18
|
|t:|1685458863
|move|p2a: Moltres|Hurricane|p1a: Persian
|-damage|p1a: Persian|0 fnt
|faint|p1a: Persian
|
|upkeep
|-message|Fbhdyfdd forfeited.
|
|win|judyp
|raw|Fbhdyfdd's rating: 1106 &rarr; <strong>1089</strong><br />(-17 for losing)
|raw|judyp's rating: 1219 &rarr; <strong>1236</strong><br />(+17 for winning)
|l|☆Fbhdyfdd
