|j|☆ftmajato
|j|☆HarleyVaxxe7117
|t:|1685287781
|gametype|singles
|player|p1|ftmajato|lance|1205
|player|p2|HarleyVaxxe7117|170|1161
|teamsize|p1|6
|teamsize|p2|6
|gen|8
|tier|[Gen 8] Random Battle
|rated|
|rule|Species Clause: Limit one of each Pokémon
|rule|HP Percentage Mod: HP is shown in percentages
|rule|Sleep Clause Mod: Limit one foe put to sleep
|
|t:|1685287781
|start
|switch|p1a: Butterfree|Butterfree, L87, M|246/246
|switch|p2a: Gallade|Gallade, L82, M|246/246
|turn|1
|
|t:|1685287788
|switch|p1a: Leafeon|Leafeon, L86, F|252/252
|move|p2a: Gallade|Zen Headbutt|p1a: Leafeon
|-damage|p1a: Leafeon|162/252
|-damage|p2a: Gallade|222/246|[from] item: Life Orb
|
|upkeep
|turn|2
|
|t:|1685287791
|switch|p2a: Scolipede|Scolipede, L80, F|227/227
|move|p1a: Leafeon|X-Scissor|p2a: Scolipede
|-resisted|p2a: Scolipede
|-damage|p2a: Scolipede|185/227
|-damage|p1a: Leafeon|137/252|[from] item: Life Orb
|
|upkeep
|turn|3
|
|t:|1685287798
|switch|p1a: Butterfree|Butterfree, L87, M|246/246
|move|p2a: Scolipede|Swords Dance|p2a: Scolipede
|-boost|p2a: Scolipede|atk|2
|
|-ability|p2a: Scolipede|Speed Boost|boost
|-boost|p2a: Scolipede|spe|1
|upkeep
|turn|4
|
|t:|1685287821
|move|p2a: Scolipede|Poison Jab|p1a: Butterfree
|-damage|p1a: Butterfree|0 fnt
|faint|p1a: Butterfree
|-damage|p2a: Scolipede|163/227|[from] item: Life Orb
|
|-ability|p2a: Scolipede|Speed Boost|boost
|-boost|p2a: Scolipede|spe|1
|upkeep
|
|t:|1685287827
|switch|p1a: Mawile|Mawile, L86, F|226/226
|turn|5
|
|t:|1685287840
|move|p2a: Scolipede|Earthquake|p1a: Mawile
|-supereffective|p1a: Mawile
|-damage|p1a: Mawile|0 fnt
|faint|p1a: Mawile
|-damage|p2a: Scolipede|141/227|[from] item: Life Orb
|
|-ability|p2a: Scolipede|Speed Boost|boost
|-boost|p2a: Scolipede|spe|1
|upkeep
|
|t:|1685287846
|switch|p1a: Drifblim|Drifblim, L84, M|389/389
|turn|6
|
|t:|1685287863
|move|p2a: Scolipede|Poison Jab|p1a: Drifblim
|-resisted|p1a: Drifblim
|-damage|p1a: Drifblim|233/389
|-damage|p2a: Scolipede|119/227|[from] item: Life Orb
|move|p1a: Drifblim|Calm Mind|p1a: Drifblim
|-boost|p1a: Drifblim|spa|1
|-boost|p1a: Drifblim|spd|1
|
|-ability|p2a: Scolipede|Speed Boost|boost
|-boost|p2a: Scolipede|spe|1
|upkeep
|turn|7
|
|t:|1685287866
|move|p2a: Scolipede|Poison Jab|p1a: Drifblim
|-resisted|p1a: Drifblim
|-damage|p1a: Drifblim|65/389
|-status|p1a: Drifblim|psn
|-enditem|p1a: Drifblim|Sitrus Berry|[eat]
|-heal|p1a: Drifblim|162/389 psn|[from] item: Sitrus Berry
|-damage|p2a: Scolipede|97/227|[from] item: Life Orb
|move|p1a: Drifblim|Strength Sap|p2a: Scolipede
|-unboost|p2a: Scolipede|atk|1
|-heal|p1a: Drifblim|389/389 psn
|
|-damage|p1a: Drifblim|341/389 psn|[from] psn
|-ability|p2a: Scolipede|Speed Boost|boost
|-boost|p2a: Scolipede|spe|1
|upkeep
|turn|8
|
|t:|1685287871
|move|p2a: Scolipede|Poison Jab|p1a: Drifblim
|-resisted|p1a: Drifblim
|-damage|p1a: Drifblim|219/389 psn
|-damage|p2a: Scolipede|75/227|[from] item: Life Orb
|move|p1a: Drifblim|Calm Mind|p1a: Drifblim
|-boost|p1a: Drifblim|spa|1
|-boost|p1a: Drifblim|spd|1
|
|-damage|p1a: Drifblim|171/389 psn|[from] psn
|-ability|p2a: Scolipede|Speed Boost|boost
|-boost|p2a: Scolipede|spe|1
|upkeep
|turn|9
|
|t:|1685287874
|move|p2a: Scolipede|Poison Jab|p1a: Drifblim
|-resisted|p1a: Drifblim
|-damage|p1a: Drifblim|50/389 psn
|-damage|p2a: Scolipede|53/227|[from] item: Life Orb
|move|p1a: Drifblim|Strength Sap|p2a: Scolipede
|-unboost|p2a: Scolipede|atk|1
|-heal|p1a: Drifblim|359/389 psn
|
|-damage|p1a: Drifblim|311/389 psn|[from] psn
|upkeep
|turn|10
|
|t:|1685287882
|move|p2a: Scolipede|Poison Jab|p1a: Drifblim
|-resisted|p1a: Drifblim
|-damage|p1a: Drifblim|225/389 psn
|-damage|p2a: Scolipede|31/227|[from] item: Life Orb
|move|p1a: Drifblim|Strength Sap|p2a: Scolipede
|-unboost|p2a: Scolipede|atk|1
|-heal|p1a: Drifblim|389/389 psn
|
|-damage|p1a: Drifblim|341/389 psn|[from] psn
|upkeep
|turn|11
|
|t:|1685287886
|switch|p2a: Wailord|Wailord, L90, F|452/452
|move|p1a: Drifblim|Strength Sap|p2a: Wailord
|-unboost|p2a: Wailord|atk|1
|-heal|p1a: Drifblim|389/389 psn
|
|-damage|p1a: Drifblim|341/389 psn|[from] psn
|upkeep
|turn|12
|
|t:|1685287891
|move|p1a: Drifblim|Thunderbolt|p2a: Wailord
|-supereffective|p2a: Wailord
|-damage|p2a: Wailord|114/452
|move|p2a: Wailord|Ice Beam|p1a: Drifblim
|-supereffective|p1a: Drifblim
|-damage|p1a: Drifblim|185/389 psn
|
|-damage|p1a: Drifblim|137/389 psn|[from] psn
|upkeep
|turn|13
|
|t:|1685287894
|move|p1a: Drifblim|Strength Sap|p2a: Wailord
|-unboost|p2a: Wailord|atk|1
|-heal|p1a: Drifblim|248/389 psn
|move|p2a: Wailord|Ice Beam|p1a: Drifblim
|-supereffective|p1a: Drifblim
|-damage|p1a: Drifblim|88/389 psn
|
|-damage|p1a: Drifblim|40/389 psn|[from] psn
|upkeep
|turn|14
|
|t:|1685287900
|move|p1a: Drifblim|Thunderbolt|p2a: Wailord
|-supereffective|p2a: Wailord
|-damage|p2a: Wailord|0 fnt
|faint|p2a: Wailord
|
|-damage|p1a: Drifblim|0 fnt|[from] psn
|faint|p1a: Drifblim
|upkeep
|
|t:|1685287907
|switch|p1a: Drapion|Drapion, L82, F|249/249
|switch|p2a: Scolipede|Scolipede, L80, F|31/227
|turn|15
|
|t:|1685287919
|move|p2a: Scolipede|Earthquake|p1a: Drapion
|-supereffective|p1a: Drapion
|-damage|p1a: Drapion|106/249
|-damage|p2a: Scolipede|9/227|[from] item: Life Orb
|move|p1a: Drapion|Knock Off|p2a: Scolipede
|-damage|p2a: Scolipede|0 fnt
|-enditem|p2a: Scolipede|Life Orb|[from] move: Knock Off|[of] p1a: Drapion
|faint|p2a: Scolipede
|-damage|p1a: Drapion|82/249|[from] item: Life Orb
|
|upkeep
|
|t:|1685287923
|switch|p2a: Mamoswine|Mamoswine, L80, F|307/307
|turn|16
|
|t:|1685287926
|move|p1a: Drapion|Earthquake|p2a: Mamoswine
|-damage|p2a: Mamoswine|220/307
|-damage|p1a: Drapion|58/249|[from] item: Life Orb
|move|p2a: Mamoswine|Stealth Rock|p1a: Drapion
|-sidestart|p1: ftmajato|move: Stealth Rock
|
|upkeep
|turn|17
|
|t:|1685287929
|move|p1a: Drapion|Knock Off|p2a: Mamoswine
|-damage|p2a: Mamoswine|87/307
|-enditem|p2a: Mamoswine|Life Orb|[from] move: Knock Off|[of] p1a: Drapion
|-damage|p1a: Drapion|34/249|[from] item: Life Orb
|move|p2a: Mamoswine|Earthquake|p1a: Drapion
|-supereffective|p1a: Drapion
|-crit|p1a: Drapion
|-damage|p1a: Drapion|0 fnt
|faint|p1a: Drapion
|
|upkeep
|
|t:|1685287933
|switch|p1a: Leafeon|Leafeon, L86, F|137/252
|-damage|p1a: Leafeon|106/252|[from] Stealth Rock
|turn|18
|
|t:|1685287939
|-start|p1a: Leafeon|Dynamax|
|-heal|p1a: Leafeon|212/504|[silent]
|move|p2a: Mamoswine|Ice Shard|p1a: Leafeon
|-supereffective|p1a: Leafeon
|-damage|p1a: Leafeon|134/504
|move|p1a: Leafeon|Max Overgrowth|p2a: Mamoswine
|-supereffective|p2a: Mamoswine
|-damage|p2a: Mamoswine|0 fnt
|-fieldstart|move: Grassy Terrain
|faint|p2a: Mamoswine
|-damage|p1a: Leafeon|109/504|[from] item: Life Orb
|
|-heal|p1a: Leafeon|124/504|[from] Grassy Terrain
|upkeep
|
|t:|1685287945
|switch|p2a: Pincurchin|Pincurchin, L88, M|228/228
|-fieldstart|move: Electric Terrain|[from] ability: Electric Surge|[of] p2a: Pincurchin
|turn|19
|
|t:|1685287955
|move|p2a: Pincurchin|Sucker Punch|p1a: Leafeon
|-damage|p1a: Leafeon|81/504
|move|p1a: Leafeon|Max Overgrowth|p2a: Pincurchin
|-damage|p2a: Pincurchin|40/228
|-fieldstart|move: Grassy Terrain
|-damage|p1a: Leafeon|56/504|[from] item: Life Orb
|
|-heal|p1a: Leafeon|71/504|[from] Grassy Terrain
|-heal|p2a: Pincurchin|54/228|[from] Grassy Terrain
|upkeep
|turn|20
|
|t:|1685287958
|move|p2a: Pincurchin|Sucker Punch|p1a: Leafeon
|-damage|p1a: Leafeon|30/504
|move|p1a: Leafeon|Max Overgrowth|p2a: Pincurchin
|-damage|p2a: Pincurchin|0 fnt
|faint|p2a: Pincurchin
|-damage|p1a: Leafeon|5/504|[from] item: Life Orb
|
|-heal|p1a: Leafeon|20/504|[from] Grassy Terrain
|upkeep
|
|t:|1685287960
|switch|p2a: Noivern|Noivern, L82, M|274/274
|-end|p1a: Leafeon|Dynamax
|-heal|p1a: Leafeon|10/252|[silent]
|turn|21
|
|t:|1685287967
|-start|p2a: Noivern|Dynamax|
|-heal|p2a: Noivern|548/548|[silent]
|move|p2a: Noivern|Max Airstream|p1a: Leafeon
|-supereffective|p1a: Leafeon
|-damage|p1a: Leafeon|0 fnt
|-boost|p2a: Noivern|spe|1
|faint|p1a: Leafeon
|
|upkeep
|
|t:|1685287969
|switch|p1a: Regirock|Regirock, L85|275/275
|-damage|p1a: Regirock|241/275|[from] Stealth Rock
|turn|22
|
|t:|1685287992
|move|p2a: Noivern|Max Wyrmwind|p1a: Regirock
|-damage|p1a: Regirock|124/275
|-unboost|p1a: Regirock|atk|1
|move|p1a: Regirock|Rock Slide|p2a: Noivern
|-supereffective|p2a: Noivern
|-damage|p2a: Noivern|366/548
|
|-heal|p1a: Regirock|141/275|[from] Grassy Terrain
|upkeep
|turn|23
|
|t:|1685288002
|move|p2a: Noivern|Max Wyrmwind|p1a: Regirock
|-damage|p1a: Regirock|23/275
|-unboost|p1a: Regirock|atk|1
|move|p1a: Regirock|Rock Slide|p2a: Noivern
|-supereffective|p2a: Noivern
|-damage|p2a: Noivern|216/548
|
|-heal|p1a: Regirock|40/275|[from] Grassy Terrain
|-fieldend|move: Grassy Terrain
|upkeep
|-end|p2a: Noivern|Dynamax
|-heal|p2a: Noivern|108/274|[silent]
|turn|24
|
|t:|1685288007
|move|p2a: Noivern|Hurricane|p1a: Regirock
|-resisted|p1a: Regirock
|-damage|p1a: Regirock|0 fnt
|faint|p1a: Regirock
|
|win|HarleyVaxxe7117
|raw|ftmajato's rating: 1205 &rarr; <strong>1179</strong><br />(-26 for losing)
|raw|HarleyVaxxe7117's rating: 1196 &rarr; <strong>1222</strong><br />(+26 for winning)
