|j|☆thqthomas
|j|☆tangy fish
|t:|1685538970
|gametype|singles
|player|p1|thqthomas|266|1235
|player|p2|tangy fish|2|1235
|teamsize|p1|6
|teamsize|p2|6
|gen|8
|tier|[Gen 8] Random Battle
|rated|
|rule|Species Clause: Limit one of each Pokémon
|rule|HP Percentage Mod: HP is shown in percentages
|rule|Sleep Clause Mod: Limit one foe put to sleep
|
|t:|1685538970
|start
|switch|p1a: Perrserker|Perrserker, L86, F|261/261
|switch|p2a: Diancie|Diancie, L82|216/216
|turn|1
|
|t:|1685538991
|switch|p2a: Druddigon|Druddigon, L84, F|267/267
|-ability|p2a: Druddigon|Mold Breaker
|move|p1a: Perrserker|Iron Head|p2a: Druddigon
|-damage|p2a: Druddigon|118/267
|-damage|p1a: Perrserker|235/261|[from] item: Life Orb
|
|upkeep
|turn|2
|
|t:|1685539008
|move|p1a: Perrserker|Iron Head|p2a: Druddigon
|-damage|p2a: Druddigon|0 fnt
|faint|p2a: Druddigon
|-damage|p1a: Perrserker|209/261|[from] item: Life Orb
|
|upkeep
|
|t:|1685539017
|switch|p2a: Dusknoir|Dusknoir, L86, M|218/218
|-item|p1a: Perrserker|Life Orb|[from] ability: Frisk|[of] p2a: Dusknoir|[identify]
|turn|3
|
|t:|1685539024
|-start|p1a: Perrserker|Dynamax|
|-heal|p1a: Perrserker|418/522|[silent]
|move|p1a: Perrserker|Max Darkness|p2a: Dusknoir
|-supereffective|p2a: Dusknoir
|-damage|p2a: Dusknoir|10/218
|-unboost|p2a: Dusknoir|spd|1
|-damage|p1a: Perrserker|392/522|[from] item: Life Orb
|move|p2a: Dusknoir|Will-O-Wisp|p1a: Perrserker
|-status|p1a: Perrserker|brn
|
|-heal|p2a: Dusknoir|23/218|[from] item: Leftovers
|-damage|p1a: Perrserker|376/522 brn|[from] brn
|upkeep
|turn|4
|
|t:|1685539048
|switch|p2a: Pinsir|Pinsir, L84, M|246/246
|move|p1a: Perrserker|Max Steelspike|p2a: Pinsir
|-damage|p2a: Pinsir|149/246
|-boost|p1a: Perrserker|def|1
|-damage|p1a: Perrserker|350/522 brn|[from] item: Life Orb
|
|-damage|p1a: Perrserker|334/522 brn|[from] brn
|upkeep
|turn|5
|
|t:|1685539064
|move|p2a: Pinsir|Earthquake|p1a: Perrserker
|-supereffective|p1a: Perrserker
|-damage|p1a: Perrserker|230/522 brn
|move|p1a: Perrserker|Max Steelspike|p2a: Pinsir
|-damage|p2a: Pinsir|57/246
|-boost|p1a: Perrserker|def|1
|-damage|p1a: Perrserker|204/522 brn|[from] item: Life Orb
|
|-damage|p1a: Perrserker|188/522 brn|[from] brn
|upkeep
|-end|p1a: Perrserker|Dynamax
|-heal|p1a: Perrserker|94/261 brn|[silent]
|turn|6
|
|t:|1685539077
|move|p1a: Perrserker|Fake Out||[still]
|-hint|Fake Out only works on your first turn out.
|-fail|p1a: Perrserker
|move|p2a: Pinsir|Earthquake|p1a: Perrserker
|-supereffective|p1a: Perrserker
|-damage|p1a: Perrserker|14/261 brn
|
|-damage|p1a: Perrserker|0 fnt|[from] brn
|faint|p1a: Perrserker
|upkeep
|
|t:|1685539092
|switch|p1a: Dedenne|Dedenne, L87, F|258/258
|turn|7
|
|t:|1685539099
|move|p2a: Pinsir|Earthquake|p1a: Dedenne
|-supereffective|p1a: Dedenne
|-damage|p1a: Dedenne|50/258
|-enditem|p1a: Dedenne|Sitrus Berry|[eat]
|-heal|p1a: Dedenne|114/258|[from] item: Sitrus Berry
|-heal|p1a: Dedenne|200/258|[from] ability: Cheek Pouch
|move|p1a: Dedenne|Thunderbolt|p2a: Pinsir
|-damage|p2a: Pinsir|0 fnt
|faint|p2a: Pinsir
|
|upkeep
|
|t:|1685539116
|switch|p2a: Mimikyu|Mimikyu, L76, F|209/209
|turn|8
|
|t:|1685539123
|move|p1a: Dedenne|Toxic|p2a: Mimikyu
|-status|p2a: Mimikyu|tox
|move|p2a: Mimikyu|Swords Dance|p2a: Mimikyu
|-boost|p2a: Mimikyu|atk|2
|
|-damage|p2a: Mimikyu|196/209 tox|[from] psn
|upkeep
|turn|9
|
|t:|1685539138
|move|p1a: Dedenne|Thunderbolt|p2a: Mimikyu
|-activate|p2a: Mimikyu|ability: Disguise
|-damage|p2a: Mimikyu|196/209 tox
|detailschange|p2a: Mimikyu|Mimikyu-Busted, L76, F
|-damage|p2a: Mimikyu|170/209 tox|[from] pokemon: Mimikyu-Busted
|move|p2a: Mimikyu|Shadow Claw|p1a: Dedenne
|-damage|p1a: Dedenne|17/258
|-damage|p2a: Mimikyu|150/209 tox|[from] item: Life Orb
|
|-damage|p2a: Mimikyu|124/209 tox|[from] psn
|upkeep
|turn|10
|
|t:|1685539150
|move|p1a: Dedenne|Protect|p1a: Dedenne
|-singleturn|p1a: Dedenne|Protect
|move|p2a: Mimikyu|Shadow Sneak|p1a: Dedenne
|-activate|p1a: Dedenne|move: Protect
|
|-damage|p2a: Mimikyu|85/209 tox|[from] psn
|upkeep
|turn|11
|
|t:|1685539160
|move|p1a: Dedenne|Protect|p1a: Dedenne
|-singleturn|p1a: Dedenne|Protect
|move|p2a: Mimikyu|Shadow Sneak|p1a: Dedenne
|-activate|p1a: Dedenne|move: Protect
|
|-damage|p2a: Mimikyu|33/209 tox|[from] psn
|upkeep
|turn|12
|
|t:|1685539167
|move|p2a: Mimikyu|Shadow Sneak|p1a: Dedenne
|-damage|p1a: Dedenne|0 fnt
|faint|p1a: Dedenne
|-damage|p2a: Mimikyu|13/209 tox|[from] item: Life Orb
|
|-damage|p2a: Mimikyu|0 fnt|[from] psn
|faint|p2a: Mimikyu
|upkeep
|
|t:|1685539178
|switch|p1a: Latios|Latios, L78, M|253/253
|switch|p2a: Yveltal|Yveltal, L69|288/288
|-ability|p2a: Yveltal|Dark Aura
|turn|13
|
|t:|1685539190
|-start|p2a: Yveltal|Dynamax|
|-heal|p2a: Yveltal|576/576|[silent]
|move|p1a: Latios|Draco Meteor|p2a: Yveltal|[miss]
|-miss|p1a: Latios|p2a: Yveltal
|move|p2a: Yveltal|Max Darkness|p1a: Latios
|-supereffective|p1a: Latios
|-damage|p1a: Latios|0 fnt
|faint|p1a: Latios
|
|upkeep
|
|t:|1685539203
|switch|p1a: Quagsire|Quagsire, L84, M|297/297
|turn|14
|
|t:|1685539209
|move|p2a: Yveltal|Max Airstream|p1a: Quagsire
|-damage|p1a: Quagsire|147/297
|-boost|p2a: Yveltal|spe|1
|move|p1a: Quagsire|Recover|p1a: Quagsire
|-heal|p1a: Quagsire|296/297
|
|-heal|p1a: Quagsire|297/297|[from] item: Leftovers
|upkeep
|turn|15
|
|t:|1685539220
|move|p2a: Yveltal|Max Airstream|p1a: Quagsire
|-damage|p1a: Quagsire|152/297
|-boost|p2a: Yveltal|spe|1
|move|p1a: Quagsire|Recover|p1a: Quagsire
|-heal|p1a: Quagsire|297/297
|
|upkeep
|-end|p2a: Yveltal|Dynamax
|-heal|p2a: Yveltal|288/288|[silent]
|turn|16
|
|t:|1685539231
|move|p2a: Yveltal|Knock Off|p1a: Quagsire
|-damage|p1a: Quagsire|177/297
|-enditem|p1a: Quagsire|Leftovers|[from] move: Knock Off|[of] p2a: Yveltal
|move|p1a: Quagsire|Toxic|p2a: Yveltal
|-status|p2a: Yveltal|tox
|
|-damage|p2a: Yveltal|270/288 tox|[from] psn
|upkeep
|turn|17
|
|t:|1685539239
|move|p2a: Yveltal|Oblivion Wing|p1a: Quagsire
|-damage|p1a: Quagsire|90/297
|-heal|p2a: Yveltal|288/288 tox|[from] drain|[of] p1a: Quagsire
|move|p1a: Quagsire|Recover|p1a: Quagsire
|-heal|p1a: Quagsire|239/297
|
|-damage|p2a: Yveltal|252/288 tox|[from] psn
|upkeep
|turn|18
|
|t:|1685539262
|switch|p2a: Diancie|Diancie, L82|216/216
|move|p1a: Quagsire|Scald|p2a: Diancie
|-supereffective|p2a: Diancie
|-damage|p2a: Diancie|136/216
|
|-heal|p2a: Diancie|149/216|[from] item: Leftovers
|upkeep
|turn|19
|
|t:|1685539280
|switch|p1a: Articuno|Articuno, L84|288/288
|-ability|p1a: Articuno|Pressure
|move|p2a: Diancie|Toxic|p1a: Articuno
|-status|p1a: Articuno|tox
|
|-heal|p2a: Diancie|162/216|[from] item: Leftovers
|-damage|p1a: Articuno|270/288 tox|[from] psn
|upkeep
|turn|20
|
|t:|1685539293
|move|p1a: Articuno|Freeze-Dry|p2a: Diancie
|-crit|p2a: Diancie
|-damage|p2a: Diancie|84/216
|move|p2a: Diancie|Diamond Storm|p1a: Articuno
|-supereffective|p1a: Articuno
|-damage|p1a: Articuno|0 fnt
|faint|p1a: Articuno
|
|-heal|p2a: Diancie|97/216|[from] item: Leftovers
|upkeep
|
|t:|1685539302
|switch|p1a: Barbaracle|Barbaracle, L80, F|246/246
|turn|21
|
|t:|1685539308
|switch|p2a: Dusknoir|Dusknoir, L86, M|23/218
|-item|p1a: Barbaracle|Choice Scarf|[from] ability: Frisk|[of] p2a: Dusknoir|[identify]
|move|p1a: Barbaracle|Earthquake|p2a: Dusknoir
|-damage|p2a: Dusknoir|0 fnt
|faint|p2a: Dusknoir
|
|upkeep
|
|t:|1685539316
|switch|p2a: Yveltal|Yveltal, L69|252/288 tox
|-ability|p2a: Yveltal|Dark Aura
|turn|22
|
|t:|1685539327
|switch|p1a: Quagsire|Quagsire, L84, M|239/297
|move|p2a: Yveltal|Oblivion Wing|p1a: Quagsire
|-damage|p1a: Quagsire|139/297
|-heal|p2a: Yveltal|288/288 tox|[from] drain|[of] p1a: Quagsire
|
|-damage|p2a: Yveltal|270/288 tox|[from] psn
|upkeep
|turn|23
|
|t:|1685539338
|move|p2a: Yveltal|Oblivion Wing|p1a: Quagsire
|-damage|p1a: Quagsire|54/297
|-heal|p2a: Yveltal|288/288 tox|[from] drain|[of] p1a: Quagsire
|move|p1a: Quagsire|Recover|p1a: Quagsire
|-heal|p1a: Quagsire|203/297
|
|-damage|p2a: Yveltal|252/288 tox|[from] psn
|upkeep
|turn|24
|
|t:|1685539349
|move|p2a: Yveltal|Oblivion Wing|p1a: Quagsire
|-damage|p1a: Quagsire|118/297
|-heal|p2a: Yveltal|288/288 tox|[from] drain|[of] p1a: Quagsire
|move|p1a: Quagsire|Recover|p1a: Quagsire
|-heal|p1a: Quagsire|267/297
|
|-damage|p2a: Yveltal|234/288 tox|[from] psn
|upkeep
|turn|25
|
|t:|1685539360
|move|p2a: Yveltal|Oblivion Wing|p1a: Quagsire
|-damage|p1a: Quagsire|171/297
|-heal|p2a: Yveltal|288/288 tox|[from] drain|[of] p1a: Quagsire
|move|p1a: Quagsire|Scald|p2a: Yveltal
|-damage|p2a: Yveltal|224/288 tox
|
|-damage|p2a: Yveltal|152/288 tox|[from] psn
|upkeep
|turn|26
|
|t:|1685539371
|switch|p2a: Diancie|Diancie, L82|97/216
|move|p1a: Quagsire|Recover|p1a: Quagsire
|-heal|p1a: Quagsire|297/297
|
|-heal|p2a: Diancie|110/216|[from] item: Leftovers
|upkeep
|turn|27
|
|t:|1685539379
|switch|p1a: Barbaracle|Barbaracle, L80, F|246/246
|move|p2a: Diancie|Toxic|p1a: Barbaracle
|-status|p1a: Barbaracle|tox
|
|-heal|p2a: Diancie|123/216|[from] item: Leftovers
|-damage|p1a: Barbaracle|231/246 tox|[from] psn
|upkeep
|turn|28
|
|t:|1685539412
|switch|p2a: Yveltal|Yveltal, L69|152/288 tox
|-ability|p2a: Yveltal|Dark Aura
|move|p1a: Barbaracle|Liquidation|p2a: Yveltal
|-damage|p2a: Yveltal|29/288 tox
|-unboost|p2a: Yveltal|def|1
|
|-damage|p1a: Barbaracle|201/246 tox|[from] psn
|-damage|p2a: Yveltal|11/288 tox|[from] psn
|upkeep
|turn|29
|
|t:|1685539423
|move|p1a: Barbaracle|Liquidation|p2a: Yveltal
|-damage|p2a: Yveltal|0 fnt
|faint|p2a: Yveltal
|
|-damage|p1a: Barbaracle|156/246 tox|[from] psn
|upkeep
|
|t:|1685539428
|switch|p2a: Diancie|Diancie, L82|123/216
|turn|30
|
|t:|1685539433
|move|p1a: Barbaracle|Liquidation|p2a: Diancie
|-supereffective|p2a: Diancie
|-damage|p2a: Diancie|0 fnt
|faint|p2a: Diancie
|
|win|thqthomas
|raw|thqthomas's rating: 1235 &rarr; <strong>1260</strong><br />(+25 for winning)
|raw|tangy fish's rating: 1235 &rarr; <strong>1210</strong><br />(-25 for losing)
|l|☆tangy fish
