|j|☆lauda Mera
|j|☆Nikoe_6
|t:|1683835692
|gametype|singles
|player|p1|lauda Mera|hilbert-wonderlauncher|1459
|player|p2|Nikoe_6|2|1451
|teamsize|p1|6
|teamsize|p2|6
|gen|8
|tier|[Gen 8] Random Battle
|rated|
|rule|Species Clause: Limit one of each Pokémon
|rule|HP Percentage Mod: HP is shown in percentages
|rule|Sleep Clause Mod: Limit one foe put to sleep
|
|t:|1683835692
|start
|switch|p1a: Musharna|Musharna, L86, F|340/340
|switch|p2a: Carbink|Carbink, L86|226/226
|turn|1
|inactive|Battle timer is ON: inactive players will automatically lose when time's up. (requested by lauda Mera)
|
|t:|1683835700
|move|p2a: Carbink|Stealth Rock|p1a: Musharna
|-sidestart|p1: lauda Mera|move: Stealth Rock
|move|p1a: Musharna|Thunder Wave|p2a: Carbink
|-status|p2a: Carbink|par
|
|upkeep
|turn|2
|
|t:|1683835719
|move|p1a: Musharna|Psychic|p2a: Carbink
|-damage|p2a: Carbink|153/226 par
|move|p2a: Carbink|Light Screen|p2a: Carbink
|-sidestart|p2: Nikoe_6|move: Light Screen
|
|upkeep
|turn|3
|
|t:|1683835723
|move|p1a: Musharna|Psychic|p2a: Carbink
|-damage|p2a: Carbink|119/226 par
|move|p2a: Carbink|Reflect|p2a: Carbink
|-sidestart|p2: Nikoe_6|Reflect
|
|upkeep
|turn|4
|
|t:|1683835738
|switch|p2a: Haxorus|Haxorus, L77, M|244/244
|-ability|p2a: Haxorus|Mold Breaker
|move|p1a: Musharna|Psychic|p2a: Haxorus
|-damage|p2a: Haxorus|170/244
|
|upkeep
|turn|5
|
|t:|1683835746
|move|p2a: Haxorus|Dragon Dance|p2a: Haxorus
|-boost|p2a: Haxorus|atk|1
|-boost|p2a: Haxorus|spe|1
|move|p1a: Musharna|Thunder Wave|p2a: Haxorus
|-status|p2a: Haxorus|par
|
|upkeep
|turn|6
|
|t:|1683835752
|move|p2a: Haxorus|Dragon Dance|p2a: Haxorus
|-boost|p2a: Haxorus|atk|1
|-boost|p2a: Haxorus|spe|1
|move|p1a: Musharna|Moonblast|p2a: Haxorus
|-supereffective|p2a: Haxorus
|-damage|p2a: Haxorus|70/244 par
|
|upkeep
|turn|7
|
|t:|1683835770
|move|p2a: Haxorus|Outrage|p1a: Musharna
|-damage|p1a: Musharna|0 fnt
|faint|p1a: Musharna
|-damage|p2a: Haxorus|46/244 par|[from] item: Life Orb
|
|upkeep
|
|t:|1683835776
|switch|p1a: Grimmsnarl|Grimmsnarl, L82, M|290/290
|-damage|p1a: Grimmsnarl|254/290|[from] Stealth Rock
|turn|8
|
|t:|1683835780
|move|p2a: Haxorus|Outrage|p1a: Grimmsnarl|[from]lockedmove
|-immune|p1a: Grimmsnarl
|-start|p2a: Haxorus|confusion|[fatigue]
|move|p1a: Grimmsnarl|Spirit Break|p2a: Haxorus
|-supereffective|p2a: Haxorus
|-damage|p2a: Haxorus|0 fnt
|faint|p2a: Haxorus
|
|upkeep
|
|t:|1683835782
|switch|p2a: Aegislash|Aegislash, L80, F|227/227
|turn|9
|
|t:|1683835795
|move|p1a: Grimmsnarl|Taunt|p2a: Aegislash
|-start|p2a: Aegislash|move: Taunt
|cant|p2a: Aegislash|move: Taunt|Substitute
|
|-sideend|p2: Nikoe_6|move: Light Screen
|upkeep
|turn|10
|
|t:|1683835802
|switch|p1a: Hippowdon|Hippowdon, L80, F|304/304
|-damage|p1a: Hippowdon|285/304|[from] Stealth Rock
|-weather|Sandstorm|[from] ability: Sand Stream|[of] p1a: Hippowdon
|switch|p2a: Mandibuzz|Mandibuzz, L82, F|315/315
|
|-weather|Sandstorm|[upkeep]
|-heal|p1a: Hippowdon|304/304|[from] item: Leftovers
|-sideend|p2: Nikoe_6|Reflect
|upkeep
|turn|11
|
|t:|1683835807
|move|p2a: Mandibuzz|Toxic|p1a: Hippowdon
|-status|p1a: Hippowdon|tox
|move|p1a: Hippowdon|Toxic|p2a: Mandibuzz
|-status|p2a: Mandibuzz|tox
|
|-weather|Sandstorm|[upkeep]
|-damage|p2a: Mandibuzz|296/315 tox|[from] psn
|-damage|p1a: Hippowdon|285/304 tox|[from] psn
|upkeep
|turn|12
|
|t:|1683835814
|move|p2a: Mandibuzz|Foul Play|p1a: Hippowdon
|-damage|p1a: Hippowdon|192/304 tox
|move|p1a: Hippowdon|Stone Edge|p2a: Mandibuzz|[miss]
|-miss|p1a: Hippowdon|p2a: Mandibuzz
|
|-weather|Sandstorm|[upkeep]
|-heal|p1a: Hippowdon|211/304 tox|[from] item: Leftovers
|-damage|p2a: Mandibuzz|258/315 tox|[from] psn
|-damage|p1a: Hippowdon|173/304 tox|[from] psn
|upkeep
|turn|13
|
|t:|1683835834
|switch|p2a: Gastrodon|Gastrodon-East, L84, F|324/324
|switch|p1a: Noivern|Noivern, L82, M|274/274
|
|-weather|Sandstorm|[upkeep]
|-damage|p1a: Noivern|257/274|[from] Sandstorm
|upkeep
|turn|14
|
|t:|1683835841
|move|p1a: Noivern|Defog|p2a: Gastrodon
|-unboost|p2a: Gastrodon|evasion|1
|-sideend|p1: lauda Mera|Stealth Rock|[from] move: Defog|[of] p1a: Noivern
|move|p2a: Gastrodon|Toxic|p1a: Noivern
|-status|p1a: Noivern|tox
|
|-weather|none
|-damage|p1a: Noivern|240/274 tox|[from] psn
|upkeep
|turn|15
|
|t:|1683835846
|switch|p1a: Zarude|Zarude-Dada, L78|292/292
|move|p2a: Gastrodon|Recover||[still]
|-fail|p2a: Gastrodon|heal
|
|upkeep
|turn|16
|
|t:|1683835850
|switch|p2a: Mandibuzz|Mandibuzz, L82, F|258/315 tox
|move|p1a: Zarude|Power Whip|p2a: Mandibuzz
|-resisted|p2a: Mandibuzz
|-damage|p2a: Mandibuzz|197/315 tox
|
|-damage|p2a: Mandibuzz|178/315 tox|[from] psn
|upkeep
|turn|17
|
|t:|1683835856
|switch|p1a: Noivern|Noivern, L82, M|240/274 tox
|move|p2a: Mandibuzz|Brave Bird|p1a: Noivern
|-damage|p1a: Noivern|134/274 tox
|-damage|p2a: Mandibuzz|143/315 tox|[from] Recoil
|
|-damage|p1a: Noivern|117/274 tox|[from] psn
|-damage|p2a: Mandibuzz|105/315 tox|[from] psn
|upkeep
|turn|18
|
|t:|1683835862
|switch|p2a: Aegislash|Aegislash, L80, F|227/227
|move|p1a: Noivern|Draco Meteor|p2a: Aegislash
|-resisted|p2a: Aegislash
|-damage|p2a: Aegislash|184/227
|-unboost|p1a: Noivern|spa|2
|
|-heal|p2a: Aegislash|198/227|[from] item: Leftovers
|-damage|p1a: Noivern|83/274 tox|[from] psn
|upkeep
|turn|19
|
|t:|1683835872
|switch|p1a: Hippowdon|Hippowdon, L80, F|173/304 tox
|-weather|Sandstorm|[from] ability: Sand Stream|[of] p1a: Hippowdon
|move|p2a: Aegislash|Substitute|p2a: Aegislash
|-start|p2a: Aegislash|Substitute
|-damage|p2a: Aegislash|142/227
|
|-weather|Sandstorm|[upkeep]
|-heal|p2a: Aegislash|156/227|[from] item: Leftovers
|-heal|p1a: Hippowdon|192/304 tox|[from] item: Leftovers
|-damage|p1a: Hippowdon|173/304 tox|[from] psn
|upkeep
|turn|20
|
|t:|1683835877
|-formechange|p2a: Aegislash|Aegislash-Blade||[from] ability: Stance Change
|move|p2a: Aegislash|Shadow Ball|p1a: Hippowdon
|-damage|p1a: Hippowdon|35/304 tox
|-unboost|p1a: Hippowdon|spd|1
|move|p1a: Hippowdon|Earthquake|p2a: Aegislash
|-supereffective|p2a: Aegislash
|-crit|p2a: Aegislash
|-end|p2a: Aegislash|Substitute
|
|-weather|Sandstorm|[upkeep]
|-heal|p2a: Aegislash|170/227|[from] item: Leftovers
|-heal|p1a: Hippowdon|54/304 tox|[from] item: Leftovers
|-damage|p1a: Hippowdon|16/304 tox|[from] psn
|upkeep
|turn|21
|
|t:|1683835888
|move|p2a: Aegislash|Shadow Ball|p1a: Hippowdon
|-damage|p1a: Hippowdon|0 fnt
|faint|p1a: Hippowdon
|
|-weather|Sandstorm|[upkeep]
|-heal|p2a: Aegislash|184/227|[from] item: Leftovers
|upkeep
|
|t:|1683835894
|switch|p1a: Grimmsnarl|Grimmsnarl, L82, M|254/290
|turn|22
|
|t:|1683835902
|switch|p2a: Carbink|Carbink, L86|119/226 par
|move|p1a: Grimmsnarl|Taunt|p2a: Carbink
|-start|p2a: Carbink|move: Taunt
|
|-weather|Sandstorm|[upkeep]
|-damage|p1a: Grimmsnarl|236/290|[from] Sandstorm
|upkeep
|turn|23
|
|t:|1683835928
|move|p1a: Grimmsnarl|Light Screen|p1a: Grimmsnarl
|-sidestart|p1: lauda Mera|move: Light Screen
|move|p2a: Carbink|Moonblast|p1a: Grimmsnarl
|-supereffective|p1a: Grimmsnarl
|-damage|p1a: Grimmsnarl|157/290
|
|-weather|none
|upkeep
|turn|24
|
|t:|1683835936
|move|p1a: Grimmsnarl|Reflect|p1a: Grimmsnarl
|-sidestart|p1: lauda Mera|Reflect
|move|p2a: Carbink|Moonblast|p1a: Grimmsnarl
|-supereffective|p1a: Grimmsnarl
|-damage|p1a: Grimmsnarl|85/290
|
|-end|p2a: Carbink|move: Taunt
|upkeep
|turn|25
|
|t:|1683835948
|switch|p1a: Cofagrigus|Cofagrigus, L86, M|240/240
|cant|p2a: Carbink|par
|
|upkeep
|turn|26
|
|t:|1683835950
|move|p1a: Cofagrigus|Shadow Ball|p2a: Carbink
|-damage|p2a: Carbink|59/226 par
|move|p2a: Carbink|Light Screen|p2a: Carbink
|-sidestart|p2: Nikoe_6|move: Light Screen
|
|upkeep
|turn|27
|
|t:|1683835962
|switch|p2a: Mandibuzz|Mandibuzz, L82, F|105/315 tox
|move|p1a: Cofagrigus|Shadow Ball|p2a: Mandibuzz
|-resisted|p2a: Mandibuzz
|-damage|p2a: Mandibuzz|85/315 tox
|
|-damage|p2a: Mandibuzz|66/315 tox|[from] psn
|upkeep
|turn|28
|
|t:|1683835976
|move|p2a: Mandibuzz|Roost|p2a: Mandibuzz
|-heal|p2a: Mandibuzz|224/315 tox
|-singleturn|p2a: Mandibuzz|move: Roost
|move|p1a: Cofagrigus|Body Press|p2a: Mandibuzz
|-supereffective|p2a: Mandibuzz
|-damage|p2a: Mandibuzz|72/315 tox
|
|-damage|p2a: Mandibuzz|34/315 tox|[from] psn
|upkeep
|turn|29
|
|t:|1683835985
|move|p2a: Mandibuzz|Toxic|p1a: Cofagrigus
|-status|p1a: Cofagrigus|tox
|move|p1a: Cofagrigus|Body Press|p2a: Mandibuzz
|-damage|p2a: Mandibuzz|0 fnt
|faint|p2a: Mandibuzz
|
|-damage|p1a: Cofagrigus|225/240 tox|[from] psn
|upkeep
|
|t:|1683836004
|switch|p2a: Gastrodon|Gastrodon-East, L84, F|324/324
|turn|30
|
|t:|1683836008
|switch|p1a: Zarude|Zarude-Dada, L78|292/292
|move|p2a: Gastrodon|Earthquake|p1a: Zarude
|-resisted|p1a: Zarude
|-damage|p1a: Zarude|268/292
|
|-heal|p1a: Zarude|286/292|[from] item: Leftovers
|-sideend|p1: lauda Mera|move: Light Screen
|upkeep
|turn|31
|
|t:|1683836012
|switch|p2a: Aegislash|Aegislash, L80, F|184/227
|move|p1a: Zarude|Bulk Up|p1a: Zarude
|-boost|p1a: Zarude|atk|1
|-boost|p1a: Zarude|def|1
|
|-heal|p1a: Zarude|292/292|[from] item: Leftovers
|-heal|p2a: Aegislash|198/227|[from] item: Leftovers
|-sideend|p1: lauda Mera|Reflect
|upkeep
|turn|32
|
|t:|1683836020
|-start|p1a: Zarude|Dynamax|
|-heal|p1a: Zarude|584/584|[silent]
|move|p1a: Zarude|Max Darkness|p2a: Aegislash
|-supereffective|p2a: Aegislash
|-damage|p2a: Aegislash|0 fnt
|faint|p2a: Aegislash
|
|upkeep
|
|t:|1683836047
|switch|p2a: Carbink|Carbink, L86|59/226 par
|turn|33
|
|t:|1683836060
|move|p1a: Zarude|Max Overgrowth|p2a: Carbink
|-supereffective|p2a: Carbink
|-damage|p2a: Carbink|0 fnt
|-fieldstart|move: Grassy Terrain
|faint|p2a: Carbink
|
|-sideend|p2: Nikoe_6|move: Light Screen
|upkeep
|
|t:|1683836064
|switch|p2a: Gastrodon|Gastrodon-East, L84, F|324/324
|turn|34
|
|t:|1683836071
|move|p1a: Zarude|Max Overgrowth|p2a: Gastrodon
|-supereffective|p2a: Gastrodon
|-damage|p2a: Gastrodon|0 fnt
|faint|p2a: Gastrodon
|
|upkeep
|
|t:|1683836075
|switch|p2a: Porygon-Z|Porygon-Z, L80|267/267
|-ability|p2a: Porygon-Z|Download|boost
|-boost|p2a: Porygon-Z|spa|1
|-end|p1a: Zarude|Dynamax
|-heal|p1a: Zarude|292/292|[silent]
|turn|35
|
|t:|1683836082
|-start|p2a: Porygon-Z|Dynamax|
|-heal|p2a: Porygon-Z|534/534|[silent]
|move|p1a: Zarude|Power Whip|p2a: Porygon-Z
|-damage|p2a: Porygon-Z|234/534
|move|p2a: Porygon-Z|Max Strike|p1a: Zarude
|-damage|p1a: Zarude|0 fnt
|faint|p1a: Zarude
|-damage|p2a: Porygon-Z|208/534|[from] item: Life Orb
|
|-heal|p2a: Porygon-Z|224/534|[from] Grassy Terrain
|upkeep
|
|t:|1683836085
|switch|p1a: Noivern|Noivern, L82, M|83/274 tox
|turn|36
|
|t:|1683836095
|move|p1a: Noivern|Draco Meteor|p2a: Porygon-Z
|-damage|p2a: Porygon-Z|83/534
|-unboost|p1a: Noivern|spa|2
|move|p2a: Porygon-Z|Max Strike|p1a: Noivern
|-damage|p1a: Noivern|0 fnt
|faint|p1a: Noivern
|-damage|p2a: Porygon-Z|57/534|[from] item: Life Orb
|
|-heal|p2a: Porygon-Z|73/534|[from] Grassy Terrain
|upkeep
|
|t:|1683836104
|switch|p1a: Cofagrigus|Cofagrigus, L86, M|225/240 tox
|turn|37
|
|t:|1683836108
|move|p2a: Porygon-Z|Max Darkness|p1a: Cofagrigus
|-supereffective|p1a: Cofagrigus
|-crit|p1a: Cofagrigus
|-damage|p1a: Cofagrigus|0 fnt
|faint|p1a: Cofagrigus
|-damage|p2a: Porygon-Z|47/534|[from] item: Life Orb
|
|-heal|p2a: Porygon-Z|63/534|[from] Grassy Terrain
|-fieldend|move: Grassy Terrain
|upkeep
|
|t:|1683836110
|switch|p1a: Grimmsnarl|Grimmsnarl, L82, M|85/290
|-end|p2a: Porygon-Z|Dynamax
|-heal|p2a: Porygon-Z|32/267|[silent]
|turn|38
|
|t:|1683836117
|move|p2a: Porygon-Z|Tri Attack|p1a: Grimmsnarl
|-damage|p1a: Grimmsnarl|0 fnt
|faint|p1a: Grimmsnarl
|-damage|p2a: Porygon-Z|6/267|[from] item: Life Orb
|
|win|Nikoe_6
|raw|lauda Mera's rating: 1479 &rarr; <strong>1457</strong><br />(-22 for losing)
|raw|Nikoe_6's rating: 1451 &rarr; <strong>1473</strong><br />(+22 for winning)
|l|☆lauda Mera
